/home/max/.local/lib/python3.10/site-packages/setuptools/dist.py:648: UserWarning: Usage of dash-separated 'script-dir' will not be supported in future versions. Please use the underscore name 'script_dir' instead
  warnings.warn(
running egg_info
creating ../../build/robot_description/robot_description.egg-info
writing ../../build/robot_description/robot_description.egg-info/PKG-INFO
writing dependency_links to ../../build/robot_description/robot_description.egg-info/dependency_links.txt
writing entry points to ../../build/robot_description/robot_description.egg-info/entry_points.txt
writing requirements to ../../build/robot_description/robot_description.egg-info/requires.txt
writing top-level names to ../../build/robot_description/robot_description.egg-info/top_level.txt
writing manifest file '../../build/robot_description/robot_description.egg-info/SOURCES.txt'
reading manifest file '../../build/robot_description/robot_description.egg-info/SOURCES.txt'
writing manifest file '../../build/robot_description/robot_description.egg-info/SOURCES.txt'
running build
running build_py
creating /home/max/robot_ws/build/robot_description/build
creating /home/max/robot_ws/build/robot_description/build/lib
creating /home/max/robot_ws/build/robot_description/build/lib/robot_description
copying robot_description/__init__.py -> /home/max/robot_ws/build/robot_description/build/lib/robot_description
running install
running install_lib
creating /home/max/robot_ws/install/robot_description/lib/python3.10/site-packages/robot_description
copying /home/max/robot_ws/build/robot_description/build/lib/robot_description/__init__.py -> /home/max/robot_ws/install/robot_description/lib/python3.10/site-packages/robot_description
byte-compiling /home/max/robot_ws/install/robot_description/lib/python3.10/site-packages/robot_description/__init__.py to __init__.cpython-310.pyc
running install_data
creating /home/max/robot_ws/install/robot_description/share/ament_index
creating /home/max/robot_ws/install/robot_description/share/ament_index/resource_index
creating /home/max/robot_ws/install/robot_description/share/ament_index/resource_index/packages
copying resource/robot_description -> /home/max/robot_ws/install/robot_description/share/ament_index/resource_index/packages
copying package.xml -> /home/max/robot_ws/install/robot_description/share/robot_description
creating /home/max/robot_ws/install/robot_description/share/robot_description/launch
copying launch/display.launch.py -> /home/max/robot_ws/install/robot_description/share/robot_description/launch
copying launch/gazebo.launch.py -> /home/max/robot_ws/install/robot_description/share/robot_description/launch
creating /home/max/robot_ws/install/robot_description/share/robot_description/urdf
copying urdf/robot.xacro -> /home/max/robot_ws/install/robot_description/share/robot_description/urdf
copying urdf/materials.xacro -> /home/max/robot_ws/install/robot_description/share/robot_description/urdf
copying urdf/robot.gazebo -> /home/max/robot_ws/install/robot_description/share/robot_description/urdf
copying urdf/robot.trans -> /home/max/robot_ws/install/robot_description/share/robot_description/urdf
creating /home/max/robot_ws/install/robot_description/share/robot_description/meshes
copying meshes/plate_1.stl -> /home/max/robot_ws/install/robot_description/share/robot_description/meshes
copying meshes/finger3_1.stl -> /home/max/robot_ws/install/robot_description/share/robot_description/meshes
copying meshes/base_link.stl -> /home/max/robot_ws/install/robot_description/share/robot_description/meshes
copying meshes/finger1_1.stl -> /home/max/robot_ws/install/robot_description/share/robot_description/meshes
copying meshes/finger2_1.stl -> /home/max/robot_ws/install/robot_description/share/robot_description/meshes
copying meshes/link1_1.stl -> /home/max/robot_ws/install/robot_description/share/robot_description/meshes
copying meshes/link3_1.stl -> /home/max/robot_ws/install/robot_description/share/robot_description/meshes
copying meshes/link2_1.stl -> /home/max/robot_ws/install/robot_description/share/robot_description/meshes
copying meshes/link4_1.stl -> /home/max/robot_ws/install/robot_description/share/robot_description/meshes
creating /home/max/robot_ws/install/robot_description/share/robot_description/config
copying config/display.rviz -> /home/max/robot_ws/install/robot_description/share/robot_description/config
running install_egg_info
Copying ../../build/robot_description/robot_description.egg-info to /home/max/robot_ws/install/robot_description/lib/python3.10/site-packages/robot_description-0.0.0-py3.10.egg-info
running install_scripts
writing list of installed files to '/home/max/robot_ws/build/robot_description/install.log'
