[0.465s] Invoking command in '/home/max/robot_ws/src/robot_description': PYTHONPATH=/home/max/robot_ws/build/robot_description/prefix_override:/usr/lib/python3/dist-packages/colcon_core/task/python/colcon_distutils_commands:/home/max/robot_ws/install/robot_description/lib/python3.10/site-packages:${PYTHONPATH} /usr/bin/python3 -W ignore:setup.py install is deprecated setup.py egg_info --egg-base ../../build/robot_description build --build-base /home/max/robot_ws/build/robot_description/build install --record /home/max/robot_ws/build/robot_description/install.log --install-scripts $base/lib/robot_description --single-version-externally-managed install_data
[0.603s] /home/max/.local/lib/python3.10/site-packages/setuptools/dist.py:648: UserWarning: Usage of dash-separated 'script-dir' will not be supported in future versions. Please use the underscore name 'script_dir' instead
[0.603s]   warnings.warn(
[0.618s] running egg_info
[0.618s] creating ../../build/robot_description/robot_description.egg-info
[0.618s] writing ../../build/robot_description/robot_description.egg-info/PKG-INFO
[0.618s] writing dependency_links to ../../build/robot_description/robot_description.egg-info/dependency_links.txt
[0.618s] writing entry points to ../../build/robot_description/robot_description.egg-info/entry_points.txt
[0.618s] writing requirements to ../../build/robot_description/robot_description.egg-info/requires.txt
[0.618s] writing top-level names to ../../build/robot_description/robot_description.egg-info/top_level.txt
[0.618s] writing manifest file '../../build/robot_description/robot_description.egg-info/SOURCES.txt'
[0.638s] reading manifest file '../../build/robot_description/robot_description.egg-info/SOURCES.txt'
[0.638s] writing manifest file '../../build/robot_description/robot_description.egg-info/SOURCES.txt'
[0.638s] running build
[0.638s] running build_py
[0.638s] creating /home/max/robot_ws/build/robot_description/build
[0.638s] creating /home/max/robot_ws/build/robot_description/build/lib
[0.638s] creating /home/max/robot_ws/build/robot_description/build/lib/robot_description
[0.638s] copying robot_description/__init__.py -> /home/max/robot_ws/build/robot_description/build/lib/robot_description
[0.639s] running install
[0.639s] running install_lib
[0.639s] creating /home/max/robot_ws/install/robot_description/lib/python3.10/site-packages/robot_description
[0.639s] copying /home/max/robot_ws/build/robot_description/build/lib/robot_description/__init__.py -> /home/max/robot_ws/install/robot_description/lib/python3.10/site-packages/robot_description
[0.640s] byte-compiling /home/max/robot_ws/install/robot_description/lib/python3.10/site-packages/robot_description/__init__.py to __init__.cpython-310.pyc
[0.640s] running install_data
[0.640s] creating /home/max/robot_ws/install/robot_description/share/ament_index
[0.640s] creating /home/max/robot_ws/install/robot_description/share/ament_index/resource_index
[0.640s] creating /home/max/robot_ws/install/robot_description/share/ament_index/resource_index/packages
[0.640s] copying resource/robot_description -> /home/max/robot_ws/install/robot_description/share/ament_index/resource_index/packages
[0.640s] copying package.xml -> /home/max/robot_ws/install/robot_description/share/robot_description
[0.640s] creating /home/max/robot_ws/install/robot_description/share/robot_description/launch
[0.640s] copying launch/display.launch.py -> /home/max/robot_ws/install/robot_description/share/robot_description/launch
[0.646s] copying launch/gazebo.launch.py -> /home/max/robot_ws/install/robot_description/share/robot_description/launch
[0.646s] creating /home/max/robot_ws/install/robot_description/share/robot_description/urdf
[0.646s] copying urdf/robot.xacro -> /home/max/robot_ws/install/robot_description/share/robot_description/urdf
[0.647s] copying urdf/materials.xacro -> /home/max/robot_ws/install/robot_description/share/robot_description/urdf
[0.647s] copying urdf/robot.gazebo -> /home/max/robot_ws/install/robot_description/share/robot_description/urdf
[0.647s] copying urdf/robot.trans -> /home/max/robot_ws/install/robot_description/share/robot_description/urdf
[0.647s] creating /home/max/robot_ws/install/robot_description/share/robot_description/meshes
[0.647s] copying meshes/plate_1.stl -> /home/max/robot_ws/install/robot_description/share/robot_description/meshes
[0.648s] copying meshes/finger3_1.stl -> /home/max/robot_ws/install/robot_description/share/robot_description/meshes
[0.654s] copying meshes/base_link.stl -> /home/max/robot_ws/install/robot_description/share/robot_description/meshes
[0.657s] copying meshes/finger1_1.stl -> /home/max/robot_ws/install/robot_description/share/robot_description/meshes
[0.662s] copying meshes/finger2_1.stl -> /home/max/robot_ws/install/robot_description/share/robot_description/meshes
[0.667s] copying meshes/link1_1.stl -> /home/max/robot_ws/install/robot_description/share/robot_description/meshes
[0.668s] copying meshes/link3_1.stl -> /home/max/robot_ws/install/robot_description/share/robot_description/meshes
[0.672s] copying meshes/link2_1.stl -> /home/max/robot_ws/install/robot_description/share/robot_description/meshes
[0.676s] copying meshes/link4_1.stl -> /home/max/robot_ws/install/robot_description/share/robot_description/meshes
[0.682s] creating /home/max/robot_ws/install/robot_description/share/robot_description/config
[0.682s] copying config/display.rviz -> /home/max/robot_ws/install/robot_description/share/robot_description/config
[0.683s] running install_egg_info
[0.684s] Copying ../../build/robot_description/robot_description.egg-info to /home/max/robot_ws/install/robot_description/lib/python3.10/site-packages/robot_description-0.0.0-py3.10.egg-info
[0.685s] running install_scripts
[0.698s] writing list of installed files to '/home/max/robot_ws/build/robot_description/install.log'
[0.718s] Invoked command in '/home/max/robot_ws/src/robot_description' returned '0': PYTHONPATH=/home/max/robot_ws/build/robot_description/prefix_override:/usr/lib/python3/dist-packages/colcon_core/task/python/colcon_distutils_commands:/home/max/robot_ws/install/robot_description/lib/python3.10/site-packages:${PYTHONPATH} /usr/bin/python3 -W ignore:setup.py install is deprecated setup.py egg_info --egg-base ../../build/robot_description build --build-base /home/max/robot_ws/build/robot_description/build install --record /home/max/robot_ws/build/robot_description/install.log --install-scripts $base/lib/robot_description --single-version-externally-managed install_data
