[35m[1mConsolidate compiler generated dependencies of target send_all_joints[0m
[ 87%] Built target joint_position_receiver
[ 87%] [32mBuilding CXX object CMakeFiles/send_all_joints.dir/src/send_all_joints.cpp.o[0m
[ 87%] Built target robot_arm_execution
[ 87%] Built target multiple_positions
[100%] [32m[1mLinking CXX executable send_all_joints[0m
[100%] Built target send_all_joints
-- Install configuration: ""
-- Up-to-date: /home/max/robot_ws/install/robot_control/lib/robot_control/joint_position_receiver
-- Up-to-date: /home/max/robot_ws/install/robot_control/lib/robot_control/multiple_positions
-- Installing: /home/max/robot_ws/install/robot_control/lib/robot_control/send_all_joints
-- Set runtime path of "/home/max/robot_ws/install/robot_control/lib/robot_control/send_all_joints" to ""
-- Up-to-date: /home/max/robot_ws/install/robot_control/lib/robot_control/robot_arm_execution
-- Up-to-date: /home/max/robot_ws/install/robot_control/share/ament_index/resource_index/package_run_dependencies/robot_control
-- Up-to-date: /home/max/robot_ws/install/robot_control/share/ament_index/resource_index/parent_prefix_path/robot_control
-- Up-to-date: /home/max/robot_ws/install/robot_control/share/robot_control/environment/ament_prefix_path.sh
-- Up-to-date: /home/max/robot_ws/install/robot_control/share/robot_control/environment/ament_prefix_path.dsv
-- Up-to-date: /home/max/robot_ws/install/robot_control/share/robot_control/environment/path.sh
-- Up-to-date: /home/max/robot_ws/install/robot_control/share/robot_control/environment/path.dsv
-- Up-to-date: /home/max/robot_ws/install/robot_control/share/robot_control/local_setup.bash
-- Up-to-date: /home/max/robot_ws/install/robot_control/share/robot_control/local_setup.sh
-- Up-to-date: /home/max/robot_ws/install/robot_control/share/robot_control/local_setup.zsh
-- Up-to-date: /home/max/robot_ws/install/robot_control/share/robot_control/local_setup.dsv
-- Installing: /home/max/robot_ws/install/robot_control/share/robot_control/package.dsv
-- Up-to-date: /home/max/robot_ws/install/robot_control/share/ament_index/resource_index/packages/robot_control
-- Up-to-date: /home/max/robot_ws/install/robot_control/share/robot_control/cmake/robot_controlConfig.cmake
-- Up-to-date: /home/max/robot_ws/install/robot_control/share/robot_control/cmake/robot_controlConfig-version.cmake
-- Up-to-date: /home/max/robot_ws/install/robot_control/share/robot_control/package.xml
