[0.030s] Invoking command in '/home/max/ws_moveit2/build/moveit_ros_perception': AMENT_PREFIX_PATH=/home/max/ws_moveit2/install/srdfdom:${AMENT_PREFIX_PATH} CMAKE_PREFIX_PATH=/home/max/ws_moveit2/install/moveit_ros_planning:/home/max/ws_moveit2/install/moveit_ros_occupancy_map_monitor:/home/max/ws_moveit2/install/moveit_core:/home/max/ws_moveit2/install/moveit_resources_panda_moveit_config:/home/max/ws_moveit2/install/srdfdom:/home/max/ws_moveit2/install/moveit_resources_pr2_description:/home/max/ws_moveit2/install/moveit_resources_panda_description:/home/max/ws_moveit2/install/moveit_common:/home/max/ros2_ws/install/robot_arm_publisher:/home/max/ros2_ws/install/robot_arm_moveit_config:/home/max/ros2_ws/install/robot_arm:/home/max/ros2_ws/install/panda_joint_publisher:/home/max/ros2_ws/install/moveit_joint_publisher:/home/max/ws_moveit2/install/pilz_industrial_motion_planner_testutils:/home/max/ws_moveit2/install/moveit_runtime:/home/max/ws_moveit2/install/moveit:/home/max/ws_moveit2/install/moveit_planners:/home/max/ws_moveit2/install/pilz_industrial_motion_planner:/home/max/ws_moveit2/install/moveit_ros_control_interface:/home/max/ws_moveit2/install/moveit_plugins:/home/max/ws_moveit2/install/moveit_simple_controller_manager:/home/max/ws_moveit2/install/moveit_setup_assistant:/home/max/ws_moveit2/install/moveit_setup_srdf_plugins:/home/max/ws_moveit2/install/moveit_setup_core_plugins:/home/max/ws_moveit2/install/moveit_setup_controllers:/home/max/ws_moveit2/install/moveit_setup_app_plugins:/home/max/ws_moveit2/install/moveit_setup_framework:/home/max/ws_moveit2/install/moveit_servo:/home/max/ws_moveit2/install/moveit_ros:/home/max/ws_moveit2/install/moveit_ros_visualization:/home/max/ws_moveit2/install/moveit_hybrid_planning:/home/max/ws_moveit2/install/moveit_ros_planning_interface:/home/max/ws_moveit2/install/moveit_ros_benchmarks:/home/max/ws_moveit2/install/moveit_ros_warehouse:/home/max/ws_moveit2/install/moveit_ros_robot_interaction:/home/max/ws_moveit2/install/moveit_ros_perception:/home/max/ws_moveit2/install/moveit_resources_prbt_pg70_support:/home/max/ws_moveit2/install/moveit_resources_prbt_moveit_config:/home/max/ws_moveit2/install/moveit_ros_move_group:/home/max/ws_moveit2/install/moveit_planners_ompl:/home/max/ws_moveit2/install/moveit_resources_prbt_ikfast_manipulator_plugin:/home/max/ws_moveit2/install/moveit_planners_chomp:/home/max/ws_moveit2/install/moveit_kinematics:/home/max/ws_moveit2/install/moveit_chomp_optimizer_adapter:/home/max/ws_moveit2/install/chomp_motion_planner:/home/max/ws_moveit2/install/generate_parameter_library_example:/home/max/ws_moveit2/install/cmake_generate_parameter_module_example:/home/max/ws_moveit2/install/generate_parameter_library:/home/max/ws_moveit2/install/parameter_traits:/home/max/ws_moveit2/install/moveit_resources_prbt_support:/home/max/ws_moveit2/install/moveit_resources:/home/max/ws_moveit2/install/moveit_resources_fanuc_moveit_config:/home/max/ws_moveit2/install/moveit_resources_fanuc_description:/home/max/ws_moveit2/install/moveit_msgs:/home/max/ros2_ws/install/robot_arm_description:/home/max/ws_moveit2/install/generate_parameter_module_example:/home/max/ws_moveit2/install/moveit_configs_utils:/home/max/ws_moveit2/install/generate_parameter_library_py:/opt/ros/humble LD_LIBRARY_PATH=/home/max/ws_moveit2/install/moveit_ros_planning/lib:/home/max/ws_moveit2/install/moveit_ros_occupancy_map_monitor/lib:/home/max/ws_moveit2/install/moveit_core/lib:/home/max/ws_moveit2/install/srdfdom/lib:/home/max/ws_moveit2/install/pilz_industrial_motion_planner_testutils/lib:/home/max/ws_moveit2/install/pilz_industrial_motion_planner/lib:/home/max/ws_moveit2/install/moveit_ros_control_interface/lib:/home/max/ws_moveit2/install/moveit_simple_controller_manager/lib:/home/max/ws_moveit2/install/moveit_setup_assistant/lib:/home/max/ws_moveit2/install/moveit_setup_srdf_plugins/lib:/home/max/ws_moveit2/install/moveit_setup_core_plugins/lib:/home/max/ws_moveit2/install/moveit_setup_controllers/lib:/home/max/ws_moveit2/install/moveit_setup_app_plugins/lib:/home/max/ws_moveit2/install/moveit_setup_framework/lib:/home/max/ws_moveit2/install/moveit_servo/lib:/home/max/ws_moveit2/install/moveit_ros_visualization/lib:/home/max/ws_moveit2/install/moveit_hybrid_planning/lib:/home/max/ws_moveit2/install/moveit_ros_planning_interface/lib:/home/max/ws_moveit2/install/moveit_ros_benchmarks/lib:/home/max/ws_moveit2/install/moveit_ros_warehouse/lib:/home/max/ws_moveit2/install/moveit_ros_robot_interaction/lib:/home/max/ws_moveit2/install/moveit_ros_perception/lib:/home/max/ws_moveit2/install/moveit_ros_move_group/lib:/home/max/ws_moveit2/install/moveit_planners_ompl/lib:/home/max/ws_moveit2/install/moveit_resources_prbt_ikfast_manipulator_plugin/lib:/home/max/ws_moveit2/install/moveit_planners_chomp/lib:/home/max/ws_moveit2/install/moveit_kinematics/lib:/home/max/ws_moveit2/install/moveit_chomp_optimizer_adapter/lib:/home/max/ws_moveit2/install/chomp_motion_planner/lib:/home/max/ws_moveit2/install/generate_parameter_library_example/lib:/home/max/ws_moveit2/install/parameter_traits/lib:/home/max/ws_moveit2/install/moveit_msgs/lib:/usr/lib/x86_64-linux-gnu/gazebo-11/plugins:/opt/ros/humble/opt/rviz_ogre_vendor/lib:/opt/ros/humble/lib/x86_64-linux-gnu:/opt/ros/humble/lib PYTHONPATH=/home/max/ws_moveit2/install/srdfdom/local/lib/python3.10/dist-packages:${PYTHONPATH} /usr/bin/cmake /home/max/ws_moveit2/src/moveit2/moveit_ros/perception -DCMAKE_BUILD_TYPE=Release -DCMAKE_INSTALL_PREFIX=/home/max/ws_moveit2/install/moveit_ros_perception
[0.082s] -- The C compiler identification is GNU 11.4.0
[0.126s] -- The CXX compiler identification is GNU 11.4.0
[0.133s] -- Detecting C compiler ABI info
[0.202s] -- Detecting C compiler ABI info - done
[0.208s] -- Check for working C compiler: /usr/bin/cc - skipped
[0.208s] -- Detecting C compile features
[0.208s] -- Detecting C compile features - done
[0.211s] -- Detecting CXX compiler ABI info
[0.288s] -- Detecting CXX compiler ABI info - done
[0.294s] -- Check for working CXX compiler: /usr/bin/c++ - skipped
[0.295s] -- Detecting CXX compile features
[0.295s] -- Detecting CXX compile features - done
[0.296s] -- Found moveit_common: 2.5.5 (/home/max/ws_moveit2/install/moveit_common/share/moveit_common/cmake)
[0.302s] -- Found ament_cmake: 1.3.10 (/opt/ros/humble/share/ament_cmake/cmake)
[0.409s] -- Found Python3: /usr/bin/python3 (found version "3.10.12") found components: Interpreter 
[0.561s] -- Found OpenGL: /usr/lib/x86_64-linux-gnu/libOpenGL.so   
[0.603s] -- Found GLEW: /usr/include (found version "2.2.0") 
[0.609s] -- Found PkgConfig: /usr/bin/pkg-config (found version "0.29.2") 
[0.609s] -- Checking for module 'glut'
[0.613s] --   No package 'glut' found
[0.617s] -- Found GLUT: /usr/lib/x86_64-linux-gnu/libglut.so  
[0.623s] -- Found cv_bridge: 3.2.1 (/opt/ros/humble/share/cv_bridge/cmake)
[0.691s] -- Found rosidl_generator_c: 3.1.5 (/opt/ros/humble/share/rosidl_generator_c/cmake)
[0.700s] -- Found rosidl_adapter: 3.1.5 (/opt/ros/humble/share/rosidl_adapter/cmake)
[0.710s] -- Found rosidl_generator_cpp: 3.1.5 (/opt/ros/humble/share/rosidl_generator_cpp/cmake)
[0.724s] -- Using all available rosidl_typesupport_c: rosidl_typesupport_fastrtps_c;rosidl_typesupport_introspection_c
[0.743s] -- Using all available rosidl_typesupport_cpp: rosidl_typesupport_fastrtps_cpp;rosidl_typesupport_introspection_cpp
[0.798s] -- Found moveit_core: 2.5.5 (/home/max/ws_moveit2/install/moveit_core/share/moveit_core/cmake)
[0.995s] -- Found Boost: /usr/lib/x86_64-linux-gnu/cmake/Boost-1.74.0/BoostConfig.cmake (found version "1.74.0") found components: chrono date_time filesystem iostreams program_options regex serialization system thread 
[1.058s] -- Found parameter_traits: 0.3.8 (/opt/ros/humble/share/parameter_traits/cmake)
[1.114s] -- Found rmw_implementation_cmake: 6.1.2 (/opt/ros/humble/share/rmw_implementation_cmake/cmake)
[1.120s] -- Found rmw_fastrtps_cpp: 6.2.7 (/opt/ros/humble/share/rmw_fastrtps_cpp/cmake)
[1.237s] -- Found OpenSSL: /usr/lib/x86_64-linux-gnu/libcrypto.so (found version "3.0.2")  
[1.260s] -- Found FastRTPS: /opt/ros/humble/include  
[1.299s] -- Using RMW implementation 'rmw_fastrtps_cpp' as default
[1.313s] -- Found Threads: TRUE  
[1.353s] -- Found Eigen3: TRUE (found version "3.4.0") 
[1.357s] -- Found rclcpp_lifecycle: 16.0.10 (/opt/ros/humble/share/rclcpp_lifecycle/cmake)
[1.380s] -- Found Boost: /usr/lib/x86_64-linux-gnu/cmake/Boost-1.74.0/BoostConfig.cmake (found version "1.74.0") found components: filesystem 
[1.502s] -- library: /usr/lib/x86_64-linux-gnu/libcurl.so
[1.546s] -- Ensuring Eigen3 include directory is part of orocos-kdl CMake target
[1.765s] -- Found image_transport: 3.1.9 (/opt/ros/humble/share/image_transport/cmake)
[1.767s] -- Found moveit_ros_occupancy_map_monitor: 2.5.5 (/home/max/ws_moveit2/install/moveit_ros_occupancy_map_monitor/share/moveit_ros_occupancy_map_monitor/cmake)
[1.992s] -- Found OpenMP_C: -fopenmp (found version "4.5") 
[2.072s] -- Found OpenMP_CXX: -fopenmp (found version "4.5") 
[2.073s] -- Found OpenMP: TRUE (found version "4.5")  
[2.075s] -- Found OpenCV: /usr (found version "4.5.4") 
[2.078s] -- Found Boost: /usr/lib/x86_64-linux-gnu/cmake/Boost-1.74.0/BoostConfig.cmake (found version "1.74.0") found components: thread 
[2.118s] -- Performing Test COMPILER_HAS_HIDDEN_VISIBILITY
[2.197s] -- Performing Test COMPILER_HAS_HIDDEN_VISIBILITY - Success
[2.197s] -- Performing Test COMPILER_HAS_HIDDEN_INLINE_VISIBILITY
[2.318s] -- Performing Test COMPILER_HAS_HIDDEN_INLINE_VISIBILITY - Success
[2.319s] -- Performing Test COMPILER_HAS_DEPRECATED_ATTR
[2.510s] -- Performing Test COMPILER_HAS_DEPRECATED_ATTR - Success
[2.654s] -- Found ament_lint_auto: 0.12.11 (/opt/ros/humble/share/ament_lint_auto/cmake)
[2.717s] -- Added test 'cppcheck' to perform static code analysis on C / C++ code
[2.720s] -- Configured cppcheck include dirs: /home/max/ws_moveit2/src/moveit2/moveit_ros/perception/depth_image_octomap_updater/include;/home/max/ws_moveit2/src/moveit2/moveit_ros/perception/lazy_free_space_updater/include;/home/max/ws_moveit2/src/moveit2/moveit_ros/perception/mesh_filter/include;/home/max/ws_moveit2/src/moveit2/moveit_ros/perception/point_containment_filter/include;/home/max/ws_moveit2/src/moveit2/moveit_ros/perception/pointcloud_octomap_updater/include;/home/max/ws_moveit2/src/moveit2/moveit_ros/perception/semantic_world/include
[2.720s] -- Configured cppcheck exclude dirs and/or files: 
[2.723s] -- Added test 'lint_cmake' to check CMake code style
[2.729s] -- Added test 'xmllint' to check XML markup files
[2.736s] -- Configuring done
[3.001s] -- Generating done
[3.007s] -- Build files have been written to: /home/max/ws_moveit2/build/moveit_ros_perception
[3.040s] Invoked command in '/home/max/ws_moveit2/build/moveit_ros_perception' returned '0': AMENT_PREFIX_PATH=/home/max/ws_moveit2/install/srdfdom:${AMENT_PREFIX_PATH} CMAKE_PREFIX_PATH=/home/max/ws_moveit2/install/moveit_ros_planning:/home/max/ws_moveit2/install/moveit_ros_occupancy_map_monitor:/home/max/ws_moveit2/install/moveit_core:/home/max/ws_moveit2/install/moveit_resources_panda_moveit_config:/home/max/ws_moveit2/install/srdfdom:/home/max/ws_moveit2/install/moveit_resources_pr2_description:/home/max/ws_moveit2/install/moveit_resources_panda_description:/home/max/ws_moveit2/install/moveit_common:/home/max/ros2_ws/install/robot_arm_publisher:/home/max/ros2_ws/install/robot_arm_moveit_config:/home/max/ros2_ws/install/robot_arm:/home/max/ros2_ws/install/panda_joint_publisher:/home/max/ros2_ws/install/moveit_joint_publisher:/home/max/ws_moveit2/install/pilz_industrial_motion_planner_testutils:/home/max/ws_moveit2/install/moveit_runtime:/home/max/ws_moveit2/install/moveit:/home/max/ws_moveit2/install/moveit_planners:/home/max/ws_moveit2/install/pilz_industrial_motion_planner:/home/max/ws_moveit2/install/moveit_ros_control_interface:/home/max/ws_moveit2/install/moveit_plugins:/home/max/ws_moveit2/install/moveit_simple_controller_manager:/home/max/ws_moveit2/install/moveit_setup_assistant:/home/max/ws_moveit2/install/moveit_setup_srdf_plugins:/home/max/ws_moveit2/install/moveit_setup_core_plugins:/home/max/ws_moveit2/install/moveit_setup_controllers:/home/max/ws_moveit2/install/moveit_setup_app_plugins:/home/max/ws_moveit2/install/moveit_setup_framework:/home/max/ws_moveit2/install/moveit_servo:/home/max/ws_moveit2/install/moveit_ros:/home/max/ws_moveit2/install/moveit_ros_visualization:/home/max/ws_moveit2/install/moveit_hybrid_planning:/home/max/ws_moveit2/install/moveit_ros_planning_interface:/home/max/ws_moveit2/install/moveit_ros_benchmarks:/home/max/ws_moveit2/install/moveit_ros_warehouse:/home/max/ws_moveit2/install/moveit_ros_robot_interaction:/home/max/ws_moveit2/install/moveit_ros_perception:/home/max/ws_moveit2/install/moveit_resources_prbt_pg70_support:/home/max/ws_moveit2/install/moveit_resources_prbt_moveit_config:/home/max/ws_moveit2/install/moveit_ros_move_group:/home/max/ws_moveit2/install/moveit_planners_ompl:/home/max/ws_moveit2/install/moveit_resources_prbt_ikfast_manipulator_plugin:/home/max/ws_moveit2/install/moveit_planners_chomp:/home/max/ws_moveit2/install/moveit_kinematics:/home/max/ws_moveit2/install/moveit_chomp_optimizer_adapter:/home/max/ws_moveit2/install/chomp_motion_planner:/home/max/ws_moveit2/install/generate_parameter_library_example:/home/max/ws_moveit2/install/cmake_generate_parameter_module_example:/home/max/ws_moveit2/install/generate_parameter_library:/home/max/ws_moveit2/install/parameter_traits:/home/max/ws_moveit2/install/moveit_resources_prbt_support:/home/max/ws_moveit2/install/moveit_resources:/home/max/ws_moveit2/install/moveit_resources_fanuc_moveit_config:/home/max/ws_moveit2/install/moveit_resources_fanuc_description:/home/max/ws_moveit2/install/moveit_msgs:/home/max/ros2_ws/install/robot_arm_description:/home/max/ws_moveit2/install/generate_parameter_module_example:/home/max/ws_moveit2/install/moveit_configs_utils:/home/max/ws_moveit2/install/generate_parameter_library_py:/opt/ros/humble LD_LIBRARY_PATH=/home/max/ws_moveit2/install/moveit_ros_planning/lib:/home/max/ws_moveit2/install/moveit_ros_occupancy_map_monitor/lib:/home/max/ws_moveit2/install/moveit_core/lib:/home/max/ws_moveit2/install/srdfdom/lib:/home/max/ws_moveit2/install/pilz_industrial_motion_planner_testutils/lib:/home/max/ws_moveit2/install/pilz_industrial_motion_planner/lib:/home/max/ws_moveit2/install/moveit_ros_control_interface/lib:/home/max/ws_moveit2/install/moveit_simple_controller_manager/lib:/home/max/ws_moveit2/install/moveit_setup_assistant/lib:/home/max/ws_moveit2/install/moveit_setup_srdf_plugins/lib:/home/max/ws_moveit2/install/moveit_setup_core_plugins/lib:/home/max/ws_moveit2/install/moveit_setup_controllers/lib:/home/max/ws_moveit2/install/moveit_setup_app_plugins/lib:/home/max/ws_moveit2/install/moveit_setup_framework/lib:/home/max/ws_moveit2/install/moveit_servo/lib:/home/max/ws_moveit2/install/moveit_ros_visualization/lib:/home/max/ws_moveit2/install/moveit_hybrid_planning/lib:/home/max/ws_moveit2/install/moveit_ros_planning_interface/lib:/home/max/ws_moveit2/install/moveit_ros_benchmarks/lib:/home/max/ws_moveit2/install/moveit_ros_warehouse/lib:/home/max/ws_moveit2/install/moveit_ros_robot_interaction/lib:/home/max/ws_moveit2/install/moveit_ros_perception/lib:/home/max/ws_moveit2/install/moveit_ros_move_group/lib:/home/max/ws_moveit2/install/moveit_planners_ompl/lib:/home/max/ws_moveit2/install/moveit_resources_prbt_ikfast_manipulator_plugin/lib:/home/max/ws_moveit2/install/moveit_planners_chomp/lib:/home/max/ws_moveit2/install/moveit_kinematics/lib:/home/max/ws_moveit2/install/moveit_chomp_optimizer_adapter/lib:/home/max/ws_moveit2/install/chomp_motion_planner/lib:/home/max/ws_moveit2/install/generate_parameter_library_example/lib:/home/max/ws_moveit2/install/parameter_traits/lib:/home/max/ws_moveit2/install/moveit_msgs/lib:/usr/lib/x86_64-linux-gnu/gazebo-11/plugins:/opt/ros/humble/opt/rviz_ogre_vendor/lib:/opt/ros/humble/lib/x86_64-linux-gnu:/opt/ros/humble/lib PYTHONPATH=/home/max/ws_moveit2/install/srdfdom/local/lib/python3.10/dist-packages:${PYTHONPATH} /usr/bin/cmake /home/max/ws_moveit2/src/moveit2/moveit_ros/perception -DCMAKE_BUILD_TYPE=Release -DCMAKE_INSTALL_PREFIX=/home/max/ws_moveit2/install/moveit_ros_perception
[3.041s] Invoking command in '/home/max/ws_moveit2/build/moveit_ros_perception': AMENT_PREFIX_PATH=/home/max/ws_moveit2/install/srdfdom:${AMENT_PREFIX_PATH} CMAKE_PREFIX_PATH=/home/max/ws_moveit2/install/moveit_ros_planning:/home/max/ws_moveit2/install/moveit_ros_occupancy_map_monitor:/home/max/ws_moveit2/install/moveit_core:/home/max/ws_moveit2/install/moveit_resources_panda_moveit_config:/home/max/ws_moveit2/install/srdfdom:/home/max/ws_moveit2/install/moveit_resources_pr2_description:/home/max/ws_moveit2/install/moveit_resources_panda_description:/home/max/ws_moveit2/install/moveit_common:/home/max/ros2_ws/install/robot_arm_publisher:/home/max/ros2_ws/install/robot_arm_moveit_config:/home/max/ros2_ws/install/robot_arm:/home/max/ros2_ws/install/panda_joint_publisher:/home/max/ros2_ws/install/moveit_joint_publisher:/home/max/ws_moveit2/install/pilz_industrial_motion_planner_testutils:/home/max/ws_moveit2/install/moveit_runtime:/home/max/ws_moveit2/install/moveit:/home/max/ws_moveit2/install/moveit_planners:/home/max/ws_moveit2/install/pilz_industrial_motion_planner:/home/max/ws_moveit2/install/moveit_ros_control_interface:/home/max/ws_moveit2/install/moveit_plugins:/home/max/ws_moveit2/install/moveit_simple_controller_manager:/home/max/ws_moveit2/install/moveit_setup_assistant:/home/max/ws_moveit2/install/moveit_setup_srdf_plugins:/home/max/ws_moveit2/install/moveit_setup_core_plugins:/home/max/ws_moveit2/install/moveit_setup_controllers:/home/max/ws_moveit2/install/moveit_setup_app_plugins:/home/max/ws_moveit2/install/moveit_setup_framework:/home/max/ws_moveit2/install/moveit_servo:/home/max/ws_moveit2/install/moveit_ros:/home/max/ws_moveit2/install/moveit_ros_visualization:/home/max/ws_moveit2/install/moveit_hybrid_planning:/home/max/ws_moveit2/install/moveit_ros_planning_interface:/home/max/ws_moveit2/install/moveit_ros_benchmarks:/home/max/ws_moveit2/install/moveit_ros_warehouse:/home/max/ws_moveit2/install/moveit_ros_robot_interaction:/home/max/ws_moveit2/install/moveit_ros_perception:/home/max/ws_moveit2/install/moveit_resources_prbt_pg70_support:/home/max/ws_moveit2/install/moveit_resources_prbt_moveit_config:/home/max/ws_moveit2/install/moveit_ros_move_group:/home/max/ws_moveit2/install/moveit_planners_ompl:/home/max/ws_moveit2/install/moveit_resources_prbt_ikfast_manipulator_plugin:/home/max/ws_moveit2/install/moveit_planners_chomp:/home/max/ws_moveit2/install/moveit_kinematics:/home/max/ws_moveit2/install/moveit_chomp_optimizer_adapter:/home/max/ws_moveit2/install/chomp_motion_planner:/home/max/ws_moveit2/install/generate_parameter_library_example:/home/max/ws_moveit2/install/cmake_generate_parameter_module_example:/home/max/ws_moveit2/install/generate_parameter_library:/home/max/ws_moveit2/install/parameter_traits:/home/max/ws_moveit2/install/moveit_resources_prbt_support:/home/max/ws_moveit2/install/moveit_resources:/home/max/ws_moveit2/install/moveit_resources_fanuc_moveit_config:/home/max/ws_moveit2/install/moveit_resources_fanuc_description:/home/max/ws_moveit2/install/moveit_msgs:/home/max/ros2_ws/install/robot_arm_description:/home/max/ws_moveit2/install/generate_parameter_module_example:/home/max/ws_moveit2/install/moveit_configs_utils:/home/max/ws_moveit2/install/generate_parameter_library_py:/opt/ros/humble LD_LIBRARY_PATH=/home/max/ws_moveit2/install/moveit_ros_planning/lib:/home/max/ws_moveit2/install/moveit_ros_occupancy_map_monitor/lib:/home/max/ws_moveit2/install/moveit_core/lib:/home/max/ws_moveit2/install/srdfdom/lib:/home/max/ws_moveit2/install/pilz_industrial_motion_planner_testutils/lib:/home/max/ws_moveit2/install/pilz_industrial_motion_planner/lib:/home/max/ws_moveit2/install/moveit_ros_control_interface/lib:/home/max/ws_moveit2/install/moveit_simple_controller_manager/lib:/home/max/ws_moveit2/install/moveit_setup_assistant/lib:/home/max/ws_moveit2/install/moveit_setup_srdf_plugins/lib:/home/max/ws_moveit2/install/moveit_setup_core_plugins/lib:/home/max/ws_moveit2/install/moveit_setup_controllers/lib:/home/max/ws_moveit2/install/moveit_setup_app_plugins/lib:/home/max/ws_moveit2/install/moveit_setup_framework/lib:/home/max/ws_moveit2/install/moveit_servo/lib:/home/max/ws_moveit2/install/moveit_ros_visualization/lib:/home/max/ws_moveit2/install/moveit_hybrid_planning/lib:/home/max/ws_moveit2/install/moveit_ros_planning_interface/lib:/home/max/ws_moveit2/install/moveit_ros_benchmarks/lib:/home/max/ws_moveit2/install/moveit_ros_warehouse/lib:/home/max/ws_moveit2/install/moveit_ros_robot_interaction/lib:/home/max/ws_moveit2/install/moveit_ros_perception/lib:/home/max/ws_moveit2/install/moveit_ros_move_group/lib:/home/max/ws_moveit2/install/moveit_planners_ompl/lib:/home/max/ws_moveit2/install/moveit_resources_prbt_ikfast_manipulator_plugin/lib:/home/max/ws_moveit2/install/moveit_planners_chomp/lib:/home/max/ws_moveit2/install/moveit_kinematics/lib:/home/max/ws_moveit2/install/moveit_chomp_optimizer_adapter/lib:/home/max/ws_moveit2/install/chomp_motion_planner/lib:/home/max/ws_moveit2/install/generate_parameter_library_example/lib:/home/max/ws_moveit2/install/parameter_traits/lib:/home/max/ws_moveit2/install/moveit_msgs/lib:/usr/lib/x86_64-linux-gnu/gazebo-11/plugins:/opt/ros/humble/opt/rviz_ogre_vendor/lib:/opt/ros/humble/lib/x86_64-linux-gnu:/opt/ros/humble/lib PYTHONPATH=/home/max/ws_moveit2/install/srdfdom/local/lib/python3.10/dist-packages:${PYTHONPATH} /usr/bin/cmake --build /home/max/ws_moveit2/build/moveit_ros_perception -- -j16 -l16
[3.164s] [  5%] [32mBuilding CXX object point_containment_filter/CMakeFiles/moveit_point_containment_filter.dir/src/shape_mask.cpp.o[0m
[3.182s] [ 10%] [32mBuilding CXX object lazy_free_space_updater/CMakeFiles/moveit_lazy_free_space_updater.dir/src/lazy_free_space_updater.cpp.o[0m
[3.188s] [ 15%] [32mBuilding CXX object mesh_filter/CMakeFiles/moveit_mesh_filter.dir/src/mesh_filter_base.cpp.o[0m
[3.194s] [ 25%] [32mBuilding CXX object mesh_filter/CMakeFiles/moveit_mesh_filter.dir/src/sensor_model.cpp.o[0m
[3.194s] [ 25%] [32mBuilding CXX object mesh_filter/CMakeFiles/moveit_mesh_filter.dir/src/stereo_camera_model.cpp.o[0m
[3.194s] [ 30%] [32mBuilding CXX object mesh_filter/CMakeFiles/moveit_mesh_filter.dir/src/gl_mesh.cpp.o[0m
[3.198s] [ 35%] [32mBuilding CXX object mesh_filter/CMakeFiles/moveit_mesh_filter.dir/src/gl_renderer.cpp.o[0m
[3.206s] [ 40%] [32mBuilding CXX object semantic_world/CMakeFiles/moveit_semantic_world.dir/src/semantic_world.cpp.o[0m
[5.965s] [ 45%] [32m[1mLinking CXX shared library libmoveit_lazy_free_space_updater.so[0m
[6.314s] [ 45%] Built target moveit_lazy_free_space_updater
[7.648s] [ 50%] [32m[1mLinking CXX shared library libmoveit_point_containment_filter.so[0m
[8.011s] [ 50%] Built target moveit_point_containment_filter
[8.077s] [ 55%] [32mBuilding CXX object pointcloud_octomap_updater/CMakeFiles/moveit_pointcloud_octomap_updater_core.dir/src/pointcloud_octomap_updater.cpp.o[0m
[9.245s] [ 60%] [32m[1mLinking CXX shared library libmoveit_mesh_filter.so[0m
[9.946s] [ 60%] Built target moveit_mesh_filter
[10.017s] [ 65%] [32mBuilding CXX object depth_image_octomap_updater/CMakeFiles/moveit_depth_image_octomap_updater_core.dir/src/depth_image_octomap_updater.cpp.o[0m
[19.662s] [ 70%] [32m[1mLinking CXX shared library libmoveit_depth_image_octomap_updater_core.so[0m
[20.023s] [ 70%] Built target moveit_depth_image_octomap_updater_core
[20.095s] [ 75%] [32mBuilding CXX object depth_image_octomap_updater/CMakeFiles/moveit_depth_image_octomap_updater.dir/src/updater_plugin.cpp.o[0m
[24.699s] [ 80%] [32m[1mLinking CXX shared library libmoveit_depth_image_octomap_updater.so[0m
[24.843s] [ 80%] Built target moveit_depth_image_octomap_updater
[27.016s] [ 85%] [32m[1mLinking CXX shared library libmoveit_pointcloud_octomap_updater_core.so[0m
[27.339s] [ 85%] Built target moveit_pointcloud_octomap_updater_core
[27.373s] [ 90%] [32mBuilding CXX object pointcloud_octomap_updater/CMakeFiles/moveit_pointcloud_octomap_updater.dir/src/plugin_init.cpp.o[0m
[27.827s] [ 95%] [32m[1mLinking CXX shared library libmoveit_semantic_world.so[0m
[28.100s] [ 95%] Built target moveit_semantic_world
[30.945s] [100%] [32m[1mLinking CXX shared library libmoveit_pointcloud_octomap_updater.so[0m
[31.085s] [100%] Built target moveit_pointcloud_octomap_updater
[31.098s] Invoked command in '/home/max/ws_moveit2/build/moveit_ros_perception' returned '0': AMENT_PREFIX_PATH=/home/max/ws_moveit2/install/srdfdom:${AMENT_PREFIX_PATH} CMAKE_PREFIX_PATH=/home/max/ws_moveit2/install/moveit_ros_planning:/home/max/ws_moveit2/install/moveit_ros_occupancy_map_monitor:/home/max/ws_moveit2/install/moveit_core:/home/max/ws_moveit2/install/moveit_resources_panda_moveit_config:/home/max/ws_moveit2/install/srdfdom:/home/max/ws_moveit2/install/moveit_resources_pr2_description:/home/max/ws_moveit2/install/moveit_resources_panda_description:/home/max/ws_moveit2/install/moveit_common:/home/max/ros2_ws/install/robot_arm_publisher:/home/max/ros2_ws/install/robot_arm_moveit_config:/home/max/ros2_ws/install/robot_arm:/home/max/ros2_ws/install/panda_joint_publisher:/home/max/ros2_ws/install/moveit_joint_publisher:/home/max/ws_moveit2/install/pilz_industrial_motion_planner_testutils:/home/max/ws_moveit2/install/moveit_runtime:/home/max/ws_moveit2/install/moveit:/home/max/ws_moveit2/install/moveit_planners:/home/max/ws_moveit2/install/pilz_industrial_motion_planner:/home/max/ws_moveit2/install/moveit_ros_control_interface:/home/max/ws_moveit2/install/moveit_plugins:/home/max/ws_moveit2/install/moveit_simple_controller_manager:/home/max/ws_moveit2/install/moveit_setup_assistant:/home/max/ws_moveit2/install/moveit_setup_srdf_plugins:/home/max/ws_moveit2/install/moveit_setup_core_plugins:/home/max/ws_moveit2/install/moveit_setup_controllers:/home/max/ws_moveit2/install/moveit_setup_app_plugins:/home/max/ws_moveit2/install/moveit_setup_framework:/home/max/ws_moveit2/install/moveit_servo:/home/max/ws_moveit2/install/moveit_ros:/home/max/ws_moveit2/install/moveit_ros_visualization:/home/max/ws_moveit2/install/moveit_hybrid_planning:/home/max/ws_moveit2/install/moveit_ros_planning_interface:/home/max/ws_moveit2/install/moveit_ros_benchmarks:/home/max/ws_moveit2/install/moveit_ros_warehouse:/home/max/ws_moveit2/install/moveit_ros_robot_interaction:/home/max/ws_moveit2/install/moveit_ros_perception:/home/max/ws_moveit2/install/moveit_resources_prbt_pg70_support:/home/max/ws_moveit2/install/moveit_resources_prbt_moveit_config:/home/max/ws_moveit2/install/moveit_ros_move_group:/home/max/ws_moveit2/install/moveit_planners_ompl:/home/max/ws_moveit2/install/moveit_resources_prbt_ikfast_manipulator_plugin:/home/max/ws_moveit2/install/moveit_planners_chomp:/home/max/ws_moveit2/install/moveit_kinematics:/home/max/ws_moveit2/install/moveit_chomp_optimizer_adapter:/home/max/ws_moveit2/install/chomp_motion_planner:/home/max/ws_moveit2/install/generate_parameter_library_example:/home/max/ws_moveit2/install/cmake_generate_parameter_module_example:/home/max/ws_moveit2/install/generate_parameter_library:/home/max/ws_moveit2/install/parameter_traits:/home/max/ws_moveit2/install/moveit_resources_prbt_support:/home/max/ws_moveit2/install/moveit_resources:/home/max/ws_moveit2/install/moveit_resources_fanuc_moveit_config:/home/max/ws_moveit2/install/moveit_resources_fanuc_description:/home/max/ws_moveit2/install/moveit_msgs:/home/max/ros2_ws/install/robot_arm_description:/home/max/ws_moveit2/install/generate_parameter_module_example:/home/max/ws_moveit2/install/moveit_configs_utils:/home/max/ws_moveit2/install/generate_parameter_library_py:/opt/ros/humble LD_LIBRARY_PATH=/home/max/ws_moveit2/install/moveit_ros_planning/lib:/home/max/ws_moveit2/install/moveit_ros_occupancy_map_monitor/lib:/home/max/ws_moveit2/install/moveit_core/lib:/home/max/ws_moveit2/install/srdfdom/lib:/home/max/ws_moveit2/install/pilz_industrial_motion_planner_testutils/lib:/home/max/ws_moveit2/install/pilz_industrial_motion_planner/lib:/home/max/ws_moveit2/install/moveit_ros_control_interface/lib:/home/max/ws_moveit2/install/moveit_simple_controller_manager/lib:/home/max/ws_moveit2/install/moveit_setup_assistant/lib:/home/max/ws_moveit2/install/moveit_setup_srdf_plugins/lib:/home/max/ws_moveit2/install/moveit_setup_core_plugins/lib:/home/max/ws_moveit2/install/moveit_setup_controllers/lib:/home/max/ws_moveit2/install/moveit_setup_app_plugins/lib:/home/max/ws_moveit2/install/moveit_setup_framework/lib:/home/max/ws_moveit2/install/moveit_servo/lib:/home/max/ws_moveit2/install/moveit_ros_visualization/lib:/home/max/ws_moveit2/install/moveit_hybrid_planning/lib:/home/max/ws_moveit2/install/moveit_ros_planning_interface/lib:/home/max/ws_moveit2/install/moveit_ros_benchmarks/lib:/home/max/ws_moveit2/install/moveit_ros_warehouse/lib:/home/max/ws_moveit2/install/moveit_ros_robot_interaction/lib:/home/max/ws_moveit2/install/moveit_ros_perception/lib:/home/max/ws_moveit2/install/moveit_ros_move_group/lib:/home/max/ws_moveit2/install/moveit_planners_ompl/lib:/home/max/ws_moveit2/install/moveit_resources_prbt_ikfast_manipulator_plugin/lib:/home/max/ws_moveit2/install/moveit_planners_chomp/lib:/home/max/ws_moveit2/install/moveit_kinematics/lib:/home/max/ws_moveit2/install/moveit_chomp_optimizer_adapter/lib:/home/max/ws_moveit2/install/chomp_motion_planner/lib:/home/max/ws_moveit2/install/generate_parameter_library_example/lib:/home/max/ws_moveit2/install/parameter_traits/lib:/home/max/ws_moveit2/install/moveit_msgs/lib:/usr/lib/x86_64-linux-gnu/gazebo-11/plugins:/opt/ros/humble/opt/rviz_ogre_vendor/lib:/opt/ros/humble/lib/x86_64-linux-gnu:/opt/ros/humble/lib PYTHONPATH=/home/max/ws_moveit2/install/srdfdom/local/lib/python3.10/dist-packages:${PYTHONPATH} /usr/bin/cmake --build /home/max/ws_moveit2/build/moveit_ros_perception -- -j16 -l16
[31.149s] Invoking command in '/home/max/ws_moveit2/build/moveit_ros_perception': AMENT_PREFIX_PATH=/home/max/ws_moveit2/install/srdfdom:${AMENT_PREFIX_PATH} CMAKE_PREFIX_PATH=/home/max/ws_moveit2/install/moveit_ros_planning:/home/max/ws_moveit2/install/moveit_ros_occupancy_map_monitor:/home/max/ws_moveit2/install/moveit_core:/home/max/ws_moveit2/install/moveit_resources_panda_moveit_config:/home/max/ws_moveit2/install/srdfdom:/home/max/ws_moveit2/install/moveit_resources_pr2_description:/home/max/ws_moveit2/install/moveit_resources_panda_description:/home/max/ws_moveit2/install/moveit_common:/home/max/ros2_ws/install/robot_arm_publisher:/home/max/ros2_ws/install/robot_arm_moveit_config:/home/max/ros2_ws/install/robot_arm:/home/max/ros2_ws/install/panda_joint_publisher:/home/max/ros2_ws/install/moveit_joint_publisher:/home/max/ws_moveit2/install/pilz_industrial_motion_planner_testutils:/home/max/ws_moveit2/install/moveit_runtime:/home/max/ws_moveit2/install/moveit:/home/max/ws_moveit2/install/moveit_planners:/home/max/ws_moveit2/install/pilz_industrial_motion_planner:/home/max/ws_moveit2/install/moveit_ros_control_interface:/home/max/ws_moveit2/install/moveit_plugins:/home/max/ws_moveit2/install/moveit_simple_controller_manager:/home/max/ws_moveit2/install/moveit_setup_assistant:/home/max/ws_moveit2/install/moveit_setup_srdf_plugins:/home/max/ws_moveit2/install/moveit_setup_core_plugins:/home/max/ws_moveit2/install/moveit_setup_controllers:/home/max/ws_moveit2/install/moveit_setup_app_plugins:/home/max/ws_moveit2/install/moveit_setup_framework:/home/max/ws_moveit2/install/moveit_servo:/home/max/ws_moveit2/install/moveit_ros:/home/max/ws_moveit2/install/moveit_ros_visualization:/home/max/ws_moveit2/install/moveit_hybrid_planning:/home/max/ws_moveit2/install/moveit_ros_planning_interface:/home/max/ws_moveit2/install/moveit_ros_benchmarks:/home/max/ws_moveit2/install/moveit_ros_warehouse:/home/max/ws_moveit2/install/moveit_ros_robot_interaction:/home/max/ws_moveit2/install/moveit_ros_perception:/home/max/ws_moveit2/install/moveit_resources_prbt_pg70_support:/home/max/ws_moveit2/install/moveit_resources_prbt_moveit_config:/home/max/ws_moveit2/install/moveit_ros_move_group:/home/max/ws_moveit2/install/moveit_planners_ompl:/home/max/ws_moveit2/install/moveit_resources_prbt_ikfast_manipulator_plugin:/home/max/ws_moveit2/install/moveit_planners_chomp:/home/max/ws_moveit2/install/moveit_kinematics:/home/max/ws_moveit2/install/moveit_chomp_optimizer_adapter:/home/max/ws_moveit2/install/chomp_motion_planner:/home/max/ws_moveit2/install/generate_parameter_library_example:/home/max/ws_moveit2/install/cmake_generate_parameter_module_example:/home/max/ws_moveit2/install/generate_parameter_library:/home/max/ws_moveit2/install/parameter_traits:/home/max/ws_moveit2/install/moveit_resources_prbt_support:/home/max/ws_moveit2/install/moveit_resources:/home/max/ws_moveit2/install/moveit_resources_fanuc_moveit_config:/home/max/ws_moveit2/install/moveit_resources_fanuc_description:/home/max/ws_moveit2/install/moveit_msgs:/home/max/ros2_ws/install/robot_arm_description:/home/max/ws_moveit2/install/generate_parameter_module_example:/home/max/ws_moveit2/install/moveit_configs_utils:/home/max/ws_moveit2/install/generate_parameter_library_py:/opt/ros/humble LD_LIBRARY_PATH=/home/max/ws_moveit2/install/moveit_ros_planning/lib:/home/max/ws_moveit2/install/moveit_ros_occupancy_map_monitor/lib:/home/max/ws_moveit2/install/moveit_core/lib:/home/max/ws_moveit2/install/srdfdom/lib:/home/max/ws_moveit2/install/pilz_industrial_motion_planner_testutils/lib:/home/max/ws_moveit2/install/pilz_industrial_motion_planner/lib:/home/max/ws_moveit2/install/moveit_ros_control_interface/lib:/home/max/ws_moveit2/install/moveit_simple_controller_manager/lib:/home/max/ws_moveit2/install/moveit_setup_assistant/lib:/home/max/ws_moveit2/install/moveit_setup_srdf_plugins/lib:/home/max/ws_moveit2/install/moveit_setup_core_plugins/lib:/home/max/ws_moveit2/install/moveit_setup_controllers/lib:/home/max/ws_moveit2/install/moveit_setup_app_plugins/lib:/home/max/ws_moveit2/install/moveit_setup_framework/lib:/home/max/ws_moveit2/install/moveit_servo/lib:/home/max/ws_moveit2/install/moveit_ros_visualization/lib:/home/max/ws_moveit2/install/moveit_hybrid_planning/lib:/home/max/ws_moveit2/install/moveit_ros_planning_interface/lib:/home/max/ws_moveit2/install/moveit_ros_benchmarks/lib:/home/max/ws_moveit2/install/moveit_ros_warehouse/lib:/home/max/ws_moveit2/install/moveit_ros_robot_interaction/lib:/home/max/ws_moveit2/install/moveit_ros_perception/lib:/home/max/ws_moveit2/install/moveit_ros_move_group/lib:/home/max/ws_moveit2/install/moveit_planners_ompl/lib:/home/max/ws_moveit2/install/moveit_resources_prbt_ikfast_manipulator_plugin/lib:/home/max/ws_moveit2/install/moveit_planners_chomp/lib:/home/max/ws_moveit2/install/moveit_kinematics/lib:/home/max/ws_moveit2/install/moveit_chomp_optimizer_adapter/lib:/home/max/ws_moveit2/install/chomp_motion_planner/lib:/home/max/ws_moveit2/install/generate_parameter_library_example/lib:/home/max/ws_moveit2/install/parameter_traits/lib:/home/max/ws_moveit2/install/moveit_msgs/lib:/usr/lib/x86_64-linux-gnu/gazebo-11/plugins:/opt/ros/humble/opt/rviz_ogre_vendor/lib:/opt/ros/humble/lib/x86_64-linux-gnu:/opt/ros/humble/lib PYTHONPATH=/home/max/ws_moveit2/install/srdfdom/local/lib/python3.10/dist-packages:${PYTHONPATH} /usr/bin/cmake --install /home/max/ws_moveit2/build/moveit_ros_perception
[31.157s] -- Install configuration: "Release"
[31.157s] -- Installing: /home/max/ws_moveit2/install/moveit_ros_perception/include
[31.157s] -- Installing: /home/max/ws_moveit2/install/moveit_ros_perception/include/moveit
[31.158s] -- Installing: /home/max/ws_moveit2/install/moveit_ros_perception/include/moveit/lazy_free_space_updater
[31.158s] -- Installing: /home/max/ws_moveit2/install/moveit_ros_perception/include/moveit/lazy_free_space_updater/lazy_free_space_updater.h
[31.158s] -- Up-to-date: /home/max/ws_moveit2/install/moveit_ros_perception/include
[31.158s] -- Up-to-date: /home/max/ws_moveit2/install/moveit_ros_perception/include/moveit
[31.158s] -- Installing: /home/max/ws_moveit2/install/moveit_ros_perception/include/moveit/point_containment_filter
[31.158s] -- Installing: /home/max/ws_moveit2/install/moveit_ros_perception/include/moveit/point_containment_filter/shape_mask.h
[31.158s] -- Up-to-date: /home/max/ws_moveit2/install/moveit_ros_perception/include
[31.158s] -- Up-to-date: /home/max/ws_moveit2/install/moveit_ros_perception/include/moveit
[31.158s] -- Installing: /home/max/ws_moveit2/install/moveit_ros_perception/include/moveit/pointcloud_octomap_updater
[31.158s] -- Installing: /home/max/ws_moveit2/install/moveit_ros_perception/include/moveit/pointcloud_octomap_updater/pointcloud_octomap_updater.h
[31.158s] -- Up-to-date: /home/max/ws_moveit2/install/moveit_ros_perception/include
[31.158s] -- Up-to-date: /home/max/ws_moveit2/install/moveit_ros_perception/include/moveit
[31.158s] -- Installing: /home/max/ws_moveit2/install/moveit_ros_perception/include/moveit/mesh_filter
[31.158s] -- Installing: /home/max/ws_moveit2/install/moveit_ros_perception/include/moveit/mesh_filter/mesh_filter.h
[31.158s] -- Installing: /home/max/ws_moveit2/install/moveit_ros_perception/include/moveit/mesh_filter/depth_self_filter_nodelet.h
[31.158s] -- Installing: /home/max/ws_moveit2/install/moveit_ros_perception/include/moveit/mesh_filter/gl_renderer.h
[31.159s] -- Installing: /home/max/ws_moveit2/install/moveit_ros_perception/include/moveit/mesh_filter/stereo_camera_model.h
[31.159s] -- Installing: /home/max/ws_moveit2/install/moveit_ros_perception/include/moveit/mesh_filter/mesh_filter_base.h
[31.159s] -- Installing: /home/max/ws_moveit2/install/moveit_ros_perception/include/moveit/mesh_filter/sensor_model.h
[31.159s] -- Installing: /home/max/ws_moveit2/install/moveit_ros_perception/include/moveit/mesh_filter/gl_mesh.h
[31.159s] -- Installing: /home/max/ws_moveit2/install/moveit_ros_perception/include/moveit/mesh_filter/filter_job.h
[31.159s] -- Installing: /home/max/ws_moveit2/install/moveit_ros_perception/include/moveit/mesh_filter/transform_provider.h
[31.159s] -- Installing: /home/max/ws_moveit2/install/moveit_ros_perception/include/moveit_mesh_filter_export.h
[31.159s] -- Up-to-date: /home/max/ws_moveit2/install/moveit_ros_perception/include
[31.159s] -- Up-to-date: /home/max/ws_moveit2/install/moveit_ros_perception/include/moveit
[31.159s] -- Installing: /home/max/ws_moveit2/install/moveit_ros_perception/include/moveit/depth_image_octomap_updater
[31.159s] -- Installing: /home/max/ws_moveit2/install/moveit_ros_perception/include/moveit/depth_image_octomap_updater/depth_image_octomap_updater.h
[31.159s] -- Up-to-date: /home/max/ws_moveit2/install/moveit_ros_perception/include
[31.159s] -- Up-to-date: /home/max/ws_moveit2/install/moveit_ros_perception/include/moveit
[31.159s] -- Installing: /home/max/ws_moveit2/install/moveit_ros_perception/include/moveit/semantic_world
[31.159s] -- Installing: /home/max/ws_moveit2/install/moveit_ros_perception/include/moveit/semantic_world/semantic_world.h
[31.160s] -- Installing: /home/max/ws_moveit2/install/moveit_ros_perception/lib/libmoveit_depth_image_octomap_updater.so.2.5.5
[31.160s] -- Set runtime path of "/home/max/ws_moveit2/install/moveit_ros_perception/lib/libmoveit_depth_image_octomap_updater.so.2.5.5" to ""
[31.160s] -- Installing: /home/max/ws_moveit2/install/moveit_ros_perception/lib/libmoveit_depth_image_octomap_updater.so
[31.160s] -- Installing: /home/max/ws_moveit2/install/moveit_ros_perception/lib/libmoveit_depth_image_octomap_updater_core.so.2.5.5
[31.160s] -- Set runtime path of "/home/max/ws_moveit2/install/moveit_ros_perception/lib/libmoveit_depth_image_octomap_updater_core.so.2.5.5" to ""
[31.160s] -- Installing: /home/max/ws_moveit2/install/moveit_ros_perception/lib/libmoveit_depth_image_octomap_updater_core.so
[31.160s] -- Installing: /home/max/ws_moveit2/install/moveit_ros_perception/lib/libmoveit_lazy_free_space_updater.so.2.5.5
[31.161s] -- Set runtime path of "/home/max/ws_moveit2/install/moveit_ros_perception/lib/libmoveit_lazy_free_space_updater.so.2.5.5" to ""
[31.161s] -- Installing: /home/max/ws_moveit2/install/moveit_ros_perception/lib/libmoveit_lazy_free_space_updater.so
[31.161s] -- Installing: /home/max/ws_moveit2/install/moveit_ros_perception/lib/libmoveit_mesh_filter.so.2.5.5
[31.161s] -- Set runtime path of "/home/max/ws_moveit2/install/moveit_ros_perception/lib/libmoveit_mesh_filter.so.2.5.5" to ""
[31.161s] -- Installing: /home/max/ws_moveit2/install/moveit_ros_perception/lib/libmoveit_mesh_filter.so
[31.161s] -- Installing: /home/max/ws_moveit2/install/moveit_ros_perception/lib/libmoveit_point_containment_filter.so.2.5.5
[31.161s] -- Set runtime path of "/home/max/ws_moveit2/install/moveit_ros_perception/lib/libmoveit_point_containment_filter.so.2.5.5" to ""
[31.161s] -- Installing: /home/max/ws_moveit2/install/moveit_ros_perception/lib/libmoveit_point_containment_filter.so
[31.161s] -- Installing: /home/max/ws_moveit2/install/moveit_ros_perception/lib/libmoveit_pointcloud_octomap_updater.so.2.5.5
[31.162s] -- Set runtime path of "/home/max/ws_moveit2/install/moveit_ros_perception/lib/libmoveit_pointcloud_octomap_updater.so.2.5.5" to ""
[31.162s] -- Installing: /home/max/ws_moveit2/install/moveit_ros_perception/lib/libmoveit_pointcloud_octomap_updater.so
[31.162s] -- Installing: /home/max/ws_moveit2/install/moveit_ros_perception/lib/libmoveit_pointcloud_octomap_updater_core.so.2.5.5
[31.163s] -- Set runtime path of "/home/max/ws_moveit2/install/moveit_ros_perception/lib/libmoveit_pointcloud_octomap_updater_core.so.2.5.5" to ""
[31.163s] -- Installing: /home/max/ws_moveit2/install/moveit_ros_perception/lib/libmoveit_pointcloud_octomap_updater_core.so
[31.163s] -- Installing: /home/max/ws_moveit2/install/moveit_ros_perception/lib/libmoveit_semantic_world.so.2.5.5
[31.164s] -- Set runtime path of "/home/max/ws_moveit2/install/moveit_ros_perception/lib/libmoveit_semantic_world.so.2.5.5" to ""
[31.164s] -- Installing: /home/max/ws_moveit2/install/moveit_ros_perception/lib/libmoveit_semantic_world.so
[31.164s] -- Installing: /home/max/ws_moveit2/install/moveit_ros_perception/share/moveit_ros_perception/environment/library_path.sh
[31.164s] -- Installing: /home/max/ws_moveit2/install/moveit_ros_perception/share/moveit_ros_perception/environment/library_path.dsv
[31.164s] -- Installing: /home/max/ws_moveit2/install/moveit_ros_perception/share/moveit_ros_perception/pointcloud_octomap_updater_plugin_description.xml
[31.164s] -- Installing: /home/max/ws_moveit2/install/moveit_ros_perception/share/moveit_ros_perception/depth_image_octomap_updater_plugin_description.xml
[31.165s] -- Installing: /home/max/ws_moveit2/install/moveit_ros_perception/share/ament_index/resource_index/package_run_dependencies/moveit_ros_perception
[31.165s] -- Installing: /home/max/ws_moveit2/install/moveit_ros_perception/share/ament_index/resource_index/parent_prefix_path/moveit_ros_perception
[31.165s] -- Installing: /home/max/ws_moveit2/install/moveit_ros_perception/share/moveit_ros_perception/environment/ament_prefix_path.sh
[31.165s] -- Installing: /home/max/ws_moveit2/install/moveit_ros_perception/share/moveit_ros_perception/environment/ament_prefix_path.dsv
[31.165s] -- Installing: /home/max/ws_moveit2/install/moveit_ros_perception/share/moveit_ros_perception/environment/path.sh
[31.165s] -- Installing: /home/max/ws_moveit2/install/moveit_ros_perception/share/moveit_ros_perception/environment/path.dsv
[31.165s] -- Installing: /home/max/ws_moveit2/install/moveit_ros_perception/share/moveit_ros_perception/local_setup.bash
[31.165s] -- Installing: /home/max/ws_moveit2/install/moveit_ros_perception/share/moveit_ros_perception/local_setup.sh
[31.165s] -- Installing: /home/max/ws_moveit2/install/moveit_ros_perception/share/moveit_ros_perception/local_setup.zsh
[31.165s] -- Installing: /home/max/ws_moveit2/install/moveit_ros_perception/share/moveit_ros_perception/local_setup.dsv
[31.165s] -- Installing: /home/max/ws_moveit2/install/moveit_ros_perception/share/moveit_ros_perception/package.dsv
[31.166s] -- Installing: /home/max/ws_moveit2/install/moveit_ros_perception/share/ament_index/resource_index/packages/moveit_ros_perception
[31.166s] -- Installing: /home/max/ws_moveit2/install/moveit_ros_perception/share/ament_index/resource_index/moveit_ros_occupancy_map_monitor__pluginlib__plugin/moveit_ros_perception
[31.166s] -- Installing: /home/max/ws_moveit2/install/moveit_ros_perception/share/moveit_ros_perception/cmake/export_moveit_ros_perceptionExport.cmake
[31.166s] -- Installing: /home/max/ws_moveit2/install/moveit_ros_perception/share/moveit_ros_perception/cmake/export_moveit_ros_perceptionExport-release.cmake
[31.166s] -- Installing: /home/max/ws_moveit2/install/moveit_ros_perception/share/moveit_ros_perception/cmake/ConfigExtras.cmake
[31.166s] -- Installing: /home/max/ws_moveit2/install/moveit_ros_perception/share/moveit_ros_perception/cmake/ament_cmake_export_targets-extras.cmake
[31.166s] -- Installing: /home/max/ws_moveit2/install/moveit_ros_perception/share/moveit_ros_perception/cmake/ament_cmake_export_dependencies-extras.cmake
[31.166s] -- Installing: /home/max/ws_moveit2/install/moveit_ros_perception/share/moveit_ros_perception/cmake/moveit_ros_perceptionConfig.cmake
[31.166s] -- Installing: /home/max/ws_moveit2/install/moveit_ros_perception/share/moveit_ros_perception/cmake/moveit_ros_perceptionConfig-version.cmake
[31.166s] -- Installing: /home/max/ws_moveit2/install/moveit_ros_perception/share/moveit_ros_perception/package.xml
[31.169s] Invoked command in '/home/max/ws_moveit2/build/moveit_ros_perception' returned '0': AMENT_PREFIX_PATH=/home/max/ws_moveit2/install/srdfdom:${AMENT_PREFIX_PATH} CMAKE_PREFIX_PATH=/home/max/ws_moveit2/install/moveit_ros_planning:/home/max/ws_moveit2/install/moveit_ros_occupancy_map_monitor:/home/max/ws_moveit2/install/moveit_core:/home/max/ws_moveit2/install/moveit_resources_panda_moveit_config:/home/max/ws_moveit2/install/srdfdom:/home/max/ws_moveit2/install/moveit_resources_pr2_description:/home/max/ws_moveit2/install/moveit_resources_panda_description:/home/max/ws_moveit2/install/moveit_common:/home/max/ros2_ws/install/robot_arm_publisher:/home/max/ros2_ws/install/robot_arm_moveit_config:/home/max/ros2_ws/install/robot_arm:/home/max/ros2_ws/install/panda_joint_publisher:/home/max/ros2_ws/install/moveit_joint_publisher:/home/max/ws_moveit2/install/pilz_industrial_motion_planner_testutils:/home/max/ws_moveit2/install/moveit_runtime:/home/max/ws_moveit2/install/moveit:/home/max/ws_moveit2/install/moveit_planners:/home/max/ws_moveit2/install/pilz_industrial_motion_planner:/home/max/ws_moveit2/install/moveit_ros_control_interface:/home/max/ws_moveit2/install/moveit_plugins:/home/max/ws_moveit2/install/moveit_simple_controller_manager:/home/max/ws_moveit2/install/moveit_setup_assistant:/home/max/ws_moveit2/install/moveit_setup_srdf_plugins:/home/max/ws_moveit2/install/moveit_setup_core_plugins:/home/max/ws_moveit2/install/moveit_setup_controllers:/home/max/ws_moveit2/install/moveit_setup_app_plugins:/home/max/ws_moveit2/install/moveit_setup_framework:/home/max/ws_moveit2/install/moveit_servo:/home/max/ws_moveit2/install/moveit_ros:/home/max/ws_moveit2/install/moveit_ros_visualization:/home/max/ws_moveit2/install/moveit_hybrid_planning:/home/max/ws_moveit2/install/moveit_ros_planning_interface:/home/max/ws_moveit2/install/moveit_ros_benchmarks:/home/max/ws_moveit2/install/moveit_ros_warehouse:/home/max/ws_moveit2/install/moveit_ros_robot_interaction:/home/max/ws_moveit2/install/moveit_ros_perception:/home/max/ws_moveit2/install/moveit_resources_prbt_pg70_support:/home/max/ws_moveit2/install/moveit_resources_prbt_moveit_config:/home/max/ws_moveit2/install/moveit_ros_move_group:/home/max/ws_moveit2/install/moveit_planners_ompl:/home/max/ws_moveit2/install/moveit_resources_prbt_ikfast_manipulator_plugin:/home/max/ws_moveit2/install/moveit_planners_chomp:/home/max/ws_moveit2/install/moveit_kinematics:/home/max/ws_moveit2/install/moveit_chomp_optimizer_adapter:/home/max/ws_moveit2/install/chomp_motion_planner:/home/max/ws_moveit2/install/generate_parameter_library_example:/home/max/ws_moveit2/install/cmake_generate_parameter_module_example:/home/max/ws_moveit2/install/generate_parameter_library:/home/max/ws_moveit2/install/parameter_traits:/home/max/ws_moveit2/install/moveit_resources_prbt_support:/home/max/ws_moveit2/install/moveit_resources:/home/max/ws_moveit2/install/moveit_resources_fanuc_moveit_config:/home/max/ws_moveit2/install/moveit_resources_fanuc_description:/home/max/ws_moveit2/install/moveit_msgs:/home/max/ros2_ws/install/robot_arm_description:/home/max/ws_moveit2/install/generate_parameter_module_example:/home/max/ws_moveit2/install/moveit_configs_utils:/home/max/ws_moveit2/install/generate_parameter_library_py:/opt/ros/humble LD_LIBRARY_PATH=/home/max/ws_moveit2/install/moveit_ros_planning/lib:/home/max/ws_moveit2/install/moveit_ros_occupancy_map_monitor/lib:/home/max/ws_moveit2/install/moveit_core/lib:/home/max/ws_moveit2/install/srdfdom/lib:/home/max/ws_moveit2/install/pilz_industrial_motion_planner_testutils/lib:/home/max/ws_moveit2/install/pilz_industrial_motion_planner/lib:/home/max/ws_moveit2/install/moveit_ros_control_interface/lib:/home/max/ws_moveit2/install/moveit_simple_controller_manager/lib:/home/max/ws_moveit2/install/moveit_setup_assistant/lib:/home/max/ws_moveit2/install/moveit_setup_srdf_plugins/lib:/home/max/ws_moveit2/install/moveit_setup_core_plugins/lib:/home/max/ws_moveit2/install/moveit_setup_controllers/lib:/home/max/ws_moveit2/install/moveit_setup_app_plugins/lib:/home/max/ws_moveit2/install/moveit_setup_framework/lib:/home/max/ws_moveit2/install/moveit_servo/lib:/home/max/ws_moveit2/install/moveit_ros_visualization/lib:/home/max/ws_moveit2/install/moveit_hybrid_planning/lib:/home/max/ws_moveit2/install/moveit_ros_planning_interface/lib:/home/max/ws_moveit2/install/moveit_ros_benchmarks/lib:/home/max/ws_moveit2/install/moveit_ros_warehouse/lib:/home/max/ws_moveit2/install/moveit_ros_robot_interaction/lib:/home/max/ws_moveit2/install/moveit_ros_perception/lib:/home/max/ws_moveit2/install/moveit_ros_move_group/lib:/home/max/ws_moveit2/install/moveit_planners_ompl/lib:/home/max/ws_moveit2/install/moveit_resources_prbt_ikfast_manipulator_plugin/lib:/home/max/ws_moveit2/install/moveit_planners_chomp/lib:/home/max/ws_moveit2/install/moveit_kinematics/lib:/home/max/ws_moveit2/install/moveit_chomp_optimizer_adapter/lib:/home/max/ws_moveit2/install/chomp_motion_planner/lib:/home/max/ws_moveit2/install/generate_parameter_library_example/lib:/home/max/ws_moveit2/install/parameter_traits/lib:/home/max/ws_moveit2/install/moveit_msgs/lib:/usr/lib/x86_64-linux-gnu/gazebo-11/plugins:/opt/ros/humble/opt/rviz_ogre_vendor/lib:/opt/ros/humble/lib/x86_64-linux-gnu:/opt/ros/humble/lib PYTHONPATH=/home/max/ws_moveit2/install/srdfdom/local/lib/python3.10/dist-packages:${PYTHONPATH} /usr/bin/cmake --install /home/max/ws_moveit2/build/moveit_ros_perception
