[0.097s] DEBUG:colcon:Command line arguments: ['/usr/bin/colcon', 'build', '--packages-select', 'robot_control']
[0.098s] DEBUG:colcon:Parsed command line arguments: Namespace(log_base=None, log_level=None, verb_name='build', build_base='build', install_base='install', merge_install=False, symlink_install=False, test_result_base=None, continue_on_error=False, executor='parallel', parallel_workers=16, event_handlers=None, ignore_user_meta=False, metas=['./colcon.meta'], base_paths=['.'], packages_ignore=None, packages_ignore_regex=None, paths=None, packages_up_to=None, packages_up_to_regex=None, packages_above=None, packages_above_and_dependencies=None, packages_above_depth=None, packages_select_by_dep=None, packages_skip_by_dep=None, packages_skip_up_to=None, packages_select_build_failed=False, packages_skip_build_finished=False, packages_select_test_failures=False, packages_skip_test_passed=False, packages_select=['robot_control'], packages_skip=None, packages_select_regex=None, packages_skip_regex=None, packages_start=None, packages_end=None, allow_overriding=[], cmake_args=None, cmake_target=None, cmake_target_skip_unavailable=False, cmake_clean_cache=False, cmake_clean_first=False, cmake_force_configure=False, ament_cmake_args=None, catkin_cmake_args=None, catkin_skip_building_tests=False, mixin_files=None, mixin=None, verb_parser=<colcon_mixin.mixin.mixin_argument.MixinArgumentDecorator object at 0x7ba286664e80>, verb_extension=<colcon_core.verb.build.BuildVerb object at 0x7ba2866649d0>, main=<bound method BuildVerb.main of <colcon_core.verb.build.BuildVerb object at 0x7ba2866649d0>>, mixin_verb=('build',))
[0.252s] Level 1:colcon.colcon_core.package_discovery:discover_packages(colcon_meta) check parameters
[0.252s] Level 1:colcon.colcon_core.package_discovery:discover_packages(recursive) check parameters
[0.252s] Level 1:colcon.colcon_core.package_discovery:discover_packages(ignore) check parameters
[0.252s] Level 1:colcon.colcon_core.package_discovery:discover_packages(path) check parameters
[0.252s] Level 1:colcon.colcon_core.package_discovery:discover_packages(colcon_meta) discover
[0.252s] Level 1:colcon.colcon_core.package_discovery:discover_packages(recursive) discover
[0.252s] INFO:colcon.colcon_core.package_discovery:Crawling recursively for packages in '/home/max/robot_ws'
[0.252s] Level 1:colcon.colcon_core.package_identification:_identify(.) by extensions ['ignore', 'ignore_ament_install']
[0.252s] Level 1:colcon.colcon_core.package_identification:_identify(.) by extension 'ignore'
[0.252s] Level 1:colcon.colcon_core.package_identification:_identify(.) by extension 'ignore_ament_install'
[0.252s] Level 1:colcon.colcon_core.package_identification:_identify(.) by extensions ['colcon_pkg']
[0.252s] Level 1:colcon.colcon_core.package_identification:_identify(.) by extension 'colcon_pkg'
[0.252s] Level 1:colcon.colcon_core.package_identification:_identify(.) by extensions ['colcon_meta']
[0.252s] Level 1:colcon.colcon_core.package_identification:_identify(.) by extension 'colcon_meta'
[0.252s] Level 1:colcon.colcon_core.package_identification:_identify(.) by extensions ['ros']
[0.252s] Level 1:colcon.colcon_core.package_identification:_identify(.) by extension 'ros'
[0.258s] Level 1:colcon.colcon_core.package_identification:_identify(.) by extensions ['cmake', 'python']
[0.259s] Level 1:colcon.colcon_core.package_identification:_identify(.) by extension 'cmake'
[0.259s] Level 1:colcon.colcon_core.package_identification:_identify(.) by extension 'python'
[0.259s] Level 1:colcon.colcon_core.package_identification:_identify(.) by extensions ['python_setup_py']
[0.259s] Level 1:colcon.colcon_core.package_identification:_identify(.) by extension 'python_setup_py'
[0.259s] Level 1:colcon.colcon_core.package_identification:_identify(build) by extensions ['ignore', 'ignore_ament_install']
[0.259s] Level 1:colcon.colcon_core.package_identification:_identify(build) by extension 'ignore'
[0.259s] Level 1:colcon.colcon_core.package_identification:_identify(build) ignored
[0.259s] Level 1:colcon.colcon_core.package_identification:_identify(install) by extensions ['ignore', 'ignore_ament_install']
[0.259s] Level 1:colcon.colcon_core.package_identification:_identify(install) by extension 'ignore'
[0.259s] Level 1:colcon.colcon_core.package_identification:_identify(install) ignored
[0.259s] Level 1:colcon.colcon_core.package_identification:_identify(log) by extensions ['ignore', 'ignore_ament_install']
[0.259s] Level 1:colcon.colcon_core.package_identification:_identify(log) by extension 'ignore'
[0.259s] Level 1:colcon.colcon_core.package_identification:_identify(log) ignored
[0.259s] Level 1:colcon.colcon_core.package_identification:_identify(src) by extensions ['ignore', 'ignore_ament_install']
[0.259s] Level 1:colcon.colcon_core.package_identification:_identify(src) by extension 'ignore'
[0.259s] Level 1:colcon.colcon_core.package_identification:_identify(src) by extension 'ignore_ament_install'
[0.259s] Level 1:colcon.colcon_core.package_identification:_identify(src) by extensions ['colcon_pkg']
[0.259s] Level 1:colcon.colcon_core.package_identification:_identify(src) by extension 'colcon_pkg'
[0.259s] Level 1:colcon.colcon_core.package_identification:_identify(src) by extensions ['colcon_meta']
[0.259s] Level 1:colcon.colcon_core.package_identification:_identify(src) by extension 'colcon_meta'
[0.259s] Level 1:colcon.colcon_core.package_identification:_identify(src) by extensions ['ros']
[0.259s] Level 1:colcon.colcon_core.package_identification:_identify(src) by extension 'ros'
[0.259s] Level 1:colcon.colcon_core.package_identification:_identify(src) by extensions ['cmake', 'python']
[0.259s] Level 1:colcon.colcon_core.package_identification:_identify(src) by extension 'cmake'
[0.259s] Level 1:colcon.colcon_core.package_identification:_identify(src) by extension 'python'
[0.259s] Level 1:colcon.colcon_core.package_identification:_identify(src) by extensions ['python_setup_py']
[0.259s] Level 1:colcon.colcon_core.package_identification:_identify(src) by extension 'python_setup_py'
[0.259s] Level 1:colcon.colcon_core.package_identification:_identify(src/robot_control) by extensions ['ignore', 'ignore_ament_install']
[0.259s] Level 1:colcon.colcon_core.package_identification:_identify(src/robot_control) by extension 'ignore'
[0.259s] Level 1:colcon.colcon_core.package_identification:_identify(src/robot_control) by extension 'ignore_ament_install'
[0.259s] Level 1:colcon.colcon_core.package_identification:_identify(src/robot_control) by extensions ['colcon_pkg']
[0.259s] Level 1:colcon.colcon_core.package_identification:_identify(src/robot_control) by extension 'colcon_pkg'
[0.259s] Level 1:colcon.colcon_core.package_identification:_identify(src/robot_control) by extensions ['colcon_meta']
[0.259s] Level 1:colcon.colcon_core.package_identification:_identify(src/robot_control) by extension 'colcon_meta'
[0.260s] Level 1:colcon.colcon_core.package_identification:_identify(src/robot_control) by extensions ['ros']
[0.260s] Level 1:colcon.colcon_core.package_identification:_identify(src/robot_control) by extension 'ros'
[0.261s] DEBUG:colcon.colcon_core.package_identification:Package 'src/robot_control' with type 'ros.ament_cmake' and name 'robot_control'
[0.261s] Level 1:colcon.colcon_core.package_identification:_identify(src/robot_description) by extensions ['ignore', 'ignore_ament_install']
[0.261s] Level 1:colcon.colcon_core.package_identification:_identify(src/robot_description) by extension 'ignore'
[0.261s] Level 1:colcon.colcon_core.package_identification:_identify(src/robot_description) by extension 'ignore_ament_install'
[0.261s] Level 1:colcon.colcon_core.package_identification:_identify(src/robot_description) by extensions ['colcon_pkg']
[0.261s] Level 1:colcon.colcon_core.package_identification:_identify(src/robot_description) by extension 'colcon_pkg'
[0.261s] Level 1:colcon.colcon_core.package_identification:_identify(src/robot_description) by extensions ['colcon_meta']
[0.261s] Level 1:colcon.colcon_core.package_identification:_identify(src/robot_description) by extension 'colcon_meta'
[0.261s] Level 1:colcon.colcon_core.package_identification:_identify(src/robot_description) by extensions ['ros']
[0.261s] Level 1:colcon.colcon_core.package_identification:_identify(src/robot_description) by extension 'ros'
[0.262s] DEBUG:colcon.colcon_core.package_identification:Package 'src/robot_description' with type 'ros.ament_python' and name 'robot_description'
[0.262s] Level 1:colcon.colcon_core.package_identification:_identify(src/robot_moveit_config) by extensions ['ignore', 'ignore_ament_install']
[0.262s] Level 1:colcon.colcon_core.package_identification:_identify(src/robot_moveit_config) by extension 'ignore'
[0.262s] Level 1:colcon.colcon_core.package_identification:_identify(src/robot_moveit_config) by extension 'ignore_ament_install'
[0.262s] Level 1:colcon.colcon_core.package_identification:_identify(src/robot_moveit_config) by extensions ['colcon_pkg']
[0.262s] Level 1:colcon.colcon_core.package_identification:_identify(src/robot_moveit_config) by extension 'colcon_pkg'
[0.262s] Level 1:colcon.colcon_core.package_identification:_identify(src/robot_moveit_config) by extensions ['colcon_meta']
[0.262s] Level 1:colcon.colcon_core.package_identification:_identify(src/robot_moveit_config) by extension 'colcon_meta'
[0.262s] Level 1:colcon.colcon_core.package_identification:_identify(src/robot_moveit_config) by extensions ['ros']
[0.262s] Level 1:colcon.colcon_core.package_identification:_identify(src/robot_moveit_config) by extension 'ros'
[0.263s] DEBUG:colcon.colcon_core.package_identification:Package 'src/robot_moveit_config' with type 'ros.ament_cmake' and name 'robot_moveit_config'
[0.263s] Level 1:colcon.colcon_core.package_discovery:discover_packages(recursive) using defaults
[0.263s] Level 1:colcon.colcon_core.package_discovery:discover_packages(ignore) discover
[0.263s] Level 1:colcon.colcon_core.package_discovery:discover_packages(ignore) using defaults
[0.263s] Level 1:colcon.colcon_core.package_discovery:discover_packages(path) discover
[0.263s] Level 1:colcon.colcon_core.package_discovery:discover_packages(path) using defaults
[0.278s] INFO:colcon.colcon_core.package_selection:Skipping not selected package 'robot_description' in 'src/robot_description'
[0.278s] INFO:colcon.colcon_core.package_selection:Skipping not selected package 'robot_moveit_config' in 'src/robot_moveit_config'
[0.278s] Level 1:colcon.colcon_core.package_discovery:discover_packages(prefix_path) check parameters
[0.278s] Level 1:colcon.colcon_core.package_discovery:discover_packages(prefix_path) discover
[0.282s] DEBUG:colcon.colcon_installed_package_information.package_discovery:Found 3 installed packages in /home/max/robot_ws/install
[0.283s] DEBUG:colcon.colcon_installed_package_information.package_discovery:Found 55 installed packages in /home/max/ws_moveit2/install
[0.283s] DEBUG:colcon.colcon_installed_package_information.package_discovery:Found 6 installed packages in /home/max/ros2_ws/install
[0.284s] DEBUG:colcon.colcon_installed_package_information.package_discovery:Found 323 installed packages in /opt/ros/humble
[0.293s] Level 1:colcon.colcon_core.package_discovery:discover_packages(prefix_path) using defaults
[0.323s] Level 5:colcon.colcon_core.verb:set package 'robot_control' build argument 'cmake_args' from command line to 'None'
[0.323s] Level 5:colcon.colcon_core.verb:set package 'robot_control' build argument 'cmake_target' from command line to 'None'
[0.323s] Level 5:colcon.colcon_core.verb:set package 'robot_control' build argument 'cmake_target_skip_unavailable' from command line to 'False'
[0.323s] Level 5:colcon.colcon_core.verb:set package 'robot_control' build argument 'cmake_clean_cache' from command line to 'False'
[0.323s] Level 5:colcon.colcon_core.verb:set package 'robot_control' build argument 'cmake_clean_first' from command line to 'False'
[0.323s] Level 5:colcon.colcon_core.verb:set package 'robot_control' build argument 'cmake_force_configure' from command line to 'False'
[0.323s] Level 5:colcon.colcon_core.verb:set package 'robot_control' build argument 'ament_cmake_args' from command line to 'None'
[0.323s] Level 5:colcon.colcon_core.verb:set package 'robot_control' build argument 'catkin_cmake_args' from command line to 'None'
[0.323s] Level 5:colcon.colcon_core.verb:set package 'robot_control' build argument 'catkin_skip_building_tests' from command line to 'False'
[0.323s] DEBUG:colcon.colcon_core.verb:Building package 'robot_control' with the following arguments: {'ament_cmake_args': None, 'build_base': '/home/max/robot_ws/build/robot_control', 'catkin_cmake_args': None, 'catkin_skip_building_tests': False, 'cmake_args': None, 'cmake_clean_cache': False, 'cmake_clean_first': False, 'cmake_force_configure': False, 'cmake_target': None, 'cmake_target_skip_unavailable': False, 'install_base': '/home/max/robot_ws/install/robot_control', 'merge_install': False, 'path': '/home/max/robot_ws/src/robot_control', 'symlink_install': False, 'test_result_base': None}
[0.324s] INFO:colcon.colcon_core.executor:Executing jobs using 'parallel' executor
[0.324s] DEBUG:colcon.colcon_parallel_executor.executor.parallel:run_until_complete
[0.324s] INFO:colcon.colcon_ros.task.ament_cmake.build:Building ROS package in '/home/max/robot_ws/src/robot_control' with build type 'ament_cmake'
[0.324s] INFO:colcon.colcon_cmake.task.cmake.build:Building CMake package in '/home/max/robot_ws/src/robot_control'
[0.327s] INFO:colcon.colcon_core.plugin_system:Skipping extension 'colcon_core.shell.bat': Not used on non-Windows systems
[0.327s] INFO:colcon.colcon_core.shell:Skip shell extension 'powershell' for command environment: Not usable outside of PowerShell
[0.327s] DEBUG:colcon.colcon_core.shell:Skip shell extension 'dsv' for command environment
[0.341s] DEBUG:colcon.colcon_core.event_handler.log_command:Invoking command in '/home/max/robot_ws/build/robot_control': CMAKE_PREFIX_PATH=${CMAKE_PREFIX_PATH}:/home/max/robot_ws/install/robot_description:/home/max/ws_moveit2/install/moveit_configs_utils:/home/max/ws_moveit2/install/launch_param_builder:/home/max/ros2_ws/install/robot_arm_description:/opt/ros/humble /usr/bin/cmake --build /home/max/robot_ws/build/robot_control -- -j16 -l16
[9.519s] DEBUG:colcon.colcon_core.event_handler.log_command:Invoked command in '/home/max/robot_ws/build/robot_control' returned '0': CMAKE_PREFIX_PATH=${CMAKE_PREFIX_PATH}:/home/max/robot_ws/install/robot_description:/home/max/ws_moveit2/install/moveit_configs_utils:/home/max/ws_moveit2/install/launch_param_builder:/home/max/ros2_ws/install/robot_arm_description:/opt/ros/humble /usr/bin/cmake --build /home/max/robot_ws/build/robot_control -- -j16 -l16
[9.613s] DEBUG:colcon.colcon_core.event_handler.log_command:Invoking command in '/home/max/robot_ws/build/robot_control': CMAKE_PREFIX_PATH=${CMAKE_PREFIX_PATH}:/home/max/robot_ws/install/robot_description:/home/max/ws_moveit2/install/moveit_configs_utils:/home/max/ws_moveit2/install/launch_param_builder:/home/max/ros2_ws/install/robot_arm_description:/opt/ros/humble /usr/bin/cmake --install /home/max/robot_ws/build/robot_control
[9.640s] Level 1:colcon.colcon_core.environment:create_environment_scripts_only(robot_control)
[9.640s] DEBUG:colcon.colcon_core.event_handler.log_command:Invoked command in '/home/max/robot_ws/build/robot_control' returned '0': CMAKE_PREFIX_PATH=${CMAKE_PREFIX_PATH}:/home/max/robot_ws/install/robot_description:/home/max/ws_moveit2/install/moveit_configs_utils:/home/max/ws_moveit2/install/launch_param_builder:/home/max/ros2_ws/install/robot_arm_description:/opt/ros/humble /usr/bin/cmake --install /home/max/robot_ws/build/robot_control
[9.643s] Level 1:colcon.colcon_core.environment:checking '/home/max/robot_ws/install/robot_control' for CMake module files
[9.644s] Level 1:colcon.colcon_core.environment:checking '/home/max/robot_ws/install/robot_control' for CMake config files
[9.644s] Level 1:colcon.colcon_core.shell:create_environment_hook('robot_control', 'cmake_prefix_path')
[9.644s] INFO:colcon.colcon_core.shell:Creating environment hook '/home/max/robot_ws/install/robot_control/share/robot_control/hook/cmake_prefix_path.ps1'
[9.645s] INFO:colcon.colcon_core.shell:Creating environment descriptor '/home/max/robot_ws/install/robot_control/share/robot_control/hook/cmake_prefix_path.dsv'
[9.645s] INFO:colcon.colcon_core.shell:Creating environment hook '/home/max/robot_ws/install/robot_control/share/robot_control/hook/cmake_prefix_path.sh'
[9.646s] Level 1:colcon.colcon_core.environment:checking '/home/max/robot_ws/install/robot_control/lib'
[9.646s] Level 1:colcon.colcon_core.environment:checking '/home/max/robot_ws/install/robot_control/bin'
[9.646s] Level 1:colcon.colcon_core.environment:checking '/home/max/robot_ws/install/robot_control/lib/pkgconfig/robot_control.pc'
[9.646s] Level 1:colcon.colcon_core.environment:checking '/home/max/robot_ws/install/robot_control/lib/python3.10/site-packages'
[9.646s] Level 1:colcon.colcon_core.environment:checking '/home/max/robot_ws/install/robot_control/bin'
[9.646s] INFO:colcon.colcon_core.shell:Creating package script '/home/max/robot_ws/install/robot_control/share/robot_control/package.ps1'
[9.647s] INFO:colcon.colcon_core.shell:Creating package descriptor '/home/max/robot_ws/install/robot_control/share/robot_control/package.dsv'
[9.647s] INFO:colcon.colcon_core.shell:Creating package script '/home/max/robot_ws/install/robot_control/share/robot_control/package.sh'
[9.647s] INFO:colcon.colcon_core.shell:Creating package script '/home/max/robot_ws/install/robot_control/share/robot_control/package.bash'
[9.648s] INFO:colcon.colcon_core.shell:Creating package script '/home/max/robot_ws/install/robot_control/share/robot_control/package.zsh'
[9.648s] Level 1:colcon.colcon_core.environment:create_file_with_runtime_dependencies(/home/max/robot_ws/install/robot_control/share/colcon-core/packages/robot_control)
[9.730s] Level 1:colcon.colcon_core.environment:create_environment_scripts_only(robot_control)
[9.731s] Level 1:colcon.colcon_core.environment:checking '/home/max/robot_ws/install/robot_control' for CMake module files
[9.731s] Level 1:colcon.colcon_core.environment:checking '/home/max/robot_ws/install/robot_control' for CMake config files
[9.731s] Level 1:colcon.colcon_core.shell:create_environment_hook('robot_control', 'cmake_prefix_path')
[9.731s] INFO:colcon.colcon_core.shell:Creating environment hook '/home/max/robot_ws/install/robot_control/share/robot_control/hook/cmake_prefix_path.ps1'
[9.732s] INFO:colcon.colcon_core.shell:Creating environment descriptor '/home/max/robot_ws/install/robot_control/share/robot_control/hook/cmake_prefix_path.dsv'
[9.732s] INFO:colcon.colcon_core.shell:Creating environment hook '/home/max/robot_ws/install/robot_control/share/robot_control/hook/cmake_prefix_path.sh'
[9.732s] Level 1:colcon.colcon_core.environment:checking '/home/max/robot_ws/install/robot_control/lib'
[9.732s] Level 1:colcon.colcon_core.environment:checking '/home/max/robot_ws/install/robot_control/bin'
[9.732s] Level 1:colcon.colcon_core.environment:checking '/home/max/robot_ws/install/robot_control/lib/pkgconfig/robot_control.pc'
[9.732s] Level 1:colcon.colcon_core.environment:checking '/home/max/robot_ws/install/robot_control/lib/python3.10/site-packages'
[9.732s] Level 1:colcon.colcon_core.environment:checking '/home/max/robot_ws/install/robot_control/bin'
[9.733s] INFO:colcon.colcon_core.shell:Creating package script '/home/max/robot_ws/install/robot_control/share/robot_control/package.ps1'
[9.733s] INFO:colcon.colcon_core.shell:Creating package descriptor '/home/max/robot_ws/install/robot_control/share/robot_control/package.dsv'
[9.733s] INFO:colcon.colcon_core.shell:Creating package script '/home/max/robot_ws/install/robot_control/share/robot_control/package.sh'
[9.733s] INFO:colcon.colcon_core.shell:Creating package script '/home/max/robot_ws/install/robot_control/share/robot_control/package.bash'
[9.733s] INFO:colcon.colcon_core.shell:Creating package script '/home/max/robot_ws/install/robot_control/share/robot_control/package.zsh'
[9.734s] Level 1:colcon.colcon_core.environment:create_file_with_runtime_dependencies(/home/max/robot_ws/install/robot_control/share/colcon-core/packages/robot_control)
[9.734s] DEBUG:colcon.colcon_parallel_executor.executor.parallel:closing loop
[9.734s] DEBUG:colcon.colcon_parallel_executor.executor.parallel:loop closed
[9.734s] DEBUG:colcon.colcon_parallel_executor.executor.parallel:run_until_complete finished with '0'
[9.734s] DEBUG:colcon.colcon_core.event_reactor:joining thread
[9.739s] INFO:colcon.colcon_core.plugin_system:Skipping extension 'colcon_notification.desktop_notification.terminal_notifier': Not used on non-Darwin systems
[9.739s] INFO:colcon.colcon_core.plugin_system:Skipping extension 'colcon_notification.desktop_notification.win32': Not used on non-Windows systems
[9.739s] INFO:colcon.colcon_notification.desktop_notification:Sending desktop notification using 'notify2'
[9.750s] DEBUG:colcon.colcon_core.event_reactor:joined thread
[9.751s] INFO:colcon.colcon_core.shell:Creating prefix script '/home/max/robot_ws/install/local_setup.ps1'
[9.751s] INFO:colcon.colcon_core.shell:Creating prefix util module '/home/max/robot_ws/install/_local_setup_util_ps1.py'
[9.752s] INFO:colcon.colcon_core.shell:Creating prefix chain script '/home/max/robot_ws/install/setup.ps1'
[9.754s] INFO:colcon.colcon_core.shell:Creating prefix script '/home/max/robot_ws/install/local_setup.sh'
[9.755s] INFO:colcon.colcon_core.shell:Creating prefix util module '/home/max/robot_ws/install/_local_setup_util_sh.py'
[9.755s] INFO:colcon.colcon_core.shell:Creating prefix chain script '/home/max/robot_ws/install/setup.sh'
[9.757s] INFO:colcon.colcon_core.shell:Creating prefix script '/home/max/robot_ws/install/local_setup.bash'
[9.757s] INFO:colcon.colcon_core.shell:Creating prefix chain script '/home/max/robot_ws/install/setup.bash'
[9.759s] INFO:colcon.colcon_core.shell:Creating prefix script '/home/max/robot_ws/install/local_setup.zsh'
[9.760s] INFO:colcon.colcon_core.shell:Creating prefix chain script '/home/max/robot_ws/install/setup.zsh'
