[0.007s] Invoking command in '/home/max/ws_moveit2/build/srdfdom': CMAKE_PREFIX_PATH=${CMAKE_PREFIX_PATH}:/home/max/ros2_ws/install/robot_arm_description:/home/max/ws_moveit2/install/generate_parameter_module_example:/home/max/ws_moveit2/install/moveit_configs_utils:/home/max/ws_moveit2/install/generate_parameter_library_py:/opt/ros/humble /usr/bin/cmake /home/max/ws_moveit2/src/srdfdom -DCMAKE_BUILD_TYPE=Release -DCMAKE_INSTALL_PREFIX=/home/max/ws_moveit2/install/srdfdom
[0.064s] -- The CXX compiler identification is GNU 11.4.0
[0.070s] -- Detecting CXX compiler ABI info
[0.150s] -- Detecting CXX compiler ABI info - done
[0.154s] -- Check for working CXX compiler: /usr/bin/c++ - skipped
[0.154s] -- Detecting CXX compile features
[0.155s] -- Detecting CXX compile features - done
[0.160s] -- Found Boost: /usr/lib/x86_64-linux-gnu/cmake/Boost-1.74.0/BoostConfig.cmake (found version "1.74.0")  
[0.168s] -- Found ament_cmake: 1.3.10 (/opt/ros/humble/share/ament_cmake/cmake)
[0.277s] -- Found Python3: /usr/bin/python3 (found version "3.10.12") found components: Interpreter 
[0.345s] -- Found urdf: 2.6.1 (/opt/ros/humble/share/urdf/cmake)
[0.378s] -- Found TinyXML2 via Config file: TinyXML2_DIR-NOTFOUND
[0.442s] -- Found ament_cmake_gtest: 1.3.10 (/opt/ros/humble/share/ament_cmake_gtest/cmake)
[0.444s] -- Found ament_cmake_pytest: 1.3.10 (/opt/ros/humble/share/ament_cmake_pytest/cmake)
[0.681s] -- Found gtest sources under '/opt/ros/humble/src/gtest_vendor': C++ tests using 'Google Test' will be built
[0.718s] -- The C compiler identification is GNU 11.4.0
[0.724s] -- Detecting C compiler ABI info
[0.792s] -- Detecting C compiler ABI info - done
[0.796s] -- Check for working C compiler: /usr/bin/cc - skipped
[0.796s] -- Detecting C compile features
[0.796s] -- Detecting C compile features - done
[0.798s] -- Looking for C++ include pthread.h
[0.875s] -- Looking for C++ include pthread.h - found
[0.876s] -- Performing Test CMAKE_HAVE_LIBC_PTHREAD
[0.962s] -- Performing Test CMAKE_HAVE_LIBC_PTHREAD - Success
[0.963s] -- Found Threads: TRUE  
[0.967s] -- Found ament_lint_auto: 0.12.11 (/opt/ros/humble/share/ament_lint_auto/cmake)
[0.981s] -- Configuring done
[0.990s] -- Generating done
[0.990s] -- Build files have been written to: /home/max/ws_moveit2/build/srdfdom
[0.997s] Invoked command in '/home/max/ws_moveit2/build/srdfdom' returned '0': CMAKE_PREFIX_PATH=${CMAKE_PREFIX_PATH}:/home/max/ros2_ws/install/robot_arm_description:/home/max/ws_moveit2/install/generate_parameter_module_example:/home/max/ws_moveit2/install/moveit_configs_utils:/home/max/ws_moveit2/install/generate_parameter_library_py:/opt/ros/humble /usr/bin/cmake /home/max/ws_moveit2/src/srdfdom -DCMAKE_BUILD_TYPE=Release -DCMAKE_INSTALL_PREFIX=/home/max/ws_moveit2/install/srdfdom
[0.998s] Invoking command in '/home/max/ws_moveit2/build/srdfdom': CMAKE_PREFIX_PATH=${CMAKE_PREFIX_PATH}:/home/max/ros2_ws/install/robot_arm_description:/home/max/ws_moveit2/install/generate_parameter_module_example:/home/max/ws_moveit2/install/moveit_configs_utils:/home/max/ws_moveit2/install/generate_parameter_library_py:/opt/ros/humble /usr/bin/cmake --build /home/max/ws_moveit2/build/srdfdom -- -j16 -l16
[1.042s] [ 36%] [32mBuilding CXX object CMakeFiles/srdfdom.dir/src/srdf_writer.cpp.o[0m
[1.042s] [ 36%] [32mBuilding CXX object gtest/CMakeFiles/gtest_main.dir/src/gtest_main.cc.o[0m
[1.042s] [ 36%] [32mBuilding CXX object CMakeFiles/srdfdom.dir/src/model.cpp.o[0m
[1.042s] [ 36%] [32mBuilding CXX object gtest/CMakeFiles/gtest.dir/src/gtest-all.cc.o[0m
[1.049s] [ 36%] Built target ament_cmake_python_copy_srdfdom
[1.209s] running egg_info
[1.210s] creating srdfdom.egg-info
[1.210s] writing srdfdom.egg-info/PKG-INFO
[1.210s] writing dependency_links to srdfdom.egg-info/dependency_links.txt
[1.210s] writing top-level names to srdfdom.egg-info/top_level.txt
[1.210s] writing manifest file 'srdfdom.egg-info/SOURCES.txt'
[1.228s] reading manifest file 'srdfdom.egg-info/SOURCES.txt'
[1.228s] writing manifest file 'srdfdom.egg-info/SOURCES.txt'
[1.255s] [ 36%] Built target ament_cmake_python_build_srdfdom_egg
[1.653s] [ 45%] [32m[1mLinking CXX static library libgtest_main.a[0m
[1.710s] [ 45%] Built target gtest_main
[3.233s] [ 54%] [32m[1mLinking CXX shared library libsrdfdom.so[0m
[3.313s] [ 54%] Built target srdfdom
[6.020s] [ 63%] [32m[1mLinking CXX static library libgtest.a[0m
[6.088s] [ 63%] Built target gtest
[6.112s] [ 81%] [32mBuilding CXX object CMakeFiles/test_cpp_nl_NL.UTF-8.dir/test/test_parser.cpp.o[0m
[6.112s] [ 81%] [32mBuilding CXX object CMakeFiles/test_cpp_C.dir/test/test_parser.cpp.o[0m
[8.794s] [ 90%] [32m[1mLinking CXX executable test_cpp_C[0m
[8.974s] [ 90%] Built target test_cpp_C
[8.995s] [100%] [32m[1mLinking CXX executable test_cpp_nl_NL.UTF-8[0m
[9.084s] [100%] Built target test_cpp_nl_NL.UTF-8
[9.096s] Invoked command in '/home/max/ws_moveit2/build/srdfdom' returned '0': CMAKE_PREFIX_PATH=${CMAKE_PREFIX_PATH}:/home/max/ros2_ws/install/robot_arm_description:/home/max/ws_moveit2/install/generate_parameter_module_example:/home/max/ws_moveit2/install/moveit_configs_utils:/home/max/ws_moveit2/install/generate_parameter_library_py:/opt/ros/humble /usr/bin/cmake --build /home/max/ws_moveit2/build/srdfdom -- -j16 -l16
[9.147s] Invoking command in '/home/max/ws_moveit2/build/srdfdom': CMAKE_PREFIX_PATH=${CMAKE_PREFIX_PATH}:/home/max/ros2_ws/install/robot_arm_description:/home/max/ws_moveit2/install/generate_parameter_module_example:/home/max/ws_moveit2/install/moveit_configs_utils:/home/max/ws_moveit2/install/generate_parameter_library_py:/opt/ros/humble /usr/bin/cmake --install /home/max/ws_moveit2/build/srdfdom
[9.154s] -- Install configuration: "Release"
[9.154s] -- Installing: /home/max/ws_moveit2/install/srdfdom/lib/libsrdfdom.so.2.0.4
[9.155s] -- Set runtime path of "/home/max/ws_moveit2/install/srdfdom/lib/libsrdfdom.so.2.0.4" to ""
[9.155s] -- Installing: /home/max/ws_moveit2/install/srdfdom/lib/libsrdfdom.so
[9.155s] -- Installing: /home/max/ws_moveit2/install/srdfdom/include/srdfdom
[9.155s] -- Installing: /home/max/ws_moveit2/install/srdfdom/include/srdfdom/visibility_control.h
[9.155s] -- Installing: /home/max/ws_moveit2/install/srdfdom/include/srdfdom/model.h
[9.155s] -- Installing: /home/max/ws_moveit2/install/srdfdom/include/srdfdom/srdf_writer.h
[9.155s] -- Installing: /home/max/ws_moveit2/install/srdfdom/lib/srdfdom/display_srdf
[9.155s] -- Installing: /home/max/ws_moveit2/install/srdfdom/share/srdfdom/environment/pythonpath.sh
[9.156s] -- Installing: /home/max/ws_moveit2/install/srdfdom/share/srdfdom/environment/pythonpath.dsv
[9.156s] -- Installing: /home/max/ws_moveit2/install/srdfdom/local/lib/python3.10/dist-packages/srdfdom-2.0.4-py3.10.egg-info
[9.156s] -- Installing: /home/max/ws_moveit2/install/srdfdom/local/lib/python3.10/dist-packages/srdfdom-2.0.4-py3.10.egg-info/top_level.txt
[9.156s] -- Installing: /home/max/ws_moveit2/install/srdfdom/local/lib/python3.10/dist-packages/srdfdom-2.0.4-py3.10.egg-info/dependency_links.txt
[9.156s] -- Installing: /home/max/ws_moveit2/install/srdfdom/local/lib/python3.10/dist-packages/srdfdom-2.0.4-py3.10.egg-info/SOURCES.txt
[9.156s] -- Installing: /home/max/ws_moveit2/install/srdfdom/local/lib/python3.10/dist-packages/srdfdom-2.0.4-py3.10.egg-info/PKG-INFO
[9.156s] -- Installing: /home/max/ws_moveit2/install/srdfdom/local/lib/python3.10/dist-packages/srdfdom
[9.156s] -- Installing: /home/max/ws_moveit2/install/srdfdom/local/lib/python3.10/dist-packages/srdfdom/srdf.py
[9.156s] -- Installing: /home/max/ws_moveit2/install/srdfdom/local/lib/python3.10/dist-packages/srdfdom/__init__.py
[9.179s] Listing '/home/max/ws_moveit2/install/srdfdom/local/lib/python3.10/dist-packages/srdfdom'...
[9.179s] Compiling '/home/max/ws_moveit2/install/srdfdom/local/lib/python3.10/dist-packages/srdfdom/__init__.py'...
[9.179s] Compiling '/home/max/ws_moveit2/install/srdfdom/local/lib/python3.10/dist-packages/srdfdom/srdf.py'...
[9.183s] -- Installing: /home/max/ws_moveit2/install/srdfdom/share/srdfdom/environment/library_path.sh
[9.183s] -- Installing: /home/max/ws_moveit2/install/srdfdom/share/srdfdom/environment/library_path.dsv
[9.183s] -- Installing: /home/max/ws_moveit2/install/srdfdom/share/ament_index/resource_index/package_run_dependencies/srdfdom
[9.183s] -- Installing: /home/max/ws_moveit2/install/srdfdom/share/ament_index/resource_index/parent_prefix_path/srdfdom
[9.183s] -- Installing: /home/max/ws_moveit2/install/srdfdom/share/srdfdom/environment/ament_prefix_path.sh
[9.183s] -- Installing: /home/max/ws_moveit2/install/srdfdom/share/srdfdom/environment/ament_prefix_path.dsv
[9.183s] -- Installing: /home/max/ws_moveit2/install/srdfdom/share/srdfdom/environment/path.sh
[9.183s] -- Installing: /home/max/ws_moveit2/install/srdfdom/share/srdfdom/environment/path.dsv
[9.184s] -- Installing: /home/max/ws_moveit2/install/srdfdom/share/srdfdom/local_setup.bash
[9.184s] -- Installing: /home/max/ws_moveit2/install/srdfdom/share/srdfdom/local_setup.sh
[9.184s] -- Installing: /home/max/ws_moveit2/install/srdfdom/share/srdfdom/local_setup.zsh
[9.184s] -- Installing: /home/max/ws_moveit2/install/srdfdom/share/srdfdom/local_setup.dsv
[9.184s] -- Installing: /home/max/ws_moveit2/install/srdfdom/share/srdfdom/package.dsv
[9.184s] -- Installing: /home/max/ws_moveit2/install/srdfdom/share/ament_index/resource_index/packages/srdfdom
[9.184s] -- Installing: /home/max/ws_moveit2/install/srdfdom/share/srdfdom/cmake/srdfdomTargetsExport.cmake
[9.184s] -- Installing: /home/max/ws_moveit2/install/srdfdom/share/srdfdom/cmake/srdfdomTargetsExport-release.cmake
[9.184s] -- Installing: /home/max/ws_moveit2/install/srdfdom/share/srdfdom/cmake/ament_cmake_export_targets-extras.cmake
[9.184s] -- Installing: /home/max/ws_moveit2/install/srdfdom/share/srdfdom/cmake/ament_cmake_export_dependencies-extras.cmake
[9.185s] -- Installing: /home/max/ws_moveit2/install/srdfdom/share/srdfdom/cmake/srdfdomConfig.cmake
[9.185s] -- Installing: /home/max/ws_moveit2/install/srdfdom/share/srdfdom/cmake/srdfdomConfig-version.cmake
[9.185s] -- Installing: /home/max/ws_moveit2/install/srdfdom/share/srdfdom/package.xml
[9.187s] Invoked command in '/home/max/ws_moveit2/build/srdfdom' returned '0': CMAKE_PREFIX_PATH=${CMAKE_PREFIX_PATH}:/home/max/ros2_ws/install/robot_arm_description:/home/max/ws_moveit2/install/generate_parameter_module_example:/home/max/ws_moveit2/install/moveit_configs_utils:/home/max/ws_moveit2/install/generate_parameter_library_py:/opt/ros/humble /usr/bin/cmake --install /home/max/ws_moveit2/build/srdfdom
