[0.019s] Invoking command in '/home/max/ws_moveit2/build/moveit_ros_warehouse': AMENT_PREFIX_PATH=/home/max/ws_moveit2/install/srdfdom:${AMENT_PREFIX_PATH} CMAKE_PREFIX_PATH=/home/max/ws_moveit2/install/moveit_ros_planning:/home/max/ws_moveit2/install/moveit_ros_occupancy_map_monitor:/home/max/ws_moveit2/install/moveit_core:/home/max/ws_moveit2/install/moveit_resources_panda_moveit_config:/home/max/ws_moveit2/install/srdfdom:/home/max/ws_moveit2/install/moveit_resources_pr2_description:/home/max/ws_moveit2/install/moveit_resources_panda_description:/home/max/ws_moveit2/install/moveit_common:/home/max/ros2_ws/install/robot_arm_publisher:/home/max/ros2_ws/install/robot_arm_moveit_config:/home/max/ros2_ws/install/robot_arm:/home/max/ros2_ws/install/panda_joint_publisher:/home/max/ros2_ws/install/moveit_joint_publisher:/home/max/ws_moveit2/install/pilz_industrial_motion_planner_testutils:/home/max/ws_moveit2/install/moveit_runtime:/home/max/ws_moveit2/install/moveit:/home/max/ws_moveit2/install/moveit_planners:/home/max/ws_moveit2/install/pilz_industrial_motion_planner:/home/max/ws_moveit2/install/moveit_ros_control_interface:/home/max/ws_moveit2/install/moveit_plugins:/home/max/ws_moveit2/install/moveit_simple_controller_manager:/home/max/ws_moveit2/install/moveit_setup_assistant:/home/max/ws_moveit2/install/moveit_setup_srdf_plugins:/home/max/ws_moveit2/install/moveit_setup_core_plugins:/home/max/ws_moveit2/install/moveit_setup_controllers:/home/max/ws_moveit2/install/moveit_setup_app_plugins:/home/max/ws_moveit2/install/moveit_setup_framework:/home/max/ws_moveit2/install/moveit_servo:/home/max/ws_moveit2/install/moveit_ros:/home/max/ws_moveit2/install/moveit_ros_visualization:/home/max/ws_moveit2/install/moveit_hybrid_planning:/home/max/ws_moveit2/install/moveit_ros_planning_interface:/home/max/ws_moveit2/install/moveit_ros_benchmarks:/home/max/ws_moveit2/install/moveit_ros_warehouse:/home/max/ws_moveit2/install/moveit_ros_robot_interaction:/home/max/ws_moveit2/install/moveit_ros_perception:/home/max/ws_moveit2/install/moveit_resources_prbt_pg70_support:/home/max/ws_moveit2/install/moveit_resources_prbt_moveit_config:/home/max/ws_moveit2/install/moveit_ros_move_group:/home/max/ws_moveit2/install/moveit_planners_ompl:/home/max/ws_moveit2/install/moveit_resources_prbt_ikfast_manipulator_plugin:/home/max/ws_moveit2/install/moveit_planners_chomp:/home/max/ws_moveit2/install/moveit_kinematics:/home/max/ws_moveit2/install/moveit_chomp_optimizer_adapter:/home/max/ws_moveit2/install/chomp_motion_planner:/home/max/ws_moveit2/install/generate_parameter_library_example:/home/max/ws_moveit2/install/cmake_generate_parameter_module_example:/home/max/ws_moveit2/install/generate_parameter_library:/home/max/ws_moveit2/install/parameter_traits:/home/max/ws_moveit2/install/moveit_resources_prbt_support:/home/max/ws_moveit2/install/moveit_resources:/home/max/ws_moveit2/install/moveit_resources_fanuc_moveit_config:/home/max/ws_moveit2/install/moveit_resources_fanuc_description:/home/max/ws_moveit2/install/moveit_msgs:/home/max/ros2_ws/install/robot_arm_description:/home/max/ws_moveit2/install/generate_parameter_module_example:/home/max/ws_moveit2/install/moveit_configs_utils:/home/max/ws_moveit2/install/generate_parameter_library_py:/opt/ros/humble LD_LIBRARY_PATH=/home/max/ws_moveit2/install/moveit_ros_planning/lib:/home/max/ws_moveit2/install/moveit_ros_occupancy_map_monitor/lib:/home/max/ws_moveit2/install/moveit_core/lib:/home/max/ws_moveit2/install/srdfdom/lib:/home/max/ws_moveit2/install/pilz_industrial_motion_planner_testutils/lib:/home/max/ws_moveit2/install/pilz_industrial_motion_planner/lib:/home/max/ws_moveit2/install/moveit_ros_control_interface/lib:/home/max/ws_moveit2/install/moveit_simple_controller_manager/lib:/home/max/ws_moveit2/install/moveit_setup_assistant/lib:/home/max/ws_moveit2/install/moveit_setup_srdf_plugins/lib:/home/max/ws_moveit2/install/moveit_setup_core_plugins/lib:/home/max/ws_moveit2/install/moveit_setup_controllers/lib:/home/max/ws_moveit2/install/moveit_setup_app_plugins/lib:/home/max/ws_moveit2/install/moveit_setup_framework/lib:/home/max/ws_moveit2/install/moveit_servo/lib:/home/max/ws_moveit2/install/moveit_ros_visualization/lib:/home/max/ws_moveit2/install/moveit_hybrid_planning/lib:/home/max/ws_moveit2/install/moveit_ros_planning_interface/lib:/home/max/ws_moveit2/install/moveit_ros_benchmarks/lib:/home/max/ws_moveit2/install/moveit_ros_warehouse/lib:/home/max/ws_moveit2/install/moveit_ros_robot_interaction/lib:/home/max/ws_moveit2/install/moveit_ros_perception/lib:/home/max/ws_moveit2/install/moveit_ros_move_group/lib:/home/max/ws_moveit2/install/moveit_planners_ompl/lib:/home/max/ws_moveit2/install/moveit_resources_prbt_ikfast_manipulator_plugin/lib:/home/max/ws_moveit2/install/moveit_planners_chomp/lib:/home/max/ws_moveit2/install/moveit_kinematics/lib:/home/max/ws_moveit2/install/moveit_chomp_optimizer_adapter/lib:/home/max/ws_moveit2/install/chomp_motion_planner/lib:/home/max/ws_moveit2/install/generate_parameter_library_example/lib:/home/max/ws_moveit2/install/parameter_traits/lib:/home/max/ws_moveit2/install/moveit_msgs/lib:/usr/lib/x86_64-linux-gnu/gazebo-11/plugins:/opt/ros/humble/opt/rviz_ogre_vendor/lib:/opt/ros/humble/lib/x86_64-linux-gnu:/opt/ros/humble/lib PYTHONPATH=/home/max/ws_moveit2/install/srdfdom/local/lib/python3.10/dist-packages:${PYTHONPATH} /usr/bin/cmake /home/max/ws_moveit2/src/moveit2/moveit_ros/warehouse -DCMAKE_BUILD_TYPE=Release -DCMAKE_INSTALL_PREFIX=/home/max/ws_moveit2/install/moveit_ros_warehouse
[0.068s] -- The C compiler identification is GNU 11.4.0
[0.109s] -- The CXX compiler identification is GNU 11.4.0
[0.116s] -- Detecting C compiler ABI info
[0.178s] -- Detecting C compiler ABI info - done
[0.181s] -- Check for working C compiler: /usr/bin/cc - skipped
[0.182s] -- Detecting C compile features
[0.182s] -- Detecting C compile features - done
[0.183s] -- Detecting CXX compiler ABI info
[0.252s] -- Detecting CXX compiler ABI info - done
[0.256s] -- Check for working CXX compiler: /usr/bin/c++ - skipped
[0.256s] -- Detecting CXX compile features
[0.257s] -- Detecting CXX compile features - done
[0.258s] -- Found moveit_common: 2.5.5 (/home/max/ws_moveit2/install/moveit_common/share/moveit_common/cmake)
[0.261s] -- Found ament_cmake: 1.3.10 (/opt/ros/humble/share/ament_cmake/cmake)
[0.368s] -- Found Python3: /usr/bin/python3 (found version "3.10.12") found components: Interpreter 
[0.489s] -- Found rclcpp: 16.0.10 (/opt/ros/humble/share/rclcpp/cmake)
[0.535s] -- Found rosidl_generator_c: 3.1.5 (/opt/ros/humble/share/rosidl_generator_c/cmake)
[0.541s] -- Found rosidl_adapter: 3.1.5 (/opt/ros/humble/share/rosidl_adapter/cmake)
[0.550s] -- Found rosidl_generator_cpp: 3.1.5 (/opt/ros/humble/share/rosidl_generator_cpp/cmake)
[0.561s] -- Using all available rosidl_typesupport_c: rosidl_typesupport_fastrtps_c;rosidl_typesupport_introspection_c
[0.576s] -- Using all available rosidl_typesupport_cpp: rosidl_typesupport_fastrtps_cpp;rosidl_typesupport_introspection_cpp
[0.620s] -- Found rmw_implementation_cmake: 6.1.2 (/opt/ros/humble/share/rmw_implementation_cmake/cmake)
[0.625s] -- Found rmw_fastrtps_cpp: 6.2.7 (/opt/ros/humble/share/rmw_fastrtps_cpp/cmake)
[0.731s] -- Found OpenSSL: /usr/lib/x86_64-linux-gnu/libcrypto.so (found version "3.0.2")  
[0.755s] -- Found FastRTPS: /opt/ros/humble/include  
[0.791s] -- Using RMW implementation 'rmw_fastrtps_cpp' as default
[0.801s] -- Looking for pthread.h
[0.869s] -- Looking for pthread.h - found
[0.869s] -- Performing Test CMAKE_HAVE_LIBC_PTHREAD
[0.934s] -- Performing Test CMAKE_HAVE_LIBC_PTHREAD - Success
[0.935s] -- Found Threads: TRUE  
[0.971s] -- Found moveit_core: 2.5.5 (/home/max/ws_moveit2/install/moveit_core/share/moveit_core/cmake)
[1.012s] -- Found Boost: /usr/lib/x86_64-linux-gnu/cmake/Boost-1.74.0/BoostConfig.cmake (found version "1.74.0") found components: chrono date_time filesystem iostreams program_options regex serialization system thread 
[1.060s] -- Found parameter_traits: 0.3.8 (/opt/ros/humble/share/parameter_traits/cmake)
[1.072s] -- Found Eigen3: TRUE (found version "3.4.0") 
[1.075s] -- Found rclcpp_lifecycle: 16.0.10 (/opt/ros/humble/share/rclcpp_lifecycle/cmake)
[1.094s] -- Found Boost: /usr/lib/x86_64-linux-gnu/cmake/Boost-1.74.0/BoostConfig.cmake (found version "1.74.0") found components: filesystem 
[1.220s] -- library: /usr/lib/x86_64-linux-gnu/libcurl.so
[1.268s] -- Ensuring Eigen3 include directory is part of orocos-kdl CMake target
[1.453s] -- Found warehouse_ros: 2.0.5 (/opt/ros/humble/share/warehouse_ros/cmake)
[1.456s] -- Found moveit_ros_planning: 2.5.5 (/home/max/ws_moveit2/install/moveit_ros_planning/share/moveit_ros_planning/cmake)
[1.459s] -- Found Boost: /usr/lib/x86_64-linux-gnu/cmake/Boost-1.74.0/BoostConfig.cmake (found version "1.74.0") found components: system filesystem date_time program_options thread chrono 
[1.475s] -- Found Boost: /usr/lib/x86_64-linux-gnu/cmake/Boost-1.74.0/BoostConfig.cmake (found version "1.74.0") found components: thread system filesystem regex date_time program_options 
[1.476s] -- Performing Test COMPILER_HAS_HIDDEN_VISIBILITY
[1.550s] -- Performing Test COMPILER_HAS_HIDDEN_VISIBILITY - Success
[1.550s] -- Performing Test COMPILER_HAS_HIDDEN_INLINE_VISIBILITY
[1.624s] -- Performing Test COMPILER_HAS_HIDDEN_INLINE_VISIBILITY - Success
[1.624s] -- Performing Test COMPILER_HAS_DEPRECATED_ATTR
[1.701s] -- Performing Test COMPILER_HAS_DEPRECATED_ATTR - Success
[1.783s] -- Found ament_lint_auto: 0.12.11 (/opt/ros/humble/share/ament_lint_auto/cmake)
[1.803s] -- Added test 'cppcheck' to perform static code analysis on C / C++ code
[1.803s] -- Configured cppcheck include dirs: /home/max/ws_moveit2/src/moveit2/moveit_ros/warehouse/include
[1.803s] -- Configured cppcheck exclude dirs and/or files: 
[1.804s] -- Added test 'lint_cmake' to check CMake code style
[1.805s] -- Added test 'pep257' to check Python code against some of the docstring style conventions in PEP 257
[1.806s] -- Added test 'xmllint' to check XML markup files
[1.808s] -- Configuring done
[1.893s] -- Generating done
[1.894s] -- Build files have been written to: /home/max/ws_moveit2/build/moveit_ros_warehouse
[1.908s] Invoked command in '/home/max/ws_moveit2/build/moveit_ros_warehouse' returned '0': AMENT_PREFIX_PATH=/home/max/ws_moveit2/install/srdfdom:${AMENT_PREFIX_PATH} CMAKE_PREFIX_PATH=/home/max/ws_moveit2/install/moveit_ros_planning:/home/max/ws_moveit2/install/moveit_ros_occupancy_map_monitor:/home/max/ws_moveit2/install/moveit_core:/home/max/ws_moveit2/install/moveit_resources_panda_moveit_config:/home/max/ws_moveit2/install/srdfdom:/home/max/ws_moveit2/install/moveit_resources_pr2_description:/home/max/ws_moveit2/install/moveit_resources_panda_description:/home/max/ws_moveit2/install/moveit_common:/home/max/ros2_ws/install/robot_arm_publisher:/home/max/ros2_ws/install/robot_arm_moveit_config:/home/max/ros2_ws/install/robot_arm:/home/max/ros2_ws/install/panda_joint_publisher:/home/max/ros2_ws/install/moveit_joint_publisher:/home/max/ws_moveit2/install/pilz_industrial_motion_planner_testutils:/home/max/ws_moveit2/install/moveit_runtime:/home/max/ws_moveit2/install/moveit:/home/max/ws_moveit2/install/moveit_planners:/home/max/ws_moveit2/install/pilz_industrial_motion_planner:/home/max/ws_moveit2/install/moveit_ros_control_interface:/home/max/ws_moveit2/install/moveit_plugins:/home/max/ws_moveit2/install/moveit_simple_controller_manager:/home/max/ws_moveit2/install/moveit_setup_assistant:/home/max/ws_moveit2/install/moveit_setup_srdf_plugins:/home/max/ws_moveit2/install/moveit_setup_core_plugins:/home/max/ws_moveit2/install/moveit_setup_controllers:/home/max/ws_moveit2/install/moveit_setup_app_plugins:/home/max/ws_moveit2/install/moveit_setup_framework:/home/max/ws_moveit2/install/moveit_servo:/home/max/ws_moveit2/install/moveit_ros:/home/max/ws_moveit2/install/moveit_ros_visualization:/home/max/ws_moveit2/install/moveit_hybrid_planning:/home/max/ws_moveit2/install/moveit_ros_planning_interface:/home/max/ws_moveit2/install/moveit_ros_benchmarks:/home/max/ws_moveit2/install/moveit_ros_warehouse:/home/max/ws_moveit2/install/moveit_ros_robot_interaction:/home/max/ws_moveit2/install/moveit_ros_perception:/home/max/ws_moveit2/install/moveit_resources_prbt_pg70_support:/home/max/ws_moveit2/install/moveit_resources_prbt_moveit_config:/home/max/ws_moveit2/install/moveit_ros_move_group:/home/max/ws_moveit2/install/moveit_planners_ompl:/home/max/ws_moveit2/install/moveit_resources_prbt_ikfast_manipulator_plugin:/home/max/ws_moveit2/install/moveit_planners_chomp:/home/max/ws_moveit2/install/moveit_kinematics:/home/max/ws_moveit2/install/moveit_chomp_optimizer_adapter:/home/max/ws_moveit2/install/chomp_motion_planner:/home/max/ws_moveit2/install/generate_parameter_library_example:/home/max/ws_moveit2/install/cmake_generate_parameter_module_example:/home/max/ws_moveit2/install/generate_parameter_library:/home/max/ws_moveit2/install/parameter_traits:/home/max/ws_moveit2/install/moveit_resources_prbt_support:/home/max/ws_moveit2/install/moveit_resources:/home/max/ws_moveit2/install/moveit_resources_fanuc_moveit_config:/home/max/ws_moveit2/install/moveit_resources_fanuc_description:/home/max/ws_moveit2/install/moveit_msgs:/home/max/ros2_ws/install/robot_arm_description:/home/max/ws_moveit2/install/generate_parameter_module_example:/home/max/ws_moveit2/install/moveit_configs_utils:/home/max/ws_moveit2/install/generate_parameter_library_py:/opt/ros/humble LD_LIBRARY_PATH=/home/max/ws_moveit2/install/moveit_ros_planning/lib:/home/max/ws_moveit2/install/moveit_ros_occupancy_map_monitor/lib:/home/max/ws_moveit2/install/moveit_core/lib:/home/max/ws_moveit2/install/srdfdom/lib:/home/max/ws_moveit2/install/pilz_industrial_motion_planner_testutils/lib:/home/max/ws_moveit2/install/pilz_industrial_motion_planner/lib:/home/max/ws_moveit2/install/moveit_ros_control_interface/lib:/home/max/ws_moveit2/install/moveit_simple_controller_manager/lib:/home/max/ws_moveit2/install/moveit_setup_assistant/lib:/home/max/ws_moveit2/install/moveit_setup_srdf_plugins/lib:/home/max/ws_moveit2/install/moveit_setup_core_plugins/lib:/home/max/ws_moveit2/install/moveit_setup_controllers/lib:/home/max/ws_moveit2/install/moveit_setup_app_plugins/lib:/home/max/ws_moveit2/install/moveit_setup_framework/lib:/home/max/ws_moveit2/install/moveit_servo/lib:/home/max/ws_moveit2/install/moveit_ros_visualization/lib:/home/max/ws_moveit2/install/moveit_hybrid_planning/lib:/home/max/ws_moveit2/install/moveit_ros_planning_interface/lib:/home/max/ws_moveit2/install/moveit_ros_benchmarks/lib:/home/max/ws_moveit2/install/moveit_ros_warehouse/lib:/home/max/ws_moveit2/install/moveit_ros_robot_interaction/lib:/home/max/ws_moveit2/install/moveit_ros_perception/lib:/home/max/ws_moveit2/install/moveit_ros_move_group/lib:/home/max/ws_moveit2/install/moveit_planners_ompl/lib:/home/max/ws_moveit2/install/moveit_resources_prbt_ikfast_manipulator_plugin/lib:/home/max/ws_moveit2/install/moveit_planners_chomp/lib:/home/max/ws_moveit2/install/moveit_kinematics/lib:/home/max/ws_moveit2/install/moveit_chomp_optimizer_adapter/lib:/home/max/ws_moveit2/install/chomp_motion_planner/lib:/home/max/ws_moveit2/install/generate_parameter_library_example/lib:/home/max/ws_moveit2/install/parameter_traits/lib:/home/max/ws_moveit2/install/moveit_msgs/lib:/usr/lib/x86_64-linux-gnu/gazebo-11/plugins:/opt/ros/humble/opt/rviz_ogre_vendor/lib:/opt/ros/humble/lib/x86_64-linux-gnu:/opt/ros/humble/lib PYTHONPATH=/home/max/ws_moveit2/install/srdfdom/local/lib/python3.10/dist-packages:${PYTHONPATH} /usr/bin/cmake /home/max/ws_moveit2/src/moveit2/moveit_ros/warehouse -DCMAKE_BUILD_TYPE=Release -DCMAKE_INSTALL_PREFIX=/home/max/ws_moveit2/install/moveit_ros_warehouse
[1.910s] Invoking command in '/home/max/ws_moveit2/build/moveit_ros_warehouse': AMENT_PREFIX_PATH=/home/max/ws_moveit2/install/srdfdom:${AMENT_PREFIX_PATH} CMAKE_PREFIX_PATH=/home/max/ws_moveit2/install/moveit_ros_planning:/home/max/ws_moveit2/install/moveit_ros_occupancy_map_monitor:/home/max/ws_moveit2/install/moveit_core:/home/max/ws_moveit2/install/moveit_resources_panda_moveit_config:/home/max/ws_moveit2/install/srdfdom:/home/max/ws_moveit2/install/moveit_resources_pr2_description:/home/max/ws_moveit2/install/moveit_resources_panda_description:/home/max/ws_moveit2/install/moveit_common:/home/max/ros2_ws/install/robot_arm_publisher:/home/max/ros2_ws/install/robot_arm_moveit_config:/home/max/ros2_ws/install/robot_arm:/home/max/ros2_ws/install/panda_joint_publisher:/home/max/ros2_ws/install/moveit_joint_publisher:/home/max/ws_moveit2/install/pilz_industrial_motion_planner_testutils:/home/max/ws_moveit2/install/moveit_runtime:/home/max/ws_moveit2/install/moveit:/home/max/ws_moveit2/install/moveit_planners:/home/max/ws_moveit2/install/pilz_industrial_motion_planner:/home/max/ws_moveit2/install/moveit_ros_control_interface:/home/max/ws_moveit2/install/moveit_plugins:/home/max/ws_moveit2/install/moveit_simple_controller_manager:/home/max/ws_moveit2/install/moveit_setup_assistant:/home/max/ws_moveit2/install/moveit_setup_srdf_plugins:/home/max/ws_moveit2/install/moveit_setup_core_plugins:/home/max/ws_moveit2/install/moveit_setup_controllers:/home/max/ws_moveit2/install/moveit_setup_app_plugins:/home/max/ws_moveit2/install/moveit_setup_framework:/home/max/ws_moveit2/install/moveit_servo:/home/max/ws_moveit2/install/moveit_ros:/home/max/ws_moveit2/install/moveit_ros_visualization:/home/max/ws_moveit2/install/moveit_hybrid_planning:/home/max/ws_moveit2/install/moveit_ros_planning_interface:/home/max/ws_moveit2/install/moveit_ros_benchmarks:/home/max/ws_moveit2/install/moveit_ros_warehouse:/home/max/ws_moveit2/install/moveit_ros_robot_interaction:/home/max/ws_moveit2/install/moveit_ros_perception:/home/max/ws_moveit2/install/moveit_resources_prbt_pg70_support:/home/max/ws_moveit2/install/moveit_resources_prbt_moveit_config:/home/max/ws_moveit2/install/moveit_ros_move_group:/home/max/ws_moveit2/install/moveit_planners_ompl:/home/max/ws_moveit2/install/moveit_resources_prbt_ikfast_manipulator_plugin:/home/max/ws_moveit2/install/moveit_planners_chomp:/home/max/ws_moveit2/install/moveit_kinematics:/home/max/ws_moveit2/install/moveit_chomp_optimizer_adapter:/home/max/ws_moveit2/install/chomp_motion_planner:/home/max/ws_moveit2/install/generate_parameter_library_example:/home/max/ws_moveit2/install/cmake_generate_parameter_module_example:/home/max/ws_moveit2/install/generate_parameter_library:/home/max/ws_moveit2/install/parameter_traits:/home/max/ws_moveit2/install/moveit_resources_prbt_support:/home/max/ws_moveit2/install/moveit_resources:/home/max/ws_moveit2/install/moveit_resources_fanuc_moveit_config:/home/max/ws_moveit2/install/moveit_resources_fanuc_description:/home/max/ws_moveit2/install/moveit_msgs:/home/max/ros2_ws/install/robot_arm_description:/home/max/ws_moveit2/install/generate_parameter_module_example:/home/max/ws_moveit2/install/moveit_configs_utils:/home/max/ws_moveit2/install/generate_parameter_library_py:/opt/ros/humble LD_LIBRARY_PATH=/home/max/ws_moveit2/install/moveit_ros_planning/lib:/home/max/ws_moveit2/install/moveit_ros_occupancy_map_monitor/lib:/home/max/ws_moveit2/install/moveit_core/lib:/home/max/ws_moveit2/install/srdfdom/lib:/home/max/ws_moveit2/install/pilz_industrial_motion_planner_testutils/lib:/home/max/ws_moveit2/install/pilz_industrial_motion_planner/lib:/home/max/ws_moveit2/install/moveit_ros_control_interface/lib:/home/max/ws_moveit2/install/moveit_simple_controller_manager/lib:/home/max/ws_moveit2/install/moveit_setup_assistant/lib:/home/max/ws_moveit2/install/moveit_setup_srdf_plugins/lib:/home/max/ws_moveit2/install/moveit_setup_core_plugins/lib:/home/max/ws_moveit2/install/moveit_setup_controllers/lib:/home/max/ws_moveit2/install/moveit_setup_app_plugins/lib:/home/max/ws_moveit2/install/moveit_setup_framework/lib:/home/max/ws_moveit2/install/moveit_servo/lib:/home/max/ws_moveit2/install/moveit_ros_visualization/lib:/home/max/ws_moveit2/install/moveit_hybrid_planning/lib:/home/max/ws_moveit2/install/moveit_ros_planning_interface/lib:/home/max/ws_moveit2/install/moveit_ros_benchmarks/lib:/home/max/ws_moveit2/install/moveit_ros_warehouse/lib:/home/max/ws_moveit2/install/moveit_ros_robot_interaction/lib:/home/max/ws_moveit2/install/moveit_ros_perception/lib:/home/max/ws_moveit2/install/moveit_ros_move_group/lib:/home/max/ws_moveit2/install/moveit_planners_ompl/lib:/home/max/ws_moveit2/install/moveit_resources_prbt_ikfast_manipulator_plugin/lib:/home/max/ws_moveit2/install/moveit_planners_chomp/lib:/home/max/ws_moveit2/install/moveit_kinematics/lib:/home/max/ws_moveit2/install/moveit_chomp_optimizer_adapter/lib:/home/max/ws_moveit2/install/chomp_motion_planner/lib:/home/max/ws_moveit2/install/generate_parameter_library_example/lib:/home/max/ws_moveit2/install/parameter_traits/lib:/home/max/ws_moveit2/install/moveit_msgs/lib:/usr/lib/x86_64-linux-gnu/gazebo-11/plugins:/opt/ros/humble/opt/rviz_ogre_vendor/lib:/opt/ros/humble/lib/x86_64-linux-gnu:/opt/ros/humble/lib PYTHONPATH=/home/max/ws_moveit2/install/srdfdom/local/lib/python3.10/dist-packages:${PYTHONPATH} /usr/bin/cmake --build /home/max/ws_moveit2/build/moveit_ros_warehouse -- -j16 -l16
[1.965s] [ 25%] [32mBuilding CXX object CMakeFiles/moveit_warehouse.dir/src/planning_scene_world_storage.cpp.o[0m
[1.966s] [ 25%] [32mBuilding CXX object CMakeFiles/moveit_warehouse.dir/src/trajectory_constraints_storage.cpp.o[0m
[1.966s] [ 25%] [32mBuilding CXX object CMakeFiles/moveit_warehouse.dir/src/moveit_message_storage.cpp.o[0m
[1.966s] [ 25%] [32mBuilding CXX object CMakeFiles/moveit_warehouse.dir/src/planning_scene_storage.cpp.o[0m
[1.966s] [ 25%] [32mBuilding CXX object CMakeFiles/moveit_warehouse.dir/src/constraints_storage.cpp.o[0m
[1.966s] [ 30%] [32mBuilding CXX object CMakeFiles/moveit_warehouse.dir/src/state_storage.cpp.o[0m
[1.968s] [ 35%] [32mBuilding CXX object CMakeFiles/moveit_warehouse.dir/src/warehouse_connector.cpp.o[0m
[11.565s] [ 40%] [32m[1mLinking CXX shared library libmoveit_warehouse.so[0m
[11.913s] [ 40%] Built target moveit_warehouse
[11.935s] [ 70%] [32mBuilding CXX object CMakeFiles/moveit_warehouse_import_from_text.dir/src/import_from_text.cpp.o[0m
[11.935s] [ 70%] [32mBuilding CXX object CMakeFiles/moveit_warehouse_services.dir/src/warehouse_services.cpp.o[0m
[11.935s] [ 70%] [32mBuilding CXX object CMakeFiles/moveit_save_to_warehouse.dir/src/save_to_warehouse.cpp.o[0m
[11.935s] [ 70%] [32mBuilding CXX object CMakeFiles/moveit_init_demo_warehouse.dir/src/initialize_demo_db.cpp.o[0m
[11.935s] [ 70%] [32mBuilding CXX object CMakeFiles/moveit_warehouse_save_as_text.dir/src/save_as_text.cpp.o[0m
[11.935s] [ 70%] [32mBuilding CXX object CMakeFiles/moveit_warehouse_broadcast.dir/src/broadcast.cpp.o[0m
[18.630s] [ 75%] [32m[1mLinking CXX executable moveit_warehouse_services[0m
[18.821s] [ 75%] Built target moveit_warehouse_services
[20.881s] [ 85%] [32m[1mLinking CXX executable moveit_warehouse_save_as_text[0m
[20.881s] [ 85%] [32m[1mLinking CXX executable moveit_warehouse_broadcast[0m
[20.885s] [ 90%] [32m[1mLinking CXX executable moveit_init_demo_warehouse[0m
[21.079s] [ 90%] Built target moveit_warehouse_broadcast
[21.149s] [ 90%] Built target moveit_warehouse_save_as_text
[21.159s] [ 90%] Built target moveit_init_demo_warehouse
[21.442s] [ 95%] [32m[1mLinking CXX executable moveit_warehouse_import_from_text[0m
[21.682s] [ 95%] Built target moveit_warehouse_import_from_text
[29.809s] [100%] [32m[1mLinking CXX executable moveit_save_to_warehouse[0m
[30.114s] [100%] Built target moveit_save_to_warehouse
[30.126s] Invoked command in '/home/max/ws_moveit2/build/moveit_ros_warehouse' returned '0': AMENT_PREFIX_PATH=/home/max/ws_moveit2/install/srdfdom:${AMENT_PREFIX_PATH} CMAKE_PREFIX_PATH=/home/max/ws_moveit2/install/moveit_ros_planning:/home/max/ws_moveit2/install/moveit_ros_occupancy_map_monitor:/home/max/ws_moveit2/install/moveit_core:/home/max/ws_moveit2/install/moveit_resources_panda_moveit_config:/home/max/ws_moveit2/install/srdfdom:/home/max/ws_moveit2/install/moveit_resources_pr2_description:/home/max/ws_moveit2/install/moveit_resources_panda_description:/home/max/ws_moveit2/install/moveit_common:/home/max/ros2_ws/install/robot_arm_publisher:/home/max/ros2_ws/install/robot_arm_moveit_config:/home/max/ros2_ws/install/robot_arm:/home/max/ros2_ws/install/panda_joint_publisher:/home/max/ros2_ws/install/moveit_joint_publisher:/home/max/ws_moveit2/install/pilz_industrial_motion_planner_testutils:/home/max/ws_moveit2/install/moveit_runtime:/home/max/ws_moveit2/install/moveit:/home/max/ws_moveit2/install/moveit_planners:/home/max/ws_moveit2/install/pilz_industrial_motion_planner:/home/max/ws_moveit2/install/moveit_ros_control_interface:/home/max/ws_moveit2/install/moveit_plugins:/home/max/ws_moveit2/install/moveit_simple_controller_manager:/home/max/ws_moveit2/install/moveit_setup_assistant:/home/max/ws_moveit2/install/moveit_setup_srdf_plugins:/home/max/ws_moveit2/install/moveit_setup_core_plugins:/home/max/ws_moveit2/install/moveit_setup_controllers:/home/max/ws_moveit2/install/moveit_setup_app_plugins:/home/max/ws_moveit2/install/moveit_setup_framework:/home/max/ws_moveit2/install/moveit_servo:/home/max/ws_moveit2/install/moveit_ros:/home/max/ws_moveit2/install/moveit_ros_visualization:/home/max/ws_moveit2/install/moveit_hybrid_planning:/home/max/ws_moveit2/install/moveit_ros_planning_interface:/home/max/ws_moveit2/install/moveit_ros_benchmarks:/home/max/ws_moveit2/install/moveit_ros_warehouse:/home/max/ws_moveit2/install/moveit_ros_robot_interaction:/home/max/ws_moveit2/install/moveit_ros_perception:/home/max/ws_moveit2/install/moveit_resources_prbt_pg70_support:/home/max/ws_moveit2/install/moveit_resources_prbt_moveit_config:/home/max/ws_moveit2/install/moveit_ros_move_group:/home/max/ws_moveit2/install/moveit_planners_ompl:/home/max/ws_moveit2/install/moveit_resources_prbt_ikfast_manipulator_plugin:/home/max/ws_moveit2/install/moveit_planners_chomp:/home/max/ws_moveit2/install/moveit_kinematics:/home/max/ws_moveit2/install/moveit_chomp_optimizer_adapter:/home/max/ws_moveit2/install/chomp_motion_planner:/home/max/ws_moveit2/install/generate_parameter_library_example:/home/max/ws_moveit2/install/cmake_generate_parameter_module_example:/home/max/ws_moveit2/install/generate_parameter_library:/home/max/ws_moveit2/install/parameter_traits:/home/max/ws_moveit2/install/moveit_resources_prbt_support:/home/max/ws_moveit2/install/moveit_resources:/home/max/ws_moveit2/install/moveit_resources_fanuc_moveit_config:/home/max/ws_moveit2/install/moveit_resources_fanuc_description:/home/max/ws_moveit2/install/moveit_msgs:/home/max/ros2_ws/install/robot_arm_description:/home/max/ws_moveit2/install/generate_parameter_module_example:/home/max/ws_moveit2/install/moveit_configs_utils:/home/max/ws_moveit2/install/generate_parameter_library_py:/opt/ros/humble LD_LIBRARY_PATH=/home/max/ws_moveit2/install/moveit_ros_planning/lib:/home/max/ws_moveit2/install/moveit_ros_occupancy_map_monitor/lib:/home/max/ws_moveit2/install/moveit_core/lib:/home/max/ws_moveit2/install/srdfdom/lib:/home/max/ws_moveit2/install/pilz_industrial_motion_planner_testutils/lib:/home/max/ws_moveit2/install/pilz_industrial_motion_planner/lib:/home/max/ws_moveit2/install/moveit_ros_control_interface/lib:/home/max/ws_moveit2/install/moveit_simple_controller_manager/lib:/home/max/ws_moveit2/install/moveit_setup_assistant/lib:/home/max/ws_moveit2/install/moveit_setup_srdf_plugins/lib:/home/max/ws_moveit2/install/moveit_setup_core_plugins/lib:/home/max/ws_moveit2/install/moveit_setup_controllers/lib:/home/max/ws_moveit2/install/moveit_setup_app_plugins/lib:/home/max/ws_moveit2/install/moveit_setup_framework/lib:/home/max/ws_moveit2/install/moveit_servo/lib:/home/max/ws_moveit2/install/moveit_ros_visualization/lib:/home/max/ws_moveit2/install/moveit_hybrid_planning/lib:/home/max/ws_moveit2/install/moveit_ros_planning_interface/lib:/home/max/ws_moveit2/install/moveit_ros_benchmarks/lib:/home/max/ws_moveit2/install/moveit_ros_warehouse/lib:/home/max/ws_moveit2/install/moveit_ros_robot_interaction/lib:/home/max/ws_moveit2/install/moveit_ros_perception/lib:/home/max/ws_moveit2/install/moveit_ros_move_group/lib:/home/max/ws_moveit2/install/moveit_planners_ompl/lib:/home/max/ws_moveit2/install/moveit_resources_prbt_ikfast_manipulator_plugin/lib:/home/max/ws_moveit2/install/moveit_planners_chomp/lib:/home/max/ws_moveit2/install/moveit_kinematics/lib:/home/max/ws_moveit2/install/moveit_chomp_optimizer_adapter/lib:/home/max/ws_moveit2/install/chomp_motion_planner/lib:/home/max/ws_moveit2/install/generate_parameter_library_example/lib:/home/max/ws_moveit2/install/parameter_traits/lib:/home/max/ws_moveit2/install/moveit_msgs/lib:/usr/lib/x86_64-linux-gnu/gazebo-11/plugins:/opt/ros/humble/opt/rviz_ogre_vendor/lib:/opt/ros/humble/lib/x86_64-linux-gnu:/opt/ros/humble/lib PYTHONPATH=/home/max/ws_moveit2/install/srdfdom/local/lib/python3.10/dist-packages:${PYTHONPATH} /usr/bin/cmake --build /home/max/ws_moveit2/build/moveit_ros_warehouse -- -j16 -l16
[30.235s] Invoking command in '/home/max/ws_moveit2/build/moveit_ros_warehouse': AMENT_PREFIX_PATH=/home/max/ws_moveit2/install/srdfdom:${AMENT_PREFIX_PATH} CMAKE_PREFIX_PATH=/home/max/ws_moveit2/install/moveit_ros_planning:/home/max/ws_moveit2/install/moveit_ros_occupancy_map_monitor:/home/max/ws_moveit2/install/moveit_core:/home/max/ws_moveit2/install/moveit_resources_panda_moveit_config:/home/max/ws_moveit2/install/srdfdom:/home/max/ws_moveit2/install/moveit_resources_pr2_description:/home/max/ws_moveit2/install/moveit_resources_panda_description:/home/max/ws_moveit2/install/moveit_common:/home/max/ros2_ws/install/robot_arm_publisher:/home/max/ros2_ws/install/robot_arm_moveit_config:/home/max/ros2_ws/install/robot_arm:/home/max/ros2_ws/install/panda_joint_publisher:/home/max/ros2_ws/install/moveit_joint_publisher:/home/max/ws_moveit2/install/pilz_industrial_motion_planner_testutils:/home/max/ws_moveit2/install/moveit_runtime:/home/max/ws_moveit2/install/moveit:/home/max/ws_moveit2/install/moveit_planners:/home/max/ws_moveit2/install/pilz_industrial_motion_planner:/home/max/ws_moveit2/install/moveit_ros_control_interface:/home/max/ws_moveit2/install/moveit_plugins:/home/max/ws_moveit2/install/moveit_simple_controller_manager:/home/max/ws_moveit2/install/moveit_setup_assistant:/home/max/ws_moveit2/install/moveit_setup_srdf_plugins:/home/max/ws_moveit2/install/moveit_setup_core_plugins:/home/max/ws_moveit2/install/moveit_setup_controllers:/home/max/ws_moveit2/install/moveit_setup_app_plugins:/home/max/ws_moveit2/install/moveit_setup_framework:/home/max/ws_moveit2/install/moveit_servo:/home/max/ws_moveit2/install/moveit_ros:/home/max/ws_moveit2/install/moveit_ros_visualization:/home/max/ws_moveit2/install/moveit_hybrid_planning:/home/max/ws_moveit2/install/moveit_ros_planning_interface:/home/max/ws_moveit2/install/moveit_ros_benchmarks:/home/max/ws_moveit2/install/moveit_ros_warehouse:/home/max/ws_moveit2/install/moveit_ros_robot_interaction:/home/max/ws_moveit2/install/moveit_ros_perception:/home/max/ws_moveit2/install/moveit_resources_prbt_pg70_support:/home/max/ws_moveit2/install/moveit_resources_prbt_moveit_config:/home/max/ws_moveit2/install/moveit_ros_move_group:/home/max/ws_moveit2/install/moveit_planners_ompl:/home/max/ws_moveit2/install/moveit_resources_prbt_ikfast_manipulator_plugin:/home/max/ws_moveit2/install/moveit_planners_chomp:/home/max/ws_moveit2/install/moveit_kinematics:/home/max/ws_moveit2/install/moveit_chomp_optimizer_adapter:/home/max/ws_moveit2/install/chomp_motion_planner:/home/max/ws_moveit2/install/generate_parameter_library_example:/home/max/ws_moveit2/install/cmake_generate_parameter_module_example:/home/max/ws_moveit2/install/generate_parameter_library:/home/max/ws_moveit2/install/parameter_traits:/home/max/ws_moveit2/install/moveit_resources_prbt_support:/home/max/ws_moveit2/install/moveit_resources:/home/max/ws_moveit2/install/moveit_resources_fanuc_moveit_config:/home/max/ws_moveit2/install/moveit_resources_fanuc_description:/home/max/ws_moveit2/install/moveit_msgs:/home/max/ros2_ws/install/robot_arm_description:/home/max/ws_moveit2/install/generate_parameter_module_example:/home/max/ws_moveit2/install/moveit_configs_utils:/home/max/ws_moveit2/install/generate_parameter_library_py:/opt/ros/humble LD_LIBRARY_PATH=/home/max/ws_moveit2/install/moveit_ros_planning/lib:/home/max/ws_moveit2/install/moveit_ros_occupancy_map_monitor/lib:/home/max/ws_moveit2/install/moveit_core/lib:/home/max/ws_moveit2/install/srdfdom/lib:/home/max/ws_moveit2/install/pilz_industrial_motion_planner_testutils/lib:/home/max/ws_moveit2/install/pilz_industrial_motion_planner/lib:/home/max/ws_moveit2/install/moveit_ros_control_interface/lib:/home/max/ws_moveit2/install/moveit_simple_controller_manager/lib:/home/max/ws_moveit2/install/moveit_setup_assistant/lib:/home/max/ws_moveit2/install/moveit_setup_srdf_plugins/lib:/home/max/ws_moveit2/install/moveit_setup_core_plugins/lib:/home/max/ws_moveit2/install/moveit_setup_controllers/lib:/home/max/ws_moveit2/install/moveit_setup_app_plugins/lib:/home/max/ws_moveit2/install/moveit_setup_framework/lib:/home/max/ws_moveit2/install/moveit_servo/lib:/home/max/ws_moveit2/install/moveit_ros_visualization/lib:/home/max/ws_moveit2/install/moveit_hybrid_planning/lib:/home/max/ws_moveit2/install/moveit_ros_planning_interface/lib:/home/max/ws_moveit2/install/moveit_ros_benchmarks/lib:/home/max/ws_moveit2/install/moveit_ros_warehouse/lib:/home/max/ws_moveit2/install/moveit_ros_robot_interaction/lib:/home/max/ws_moveit2/install/moveit_ros_perception/lib:/home/max/ws_moveit2/install/moveit_ros_move_group/lib:/home/max/ws_moveit2/install/moveit_planners_ompl/lib:/home/max/ws_moveit2/install/moveit_resources_prbt_ikfast_manipulator_plugin/lib:/home/max/ws_moveit2/install/moveit_planners_chomp/lib:/home/max/ws_moveit2/install/moveit_kinematics/lib:/home/max/ws_moveit2/install/moveit_chomp_optimizer_adapter/lib:/home/max/ws_moveit2/install/chomp_motion_planner/lib:/home/max/ws_moveit2/install/generate_parameter_library_example/lib:/home/max/ws_moveit2/install/parameter_traits/lib:/home/max/ws_moveit2/install/moveit_msgs/lib:/usr/lib/x86_64-linux-gnu/gazebo-11/plugins:/opt/ros/humble/opt/rviz_ogre_vendor/lib:/opt/ros/humble/lib/x86_64-linux-gnu:/opt/ros/humble/lib PYTHONPATH=/home/max/ws_moveit2/install/srdfdom/local/lib/python3.10/dist-packages:${PYTHONPATH} /usr/bin/cmake --install /home/max/ws_moveit2/build/moveit_ros_warehouse
[30.243s] -- Install configuration: "Release"
[30.243s] -- Installing: /home/max/ws_moveit2/install/moveit_ros_warehouse/lib/moveit_ros_warehouse/moveit_save_to_warehouse
[30.244s] -- Set runtime path of "/home/max/ws_moveit2/install/moveit_ros_warehouse/lib/moveit_ros_warehouse/moveit_save_to_warehouse" to ""
[30.244s] -- Installing: /home/max/ws_moveit2/install/moveit_ros_warehouse/lib/moveit_ros_warehouse/moveit_warehouse_broadcast
[30.245s] -- Set runtime path of "/home/max/ws_moveit2/install/moveit_ros_warehouse/lib/moveit_ros_warehouse/moveit_warehouse_broadcast" to ""
[30.245s] -- Installing: /home/max/ws_moveit2/install/moveit_ros_warehouse/lib/moveit_ros_warehouse/moveit_warehouse_import_from_text
[30.245s] -- Set runtime path of "/home/max/ws_moveit2/install/moveit_ros_warehouse/lib/moveit_ros_warehouse/moveit_warehouse_import_from_text" to ""
[30.245s] -- Installing: /home/max/ws_moveit2/install/moveit_ros_warehouse/lib/moveit_ros_warehouse/moveit_warehouse_save_as_text
[30.246s] -- Set runtime path of "/home/max/ws_moveit2/install/moveit_ros_warehouse/lib/moveit_ros_warehouse/moveit_warehouse_save_as_text" to ""
[30.246s] -- Installing: /home/max/ws_moveit2/install/moveit_ros_warehouse/lib/moveit_ros_warehouse/moveit_init_demo_warehouse
[30.246s] -- Set runtime path of "/home/max/ws_moveit2/install/moveit_ros_warehouse/lib/moveit_ros_warehouse/moveit_init_demo_warehouse" to ""
[30.246s] -- Installing: /home/max/ws_moveit2/install/moveit_ros_warehouse/lib/moveit_ros_warehouse/moveit_warehouse_services
[30.247s] -- Set runtime path of "/home/max/ws_moveit2/install/moveit_ros_warehouse/lib/moveit_ros_warehouse/moveit_warehouse_services" to ""
[30.247s] -- Installing: /home/max/ws_moveit2/install/moveit_ros_warehouse/include
[30.247s] -- Installing: /home/max/ws_moveit2/install/moveit_ros_warehouse/include/moveit
[30.247s] -- Installing: /home/max/ws_moveit2/install/moveit_ros_warehouse/include/moveit/warehouse
[30.247s] -- Installing: /home/max/ws_moveit2/install/moveit_ros_warehouse/include/moveit/warehouse/trajectory_constraints_storage.h
[30.247s] -- Installing: /home/max/ws_moveit2/install/moveit_ros_warehouse/include/moveit/warehouse/state_storage.h
[30.247s] -- Installing: /home/max/ws_moveit2/install/moveit_ros_warehouse/include/moveit/warehouse/planning_scene_storage.h
[30.247s] -- Installing: /home/max/ws_moveit2/install/moveit_ros_warehouse/include/moveit/warehouse/warehouse_connector.h
[30.247s] -- Installing: /home/max/ws_moveit2/install/moveit_ros_warehouse/include/moveit/warehouse/moveit_message_storage.h
[30.247s] -- Installing: /home/max/ws_moveit2/install/moveit_ros_warehouse/include/moveit/warehouse/constraints_storage.h
[30.247s] -- Installing: /home/max/ws_moveit2/install/moveit_ros_warehouse/include/moveit/warehouse/planning_scene_world_storage.h
[30.247s] -- Installing: /home/max/ws_moveit2/install/moveit_ros_warehouse/include/moveit_warehouse_export.h
[30.247s] -- Installing: /home/max/ws_moveit2/install/moveit_ros_warehouse/lib/libmoveit_warehouse.so.2.5.5
[30.248s] -- Set runtime path of "/home/max/ws_moveit2/install/moveit_ros_warehouse/lib/libmoveit_warehouse.so.2.5.5" to ""
[30.248s] -- Installing: /home/max/ws_moveit2/install/moveit_ros_warehouse/lib/libmoveit_warehouse.so
[30.248s] -- Installing: /home/max/ws_moveit2/install/moveit_ros_warehouse/share/moveit_ros_warehouse/environment/library_path.sh
[30.249s] -- Installing: /home/max/ws_moveit2/install/moveit_ros_warehouse/share/moveit_ros_warehouse/environment/library_path.dsv
[30.249s] -- Installing: /home/max/ws_moveit2/install/moveit_ros_warehouse/share/ament_index/resource_index/package_run_dependencies/moveit_ros_warehouse
[30.249s] -- Installing: /home/max/ws_moveit2/install/moveit_ros_warehouse/share/ament_index/resource_index/parent_prefix_path/moveit_ros_warehouse
[30.249s] -- Installing: /home/max/ws_moveit2/install/moveit_ros_warehouse/share/moveit_ros_warehouse/environment/ament_prefix_path.sh
[30.249s] -- Installing: /home/max/ws_moveit2/install/moveit_ros_warehouse/share/moveit_ros_warehouse/environment/ament_prefix_path.dsv
[30.249s] -- Installing: /home/max/ws_moveit2/install/moveit_ros_warehouse/share/moveit_ros_warehouse/environment/path.sh
[30.249s] -- Installing: /home/max/ws_moveit2/install/moveit_ros_warehouse/share/moveit_ros_warehouse/environment/path.dsv
[30.249s] -- Installing: /home/max/ws_moveit2/install/moveit_ros_warehouse/share/moveit_ros_warehouse/local_setup.bash
[30.249s] -- Installing: /home/max/ws_moveit2/install/moveit_ros_warehouse/share/moveit_ros_warehouse/local_setup.sh
[30.249s] -- Installing: /home/max/ws_moveit2/install/moveit_ros_warehouse/share/moveit_ros_warehouse/local_setup.zsh
[30.250s] -- Installing: /home/max/ws_moveit2/install/moveit_ros_warehouse/share/moveit_ros_warehouse/local_setup.dsv
[30.250s] -- Installing: /home/max/ws_moveit2/install/moveit_ros_warehouse/share/moveit_ros_warehouse/package.dsv
[30.250s] -- Installing: /home/max/ws_moveit2/install/moveit_ros_warehouse/share/ament_index/resource_index/packages/moveit_ros_warehouse
[30.250s] -- Installing: /home/max/ws_moveit2/install/moveit_ros_warehouse/share/moveit_ros_warehouse/cmake/export_moveit_ros_warehouseExport.cmake
[30.250s] -- Installing: /home/max/ws_moveit2/install/moveit_ros_warehouse/share/moveit_ros_warehouse/cmake/export_moveit_ros_warehouseExport-release.cmake
[30.250s] -- Installing: /home/max/ws_moveit2/install/moveit_ros_warehouse/share/moveit_ros_warehouse/cmake/ConfigExtras.cmake
[30.250s] -- Installing: /home/max/ws_moveit2/install/moveit_ros_warehouse/share/moveit_ros_warehouse/cmake/ament_cmake_export_targets-extras.cmake
[30.250s] -- Installing: /home/max/ws_moveit2/install/moveit_ros_warehouse/share/moveit_ros_warehouse/cmake/ament_cmake_export_dependencies-extras.cmake
[30.250s] -- Installing: /home/max/ws_moveit2/install/moveit_ros_warehouse/share/moveit_ros_warehouse/cmake/moveit_ros_warehouseConfig.cmake
[30.250s] -- Installing: /home/max/ws_moveit2/install/moveit_ros_warehouse/share/moveit_ros_warehouse/cmake/moveit_ros_warehouseConfig-version.cmake
[30.250s] -- Installing: /home/max/ws_moveit2/install/moveit_ros_warehouse/share/moveit_ros_warehouse/package.xml
[30.253s] Invoked command in '/home/max/ws_moveit2/build/moveit_ros_warehouse' returned '0': AMENT_PREFIX_PATH=/home/max/ws_moveit2/install/srdfdom:${AMENT_PREFIX_PATH} CMAKE_PREFIX_PATH=/home/max/ws_moveit2/install/moveit_ros_planning:/home/max/ws_moveit2/install/moveit_ros_occupancy_map_monitor:/home/max/ws_moveit2/install/moveit_core:/home/max/ws_moveit2/install/moveit_resources_panda_moveit_config:/home/max/ws_moveit2/install/srdfdom:/home/max/ws_moveit2/install/moveit_resources_pr2_description:/home/max/ws_moveit2/install/moveit_resources_panda_description:/home/max/ws_moveit2/install/moveit_common:/home/max/ros2_ws/install/robot_arm_publisher:/home/max/ros2_ws/install/robot_arm_moveit_config:/home/max/ros2_ws/install/robot_arm:/home/max/ros2_ws/install/panda_joint_publisher:/home/max/ros2_ws/install/moveit_joint_publisher:/home/max/ws_moveit2/install/pilz_industrial_motion_planner_testutils:/home/max/ws_moveit2/install/moveit_runtime:/home/max/ws_moveit2/install/moveit:/home/max/ws_moveit2/install/moveit_planners:/home/max/ws_moveit2/install/pilz_industrial_motion_planner:/home/max/ws_moveit2/install/moveit_ros_control_interface:/home/max/ws_moveit2/install/moveit_plugins:/home/max/ws_moveit2/install/moveit_simple_controller_manager:/home/max/ws_moveit2/install/moveit_setup_assistant:/home/max/ws_moveit2/install/moveit_setup_srdf_plugins:/home/max/ws_moveit2/install/moveit_setup_core_plugins:/home/max/ws_moveit2/install/moveit_setup_controllers:/home/max/ws_moveit2/install/moveit_setup_app_plugins:/home/max/ws_moveit2/install/moveit_setup_framework:/home/max/ws_moveit2/install/moveit_servo:/home/max/ws_moveit2/install/moveit_ros:/home/max/ws_moveit2/install/moveit_ros_visualization:/home/max/ws_moveit2/install/moveit_hybrid_planning:/home/max/ws_moveit2/install/moveit_ros_planning_interface:/home/max/ws_moveit2/install/moveit_ros_benchmarks:/home/max/ws_moveit2/install/moveit_ros_warehouse:/home/max/ws_moveit2/install/moveit_ros_robot_interaction:/home/max/ws_moveit2/install/moveit_ros_perception:/home/max/ws_moveit2/install/moveit_resources_prbt_pg70_support:/home/max/ws_moveit2/install/moveit_resources_prbt_moveit_config:/home/max/ws_moveit2/install/moveit_ros_move_group:/home/max/ws_moveit2/install/moveit_planners_ompl:/home/max/ws_moveit2/install/moveit_resources_prbt_ikfast_manipulator_plugin:/home/max/ws_moveit2/install/moveit_planners_chomp:/home/max/ws_moveit2/install/moveit_kinematics:/home/max/ws_moveit2/install/moveit_chomp_optimizer_adapter:/home/max/ws_moveit2/install/chomp_motion_planner:/home/max/ws_moveit2/install/generate_parameter_library_example:/home/max/ws_moveit2/install/cmake_generate_parameter_module_example:/home/max/ws_moveit2/install/generate_parameter_library:/home/max/ws_moveit2/install/parameter_traits:/home/max/ws_moveit2/install/moveit_resources_prbt_support:/home/max/ws_moveit2/install/moveit_resources:/home/max/ws_moveit2/install/moveit_resources_fanuc_moveit_config:/home/max/ws_moveit2/install/moveit_resources_fanuc_description:/home/max/ws_moveit2/install/moveit_msgs:/home/max/ros2_ws/install/robot_arm_description:/home/max/ws_moveit2/install/generate_parameter_module_example:/home/max/ws_moveit2/install/moveit_configs_utils:/home/max/ws_moveit2/install/generate_parameter_library_py:/opt/ros/humble LD_LIBRARY_PATH=/home/max/ws_moveit2/install/moveit_ros_planning/lib:/home/max/ws_moveit2/install/moveit_ros_occupancy_map_monitor/lib:/home/max/ws_moveit2/install/moveit_core/lib:/home/max/ws_moveit2/install/srdfdom/lib:/home/max/ws_moveit2/install/pilz_industrial_motion_planner_testutils/lib:/home/max/ws_moveit2/install/pilz_industrial_motion_planner/lib:/home/max/ws_moveit2/install/moveit_ros_control_interface/lib:/home/max/ws_moveit2/install/moveit_simple_controller_manager/lib:/home/max/ws_moveit2/install/moveit_setup_assistant/lib:/home/max/ws_moveit2/install/moveit_setup_srdf_plugins/lib:/home/max/ws_moveit2/install/moveit_setup_core_plugins/lib:/home/max/ws_moveit2/install/moveit_setup_controllers/lib:/home/max/ws_moveit2/install/moveit_setup_app_plugins/lib:/home/max/ws_moveit2/install/moveit_setup_framework/lib:/home/max/ws_moveit2/install/moveit_servo/lib:/home/max/ws_moveit2/install/moveit_ros_visualization/lib:/home/max/ws_moveit2/install/moveit_hybrid_planning/lib:/home/max/ws_moveit2/install/moveit_ros_planning_interface/lib:/home/max/ws_moveit2/install/moveit_ros_benchmarks/lib:/home/max/ws_moveit2/install/moveit_ros_warehouse/lib:/home/max/ws_moveit2/install/moveit_ros_robot_interaction/lib:/home/max/ws_moveit2/install/moveit_ros_perception/lib:/home/max/ws_moveit2/install/moveit_ros_move_group/lib:/home/max/ws_moveit2/install/moveit_planners_ompl/lib:/home/max/ws_moveit2/install/moveit_resources_prbt_ikfast_manipulator_plugin/lib:/home/max/ws_moveit2/install/moveit_planners_chomp/lib:/home/max/ws_moveit2/install/moveit_kinematics/lib:/home/max/ws_moveit2/install/moveit_chomp_optimizer_adapter/lib:/home/max/ws_moveit2/install/chomp_motion_planner/lib:/home/max/ws_moveit2/install/generate_parameter_library_example/lib:/home/max/ws_moveit2/install/parameter_traits/lib:/home/max/ws_moveit2/install/moveit_msgs/lib:/usr/lib/x86_64-linux-gnu/gazebo-11/plugins:/opt/ros/humble/opt/rviz_ogre_vendor/lib:/opt/ros/humble/lib/x86_64-linux-gnu:/opt/ros/humble/lib PYTHONPATH=/home/max/ws_moveit2/install/srdfdom/local/lib/python3.10/dist-packages:${PYTHONPATH} /usr/bin/cmake --install /home/max/ws_moveit2/build/moveit_ros_warehouse
