[0.008s] Invoking command in '/home/max/ws_moveit2/build/moveit_common': CMAKE_PREFIX_PATH=${CMAKE_PREFIX_PATH}:/home/max/ros2_ws/install/robot_arm_description:/home/max/ws_moveit2/install/generate_parameter_module_example:/home/max/ws_moveit2/install/moveit_configs_utils:/home/max/ws_moveit2/install/generate_parameter_library_py:/opt/ros/humble /usr/bin/cmake /home/max/ws_moveit2/src/moveit2/moveit_common -DCMAKE_BUILD_TYPE=Release -DCMAKE_INSTALL_PREFIX=/home/max/ws_moveit2/install/moveit_common
[0.034s] -- Found ament_cmake: 1.3.10 (/opt/ros/humble/share/ament_cmake/cmake)
[0.154s] -- Found Python3: /usr/bin/python3 (found version "3.10.12") found components: Interpreter 
[0.213s] -- Found ament_lint_auto: 0.12.11 (/opt/ros/humble/share/ament_lint_auto/cmake)
[0.273s] -- Added test 'copyright' to check source files copyright and LICENSE
[0.275s] -- Added test 'lint_cmake' to check CMake code style
[0.276s] -- Added test 'xmllint' to check XML markup files
[0.278s] -- Configuring done
[0.279s] -- Generating done
[0.280s] -- Build files have been written to: /home/max/ws_moveit2/build/moveit_common
[0.282s] Invoked command in '/home/max/ws_moveit2/build/moveit_common' returned '0': CMAKE_PREFIX_PATH=${CMAKE_PREFIX_PATH}:/home/max/ros2_ws/install/robot_arm_description:/home/max/ws_moveit2/install/generate_parameter_module_example:/home/max/ws_moveit2/install/moveit_configs_utils:/home/max/ws_moveit2/install/generate_parameter_library_py:/opt/ros/humble /usr/bin/cmake /home/max/ws_moveit2/src/moveit2/moveit_common -DCMAKE_BUILD_TYPE=Release -DCMAKE_INSTALL_PREFIX=/home/max/ws_moveit2/install/moveit_common
[0.284s] Invoking command in '/home/max/ws_moveit2/build/moveit_common': CMAKE_PREFIX_PATH=${CMAKE_PREFIX_PATH}:/home/max/ros2_ws/install/robot_arm_description:/home/max/ws_moveit2/install/generate_parameter_module_example:/home/max/ws_moveit2/install/moveit_configs_utils:/home/max/ws_moveit2/install/generate_parameter_library_py:/opt/ros/humble /usr/bin/cmake --build /home/max/ws_moveit2/build/moveit_common -- -j16 -l16
[0.320s] Invoked command in '/home/max/ws_moveit2/build/moveit_common' returned '0': CMAKE_PREFIX_PATH=${CMAKE_PREFIX_PATH}:/home/max/ros2_ws/install/robot_arm_description:/home/max/ws_moveit2/install/generate_parameter_module_example:/home/max/ws_moveit2/install/moveit_configs_utils:/home/max/ws_moveit2/install/generate_parameter_library_py:/opt/ros/humble /usr/bin/cmake --build /home/max/ws_moveit2/build/moveit_common -- -j16 -l16
[0.361s] Invoking command in '/home/max/ws_moveit2/build/moveit_common': CMAKE_PREFIX_PATH=${CMAKE_PREFIX_PATH}:/home/max/ros2_ws/install/robot_arm_description:/home/max/ws_moveit2/install/generate_parameter_module_example:/home/max/ws_moveit2/install/moveit_configs_utils:/home/max/ws_moveit2/install/generate_parameter_library_py:/opt/ros/humble /usr/bin/cmake --install /home/max/ws_moveit2/build/moveit_common
[0.367s] -- Install configuration: "Release"
[0.367s] -- Installing: /home/max/ws_moveit2/install/moveit_common/share/ament_index/resource_index/package_run_dependencies/moveit_common
[0.367s] -- Installing: /home/max/ws_moveit2/install/moveit_common/share/ament_index/resource_index/parent_prefix_path/moveit_common
[0.367s] -- Installing: /home/max/ws_moveit2/install/moveit_common/share/moveit_common/environment/ament_prefix_path.sh
[0.368s] -- Installing: /home/max/ws_moveit2/install/moveit_common/share/moveit_common/environment/ament_prefix_path.dsv
[0.368s] -- Installing: /home/max/ws_moveit2/install/moveit_common/share/moveit_common/environment/path.sh
[0.368s] -- Installing: /home/max/ws_moveit2/install/moveit_common/share/moveit_common/environment/path.dsv
[0.368s] -- Installing: /home/max/ws_moveit2/install/moveit_common/share/moveit_common/local_setup.bash
[0.368s] -- Installing: /home/max/ws_moveit2/install/moveit_common/share/moveit_common/local_setup.sh
[0.368s] -- Installing: /home/max/ws_moveit2/install/moveit_common/share/moveit_common/local_setup.zsh
[0.368s] -- Installing: /home/max/ws_moveit2/install/moveit_common/share/moveit_common/local_setup.dsv
[0.368s] -- Installing: /home/max/ws_moveit2/install/moveit_common/share/moveit_common/package.dsv
[0.368s] -- Installing: /home/max/ws_moveit2/install/moveit_common/share/ament_index/resource_index/packages/moveit_common
[0.368s] -- Installing: /home/max/ws_moveit2/install/moveit_common/share/moveit_common/cmake/moveit_common-extras.cmake
[0.368s] -- Installing: /home/max/ws_moveit2/install/moveit_common/share/moveit_common/cmake/moveit_commonConfig.cmake
[0.369s] -- Installing: /home/max/ws_moveit2/install/moveit_common/share/moveit_common/cmake/moveit_commonConfig-version.cmake
[0.369s] -- Installing: /home/max/ws_moveit2/install/moveit_common/share/moveit_common/package.xml
[0.369s] -- Up-to-date: /home/max/ws_moveit2/install/moveit_common/share/moveit_common/cmake
[0.369s] -- Installing: /home/max/ws_moveit2/install/moveit_common/share/moveit_common/cmake/moveit_package.cmake
[0.370s] Invoked command in '/home/max/ws_moveit2/build/moveit_common' returned '0': CMAKE_PREFIX_PATH=${CMAKE_PREFIX_PATH}:/home/max/ros2_ws/install/robot_arm_description:/home/max/ws_moveit2/install/generate_parameter_module_example:/home/max/ws_moveit2/install/moveit_configs_utils:/home/max/ws_moveit2/install/generate_parameter_library_py:/opt/ros/humble /usr/bin/cmake --install /home/max/ws_moveit2/build/moveit_common
