/home/max/robot_ws/install/robot_description/lib/python3.10/site-packages/robot_description/__init__.py
/home/max/robot_ws/install/robot_description/lib/python3.10/site-packages/robot_description/__pycache__/__init__.cpython-310.pyc
/home/max/robot_ws/install/robot_description/share/ament_index/resource_index/packages/robot_description
/home/max/robot_ws/install/robot_description/share/robot_description/package.xml
/home/max/robot_ws/install/robot_description/share/robot_description/launch/display.launch.py
/home/max/robot_ws/install/robot_description/share/robot_description/launch/gazebo.launch.py
/home/max/robot_ws/install/robot_description/share/robot_description/urdf/robot.xacro
/home/max/robot_ws/install/robot_description/share/robot_description/urdf/materials.xacro
/home/max/robot_ws/install/robot_description/share/robot_description/urdf/robot.gazebo
/home/max/robot_ws/install/robot_description/share/robot_description/urdf/robot.trans
/home/max/robot_ws/install/robot_description/share/robot_description/meshes/plate_1.stl
/home/max/robot_ws/install/robot_description/share/robot_description/meshes/finger3_1.stl
/home/max/robot_ws/install/robot_description/share/robot_description/meshes/base_link.stl
/home/max/robot_ws/install/robot_description/share/robot_description/meshes/finger1_1.stl
/home/max/robot_ws/install/robot_description/share/robot_description/meshes/finger2_1.stl
/home/max/robot_ws/install/robot_description/share/robot_description/meshes/link1_1.stl
/home/max/robot_ws/install/robot_description/share/robot_description/meshes/link3_1.stl
/home/max/robot_ws/install/robot_description/share/robot_description/meshes/link2_1.stl
/home/max/robot_ws/install/robot_description/share/robot_description/meshes/link4_1.stl
/home/max/robot_ws/install/robot_description/share/robot_description/config/display.rviz
/home/max/robot_ws/install/robot_description/lib/python3.10/site-packages/robot_description-0.0.0-py3.10.egg-info/entry_points.txt
/home/max/robot_ws/install/robot_description/lib/python3.10/site-packages/robot_description-0.0.0-py3.10.egg-info/top_level.txt
/home/max/robot_ws/install/robot_description/lib/python3.10/site-packages/robot_description-0.0.0-py3.10.egg-info/requires.txt
/home/max/robot_ws/install/robot_description/lib/python3.10/site-packages/robot_description-0.0.0-py3.10.egg-info/zip-safe
/home/max/robot_ws/install/robot_description/lib/python3.10/site-packages/robot_description-0.0.0-py3.10.egg-info/dependency_links.txt
/home/max/robot_ws/install/robot_description/lib/python3.10/site-packages/robot_description-0.0.0-py3.10.egg-info/SOURCES.txt
/home/max/robot_ws/install/robot_description/lib/python3.10/site-packages/robot_description-0.0.0-py3.10.egg-info/PKG-INFO
