[0.066s] DEBUG:colcon:Command line arguments: ['/usr/bin/colcon', 'build']
[0.066s] DEBUG:colcon:Parsed command line arguments: Namespace(log_base=None, log_level=None, verb_name='build', build_base='build', install_base='install', merge_install=False, symlink_install=False, test_result_base=None, continue_on_error=False, executor='parallel', parallel_workers=16, event_handlers=None, ignore_user_meta=False, metas=['./colcon.meta'], base_paths=['.'], packages_ignore=None, packages_ignore_regex=None, paths=None, packages_up_to=None, packages_up_to_regex=None, packages_above=None, packages_above_and_dependencies=None, packages_above_depth=None, packages_select_by_dep=None, packages_skip_by_dep=None, packages_skip_up_to=None, packages_select_build_failed=False, packages_skip_build_finished=False, packages_select_test_failures=False, packages_skip_test_passed=False, packages_select=None, packages_skip=None, packages_select_regex=None, packages_skip_regex=None, packages_start=None, packages_end=None, allow_overriding=[], cmake_args=None, cmake_target=None, cmake_target_skip_unavailable=False, cmake_clean_cache=False, cmake_clean_first=False, cmake_force_configure=False, ament_cmake_args=None, catkin_cmake_args=None, catkin_skip_building_tests=False, mixin_files=None, mixin=None, verb_parser=<colcon_mixin.mixin.mixin_argument.MixinArgumentDecorator object at 0x73866fa2ff10>, verb_extension=<colcon_core.verb.build.BuildVerb object at 0x73866fa2fa60>, main=<bound method BuildVerb.main of <colcon_core.verb.build.BuildVerb object at 0x73866fa2fa60>>, mixin_verb=('build',))
[0.150s] Level 1:colcon.colcon_core.package_discovery:discover_packages(colcon_meta) check parameters
[0.150s] Level 1:colcon.colcon_core.package_discovery:discover_packages(recursive) check parameters
[0.150s] Level 1:colcon.colcon_core.package_discovery:discover_packages(ignore) check parameters
[0.150s] Level 1:colcon.colcon_core.package_discovery:discover_packages(path) check parameters
[0.150s] Level 1:colcon.colcon_core.package_discovery:discover_packages(colcon_meta) discover
[0.150s] Level 1:colcon.colcon_core.package_discovery:discover_packages(recursive) discover
[0.150s] INFO:colcon.colcon_core.package_discovery:Crawling recursively for packages in '/home/max/robot_ws'
[0.150s] Level 1:colcon.colcon_core.package_identification:_identify(.) by extensions ['ignore', 'ignore_ament_install']
[0.151s] Level 1:colcon.colcon_core.package_identification:_identify(.) by extension 'ignore'
[0.151s] Level 1:colcon.colcon_core.package_identification:_identify(.) by extension 'ignore_ament_install'
[0.151s] Level 1:colcon.colcon_core.package_identification:_identify(.) by extensions ['colcon_pkg']
[0.151s] Level 1:colcon.colcon_core.package_identification:_identify(.) by extension 'colcon_pkg'
[0.151s] Level 1:colcon.colcon_core.package_identification:_identify(.) by extensions ['colcon_meta']
[0.151s] Level 1:colcon.colcon_core.package_identification:_identify(.) by extension 'colcon_meta'
[0.151s] Level 1:colcon.colcon_core.package_identification:_identify(.) by extensions ['ros']
[0.151s] Level 1:colcon.colcon_core.package_identification:_identify(.) by extension 'ros'
[0.156s] Level 1:colcon.colcon_core.package_identification:_identify(.) by extensions ['cmake', 'python']
[0.156s] Level 1:colcon.colcon_core.package_identification:_identify(.) by extension 'cmake'
[0.156s] Level 1:colcon.colcon_core.package_identification:_identify(.) by extension 'python'
[0.156s] Level 1:colcon.colcon_core.package_identification:_identify(.) by extensions ['python_setup_py']
[0.156s] Level 1:colcon.colcon_core.package_identification:_identify(.) by extension 'python_setup_py'
[0.156s] Level 1:colcon.colcon_core.package_identification:_identify(build) by extensions ['ignore', 'ignore_ament_install']
[0.156s] Level 1:colcon.colcon_core.package_identification:_identify(build) by extension 'ignore'
[0.156s] Level 1:colcon.colcon_core.package_identification:_identify(build) ignored
[0.156s] Level 1:colcon.colcon_core.package_identification:_identify(install) by extensions ['ignore', 'ignore_ament_install']
[0.156s] Level 1:colcon.colcon_core.package_identification:_identify(install) by extension 'ignore'
[0.156s] Level 1:colcon.colcon_core.package_identification:_identify(install) ignored
[0.156s] Level 1:colcon.colcon_core.package_identification:_identify(log) by extensions ['ignore', 'ignore_ament_install']
[0.156s] Level 1:colcon.colcon_core.package_identification:_identify(log) by extension 'ignore'
[0.156s] Level 1:colcon.colcon_core.package_identification:_identify(log) ignored
[0.157s] Level 1:colcon.colcon_core.package_identification:_identify(src) by extensions ['ignore', 'ignore_ament_install']
[0.157s] Level 1:colcon.colcon_core.package_identification:_identify(src) by extension 'ignore'
[0.157s] Level 1:colcon.colcon_core.package_identification:_identify(src) by extension 'ignore_ament_install'
[0.157s] Level 1:colcon.colcon_core.package_identification:_identify(src) by extensions ['colcon_pkg']
[0.157s] Level 1:colcon.colcon_core.package_identification:_identify(src) by extension 'colcon_pkg'
[0.157s] Level 1:colcon.colcon_core.package_identification:_identify(src) by extensions ['colcon_meta']
[0.157s] Level 1:colcon.colcon_core.package_identification:_identify(src) by extension 'colcon_meta'
[0.157s] Level 1:colcon.colcon_core.package_identification:_identify(src) by extensions ['ros']
[0.157s] Level 1:colcon.colcon_core.package_identification:_identify(src) by extension 'ros'
[0.157s] Level 1:colcon.colcon_core.package_identification:_identify(src) by extensions ['cmake', 'python']
[0.157s] Level 1:colcon.colcon_core.package_identification:_identify(src) by extension 'cmake'
[0.157s] Level 1:colcon.colcon_core.package_identification:_identify(src) by extension 'python'
[0.157s] Level 1:colcon.colcon_core.package_identification:_identify(src) by extensions ['python_setup_py']
[0.157s] Level 1:colcon.colcon_core.package_identification:_identify(src) by extension 'python_setup_py'
[0.157s] Level 1:colcon.colcon_core.package_identification:_identify(src/robot_control) by extensions ['ignore', 'ignore_ament_install']
[0.157s] Level 1:colcon.colcon_core.package_identification:_identify(src/robot_control) by extension 'ignore'
[0.157s] Level 1:colcon.colcon_core.package_identification:_identify(src/robot_control) by extension 'ignore_ament_install'
[0.157s] Level 1:colcon.colcon_core.package_identification:_identify(src/robot_control) by extensions ['colcon_pkg']
[0.157s] Level 1:colcon.colcon_core.package_identification:_identify(src/robot_control) by extension 'colcon_pkg'
[0.157s] Level 1:colcon.colcon_core.package_identification:_identify(src/robot_control) by extensions ['colcon_meta']
[0.157s] Level 1:colcon.colcon_core.package_identification:_identify(src/robot_control) by extension 'colcon_meta'
[0.157s] Level 1:colcon.colcon_core.package_identification:_identify(src/robot_control) by extensions ['ros']
[0.157s] Level 1:colcon.colcon_core.package_identification:_identify(src/robot_control) by extension 'ros'
[0.159s] DEBUG:colcon.colcon_core.package_identification:Package 'src/robot_control' with type 'ros.ament_cmake' and name 'robot_control'
[0.159s] Level 1:colcon.colcon_core.package_identification:_identify(src/robot_description) by extensions ['ignore', 'ignore_ament_install']
[0.159s] Level 1:colcon.colcon_core.package_identification:_identify(src/robot_description) by extension 'ignore'
[0.159s] Level 1:colcon.colcon_core.package_identification:_identify(src/robot_description) by extension 'ignore_ament_install'
[0.159s] Level 1:colcon.colcon_core.package_identification:_identify(src/robot_description) by extensions ['colcon_pkg']
[0.159s] Level 1:colcon.colcon_core.package_identification:_identify(src/robot_description) by extension 'colcon_pkg'
[0.159s] Level 1:colcon.colcon_core.package_identification:_identify(src/robot_description) by extensions ['colcon_meta']
[0.159s] Level 1:colcon.colcon_core.package_identification:_identify(src/robot_description) by extension 'colcon_meta'
[0.159s] Level 1:colcon.colcon_core.package_identification:_identify(src/robot_description) by extensions ['ros']
[0.159s] Level 1:colcon.colcon_core.package_identification:_identify(src/robot_description) by extension 'ros'
[0.159s] DEBUG:colcon.colcon_core.package_identification:Package 'src/robot_description' with type 'ros.ament_python' and name 'robot_description'
[0.159s] Level 1:colcon.colcon_core.package_identification:_identify(src/robot_moveit_config) by extensions ['ignore', 'ignore_ament_install']
[0.159s] Level 1:colcon.colcon_core.package_identification:_identify(src/robot_moveit_config) by extension 'ignore'
[0.159s] Level 1:colcon.colcon_core.package_identification:_identify(src/robot_moveit_config) by extension 'ignore_ament_install'
[0.159s] Level 1:colcon.colcon_core.package_identification:_identify(src/robot_moveit_config) by extensions ['colcon_pkg']
[0.159s] Level 1:colcon.colcon_core.package_identification:_identify(src/robot_moveit_config) by extension 'colcon_pkg'
[0.159s] Level 1:colcon.colcon_core.package_identification:_identify(src/robot_moveit_config) by extensions ['colcon_meta']
[0.159s] Level 1:colcon.colcon_core.package_identification:_identify(src/robot_moveit_config) by extension 'colcon_meta'
[0.159s] Level 1:colcon.colcon_core.package_identification:_identify(src/robot_moveit_config) by extensions ['ros']
[0.159s] Level 1:colcon.colcon_core.package_identification:_identify(src/robot_moveit_config) by extension 'ros'
[0.160s] DEBUG:colcon.colcon_core.package_identification:Package 'src/robot_moveit_config' with type 'ros.ament_cmake' and name 'robot_moveit_config'
[0.160s] Level 1:colcon.colcon_core.package_discovery:discover_packages(recursive) using defaults
[0.160s] Level 1:colcon.colcon_core.package_discovery:discover_packages(ignore) discover
[0.160s] Level 1:colcon.colcon_core.package_discovery:discover_packages(ignore) using defaults
[0.160s] Level 1:colcon.colcon_core.package_discovery:discover_packages(path) discover
[0.160s] Level 1:colcon.colcon_core.package_discovery:discover_packages(path) using defaults
[0.170s] Level 1:colcon.colcon_core.package_discovery:discover_packages(prefix_path) check parameters
[0.170s] Level 1:colcon.colcon_core.package_discovery:discover_packages(prefix_path) discover
[0.171s] WARNING:colcon.colcon_core.prefix_path.colcon:The path '/home/max/ros2_ws/install' in the environment variable COLCON_PREFIX_PATH doesn't exist
[0.172s] WARNING:colcon.colcon_ros.prefix_path.ament:The path '/home/max/ros2_ws/install/robot_arm_publisher' in the environment variable AMENT_PREFIX_PATH doesn't exist
[0.172s] WARNING:colcon.colcon_ros.prefix_path.ament:The path '/home/max/ros2_ws/install/robot_arm_moveit_config' in the environment variable AMENT_PREFIX_PATH doesn't exist
[0.172s] WARNING:colcon.colcon_ros.prefix_path.ament:The path '/home/max/ros2_ws/install/robot_arm_description' in the environment variable AMENT_PREFIX_PATH doesn't exist
[0.172s] WARNING:colcon.colcon_ros.prefix_path.ament:The path '/home/max/ros2_ws/install/robot_arm' in the environment variable AMENT_PREFIX_PATH doesn't exist
[0.172s] WARNING:colcon.colcon_ros.prefix_path.ament:The path '/home/max/ros2_ws/install/panda_joint_publisher' in the environment variable AMENT_PREFIX_PATH doesn't exist
[0.172s] WARNING:colcon.colcon_ros.prefix_path.ament:The path '/home/max/ros2_ws/install/moveit_joint_publisher' in the environment variable AMENT_PREFIX_PATH doesn't exist
[0.172s] WARNING:colcon.colcon_ros.prefix_path.catkin:The path '/home/max/ros2_ws/install/robot_arm_publisher' in the environment variable CMAKE_PREFIX_PATH doesn't exist
[0.172s] WARNING:colcon.colcon_ros.prefix_path.catkin:The path '/home/max/ros2_ws/install/robot_arm_moveit_config' in the environment variable CMAKE_PREFIX_PATH doesn't exist
[0.172s] WARNING:colcon.colcon_ros.prefix_path.catkin:The path '/home/max/ros2_ws/install/robot_arm' in the environment variable CMAKE_PREFIX_PATH doesn't exist
[0.172s] WARNING:colcon.colcon_ros.prefix_path.catkin:The path '/home/max/ros2_ws/install/panda_joint_publisher' in the environment variable CMAKE_PREFIX_PATH doesn't exist
[0.172s] WARNING:colcon.colcon_ros.prefix_path.catkin:The path '/home/max/ros2_ws/install/moveit_joint_publisher' in the environment variable CMAKE_PREFIX_PATH doesn't exist
[0.174s] DEBUG:colcon.colcon_installed_package_information.package_discovery:Found 55 installed packages in /home/max/ws_moveit2/install
[0.175s] DEBUG:colcon.colcon_installed_package_information.package_discovery:Found 323 installed packages in /opt/ros/humble
[0.175s] Level 1:colcon.colcon_core.package_discovery:discover_packages(prefix_path) using defaults
[0.227s] Level 5:colcon.colcon_core.verb:set package 'robot_control' build argument 'cmake_args' from command line to 'None'
[0.227s] Level 5:colcon.colcon_core.verb:set package 'robot_control' build argument 'cmake_target' from command line to 'None'
[0.228s] Level 5:colcon.colcon_core.verb:set package 'robot_control' build argument 'cmake_target_skip_unavailable' from command line to 'False'
[0.228s] Level 5:colcon.colcon_core.verb:set package 'robot_control' build argument 'cmake_clean_cache' from command line to 'False'
[0.228s] Level 5:colcon.colcon_core.verb:set package 'robot_control' build argument 'cmake_clean_first' from command line to 'False'
[0.228s] Level 5:colcon.colcon_core.verb:set package 'robot_control' build argument 'cmake_force_configure' from command line to 'False'
[0.228s] Level 5:colcon.colcon_core.verb:set package 'robot_control' build argument 'ament_cmake_args' from command line to 'None'
[0.228s] Level 5:colcon.colcon_core.verb:set package 'robot_control' build argument 'catkin_cmake_args' from command line to 'None'
[0.228s] Level 5:colcon.colcon_core.verb:set package 'robot_control' build argument 'catkin_skip_building_tests' from command line to 'False'
[0.228s] DEBUG:colcon.colcon_core.verb:Building package 'robot_control' with the following arguments: {'ament_cmake_args': None, 'build_base': '/home/max/robot_ws/build/robot_control', 'catkin_cmake_args': None, 'catkin_skip_building_tests': False, 'cmake_args': None, 'cmake_clean_cache': False, 'cmake_clean_first': False, 'cmake_force_configure': False, 'cmake_target': None, 'cmake_target_skip_unavailable': False, 'install_base': '/home/max/robot_ws/install/robot_control', 'merge_install': False, 'path': '/home/max/robot_ws/src/robot_control', 'symlink_install': False, 'test_result_base': None}
[0.228s] Level 5:colcon.colcon_core.verb:set package 'robot_description' build argument 'cmake_args' from command line to 'None'
[0.228s] Level 5:colcon.colcon_core.verb:set package 'robot_description' build argument 'cmake_target' from command line to 'None'
[0.228s] Level 5:colcon.colcon_core.verb:set package 'robot_description' build argument 'cmake_target_skip_unavailable' from command line to 'False'
[0.228s] Level 5:colcon.colcon_core.verb:set package 'robot_description' build argument 'cmake_clean_cache' from command line to 'False'
[0.228s] Level 5:colcon.colcon_core.verb:set package 'robot_description' build argument 'cmake_clean_first' from command line to 'False'
[0.228s] Level 5:colcon.colcon_core.verb:set package 'robot_description' build argument 'cmake_force_configure' from command line to 'False'
[0.228s] Level 5:colcon.colcon_core.verb:set package 'robot_description' build argument 'ament_cmake_args' from command line to 'None'
[0.228s] Level 5:colcon.colcon_core.verb:set package 'robot_description' build argument 'catkin_cmake_args' from command line to 'None'
[0.228s] Level 5:colcon.colcon_core.verb:set package 'robot_description' build argument 'catkin_skip_building_tests' from command line to 'False'
[0.228s] DEBUG:colcon.colcon_core.verb:Building package 'robot_description' with the following arguments: {'ament_cmake_args': None, 'build_base': '/home/max/robot_ws/build/robot_description', 'catkin_cmake_args': None, 'catkin_skip_building_tests': False, 'cmake_args': None, 'cmake_clean_cache': False, 'cmake_clean_first': False, 'cmake_force_configure': False, 'cmake_target': None, 'cmake_target_skip_unavailable': False, 'install_base': '/home/max/robot_ws/install/robot_description', 'merge_install': False, 'path': '/home/max/robot_ws/src/robot_description', 'symlink_install': False, 'test_result_base': None}
[0.228s] Level 5:colcon.colcon_core.verb:set package 'robot_moveit_config' build argument 'cmake_args' from command line to 'None'
[0.228s] Level 5:colcon.colcon_core.verb:set package 'robot_moveit_config' build argument 'cmake_target' from command line to 'None'
[0.228s] Level 5:colcon.colcon_core.verb:set package 'robot_moveit_config' build argument 'cmake_target_skip_unavailable' from command line to 'False'
[0.228s] Level 5:colcon.colcon_core.verb:set package 'robot_moveit_config' build argument 'cmake_clean_cache' from command line to 'False'
[0.228s] Level 5:colcon.colcon_core.verb:set package 'robot_moveit_config' build argument 'cmake_clean_first' from command line to 'False'
[0.228s] Level 5:colcon.colcon_core.verb:set package 'robot_moveit_config' build argument 'cmake_force_configure' from command line to 'False'
[0.228s] Level 5:colcon.colcon_core.verb:set package 'robot_moveit_config' build argument 'ament_cmake_args' from command line to 'None'
[0.228s] Level 5:colcon.colcon_core.verb:set package 'robot_moveit_config' build argument 'catkin_cmake_args' from command line to 'None'
[0.228s] Level 5:colcon.colcon_core.verb:set package 'robot_moveit_config' build argument 'catkin_skip_building_tests' from command line to 'False'
[0.228s] DEBUG:colcon.colcon_core.verb:Building package 'robot_moveit_config' with the following arguments: {'ament_cmake_args': None, 'build_base': '/home/max/robot_ws/build/robot_moveit_config', 'catkin_cmake_args': None, 'catkin_skip_building_tests': False, 'cmake_args': None, 'cmake_clean_cache': False, 'cmake_clean_first': False, 'cmake_force_configure': False, 'cmake_target': None, 'cmake_target_skip_unavailable': False, 'install_base': '/home/max/robot_ws/install/robot_moveit_config', 'merge_install': False, 'path': '/home/max/robot_ws/src/robot_moveit_config', 'symlink_install': False, 'test_result_base': None}
[0.228s] INFO:colcon.colcon_core.executor:Executing jobs using 'parallel' executor
[0.229s] DEBUG:colcon.colcon_parallel_executor.executor.parallel:run_until_complete
[0.230s] INFO:colcon.colcon_ros.task.ament_python.build:Building ROS package in '/home/max/robot_ws/src/robot_description' with build type 'ament_python'
[0.230s] Level 1:colcon.colcon_core.shell:create_environment_hook('robot_description', 'ament_prefix_path')
[0.231s] INFO:colcon.colcon_core.plugin_system:Skipping extension 'colcon_core.shell.bat': Not used on non-Windows systems
[0.231s] INFO:colcon.colcon_core.shell:Creating environment hook '/home/max/robot_ws/install/robot_description/share/robot_description/hook/ament_prefix_path.ps1'
[0.232s] INFO:colcon.colcon_core.shell:Creating environment descriptor '/home/max/robot_ws/install/robot_description/share/robot_description/hook/ament_prefix_path.dsv'
[0.232s] INFO:colcon.colcon_core.shell:Creating environment hook '/home/max/robot_ws/install/robot_description/share/robot_description/hook/ament_prefix_path.sh'
[0.232s] INFO:colcon.colcon_core.shell:Skip shell extension 'powershell' for command environment: Not usable outside of PowerShell
[0.232s] DEBUG:colcon.colcon_core.shell:Skip shell extension 'dsv' for command environment
[0.237s] INFO:colcon.colcon_ros.task.ament_cmake.build:Building ROS package in '/home/max/robot_ws/src/robot_control' with build type 'ament_cmake'
[0.237s] INFO:colcon.colcon_cmake.task.cmake.build:Building CMake package in '/home/max/robot_ws/src/robot_control'
[0.237s] INFO:colcon.colcon_core.shell:Skip shell extension 'powershell' for command environment: Not usable outside of PowerShell
[0.237s] DEBUG:colcon.colcon_core.shell:Skip shell extension 'dsv' for command environment
[0.402s] INFO:colcon.colcon_core.task.python.build:Building Python package in '/home/max/robot_ws/src/robot_description'
[0.402s] INFO:colcon.colcon_core.shell:Skip shell extension 'powershell' for command environment: Not usable outside of PowerShell
[0.402s] DEBUG:colcon.colcon_core.shell:Skip shell extension 'dsv' for command environment
[0.409s] DEBUG:colcon.colcon_core.event_handler.log_command:Invoking command in '/home/max/robot_ws/build/robot_control': CMAKE_PREFIX_PATH=${CMAKE_PREFIX_PATH}:/home/max/ws_moveit2/install/moveit_configs_utils:/home/max/ws_moveit2/install/launch_param_builder:/home/max/ros2_ws/install/robot_arm_description:/opt/ros/humble /usr/bin/cmake /home/max/robot_ws/src/robot_control -DCMAKE_INSTALL_PREFIX=/home/max/robot_ws/install/robot_control
[0.696s] DEBUG:colcon.colcon_core.event_handler.log_command:Invoking command in '/home/max/robot_ws/src/robot_description': PYTHONPATH=/home/max/robot_ws/build/robot_description/prefix_override:/usr/lib/python3/dist-packages/colcon_core/task/python/colcon_distutils_commands:/home/max/robot_ws/install/robot_description/lib/python3.10/site-packages:${PYTHONPATH} /usr/bin/python3 -W ignore:setup.py install is deprecated setup.py egg_info --egg-base ../../build/robot_description build --build-base /home/max/robot_ws/build/robot_description/build install --record /home/max/robot_ws/build/robot_description/install.log --install-scripts $base/lib/robot_description --single-version-externally-managed install_data
[0.948s] DEBUG:colcon.colcon_core.event_handler.log_command:Invoked command in '/home/max/robot_ws/src/robot_description' returned '0': PYTHONPATH=/home/max/robot_ws/build/robot_description/prefix_override:/usr/lib/python3/dist-packages/colcon_core/task/python/colcon_distutils_commands:/home/max/robot_ws/install/robot_description/lib/python3.10/site-packages:${PYTHONPATH} /usr/bin/python3 -W ignore:setup.py install is deprecated setup.py egg_info --egg-base ../../build/robot_description build --build-base /home/max/robot_ws/build/robot_description/build install --record /home/max/robot_ws/build/robot_description/install.log --install-scripts $base/lib/robot_description --single-version-externally-managed install_data
[0.950s] Level 1:colcon.colcon_core.environment:checking '/home/max/robot_ws/install/robot_description' for CMake module files
[0.950s] Level 1:colcon.colcon_core.environment:checking '/home/max/robot_ws/install/robot_description' for CMake config files
[0.951s] Level 1:colcon.colcon_core.environment:checking '/home/max/robot_ws/install/robot_description/lib'
[0.951s] Level 1:colcon.colcon_core.environment:checking '/home/max/robot_ws/install/robot_description/bin'
[0.951s] Level 1:colcon.colcon_core.environment:checking '/home/max/robot_ws/install/robot_description/lib/pkgconfig/robot_description.pc'
[0.951s] Level 1:colcon.colcon_core.environment:checking '/home/max/robot_ws/install/robot_description/lib/python3.10/site-packages'
[0.951s] Level 1:colcon.colcon_core.shell:create_environment_hook('robot_description', 'pythonpath')
[0.951s] INFO:colcon.colcon_core.shell:Creating environment hook '/home/max/robot_ws/install/robot_description/share/robot_description/hook/pythonpath.ps1'
[0.952s] INFO:colcon.colcon_core.shell:Creating environment descriptor '/home/max/robot_ws/install/robot_description/share/robot_description/hook/pythonpath.dsv'
[0.952s] INFO:colcon.colcon_core.shell:Creating environment hook '/home/max/robot_ws/install/robot_description/share/robot_description/hook/pythonpath.sh'
[0.952s] Level 1:colcon.colcon_core.environment:checking '/home/max/robot_ws/install/robot_description/bin'
[0.952s] Level 1:colcon.colcon_core.environment:create_environment_scripts_only(robot_description)
[0.952s] INFO:colcon.colcon_core.shell:Creating package script '/home/max/robot_ws/install/robot_description/share/robot_description/package.ps1'
[0.953s] INFO:colcon.colcon_core.shell:Creating package descriptor '/home/max/robot_ws/install/robot_description/share/robot_description/package.dsv'
[0.953s] INFO:colcon.colcon_core.shell:Creating package script '/home/max/robot_ws/install/robot_description/share/robot_description/package.sh'
[0.954s] INFO:colcon.colcon_core.shell:Creating package script '/home/max/robot_ws/install/robot_description/share/robot_description/package.bash'
[0.954s] INFO:colcon.colcon_core.shell:Creating package script '/home/max/robot_ws/install/robot_description/share/robot_description/package.zsh'
[0.954s] Level 1:colcon.colcon_core.environment:create_file_with_runtime_dependencies(/home/max/robot_ws/install/robot_description/share/colcon-core/packages/robot_description)
[0.955s] INFO:colcon.colcon_ros.task.ament_cmake.build:Building ROS package in '/home/max/robot_ws/src/robot_moveit_config' with build type 'ament_cmake'
[0.955s] INFO:colcon.colcon_cmake.task.cmake.build:Building CMake package in '/home/max/robot_ws/src/robot_moveit_config'
[0.955s] INFO:colcon.colcon_core.shell:Skip shell extension 'powershell' for command environment: Not usable outside of PowerShell
[0.955s] DEBUG:colcon.colcon_core.shell:Skip shell extension 'dsv' for command environment
[0.968s] DEBUG:colcon.colcon_core.event_handler.log_command:Invoking command in '/home/max/robot_ws/build/robot_moveit_config': AMENT_PREFIX_PATH=/home/max/robot_ws/install/robot_description:${AMENT_PREFIX_PATH} CMAKE_PREFIX_PATH=${CMAKE_PREFIX_PATH}:/home/max/ws_moveit2/install/moveit_configs_utils:/home/max/ws_moveit2/install/launch_param_builder:/home/max/ros2_ws/install/robot_arm_description:/opt/ros/humble PYTHONPATH=/home/max/robot_ws/install/robot_description/lib/python3.10/site-packages:${PYTHONPATH} /usr/bin/cmake /home/max/robot_ws/src/robot_moveit_config -DCMAKE_INSTALL_PREFIX=/home/max/robot_ws/install/robot_moveit_config
[1.568s] DEBUG:colcon.colcon_core.event_handler.log_command:Invoked command in '/home/max/robot_ws/build/robot_moveit_config' returned '0': AMENT_PREFIX_PATH=/home/max/robot_ws/install/robot_description:${AMENT_PREFIX_PATH} CMAKE_PREFIX_PATH=${CMAKE_PREFIX_PATH}:/home/max/ws_moveit2/install/moveit_configs_utils:/home/max/ws_moveit2/install/launch_param_builder:/home/max/ros2_ws/install/robot_arm_description:/opt/ros/humble PYTHONPATH=/home/max/robot_ws/install/robot_description/lib/python3.10/site-packages:${PYTHONPATH} /usr/bin/cmake /home/max/robot_ws/src/robot_moveit_config -DCMAKE_INSTALL_PREFIX=/home/max/robot_ws/install/robot_moveit_config
[1.570s] DEBUG:colcon.colcon_core.event_handler.log_command:Invoking command in '/home/max/robot_ws/build/robot_moveit_config': AMENT_PREFIX_PATH=/home/max/robot_ws/install/robot_description:${AMENT_PREFIX_PATH} CMAKE_PREFIX_PATH=${CMAKE_PREFIX_PATH}:/home/max/ws_moveit2/install/moveit_configs_utils:/home/max/ws_moveit2/install/launch_param_builder:/home/max/ros2_ws/install/robot_arm_description:/opt/ros/humble PYTHONPATH=/home/max/robot_ws/install/robot_description/lib/python3.10/site-packages:${PYTHONPATH} /usr/bin/cmake --build /home/max/robot_ws/build/robot_moveit_config -- -j16 -l16
[1.616s] DEBUG:colcon.colcon_core.event_handler.log_command:Invoked command in '/home/max/robot_ws/build/robot_moveit_config' returned '0': AMENT_PREFIX_PATH=/home/max/robot_ws/install/robot_description:${AMENT_PREFIX_PATH} CMAKE_PREFIX_PATH=${CMAKE_PREFIX_PATH}:/home/max/ws_moveit2/install/moveit_configs_utils:/home/max/ws_moveit2/install/launch_param_builder:/home/max/ros2_ws/install/robot_arm_description:/opt/ros/humble PYTHONPATH=/home/max/robot_ws/install/robot_description/lib/python3.10/site-packages:${PYTHONPATH} /usr/bin/cmake --build /home/max/robot_ws/build/robot_moveit_config -- -j16 -l16
[1.671s] DEBUG:colcon.colcon_core.event_handler.log_command:Invoking command in '/home/max/robot_ws/build/robot_moveit_config': AMENT_PREFIX_PATH=/home/max/robot_ws/install/robot_description:${AMENT_PREFIX_PATH} CMAKE_PREFIX_PATH=${CMAKE_PREFIX_PATH}:/home/max/ws_moveit2/install/moveit_configs_utils:/home/max/ws_moveit2/install/launch_param_builder:/home/max/ros2_ws/install/robot_arm_description:/opt/ros/humble PYTHONPATH=/home/max/robot_ws/install/robot_description/lib/python3.10/site-packages:${PYTHONPATH} /usr/bin/cmake --install /home/max/robot_ws/build/robot_moveit_config
[1.694s] Level 1:colcon.colcon_core.environment:create_environment_scripts_only(robot_moveit_config)
[1.695s] Level 1:colcon.colcon_core.environment:checking '/home/max/robot_ws/install/robot_moveit_config' for CMake module files
[1.695s] DEBUG:colcon.colcon_core.event_handler.log_command:Invoked command in '/home/max/robot_ws/build/robot_moveit_config' returned '0': AMENT_PREFIX_PATH=/home/max/robot_ws/install/robot_description:${AMENT_PREFIX_PATH} CMAKE_PREFIX_PATH=${CMAKE_PREFIX_PATH}:/home/max/ws_moveit2/install/moveit_configs_utils:/home/max/ws_moveit2/install/launch_param_builder:/home/max/ros2_ws/install/robot_arm_description:/opt/ros/humble PYTHONPATH=/home/max/robot_ws/install/robot_description/lib/python3.10/site-packages:${PYTHONPATH} /usr/bin/cmake --install /home/max/robot_ws/build/robot_moveit_config
[1.695s] Level 1:colcon.colcon_core.environment:checking '/home/max/robot_ws/install/robot_moveit_config' for CMake config files
[1.696s] Level 1:colcon.colcon_core.shell:create_environment_hook('robot_moveit_config', 'cmake_prefix_path')
[1.696s] INFO:colcon.colcon_core.shell:Creating environment hook '/home/max/robot_ws/install/robot_moveit_config/share/robot_moveit_config/hook/cmake_prefix_path.ps1'
[1.696s] INFO:colcon.colcon_core.shell:Creating environment descriptor '/home/max/robot_ws/install/robot_moveit_config/share/robot_moveit_config/hook/cmake_prefix_path.dsv'
[1.696s] INFO:colcon.colcon_core.shell:Creating environment hook '/home/max/robot_ws/install/robot_moveit_config/share/robot_moveit_config/hook/cmake_prefix_path.sh'
[1.696s] Level 1:colcon.colcon_core.environment:checking '/home/max/robot_ws/install/robot_moveit_config/bin'
[1.696s] Level 1:colcon.colcon_core.environment:checking '/home/max/robot_ws/install/robot_moveit_config/lib/pkgconfig/robot_moveit_config.pc'
[1.696s] Level 1:colcon.colcon_core.environment:checking '/home/max/robot_ws/install/robot_moveit_config/lib/python3.10/site-packages'
[1.697s] Level 1:colcon.colcon_core.environment:checking '/home/max/robot_ws/install/robot_moveit_config/bin'
[1.697s] INFO:colcon.colcon_core.shell:Creating package script '/home/max/robot_ws/install/robot_moveit_config/share/robot_moveit_config/package.ps1'
[1.697s] INFO:colcon.colcon_core.shell:Creating package descriptor '/home/max/robot_ws/install/robot_moveit_config/share/robot_moveit_config/package.dsv'
[1.697s] INFO:colcon.colcon_core.shell:Creating package script '/home/max/robot_ws/install/robot_moveit_config/share/robot_moveit_config/package.sh'
[1.697s] INFO:colcon.colcon_core.shell:Creating package script '/home/max/robot_ws/install/robot_moveit_config/share/robot_moveit_config/package.bash'
[1.697s] INFO:colcon.colcon_core.shell:Creating package script '/home/max/robot_ws/install/robot_moveit_config/share/robot_moveit_config/package.zsh'
[1.698s] Level 1:colcon.colcon_core.environment:create_file_with_runtime_dependencies(/home/max/robot_ws/install/robot_moveit_config/share/colcon-core/packages/robot_moveit_config)
[1.738s] Level 1:colcon.colcon_core.environment:create_environment_scripts_only(robot_moveit_config)
[1.738s] Level 1:colcon.colcon_core.environment:checking '/home/max/robot_ws/install/robot_moveit_config' for CMake module files
[1.738s] Level 1:colcon.colcon_core.environment:checking '/home/max/robot_ws/install/robot_moveit_config' for CMake config files
[1.738s] Level 1:colcon.colcon_core.shell:create_environment_hook('robot_moveit_config', 'cmake_prefix_path')
[1.739s] INFO:colcon.colcon_core.shell:Creating environment hook '/home/max/robot_ws/install/robot_moveit_config/share/robot_moveit_config/hook/cmake_prefix_path.ps1'
[1.739s] INFO:colcon.colcon_core.shell:Creating environment descriptor '/home/max/robot_ws/install/robot_moveit_config/share/robot_moveit_config/hook/cmake_prefix_path.dsv'
[1.739s] INFO:colcon.colcon_core.shell:Creating environment hook '/home/max/robot_ws/install/robot_moveit_config/share/robot_moveit_config/hook/cmake_prefix_path.sh'
[1.739s] Level 1:colcon.colcon_core.environment:checking '/home/max/robot_ws/install/robot_moveit_config/bin'
[1.739s] Level 1:colcon.colcon_core.environment:checking '/home/max/robot_ws/install/robot_moveit_config/lib/pkgconfig/robot_moveit_config.pc'
[1.739s] Level 1:colcon.colcon_core.environment:checking '/home/max/robot_ws/install/robot_moveit_config/lib/python3.10/site-packages'
[1.740s] Level 1:colcon.colcon_core.environment:checking '/home/max/robot_ws/install/robot_moveit_config/bin'
[1.740s] INFO:colcon.colcon_core.shell:Creating package script '/home/max/robot_ws/install/robot_moveit_config/share/robot_moveit_config/package.ps1'
[1.740s] INFO:colcon.colcon_core.shell:Creating package descriptor '/home/max/robot_ws/install/robot_moveit_config/share/robot_moveit_config/package.dsv'
[1.740s] INFO:colcon.colcon_core.shell:Creating package script '/home/max/robot_ws/install/robot_moveit_config/share/robot_moveit_config/package.sh'
[1.740s] INFO:colcon.colcon_core.shell:Creating package script '/home/max/robot_ws/install/robot_moveit_config/share/robot_moveit_config/package.bash'
[1.741s] INFO:colcon.colcon_core.shell:Creating package script '/home/max/robot_ws/install/robot_moveit_config/share/robot_moveit_config/package.zsh'
[1.741s] Level 1:colcon.colcon_core.environment:create_file_with_runtime_dependencies(/home/max/robot_ws/install/robot_moveit_config/share/colcon-core/packages/robot_moveit_config)
[3.388s] DEBUG:colcon.colcon_core.event_handler.log_command:Invoked command in '/home/max/robot_ws/build/robot_control' returned '0': CMAKE_PREFIX_PATH=${CMAKE_PREFIX_PATH}:/home/max/ws_moveit2/install/moveit_configs_utils:/home/max/ws_moveit2/install/launch_param_builder:/home/max/ros2_ws/install/robot_arm_description:/opt/ros/humble /usr/bin/cmake /home/max/robot_ws/src/robot_control -DCMAKE_INSTALL_PREFIX=/home/max/robot_ws/install/robot_control
[3.389s] DEBUG:colcon.colcon_core.event_handler.log_command:Invoking command in '/home/max/robot_ws/build/robot_control': CMAKE_PREFIX_PATH=${CMAKE_PREFIX_PATH}:/home/max/ws_moveit2/install/moveit_configs_utils:/home/max/ws_moveit2/install/launch_param_builder:/home/max/ros2_ws/install/robot_arm_description:/opt/ros/humble /usr/bin/cmake --build /home/max/robot_ws/build/robot_control -- -j16 -l16
[12.627s] DEBUG:colcon.colcon_core.event_handler.log_command:Invoked command in '/home/max/robot_ws/build/robot_control' returned '0': CMAKE_PREFIX_PATH=${CMAKE_PREFIX_PATH}:/home/max/ws_moveit2/install/moveit_configs_utils:/home/max/ws_moveit2/install/launch_param_builder:/home/max/ros2_ws/install/robot_arm_description:/opt/ros/humble /usr/bin/cmake --build /home/max/robot_ws/build/robot_control -- -j16 -l16
[12.706s] DEBUG:colcon.colcon_core.event_handler.log_command:Invoking command in '/home/max/robot_ws/build/robot_control': CMAKE_PREFIX_PATH=${CMAKE_PREFIX_PATH}:/home/max/ws_moveit2/install/moveit_configs_utils:/home/max/ws_moveit2/install/launch_param_builder:/home/max/ros2_ws/install/robot_arm_description:/opt/ros/humble /usr/bin/cmake --install /home/max/robot_ws/build/robot_control
[12.729s] Level 1:colcon.colcon_core.environment:create_environment_scripts_only(robot_control)
[12.729s] DEBUG:colcon.colcon_core.event_handler.log_command:Invoked command in '/home/max/robot_ws/build/robot_control' returned '0': CMAKE_PREFIX_PATH=${CMAKE_PREFIX_PATH}:/home/max/ws_moveit2/install/moveit_configs_utils:/home/max/ws_moveit2/install/launch_param_builder:/home/max/ros2_ws/install/robot_arm_description:/opt/ros/humble /usr/bin/cmake --install /home/max/robot_ws/build/robot_control
[12.730s] Level 1:colcon.colcon_core.environment:checking '/home/max/robot_ws/install/robot_control' for CMake module files
[12.730s] Level 1:colcon.colcon_core.environment:checking '/home/max/robot_ws/install/robot_control' for CMake config files
[12.730s] Level 1:colcon.colcon_core.shell:create_environment_hook('robot_control', 'cmake_prefix_path')
[12.730s] INFO:colcon.colcon_core.shell:Creating environment hook '/home/max/robot_ws/install/robot_control/share/robot_control/hook/cmake_prefix_path.ps1'
[12.731s] INFO:colcon.colcon_core.shell:Creating environment descriptor '/home/max/robot_ws/install/robot_control/share/robot_control/hook/cmake_prefix_path.dsv'
[12.731s] INFO:colcon.colcon_core.shell:Creating environment hook '/home/max/robot_ws/install/robot_control/share/robot_control/hook/cmake_prefix_path.sh'
[12.731s] Level 1:colcon.colcon_core.environment:checking '/home/max/robot_ws/install/robot_control/lib'
[12.731s] Level 1:colcon.colcon_core.environment:checking '/home/max/robot_ws/install/robot_control/bin'
[12.731s] Level 1:colcon.colcon_core.environment:checking '/home/max/robot_ws/install/robot_control/lib/pkgconfig/robot_control.pc'
[12.731s] Level 1:colcon.colcon_core.environment:checking '/home/max/robot_ws/install/robot_control/lib/python3.10/site-packages'
[12.732s] Level 1:colcon.colcon_core.environment:checking '/home/max/robot_ws/install/robot_control/bin'
[12.732s] INFO:colcon.colcon_core.shell:Creating package script '/home/max/robot_ws/install/robot_control/share/robot_control/package.ps1'
[12.732s] INFO:colcon.colcon_core.shell:Creating package descriptor '/home/max/robot_ws/install/robot_control/share/robot_control/package.dsv'
[12.732s] INFO:colcon.colcon_core.shell:Creating package script '/home/max/robot_ws/install/robot_control/share/robot_control/package.sh'
[12.732s] INFO:colcon.colcon_core.shell:Creating package script '/home/max/robot_ws/install/robot_control/share/robot_control/package.bash'
[12.733s] INFO:colcon.colcon_core.shell:Creating package script '/home/max/robot_ws/install/robot_control/share/robot_control/package.zsh'
[12.733s] Level 1:colcon.colcon_core.environment:create_file_with_runtime_dependencies(/home/max/robot_ws/install/robot_control/share/colcon-core/packages/robot_control)
[12.815s] Level 1:colcon.colcon_core.environment:create_environment_scripts_only(robot_control)
[12.815s] Level 1:colcon.colcon_core.environment:checking '/home/max/robot_ws/install/robot_control' for CMake module files
[12.816s] Level 1:colcon.colcon_core.environment:checking '/home/max/robot_ws/install/robot_control' for CMake config files
[12.816s] Level 1:colcon.colcon_core.shell:create_environment_hook('robot_control', 'cmake_prefix_path')
[12.816s] INFO:colcon.colcon_core.shell:Creating environment hook '/home/max/robot_ws/install/robot_control/share/robot_control/hook/cmake_prefix_path.ps1'
[12.817s] INFO:colcon.colcon_core.shell:Creating environment descriptor '/home/max/robot_ws/install/robot_control/share/robot_control/hook/cmake_prefix_path.dsv'
[12.817s] INFO:colcon.colcon_core.shell:Creating environment hook '/home/max/robot_ws/install/robot_control/share/robot_control/hook/cmake_prefix_path.sh'
[12.817s] Level 1:colcon.colcon_core.environment:checking '/home/max/robot_ws/install/robot_control/lib'
[12.818s] Level 1:colcon.colcon_core.environment:checking '/home/max/robot_ws/install/robot_control/bin'
[12.818s] Level 1:colcon.colcon_core.environment:checking '/home/max/robot_ws/install/robot_control/lib/pkgconfig/robot_control.pc'
[12.818s] Level 1:colcon.colcon_core.environment:checking '/home/max/robot_ws/install/robot_control/lib/python3.10/site-packages'
[12.818s] Level 1:colcon.colcon_core.environment:checking '/home/max/robot_ws/install/robot_control/bin'
[12.818s] INFO:colcon.colcon_core.shell:Creating package script '/home/max/robot_ws/install/robot_control/share/robot_control/package.ps1'
[12.818s] INFO:colcon.colcon_core.shell:Creating package descriptor '/home/max/robot_ws/install/robot_control/share/robot_control/package.dsv'
[12.819s] INFO:colcon.colcon_core.shell:Creating package script '/home/max/robot_ws/install/robot_control/share/robot_control/package.sh'
[12.819s] INFO:colcon.colcon_core.shell:Creating package script '/home/max/robot_ws/install/robot_control/share/robot_control/package.bash'
[12.819s] INFO:colcon.colcon_core.shell:Creating package script '/home/max/robot_ws/install/robot_control/share/robot_control/package.zsh'
[12.820s] Level 1:colcon.colcon_core.environment:create_file_with_runtime_dependencies(/home/max/robot_ws/install/robot_control/share/colcon-core/packages/robot_control)
[12.820s] DEBUG:colcon.colcon_parallel_executor.executor.parallel:closing loop
[12.820s] DEBUG:colcon.colcon_parallel_executor.executor.parallel:loop closed
[12.820s] DEBUG:colcon.colcon_parallel_executor.executor.parallel:run_until_complete finished with '0'
[12.820s] DEBUG:colcon.colcon_core.event_reactor:joining thread
[12.826s] INFO:colcon.colcon_core.plugin_system:Skipping extension 'colcon_notification.desktop_notification.terminal_notifier': Not used on non-Darwin systems
[12.826s] INFO:colcon.colcon_core.plugin_system:Skipping extension 'colcon_notification.desktop_notification.win32': Not used on non-Windows systems
[12.826s] INFO:colcon.colcon_notification.desktop_notification:Sending desktop notification using 'notify2'
[12.835s] DEBUG:colcon.colcon_core.event_reactor:joined thread
[12.835s] INFO:colcon.colcon_core.shell:Creating prefix script '/home/max/robot_ws/install/local_setup.ps1'
[12.836s] INFO:colcon.colcon_core.shell:Creating prefix util module '/home/max/robot_ws/install/_local_setup_util_ps1.py'
[12.837s] INFO:colcon.colcon_core.shell:Creating prefix chain script '/home/max/robot_ws/install/setup.ps1'
[12.839s] INFO:colcon.colcon_core.shell:Creating prefix script '/home/max/robot_ws/install/local_setup.sh'
[12.839s] INFO:colcon.colcon_core.shell:Creating prefix util module '/home/max/robot_ws/install/_local_setup_util_sh.py'
[12.839s] INFO:colcon.colcon_core.shell:Creating prefix chain script '/home/max/robot_ws/install/setup.sh'
[12.841s] INFO:colcon.colcon_core.shell:Creating prefix script '/home/max/robot_ws/install/local_setup.bash'
[12.841s] INFO:colcon.colcon_core.shell:Creating prefix chain script '/home/max/robot_ws/install/setup.bash'
[12.843s] INFO:colcon.colcon_core.shell:Creating prefix script '/home/max/robot_ws/install/local_setup.zsh'
[12.844s] INFO:colcon.colcon_core.shell:Creating prefix chain script '/home/max/robot_ws/install/setup.zsh'
