[0.012s] Invoking command in '/home/max/robot_ws/build/robot_moveit_config': AMENT_PREFIX_PATH=/home/max/robot_ws/install/robot_description:${AMENT_PREFIX_PATH} CMAKE_PREFIX_PATH=${CMAKE_PREFIX_PATH}:/home/max/ws_moveit2/install/moveit_configs_utils:/home/max/ws_moveit2/install/launch_param_builder:/home/max/ros2_ws/install/robot_arm_description:/opt/ros/humble PYTHONPATH=/home/max/robot_ws/install/robot_description/lib/python3.10/site-packages:${PYTHONPATH} /usr/bin/cmake /home/max/robot_ws/src/robot_moveit_config -DCMAKE_INSTALL_PREFIX=/home/max/robot_ws/install/robot_moveit_config
[0.073s] -- The C compiler identification is GNU 11.4.0
[0.121s] -- The CXX compiler identification is GNU 11.4.0
[0.128s] -- Detecting C compiler ABI info
[0.202s] -- Detecting C compiler ABI info - done
[0.206s] -- Check for working C compiler: /usr/bin/cc - skipped
[0.206s] -- Detecting C compile features
[0.206s] -- Detecting C compile features - done
[0.208s] -- Detecting CXX compiler ABI info
[0.294s] -- Detecting CXX compiler ABI info - done
[0.301s] -- Check for working CXX compiler: /usr/bin/c++ - skipped
[0.301s] -- Detecting CXX compile features
[0.302s] -- Detecting CXX compile features - done
[0.310s] -- Found ament_cmake: 1.3.10 (/opt/ros/humble/share/ament_cmake/cmake)
[0.435s] -- Found Python3: /usr/bin/python3 (found version "3.10.12") found components: Interpreter 
[0.606s] -- Configuring done
[0.607s] -- Generating done
[0.608s] -- Build files have been written to: /home/max/robot_ws/build/robot_moveit_config
[0.613s] Invoked command in '/home/max/robot_ws/build/robot_moveit_config' returned '0': AMENT_PREFIX_PATH=/home/max/robot_ws/install/robot_description:${AMENT_PREFIX_PATH} CMAKE_PREFIX_PATH=${CMAKE_PREFIX_PATH}:/home/max/ws_moveit2/install/moveit_configs_utils:/home/max/ws_moveit2/install/launch_param_builder:/home/max/ros2_ws/install/robot_arm_description:/opt/ros/humble PYTHONPATH=/home/max/robot_ws/install/robot_description/lib/python3.10/site-packages:${PYTHONPATH} /usr/bin/cmake /home/max/robot_ws/src/robot_moveit_config -DCMAKE_INSTALL_PREFIX=/home/max/robot_ws/install/robot_moveit_config
[0.614s] Invoking command in '/home/max/robot_ws/build/robot_moveit_config': AMENT_PREFIX_PATH=/home/max/robot_ws/install/robot_description:${AMENT_PREFIX_PATH} CMAKE_PREFIX_PATH=${CMAKE_PREFIX_PATH}:/home/max/ws_moveit2/install/moveit_configs_utils:/home/max/ws_moveit2/install/launch_param_builder:/home/max/ros2_ws/install/robot_arm_description:/opt/ros/humble PYTHONPATH=/home/max/robot_ws/install/robot_description/lib/python3.10/site-packages:${PYTHONPATH} /usr/bin/cmake --build /home/max/robot_ws/build/robot_moveit_config -- -j16 -l16
[0.661s] Invoked command in '/home/max/robot_ws/build/robot_moveit_config' returned '0': AMENT_PREFIX_PATH=/home/max/robot_ws/install/robot_description:${AMENT_PREFIX_PATH} CMAKE_PREFIX_PATH=${CMAKE_PREFIX_PATH}:/home/max/ws_moveit2/install/moveit_configs_utils:/home/max/ws_moveit2/install/launch_param_builder:/home/max/ros2_ws/install/robot_arm_description:/opt/ros/humble PYTHONPATH=/home/max/robot_ws/install/robot_description/lib/python3.10/site-packages:${PYTHONPATH} /usr/bin/cmake --build /home/max/robot_ws/build/robot_moveit_config -- -j16 -l16
[0.716s] Invoking command in '/home/max/robot_ws/build/robot_moveit_config': AMENT_PREFIX_PATH=/home/max/robot_ws/install/robot_description:${AMENT_PREFIX_PATH} CMAKE_PREFIX_PATH=${CMAKE_PREFIX_PATH}:/home/max/ws_moveit2/install/moveit_configs_utils:/home/max/ws_moveit2/install/launch_param_builder:/home/max/ros2_ws/install/robot_arm_description:/opt/ros/humble PYTHONPATH=/home/max/robot_ws/install/robot_description/lib/python3.10/site-packages:${PYTHONPATH} /usr/bin/cmake --install /home/max/robot_ws/build/robot_moveit_config
[0.725s] -- Install configuration: ""
[0.725s] -- Installing: /home/max/robot_ws/install/robot_moveit_config/share/ament_index/resource_index/package_run_dependencies/robot_moveit_config
[0.725s] -- Installing: /home/max/robot_ws/install/robot_moveit_config/share/ament_index/resource_index/parent_prefix_path/robot_moveit_config
[0.725s] -- Installing: /home/max/robot_ws/install/robot_moveit_config/share/robot_moveit_config/environment/ament_prefix_path.sh
[0.725s] -- Installing: /home/max/robot_ws/install/robot_moveit_config/share/robot_moveit_config/environment/ament_prefix_path.dsv
[0.725s] -- Installing: /home/max/robot_ws/install/robot_moveit_config/share/robot_moveit_config/environment/path.sh
[0.725s] -- Installing: /home/max/robot_ws/install/robot_moveit_config/share/robot_moveit_config/environment/path.dsv
[0.726s] -- Installing: /home/max/robot_ws/install/robot_moveit_config/share/robot_moveit_config/local_setup.bash
[0.726s] -- Installing: /home/max/robot_ws/install/robot_moveit_config/share/robot_moveit_config/local_setup.sh
[0.726s] -- Installing: /home/max/robot_ws/install/robot_moveit_config/share/robot_moveit_config/local_setup.zsh
[0.726s] -- Installing: /home/max/robot_ws/install/robot_moveit_config/share/robot_moveit_config/local_setup.dsv
[0.726s] -- Installing: /home/max/robot_ws/install/robot_moveit_config/share/robot_moveit_config/package.dsv
[0.726s] -- Installing: /home/max/robot_ws/install/robot_moveit_config/share/ament_index/resource_index/packages/robot_moveit_config
[0.726s] -- Installing: /home/max/robot_ws/install/robot_moveit_config/share/robot_moveit_config/cmake/robot_moveit_configConfig.cmake
[0.726s] -- Installing: /home/max/robot_ws/install/robot_moveit_config/share/robot_moveit_config/cmake/robot_moveit_configConfig-version.cmake
[0.726s] -- Installing: /home/max/robot_ws/install/robot_moveit_config/share/robot_moveit_config/package.xml
[0.726s] -- Installing: /home/max/robot_ws/install/robot_moveit_config/share/robot_moveit_config/launch
[0.726s] -- Installing: /home/max/robot_ws/install/robot_moveit_config/share/robot_moveit_config/launch/spawn_controllers.launch.py
[0.734s] -- Installing: /home/max/robot_ws/install/robot_moveit_config/share/robot_moveit_config/launch/rsp.launch.py
[0.734s] -- Installing: /home/max/robot_ws/install/robot_moveit_config/share/robot_moveit_config/launch/warehouse_db.launch.py
[0.735s] -- Installing: /home/max/robot_ws/install/robot_moveit_config/share/robot_moveit_config/launch/moveit_rviz.launch.py
[0.735s] -- Installing: /home/max/robot_ws/install/robot_moveit_config/share/robot_moveit_config/launch/demo.launch.py
[0.735s] -- Installing: /home/max/robot_ws/install/robot_moveit_config/share/robot_moveit_config/launch/move_group.launch.py
[0.736s] -- Installing: /home/max/robot_ws/install/robot_moveit_config/share/robot_moveit_config/launch/static_virtual_joint_tfs.launch.py
[0.736s] -- Installing: /home/max/robot_ws/install/robot_moveit_config/share/robot_moveit_config/launch/setup_assistant.launch.py
[0.736s] -- Installing: /home/max/robot_ws/install/robot_moveit_config/share/robot_moveit_config/config
[0.736s] -- Installing: /home/max/robot_ws/install/robot_moveit_config/share/robot_moveit_config/config/kinematics.yaml
[0.736s] -- Installing: /home/max/robot_ws/install/robot_moveit_config/share/robot_moveit_config/config/initial_positions.yaml
[0.736s] -- Installing: /home/max/robot_ws/install/robot_moveit_config/share/robot_moveit_config/config/moveit_controllers.yaml
[0.736s] -- Installing: /home/max/robot_ws/install/robot_moveit_config/share/robot_moveit_config/config/robot.urdf.xacro
[0.736s] -- Installing: /home/max/robot_ws/install/robot_moveit_config/share/robot_moveit_config/config/pilz_cartesian_limits.yaml
[0.737s] -- Installing: /home/max/robot_ws/install/robot_moveit_config/share/robot_moveit_config/config/moveit.rviz
[0.737s] -- Installing: /home/max/robot_ws/install/robot_moveit_config/share/robot_moveit_config/config/sensors_3d.yaml
[0.737s] -- Installing: /home/max/robot_ws/install/robot_moveit_config/share/robot_moveit_config/config/ros2_controllers.yaml
[0.737s] -- Installing: /home/max/robot_ws/install/robot_moveit_config/share/robot_moveit_config/config/joint_limits.yaml
[0.737s] -- Installing: /home/max/robot_ws/install/robot_moveit_config/share/robot_moveit_config/config/robot.ros2_control.xacro
[0.737s] -- Installing: /home/max/robot_ws/install/robot_moveit_config/share/robot_moveit_config/config/robot.srdf
[0.737s] -- Installing: /home/max/robot_ws/install/robot_moveit_config/share/robot_moveit_config/.setup_assistant
[0.739s] Invoked command in '/home/max/robot_ws/build/robot_moveit_config' returned '0': AMENT_PREFIX_PATH=/home/max/robot_ws/install/robot_description:${AMENT_PREFIX_PATH} CMAKE_PREFIX_PATH=${CMAKE_PREFIX_PATH}:/home/max/ws_moveit2/install/moveit_configs_utils:/home/max/ws_moveit2/install/launch_param_builder:/home/max/ros2_ws/install/robot_arm_description:/opt/ros/humble PYTHONPATH=/home/max/robot_ws/install/robot_description/lib/python3.10/site-packages:${PYTHONPATH} /usr/bin/cmake --install /home/max/robot_ws/build/robot_moveit_config
