[0.015s] Invoking command in '/home/max/ws_moveit2/build/moveit_core': AMENT_PREFIX_PATH=/home/max/ws_moveit2/install/srdfdom:${AMENT_PREFIX_PATH} CMAKE_PREFIX_PATH=/home/max/ws_moveit2/install/moveit_resources_panda_moveit_config:/home/max/ws_moveit2/install/srdfdom:/home/max/ws_moveit2/install/moveit_resources_pr2_description:/home/max/ws_moveit2/install/moveit_resources_panda_description:/home/max/ws_moveit2/install/moveit_common:/home/max/ros2_ws/install/robot_arm_publisher:/home/max/ros2_ws/install/robot_arm_moveit_config:/home/max/ros2_ws/install/robot_arm:/home/max/ros2_ws/install/panda_joint_publisher:/home/max/ros2_ws/install/moveit_joint_publisher:/home/max/ws_moveit2/install/pilz_industrial_motion_planner_testutils:/home/max/ws_moveit2/install/moveit_runtime:/home/max/ws_moveit2/install/moveit:/home/max/ws_moveit2/install/moveit_planners:/home/max/ws_moveit2/install/pilz_industrial_motion_planner:/home/max/ws_moveit2/install/moveit_ros_control_interface:/home/max/ws_moveit2/install/moveit_plugins:/home/max/ws_moveit2/install/moveit_simple_controller_manager:/home/max/ws_moveit2/install/moveit_setup_assistant:/home/max/ws_moveit2/install/moveit_setup_srdf_plugins:/home/max/ws_moveit2/install/moveit_setup_core_plugins:/home/max/ws_moveit2/install/moveit_setup_controllers:/home/max/ws_moveit2/install/moveit_setup_app_plugins:/home/max/ws_moveit2/install/moveit_setup_framework:/home/max/ws_moveit2/install/moveit_servo:/home/max/ws_moveit2/install/moveit_ros:/home/max/ws_moveit2/install/moveit_ros_visualization:/home/max/ws_moveit2/install/moveit_hybrid_planning:/home/max/ws_moveit2/install/moveit_ros_planning_interface:/home/max/ws_moveit2/install/moveit_ros_benchmarks:/home/max/ws_moveit2/install/moveit_ros_warehouse:/home/max/ws_moveit2/install/moveit_ros_robot_interaction:/home/max/ws_moveit2/install/moveit_ros_perception:/home/max/ws_moveit2/install/moveit_resources_prbt_pg70_support:/home/max/ws_moveit2/install/moveit_resources_prbt_moveit_config:/home/max/ws_moveit2/install/moveit_ros_move_group:/home/max/ws_moveit2/install/moveit_planners_ompl:/home/max/ws_moveit2/install/moveit_ros_planning:/home/max/ws_moveit2/install/moveit_ros_occupancy_map_monitor:/home/max/ws_moveit2/install/moveit_resources_prbt_ikfast_manipulator_plugin:/home/max/ws_moveit2/install/moveit_planners_chomp:/home/max/ws_moveit2/install/moveit_kinematics:/home/max/ws_moveit2/install/moveit_chomp_optimizer_adapter:/home/max/ws_moveit2/install/chomp_motion_planner:/home/max/ws_moveit2/install/moveit_core:/home/max/ws_moveit2/install/generate_parameter_library_example:/home/max/ws_moveit2/install/cmake_generate_parameter_module_example:/home/max/ws_moveit2/install/generate_parameter_library:/home/max/ws_moveit2/install/parameter_traits:/home/max/ws_moveit2/install/moveit_resources_prbt_support:/home/max/ws_moveit2/install/moveit_resources:/home/max/ws_moveit2/install/moveit_resources_fanuc_moveit_config:/home/max/ws_moveit2/install/moveit_resources_fanuc_description:/home/max/ws_moveit2/install/moveit_msgs:/home/max/ros2_ws/install/robot_arm_description:/home/max/ws_moveit2/install/generate_parameter_module_example:/home/max/ws_moveit2/install/moveit_configs_utils:/home/max/ws_moveit2/install/generate_parameter_library_py:/opt/ros/humble LD_LIBRARY_PATH=/home/max/ws_moveit2/install/srdfdom/lib:${LD_LIBRARY_PATH} PYTHONPATH=/home/max/ws_moveit2/install/srdfdom/local/lib/python3.10/dist-packages:${PYTHONPATH} /usr/bin/cmake /home/max/ws_moveit2/src/moveit2/moveit_core -DCMAKE_BUILD_TYPE=Release -DCMAKE_INSTALL_PREFIX=/home/max/ws_moveit2/install/moveit_core
[0.077s] -- The CXX compiler identification is GNU 11.4.0
[0.084s] -- Detecting CXX compiler ABI info
[0.152s] -- Detecting CXX compiler ABI info - done
[0.156s] -- Check for working CXX compiler: /usr/bin/c++ - skipped
[0.156s] -- Detecting CXX compile features
[0.156s] -- Detecting CXX compile features - done
[0.157s] -- Found moveit_common: 2.5.5 (/home/max/ws_moveit2/install/moveit_common/share/moveit_common/cmake)
[0.159s] -- Found ament_cmake: 1.3.10 (/opt/ros/humble/share/ament_cmake/cmake)
[0.275s] -- Found Python3: /usr/bin/python3 (found version "3.10.12") found components: Interpreter 
[0.398s] -- Found angles: 1.15.0 (/opt/ros/humble/share/angles/cmake)
[0.422s] -- Found Bullet: /usr/lib/x86_64-linux-gnu/libBulletDynamics.so (Required is at least version "2.87") 
[0.424s] -- Found common_interfaces: 4.2.4 (/opt/ros/humble/share/common_interfaces/cmake)
[0.426s] -- Found eigen_stl_containers: 1.0.0 (/opt/ros/humble/share/eigen_stl_containers/cmake)
[0.434s] -- Found eigen3_cmake_module: 0.1.1 (/opt/ros/humble/share/eigen3_cmake_module/cmake)
[0.437s] -- Found Eigen3: TRUE (found version "3.4.0") 
[0.441s] -- Found generate_parameter_library: 0.3.8 (/opt/ros/humble/share/generate_parameter_library/cmake)
[0.446s] -- Found parameter_traits: 0.3.8 (/opt/ros/humble/share/parameter_traits/cmake)
[0.487s] -- Found rosidl_generator_c: 3.1.5 (/opt/ros/humble/share/rosidl_generator_c/cmake)
[0.495s] -- Found rosidl_adapter: 3.1.5 (/opt/ros/humble/share/rosidl_adapter/cmake)
[0.502s] -- Found rosidl_generator_cpp: 3.1.5 (/opt/ros/humble/share/rosidl_generator_cpp/cmake)
[0.512s] -- Using all available rosidl_typesupport_c: rosidl_typesupport_fastrtps_c;rosidl_typesupport_introspection_c
[0.526s] -- Using all available rosidl_typesupport_cpp: rosidl_typesupport_fastrtps_cpp;rosidl_typesupport_introspection_cpp
[0.563s] -- Found rmw_implementation_cmake: 6.1.2 (/opt/ros/humble/share/rmw_implementation_cmake/cmake)
[0.567s] -- Found rmw_fastrtps_cpp: 6.2.7 (/opt/ros/humble/share/rmw_fastrtps_cpp/cmake)
[0.681s] -- Found OpenSSL: /usr/lib/x86_64-linux-gnu/libcrypto.so (found version "3.0.2")  
[0.706s] -- Found FastRTPS: /opt/ros/humble/include  
[0.742s] -- Using RMW implementation 'rmw_fastrtps_cpp' as default
[0.750s] -- Looking for C++ include pthread.h
[0.833s] -- Looking for C++ include pthread.h - found
[0.833s] -- Performing Test CMAKE_HAVE_LIBC_PTHREAD
[0.918s] -- Performing Test CMAKE_HAVE_LIBC_PTHREAD - Success
[0.919s] -- Found Threads: TRUE  
[0.970s] -- Found rclcpp_lifecycle: 16.0.10 (/opt/ros/humble/share/rclcpp_lifecycle/cmake)
[0.987s] -- Found geometric_shapes: 2.1.3 (/opt/ros/humble/share/geometric_shapes/cmake)
[0.997s] -- Found Boost: /usr/lib/x86_64-linux-gnu/cmake/Boost-1.74.0/BoostConfig.cmake (found version "1.74.0") found components: filesystem 
[1.120s] -- library: /usr/lib/x86_64-linux-gnu/libcurl.so
[1.166s] -- Found kdl_parser: 2.6.4 (/opt/ros/humble/share/kdl_parser/cmake)
[1.177s] -- Ensuring Eigen3 include directory is part of orocos-kdl CMake target
[1.183s] -- Found moveit_msgs: 2.2.1 (/opt/ros/humble/share/moveit_msgs/cmake)
[1.267s] -- Found pluginlib: 5.1.0 (/opt/ros/humble/share/pluginlib/cmake)
[1.292s] -- Found srdfdom: 2.0.4 (/home/max/ws_moveit2/install/srdfdom/share/srdfdom/cmake)
[1.303s] -- Found tf2_eigen: 0.25.8 (/opt/ros/humble/share/tf2_eigen/cmake)
[1.353s] -- Found tf2_geometry_msgs: 0.25.8 (/opt/ros/humble/share/tf2_geometry_msgs/cmake)
[1.356s] -- Found tf2_kdl: 0.25.8 (/opt/ros/humble/share/tf2_kdl/cmake)
[1.388s] -- Found Boost: /usr/lib/x86_64-linux-gnu/cmake/Boost-1.74.0/BoostConfig.cmake (found version "1.74.0") found components: chrono date_time filesystem iostreams program_options regex serialization system thread 
[1.390s] --  *** Building MoveIt 2.5.5-Alpha ***
[1.403s] -- Performing Test COMPILER_HAS_HIDDEN_VISIBILITY
[1.477s] -- Performing Test COMPILER_HAS_HIDDEN_VISIBILITY - Success
[1.477s] -- Performing Test COMPILER_HAS_HIDDEN_INLINE_VISIBILITY
[1.559s] -- Performing Test COMPILER_HAS_HIDDEN_INLINE_VISIBILITY - Success
[1.559s] -- Performing Test COMPILER_HAS_DEPRECATED_ATTR
[1.641s] -- Performing Test COMPILER_HAS_DEPRECATED_ATTR - Success
[1.652s] -- Found ament_cmake_gtest: 1.3.10 (/opt/ros/humble/share/ament_cmake_gtest/cmake)
[1.655s] -- Found gtest sources under '/opt/ros/humble/src/gtest_vendor': C++ tests using 'Google Test' will be built
[1.695s] -- The C compiler identification is GNU 11.4.0
[1.702s] -- Detecting C compiler ABI info
[1.771s] -- Detecting C compiler ABI info - done
[1.776s] -- Check for working C compiler: /usr/bin/cc - skipped
[1.776s] -- Detecting C compile features
[1.776s] -- Detecting C compile features - done
[1.795s] -- Found ament_cmake_gmock: 1.3.10 (/opt/ros/humble/share/ament_cmake_gmock/cmake)
[1.799s] -- Found gmock sources under '/opt/ros/humble/src/gmock_vendor': C++ tests using 'Google Mock' will be built
[1.801s] -- Found ament_cmake_gtest: 1.3.10 (/opt/ros/humble/share/ament_cmake_gtest/cmake)
[1.801s] -- Found gtest sources under '/opt/ros/humble/src/gtest_vendor': C++ tests using 'Google Test' will be built
[1.815s] -- Found ament_cmake_gtest: 1.3.10 (/opt/ros/humble/share/ament_cmake_gtest/cmake)
[1.816s] -- Found gtest sources under '/opt/ros/humble/src/gtest_vendor': C++ tests using 'Google Test' will be built
[1.848s] -- Found ament_cmake_gtest: 1.3.10 (/opt/ros/humble/share/ament_cmake_gtest/cmake)
[1.848s] -- Found gtest sources under '/opt/ros/humble/src/gtest_vendor': C++ tests using 'Google Test' will be built
[1.860s] -- Found ament_lint_auto: 0.12.11 (/opt/ros/humble/share/ament_lint_auto/cmake)
[1.861s] -- Found ament_cmake_gtest: 1.3.10 (/opt/ros/humble/share/ament_cmake_gtest/cmake)
[1.862s] -- Found gtest sources under '/opt/ros/humble/src/gtest_vendor': C++ tests using 'Google Test' will be built
[1.887s] -- Found ament_cmake_gtest: 1.3.10 (/opt/ros/humble/share/ament_cmake_gtest/cmake)
[1.887s] -- Found gtest sources under '/opt/ros/humble/src/gtest_vendor': C++ tests using 'Google Test' will be built
[1.905s] -- Found ament_cmake_gtest: 1.3.10 (/opt/ros/humble/share/ament_cmake_gtest/cmake)
[1.906s] -- Found gtest sources under '/opt/ros/humble/src/gtest_vendor': C++ tests using 'Google Test' will be built
[1.917s] -- Found ament_cmake_gtest: 1.3.10 (/opt/ros/humble/share/ament_cmake_gtest/cmake)
[1.918s] -- Found gtest sources under '/opt/ros/humble/src/gtest_vendor': C++ tests using 'Google Test' will be built
[1.928s] -- Found gtest sources under '/opt/ros/humble/src/gtest_vendor': C++ tests using 'Google Test' will be built
[1.937s] -- Found gtest sources under '/opt/ros/humble/src/gtest_vendor': C++ tests using 'Google Test' will be built
[1.950s] -- Found ament_cmake_gtest: 1.3.10 (/opt/ros/humble/share/ament_cmake_gtest/cmake)
[1.951s] -- Found gtest sources under '/opt/ros/humble/src/gtest_vendor': C++ tests using 'Google Test' will be built
[1.976s] -- Found gtest sources under '/opt/ros/humble/src/gtest_vendor': C++ tests using 'Google Test' will be built
[1.997s] -- Found gtest sources under '/opt/ros/humble/src/gtest_vendor': C++ tests using 'Google Test' will be built
[2.012s] -- Found gtest sources under '/opt/ros/humble/src/gtest_vendor': C++ tests using 'Google Test' will be built
[2.016s] -- Found ament_lint_auto: 0.12.11 (/opt/ros/humble/share/ament_lint_auto/cmake)
[2.048s] -- Added test 'cppcheck' to perform static code analysis on C / C++ code
[2.049s] -- Configured cppcheck include dirs: /home/max/ws_moveit2/src/moveit2/moveit_core/exceptions/include;/home/max/ws_moveit2/src/moveit2/moveit_core/collision_detection/include;/home/max/ws_moveit2/src/moveit2/moveit_core/collision_detection_fcl/include;/home/max/ws_moveit2/src/moveit2/moveit_core/collision_detection_bullet/include;/home/max/ws_moveit2/src/moveit2/moveit_core/constraint_samplers/include;/home/max/ws_moveit2/src/moveit2/moveit_core/controller_manager/include;/home/max/ws_moveit2/src/moveit2/moveit_core/distance_field/include;/home/max/ws_moveit2/src/moveit2/moveit_core/collision_distance_field/include;/home/max/ws_moveit2/src/moveit2/moveit_core/dynamics_solver/include;/home/max/ws_moveit2/src/moveit2/moveit_core/kinematics_base/include;/home/max/ws_moveit2/src/moveit2/moveit_core/kinematics_metrics/include;/home/max/ws_moveit2/src/moveit2/moveit_core/robot_model/include;/home/max/ws_moveit2/src/moveit2/moveit_core/transforms/include;/home/max/ws_moveit2/src/moveit2/moveit_core/robot_state/include;/home/max/ws_moveit2/src/moveit2/moveit_core/robot_trajectory/include;/home/max/ws_moveit2/src/moveit2/moveit_core/kinematic_constraints/include;/home/max/ws_moveit2/src/moveit2/moveit_core/macros/include;/home/max/ws_moveit2/src/moveit2/moveit_core/online_signal_smoothing/include;/home/max/ws_moveit2/src/moveit2/moveit_core/planning_interface/include;/home/max/ws_moveit2/src/moveit2/moveit_core/planning_request_adapter/include;/home/max/ws_moveit2/src/moveit2/moveit_core/planning_scene/include;/home/max/ws_moveit2/src/moveit2/moveit_core/sensor_manager/include;/home/max/ws_moveit2/src/moveit2/moveit_core/trajectory_processing/include;/home/max/ws_moveit2/src/moveit2/moveit_core/utils/include
[2.049s] -- Configured cppcheck exclude dirs and/or files: 
[2.052s] -- Added test 'pep257' to check Python code against some of the docstring style conventions in PEP 257
[2.055s] -- Added test 'xmllint' to check XML markup files
[2.058s] -- Configuring done
[2.633s] -- Generating done
[2.640s] -- Build files have been written to: /home/max/ws_moveit2/build/moveit_core
[2.687s] Invoked command in '/home/max/ws_moveit2/build/moveit_core' returned '0': AMENT_PREFIX_PATH=/home/max/ws_moveit2/install/srdfdom:${AMENT_PREFIX_PATH} CMAKE_PREFIX_PATH=/home/max/ws_moveit2/install/moveit_resources_panda_moveit_config:/home/max/ws_moveit2/install/srdfdom:/home/max/ws_moveit2/install/moveit_resources_pr2_description:/home/max/ws_moveit2/install/moveit_resources_panda_description:/home/max/ws_moveit2/install/moveit_common:/home/max/ros2_ws/install/robot_arm_publisher:/home/max/ros2_ws/install/robot_arm_moveit_config:/home/max/ros2_ws/install/robot_arm:/home/max/ros2_ws/install/panda_joint_publisher:/home/max/ros2_ws/install/moveit_joint_publisher:/home/max/ws_moveit2/install/pilz_industrial_motion_planner_testutils:/home/max/ws_moveit2/install/moveit_runtime:/home/max/ws_moveit2/install/moveit:/home/max/ws_moveit2/install/moveit_planners:/home/max/ws_moveit2/install/pilz_industrial_motion_planner:/home/max/ws_moveit2/install/moveit_ros_control_interface:/home/max/ws_moveit2/install/moveit_plugins:/home/max/ws_moveit2/install/moveit_simple_controller_manager:/home/max/ws_moveit2/install/moveit_setup_assistant:/home/max/ws_moveit2/install/moveit_setup_srdf_plugins:/home/max/ws_moveit2/install/moveit_setup_core_plugins:/home/max/ws_moveit2/install/moveit_setup_controllers:/home/max/ws_moveit2/install/moveit_setup_app_plugins:/home/max/ws_moveit2/install/moveit_setup_framework:/home/max/ws_moveit2/install/moveit_servo:/home/max/ws_moveit2/install/moveit_ros:/home/max/ws_moveit2/install/moveit_ros_visualization:/home/max/ws_moveit2/install/moveit_hybrid_planning:/home/max/ws_moveit2/install/moveit_ros_planning_interface:/home/max/ws_moveit2/install/moveit_ros_benchmarks:/home/max/ws_moveit2/install/moveit_ros_warehouse:/home/max/ws_moveit2/install/moveit_ros_robot_interaction:/home/max/ws_moveit2/install/moveit_ros_perception:/home/max/ws_moveit2/install/moveit_resources_prbt_pg70_support:/home/max/ws_moveit2/install/moveit_resources_prbt_moveit_config:/home/max/ws_moveit2/install/moveit_ros_move_group:/home/max/ws_moveit2/install/moveit_planners_ompl:/home/max/ws_moveit2/install/moveit_ros_planning:/home/max/ws_moveit2/install/moveit_ros_occupancy_map_monitor:/home/max/ws_moveit2/install/moveit_resources_prbt_ikfast_manipulator_plugin:/home/max/ws_moveit2/install/moveit_planners_chomp:/home/max/ws_moveit2/install/moveit_kinematics:/home/max/ws_moveit2/install/moveit_chomp_optimizer_adapter:/home/max/ws_moveit2/install/chomp_motion_planner:/home/max/ws_moveit2/install/moveit_core:/home/max/ws_moveit2/install/generate_parameter_library_example:/home/max/ws_moveit2/install/cmake_generate_parameter_module_example:/home/max/ws_moveit2/install/generate_parameter_library:/home/max/ws_moveit2/install/parameter_traits:/home/max/ws_moveit2/install/moveit_resources_prbt_support:/home/max/ws_moveit2/install/moveit_resources:/home/max/ws_moveit2/install/moveit_resources_fanuc_moveit_config:/home/max/ws_moveit2/install/moveit_resources_fanuc_description:/home/max/ws_moveit2/install/moveit_msgs:/home/max/ros2_ws/install/robot_arm_description:/home/max/ws_moveit2/install/generate_parameter_module_example:/home/max/ws_moveit2/install/moveit_configs_utils:/home/max/ws_moveit2/install/generate_parameter_library_py:/opt/ros/humble LD_LIBRARY_PATH=/home/max/ws_moveit2/install/srdfdom/lib:${LD_LIBRARY_PATH} PYTHONPATH=/home/max/ws_moveit2/install/srdfdom/local/lib/python3.10/dist-packages:${PYTHONPATH} /usr/bin/cmake /home/max/ws_moveit2/src/moveit2/moveit_core -DCMAKE_BUILD_TYPE=Release -DCMAKE_INSTALL_PREFIX=/home/max/ws_moveit2/install/moveit_core
[2.689s] Invoking command in '/home/max/ws_moveit2/build/moveit_core': AMENT_PREFIX_PATH=/home/max/ws_moveit2/install/srdfdom:${AMENT_PREFIX_PATH} CMAKE_PREFIX_PATH=/home/max/ws_moveit2/install/moveit_resources_panda_moveit_config:/home/max/ws_moveit2/install/srdfdom:/home/max/ws_moveit2/install/moveit_resources_pr2_description:/home/max/ws_moveit2/install/moveit_resources_panda_description:/home/max/ws_moveit2/install/moveit_common:/home/max/ros2_ws/install/robot_arm_publisher:/home/max/ros2_ws/install/robot_arm_moveit_config:/home/max/ros2_ws/install/robot_arm:/home/max/ros2_ws/install/panda_joint_publisher:/home/max/ros2_ws/install/moveit_joint_publisher:/home/max/ws_moveit2/install/pilz_industrial_motion_planner_testutils:/home/max/ws_moveit2/install/moveit_runtime:/home/max/ws_moveit2/install/moveit:/home/max/ws_moveit2/install/moveit_planners:/home/max/ws_moveit2/install/pilz_industrial_motion_planner:/home/max/ws_moveit2/install/moveit_ros_control_interface:/home/max/ws_moveit2/install/moveit_plugins:/home/max/ws_moveit2/install/moveit_simple_controller_manager:/home/max/ws_moveit2/install/moveit_setup_assistant:/home/max/ws_moveit2/install/moveit_setup_srdf_plugins:/home/max/ws_moveit2/install/moveit_setup_core_plugins:/home/max/ws_moveit2/install/moveit_setup_controllers:/home/max/ws_moveit2/install/moveit_setup_app_plugins:/home/max/ws_moveit2/install/moveit_setup_framework:/home/max/ws_moveit2/install/moveit_servo:/home/max/ws_moveit2/install/moveit_ros:/home/max/ws_moveit2/install/moveit_ros_visualization:/home/max/ws_moveit2/install/moveit_hybrid_planning:/home/max/ws_moveit2/install/moveit_ros_planning_interface:/home/max/ws_moveit2/install/moveit_ros_benchmarks:/home/max/ws_moveit2/install/moveit_ros_warehouse:/home/max/ws_moveit2/install/moveit_ros_robot_interaction:/home/max/ws_moveit2/install/moveit_ros_perception:/home/max/ws_moveit2/install/moveit_resources_prbt_pg70_support:/home/max/ws_moveit2/install/moveit_resources_prbt_moveit_config:/home/max/ws_moveit2/install/moveit_ros_move_group:/home/max/ws_moveit2/install/moveit_planners_ompl:/home/max/ws_moveit2/install/moveit_ros_planning:/home/max/ws_moveit2/install/moveit_ros_occupancy_map_monitor:/home/max/ws_moveit2/install/moveit_resources_prbt_ikfast_manipulator_plugin:/home/max/ws_moveit2/install/moveit_planners_chomp:/home/max/ws_moveit2/install/moveit_kinematics:/home/max/ws_moveit2/install/moveit_chomp_optimizer_adapter:/home/max/ws_moveit2/install/chomp_motion_planner:/home/max/ws_moveit2/install/moveit_core:/home/max/ws_moveit2/install/generate_parameter_library_example:/home/max/ws_moveit2/install/cmake_generate_parameter_module_example:/home/max/ws_moveit2/install/generate_parameter_library:/home/max/ws_moveit2/install/parameter_traits:/home/max/ws_moveit2/install/moveit_resources_prbt_support:/home/max/ws_moveit2/install/moveit_resources:/home/max/ws_moveit2/install/moveit_resources_fanuc_moveit_config:/home/max/ws_moveit2/install/moveit_resources_fanuc_description:/home/max/ws_moveit2/install/moveit_msgs:/home/max/ros2_ws/install/robot_arm_description:/home/max/ws_moveit2/install/generate_parameter_module_example:/home/max/ws_moveit2/install/moveit_configs_utils:/home/max/ws_moveit2/install/generate_parameter_library_py:/opt/ros/humble LD_LIBRARY_PATH=/home/max/ws_moveit2/install/srdfdom/lib:${LD_LIBRARY_PATH} PYTHONPATH=/home/max/ws_moveit2/install/srdfdom/local/lib/python3.10/dist-packages:${PYTHONPATH} /usr/bin/cmake --build /home/max/ws_moveit2/build/moveit_core -- -j16 -l16
[2.742s] [  3%] [32mBuilding CXX object gmock/CMakeFiles/gmock.dir/src/gmock-all.cc.o[0m
[2.743s] [  3%] [32mBuilding CXX object gmock/CMakeFiles/gmock_main.dir/src/gmock_main.cc.o[0m
[2.743s] [  3%] [32mBuilding CXX object online_signal_smoothing/CMakeFiles/moveit_smoothing_base.dir/src/smoothing_base_class.cpp.o[0m
[2.743s] [  3%] [32mBuilding CXX object exceptions/CMakeFiles/moveit_exceptions.dir/src/exceptions.cpp.o[0m
[2.743s] [  3%] [32mBuilding CXX object kinematics_base/CMakeFiles/moveit_kinematics_base.dir/src/kinematics_base.cpp.o[0m
[2.743s] [  3%] [34m[1mRunning `/opt/ros/humble/bin/generate_parameter_library_cpp /home/max/ws_moveit2/build/moveit_core/online_signal_smoothing/moveit_butterworth_parameters/include//moveit_butterworth_parameters.hpp /home/max/ws_moveit2/src/moveit2/moveit_core/online_signal_smoothing/src/butterworth_parameters.yaml `[0m
[2.743s] [  3%] [32mBuilding CXX object distance_field/CMakeFiles/moveit_distance_field.dir/src/find_internal_points.cpp.o[0m
[2.743s] [  3%] [32mBuilding CXX object gtest/CMakeFiles/gtest.dir/src/gtest-all.cc.o[0m
[2.743s] [  5%] [32mBuilding CXX object distance_field/CMakeFiles/moveit_distance_field.dir/src/propagation_distance_field.cpp.o[0m
[2.743s] [  5%] [32mBuilding CXX object gtest/CMakeFiles/gtest_main.dir/src/gtest_main.cc.o[0m
[2.743s] [  5%] [32mBuilding CXX object gmock/CMakeFiles/gmock.dir/opt/ros/humble/src/gtest_vendor/src/gtest-all.cc.o[0m
[2.743s] [  6%] [32mBuilding CXX object utils/CMakeFiles/moveit_utils.dir/src/lexical_casts.cpp.o[0m
[2.744s] [  3%] [32mBuilding CXX object transforms/CMakeFiles/moveit_transforms.dir/src/transforms.cpp.o[0m
[2.744s] [  3%] [32mBuilding CXX object utils/CMakeFiles/moveit_utils.dir/src/message_checks.cpp.o[0m
[2.744s] [  3%] [32mBuilding CXX object distance_field/CMakeFiles/moveit_distance_field.dir/src/distance_field.cpp.o[0m
[2.746s] [  7%] [32mBuilding CXX object version/CMakeFiles/moveit_version.dir/version.cpp.o[0m
[2.792s] [  8%] [32m[1mLinking CXX executable moveit_version[0m
[2.846s] [  8%] Built target moveit_version
[2.857s] [  9%] [32mBuilding CXX object utils/CMakeFiles/moveit_utils.dir/src/rclcpp_utils.cpp.o[0m
[3.020s] [  9%] Built target moveit_butterworth_parameters
[3.448s] [ 10%] [32m[1mLinking CXX shared library libmoveit_exceptions.so[0m
[3.623s] [ 10%] Built target moveit_exceptions
[3.676s] [ 10%] [32m[1mLinking CXX static library libgtest_main.a[0m
[3.755s] [ 10%] Built target gtest_main
[3.800s] [ 10%] [32m[1mLinking CXX shared library libmoveit_utils.so[0m
[4.041s] [ 11%] [32m[1mLinking CXX static library libgmock_main.a[0m
[4.121s] [ 11%] Built target gmock_main
[4.233s] [ 11%] Built target moveit_utils
[5.504s] [ 12%] [32m[1mLinking CXX shared library libmoveit_smoothing_base.so[0m
[5.604s] [ 12%] Built target moveit_smoothing_base
[7.159s] [ 13%] [32m[1mLinking CXX shared library libmoveit_kinematics_base.so[0m
[7.264s] [ 13%] Built target moveit_kinematics_base
[7.292s] [ 17%] [32mBuilding CXX object robot_model/CMakeFiles/moveit_robot_model.dir/src/joint_model.cpp.o[0m
[7.292s] [ 17%] [32mBuilding CXX object robot_model/CMakeFiles/moveit_robot_model.dir/src/floating_joint_model.cpp.o[0m
[7.292s] [ 17%] [32mBuilding CXX object robot_model/CMakeFiles/moveit_robot_model.dir/src/aabb.cpp.o[0m
[7.292s] [ 17%] [32mBuilding CXX object robot_model/CMakeFiles/moveit_robot_model.dir/src/fixed_joint_model.cpp.o[0m
[7.293s] [ 17%] [32mBuilding CXX object robot_model/CMakeFiles/moveit_robot_model.dir/src/planar_joint_model.cpp.o[0m
[7.293s] [ 17%] [32mBuilding CXX object robot_model/CMakeFiles/moveit_robot_model.dir/src/prismatic_joint_model.cpp.o[0m
[7.293s] [ 18%] [32mBuilding CXX object robot_model/CMakeFiles/moveit_robot_model.dir/src/revolute_joint_model.cpp.o[0m
[7.293s] [ 19%] [32mBuilding CXX object robot_model/CMakeFiles/moveit_robot_model.dir/src/link_model.cpp.o[0m
[7.295s] [ 19%] [32mBuilding CXX object robot_model/CMakeFiles/moveit_robot_model.dir/src/joint_model_group.cpp.o[0m
[7.295s] [ 19%] [32mBuilding CXX object robot_model/CMakeFiles/moveit_robot_model.dir/src/robot_model.cpp.o[0m
[8.522s] [ 20%] [32m[1mLinking CXX static library libgtest.a[0m
[8.610s] [ 20%] Built target gtest
[9.004s] [ 20%] [32m[1mLinking CXX shared library libmoveit_distance_field.so[0m
[9.235s] [ 20%] Built target moveit_distance_field
[9.263s] [ 21%] [32mBuilding CXX object distance_field/CMakeFiles/test_distance_field.dir/test/test_distance_field.cpp.o[0m
[9.263s] [ 21%] [32mBuilding CXX object distance_field/CMakeFiles/test_voxel_grid.dir/test/test_voxel_grid.cpp.o[0m
[9.367s] [ 22%] [32m[1mLinking CXX static library libgmock.a[0m
[9.461s] [ 22%] Built target gmock
[9.510s] [ 23%] [32m[1mLinking CXX shared library libmoveit_transforms.so[0m
[9.640s] [ 23%] Built target moveit_transforms
[9.663s] [ 23%] [32mBuilding CXX object transforms/CMakeFiles/test_transforms.dir/test/test_transforms.cpp.o[0m
[12.085s] [ 24%] [32m[1mLinking CXX executable test_transforms[0m
[12.195s] [ 24%] Built target test_transforms
[13.197s] [ 24%] [32m[1mLinking CXX executable test_voxel_grid[0m
[13.331s] [ 24%] Built target test_voxel_grid
[14.837s] [ 25%] [32m[1mLinking CXX shared library libmoveit_robot_model.so[0m
[14.985s] [ 25%] Built target moveit_robot_model
[15.007s] [ 28%] [32mBuilding CXX object utils/CMakeFiles/moveit_test_utils.dir/src/robot_model_test_utils.cpp.o[0m
[15.007s] [ 28%] [32mBuilding CXX object robot_state/CMakeFiles/moveit_robot_state.dir/src/conversions.cpp.o[0m
[15.007s] [ 28%] [32mBuilding CXX object robot_state/CMakeFiles/moveit_robot_state.dir/src/attached_body.cpp.o[0m
[15.007s] [ 28%] [32mBuilding CXX object robot_state/CMakeFiles/moveit_robot_state.dir/src/robot_state.cpp.o[0m
[15.007s] [ 28%] [32mBuilding CXX object robot_state/CMakeFiles/moveit_robot_state.dir/src/cartesian_interpolator.cpp.o[0m
[15.007s] [ 29%] [32mBuilding CXX object online_signal_smoothing/CMakeFiles/moveit_butterworth_filter.dir/src/butterworth_filter.cpp.o[0m
[17.202s] [ 30%] [32m[1mLinking CXX executable test_distance_field[0m
[17.490s] [ 30%] Built target test_distance_field
[19.883s] [ 30%] [32m[1mLinking CXX shared library libmoveit_butterworth_filter.so[0m
[20.023s] [ 30%] Built target moveit_butterworth_filter
[20.049s] [ 30%] [32mBuilding CXX object online_signal_smoothing/CMakeFiles/test_butterworth_filter.dir/test/test_butterworth_filter.cpp.o[0m
[21.525s] [ 30%] [32m[1mLinking CXX shared library libmoveit_test_utils.so[0m
[21.658s] [ 30%] Built target moveit_test_utils
[21.682s] [ 31%] [32mBuilding CXX object robot_model/CMakeFiles/test_robot_model.dir/test/test.cpp.o[0m
[24.964s] [ 32%] [32m[1mLinking CXX executable test_butterworth_filter[0m
[25.074s] [ 32%] Built target test_butterworth_filter
[25.775s] [ 32%] [32m[1mLinking CXX executable test_robot_model[0m
[25.957s] [ 32%] Built target test_robot_model
[32.122s] [ 33%] [32m[1mLinking CXX shared library libmoveit_robot_state.so[0m
[32.253s] [ 33%] Built target moveit_robot_state
[32.276s] [ 36%] [32mBuilding CXX object kinematics_metrics/CMakeFiles/moveit_kinematics_metrics.dir/src/kinematics_metrics.cpp.o[0m
[32.276s] [ 36%] [32mBuilding CXX object robot_trajectory/CMakeFiles/moveit_robot_trajectory.dir/src/robot_trajectory.cpp.o[0m
[32.276s] [ 36%] [32mBuilding CXX object collision_detection/CMakeFiles/moveit_collision_detection.dir/src/collision_tools.cpp.o[0m
[32.277s] [ 36%] [32mBuilding CXX object robot_state/CMakeFiles/test_aabb.dir/test/test_aabb.cpp.o[0m
[32.277s] [ 36%] [32mBuilding CXX object dynamics_solver/CMakeFiles/moveit_dynamics_solver.dir/src/dynamics_solver.cpp.o[0m
[32.277s] [ 36%] [32mBuilding CXX object robot_state/CMakeFiles/test_robot_state_complex.dir/test/test_kinematic_complex.cpp.o[0m
[32.277s] [ 36%] [32mBuilding CXX object robot_state/CMakeFiles/test_robot_state.dir/test/robot_state_test.cpp.o[0m
[32.277s] [ 36%] [32mBuilding CXX object robot_state/CMakeFiles/test_robot_state_benchmark.dir/test/robot_state_benchmark.cpp.o[0m
[32.277s] [ 37%] [32mBuilding CXX object collision_detection/CMakeFiles/moveit_collision_detection.dir/src/collision_matrix.cpp.o[0m
[32.277s] [ 37%] [32mBuilding CXX object collision_detection/CMakeFiles/moveit_collision_detection.dir/src/collision_octomap_filter.cpp.o[0m
[32.277s] [ 37%] [32mBuilding CXX object robot_state/CMakeFiles/test_cartesian_interpolator.dir/test/test_cartesian_interpolator.cpp.o[0m
[32.277s] [ 38%] [32mBuilding CXX object collision_detection/CMakeFiles/moveit_collision_detection.dir/src/world.cpp.o[0m
[32.277s] [ 39%] [32mBuilding CXX object collision_detection/CMakeFiles/moveit_collision_detection.dir/src/allvalid/collision_env_allvalid.cpp.o[0m
[32.281s] [ 39%] [32mBuilding CXX object collision_detection/CMakeFiles/moveit_collision_detection.dir/src/collision_common.cpp.o[0m
[32.281s] [ 39%] [32mBuilding CXX object collision_detection/CMakeFiles/moveit_collision_detection.dir/src/world_diff.cpp.o[0m
[32.281s] [ 40%] [32mBuilding CXX object collision_detection/CMakeFiles/moveit_collision_detection.dir/src/collision_env.cpp.o[0m
[34.527s] [ 40%] [32mBuilding CXX object collision_detection/CMakeFiles/moveit_collision_detection.dir/src/collision_plugin_cache.cpp.o[0m
[39.421s] [ 41%] [32m[1mLinking CXX executable test_cartesian_interpolator[0m
[39.612s] [ 41%] Built target test_cartesian_interpolator
[39.744s] [ 42%] [32m[1mLinking CXX executable test_robot_state_benchmark[0m
[39.954s] [ 42%] Built target test_robot_state_benchmark
[40.056s] [ 43%] [32m[1mLinking CXX shared library libmoveit_dynamics_solver.so[0m
[40.196s] [ 43%] Built target moveit_dynamics_solver
[40.762s] [ 44%] [32m[1mLinking CXX executable test_aabb[0m
[40.969s] [ 44%] Built target test_aabb
[41.077s] [ 45%] [32m[1mLinking CXX shared library libmoveit_robot_trajectory.so[0m
[41.218s] [ 45%] Built target moveit_robot_trajectory
[41.224s] [ 46%] [32m[1mLinking CXX executable test_robot_state_complex[0m
[41.241s] [ 50%] [32mBuilding CXX object planning_interface/CMakeFiles/moveit_planning_interface.dir/src/planning_interface.cpp.o[0m
[41.241s] [ 50%] [32mBuilding CXX object trajectory_processing/CMakeFiles/moveit_trajectory_processing.dir/src/ruckig_traj_smoothing.cpp.o[0m
[41.241s] [ 50%] [32mBuilding CXX object planning_interface/CMakeFiles/moveit_planning_interface.dir/src/planning_response.cpp.o[0m
[41.241s] [ 50%] [32mBuilding CXX object robot_trajectory/CMakeFiles/test_robot_trajectory.dir/test/test_robot_trajectory.cpp.o[0m
[41.241s] [ 50%] [32mBuilding CXX object trajectory_processing/CMakeFiles/moveit_trajectory_processing.dir/src/iterative_time_parameterization.cpp.o[0m
[41.241s] [ 50%] [32mBuilding CXX object trajectory_processing/CMakeFiles/moveit_trajectory_processing.dir/src/iterative_spline_parameterization.cpp.o[0m
[41.242s] [ 50%] [32mBuilding CXX object trajectory_processing/CMakeFiles/moveit_trajectory_processing.dir/src/time_optimal_trajectory_generation.cpp.o[0m
[41.242s] [ 51%] [32mBuilding CXX object trajectory_processing/CMakeFiles/moveit_trajectory_processing.dir/src/trajectory_tools.cpp.o[0m
[41.530s] [ 51%] Built target test_robot_state_complex
[42.415s] [ 52%] [32m[1mLinking CXX executable test_robot_state[0m
[42.628s] [ 52%] Built target test_robot_state
[46.933s] [ 53%] [32m[1mLinking CXX shared library libmoveit_collision_detection.so[0m
[47.118s] [ 53%] Built target moveit_collision_detection
[47.143s] [ 55%] [32mBuilding CXX object collision_detection/CMakeFiles/test_all_valid.dir/test/test_all_valid.cpp.o[0m
[47.143s] [ 55%] [32mBuilding CXX object collision_detection/CMakeFiles/test_world.dir/test/test_world.cpp.o[0m
[47.143s] [ 55%] [32mBuilding CXX object collision_detection/CMakeFiles/test_world_diff.dir/test/test_world_diff.cpp.o[0m
[47.143s] [ 56%] [32mBuilding CXX object collision_detection_fcl/CMakeFiles/moveit_collision_detection_fcl.dir/src/collision_common.cpp.o[0m
[47.144s] [ 56%] [32mBuilding CXX object collision_detection_fcl/CMakeFiles/moveit_collision_detection_fcl.dir/src/collision_env_fcl.cpp.o[0m
[47.144s] [ 57%] [32mBuilding CXX object collision_detection_bullet/CMakeFiles/moveit_collision_detection_bullet.dir/src/bullet_integration/bullet_discrete_bvh_manager.cpp.o[0m
[47.144s] [ 58%] [32mBuilding CXX object collision_detection_bullet/CMakeFiles/moveit_collision_detection_bullet.dir/src/bullet_integration/bullet_utils.cpp.o[0m
[47.144s] [ 58%] [32mBuilding CXX object collision_detection_bullet/CMakeFiles/moveit_collision_detection_bullet.dir/src/bullet_integration/bullet_cast_bvh_manager.cpp.o[0m
[47.144s] [ 57%] [32mBuilding CXX object collision_detection_bullet/CMakeFiles/moveit_collision_detection_bullet.dir/src/collision_env_bullet.cpp.o[0m
[47.153s] [ 59%] [32mBuilding CXX object collision_detection_bullet/CMakeFiles/moveit_collision_detection_bullet.dir/src/bullet_integration/bullet_bvh_manager.cpp.o[0m
[48.526s] [ 59%] [32m[1mLinking CXX executable test_robot_trajectory[0m
[48.654s] [ 60%] [32mBuilding CXX object collision_detection_bullet/CMakeFiles/moveit_collision_detection_bullet.dir/src/bullet_integration/contact_checker_common.cpp.o[0m
[48.844s] [ 60%] [32mBuilding CXX object collision_detection_bullet/CMakeFiles/moveit_collision_detection_bullet.dir/src/bullet_integration/ros_bullet_utils.cpp.o[0m
[48.889s] [ 60%] Built target test_robot_trajectory
[49.203s] [ 61%] [32m[1mLinking CXX shared library libmoveit_planning_interface.so[0m
[49.438s] [ 61%] Built target moveit_planning_interface
[51.004s] [ 62%] [32m[1mLinking CXX shared library libmoveit_trajectory_processing.so[0m
[51.248s] [ 62%] Built target moveit_trajectory_processing
[51.281s] [ 63%] [32m[1mLinking CXX shared library libmoveit_kinematics_metrics.so[0m
[51.281s] [ 64%] [32mBuilding CXX object trajectory_processing/CMakeFiles/test_ruckig_traj_smoothing.dir/test/test_ruckig_traj_smoothing.cpp.o[0m
[51.285s] [ 65%] [32mBuilding CXX object trajectory_processing/CMakeFiles/test_time_parameterization.dir/test/test_time_parameterization.cpp.o[0m
[51.285s] [ 65%] [32mBuilding CXX object trajectory_processing/CMakeFiles/test_time_optimal_trajectory_generation.dir/test/test_time_optimal_trajectory_generation.cpp.o[0m
[51.535s] [ 65%] Built target moveit_kinematics_metrics
[52.957s] [ 66%] [32m[1mLinking CXX executable test_world_diff[0m
[53.251s] [ 66%] Built target test_world_diff
[53.969s] [ 66%] [32m[1mLinking CXX executable test_world[0m
[54.165s] [ 66%] Built target test_world
[54.527s] [ 67%] [32m[1mLinking CXX executable test_all_valid[0m
[54.741s] [ 67%] Built target test_all_valid
[55.193s] [ 68%] [32m[1mLinking CXX shared library libmoveit_collision_detection_bullet.so[0m
[55.359s] [ 68%] Built target moveit_collision_detection_bullet
[55.380s] [ 71%] [32mBuilding CXX object collision_detection_bullet/CMakeFiles/test_bullet_collision_detection.dir/test/test_bullet_collision_detection_pr2.cpp.o[0m
[55.380s] [ 71%] [32mBuilding CXX object collision_detection_bullet/CMakeFiles/test_bullet_collision_detection_panda.dir/test/test_bullet_collision_detection_panda.cpp.o[0m
[55.380s] [ 71%] [32mBuilding CXX object collision_detection_bullet/CMakeFiles/test_bullet_continuous_collision_checking.dir/test/test_bullet_continuous_collision_checking.cpp.o[0m
[56.115s] [ 72%] [32m[1mLinking CXX shared library libmoveit_collision_detection_fcl.so[0m
[56.311s] [ 72%] Built target moveit_collision_detection_fcl
[56.334s] [ 74%] [32mBuilding CXX object collision_detection_fcl/CMakeFiles/test_fcl_collision_detection_panda.dir/test/test_fcl_collision_detection_panda.cpp.o[0m
[56.334s] [ 74%] [32mBuilding CXX object collision_detection_fcl/CMakeFiles/test_fcl_collision_detection.dir/test/test_fcl_collision_detection_pr2.cpp.o[0m
[56.334s] [ 75%] [32mBuilding CXX object collision_detection_fcl/CMakeFiles/test_fcl_collision_env.dir/test/test_fcl_env.cpp.o[0m
[56.336s] [ 76%] [32mBuilding CXX object kinematic_constraints/CMakeFiles/moveit_kinematic_constraints.dir/src/utils.cpp.o[0m
[56.337s] [ 76%] [32mBuilding CXX object kinematic_constraints/CMakeFiles/moveit_kinematic_constraints.dir/src/kinematic_constraint.cpp.o[0m
[58.788s] [ 76%] [32m[1mLinking CXX executable test_ruckig_traj_smoothing[0m
[59.028s] [ 76%] Built target test_ruckig_traj_smoothing
[59.036s] [ 77%] [32m[1mLinking CXX executable test_time_parameterization[0m
[59.264s] [ 77%] Built target test_time_parameterization
[59.841s] [ 78%] [32m[1mLinking CXX executable test_time_optimal_trajectory_generation[0m
[60.069s] [ 78%] Built target test_time_optimal_trajectory_generation
[62.917s] [ 78%] [32m[1mLinking CXX executable test_bullet_collision_detection_panda[0m
[63.141s] [ 78%] Built target test_bullet_collision_detection_panda
[63.309s] [ 78%] [32m[1mLinking CXX executable test_bullet_collision_detection[0m
[63.553s] [ 78%] Built target test_bullet_collision_detection
[64.217s] [ 79%] [32m[1mLinking CXX executable test_fcl_collision_env[0m
[64.378s] [ 80%] [32m[1mLinking CXX executable test_bullet_continuous_collision_checking[0m
[64.455s] [ 80%] Built target test_fcl_collision_env
[64.499s] [ 80%] [32m[1mLinking CXX executable test_fcl_collision_detection[0m
[64.608s] [ 80%] Built target test_bullet_continuous_collision_checking
[64.733s] [ 80%] Built target test_fcl_collision_detection
[64.864s] [ 80%] [32m[1mLinking CXX executable test_fcl_collision_detection_panda[0m
[65.072s] [ 80%] Built target test_fcl_collision_detection_panda
[68.039s] [ 81%] [32m[1mLinking CXX shared library libmoveit_kinematic_constraints.so[0m
[68.186s] [ 81%] Built target moveit_kinematic_constraints
[68.208s] [ 82%] [32mBuilding CXX object kinematic_constraints/CMakeFiles/test_orientation_constraints.dir/test/test_orientation_constraints.cpp.o[0m
[68.208s] [ 82%] [32mBuilding CXX object planning_scene/CMakeFiles/moveit_planning_scene.dir/src/planning_scene.cpp.o[0m
[68.208s] [ 82%] [32mBuilding CXX object kinematic_constraints/CMakeFiles/test_constraints.dir/test/test_constraints.cpp.o[0m
[75.218s] [ 83%] [32m[1mLinking CXX executable test_orientation_constraints[0m
[75.431s] [ 83%] Built target test_orientation_constraints
[76.192s] [ 84%] [32m[1mLinking CXX executable test_constraints[0m
[76.398s] [ 84%] Built target test_constraints
[80.548s] [ 84%] [32m[1mLinking CXX shared library libmoveit_planning_scene.so[0m
[80.692s] [ 84%] Built target moveit_planning_scene
[80.719s] [ 90%] [32mBuilding CXX object planning_scene/CMakeFiles/test_planning_scene.dir/test/test_planning_scene.cpp.o[0m
[80.719s] [ 90%] [32mBuilding CXX object collision_distance_field/CMakeFiles/moveit_collision_distance_field.dir/src/collision_common_distance_field.cpp.o[0m
[80.719s] [ 90%] [32mBuilding CXX object planning_scene/CMakeFiles/test_collision_objects.dir/test/test_collision_objects.cpp.o[0m
[80.719s] [ 90%] [32mBuilding CXX object constraint_samplers/CMakeFiles/moveit_constraint_samplers.dir/src/constraint_sampler_manager.cpp.o[0m
[80.719s] [ 90%] [32mBuilding CXX object constraint_samplers/CMakeFiles/moveit_constraint_samplers.dir/src/default_constraint_samplers.cpp.o[0m
[80.719s] [ 90%] [32mBuilding CXX object constraint_samplers/CMakeFiles/moveit_constraint_samplers.dir/src/union_constraint_sampler.cpp.o[0m
[80.719s] [ 90%] [32mBuilding CXX object collision_detection_fcl/CMakeFiles/collision_detector_fcl_plugin.dir/src/collision_detector_fcl_plugin_loader.cpp.o[0m
[80.719s] [ 90%] [32mBuilding CXX object planning_request_adapter/CMakeFiles/moveit_planning_request_adapter.dir/src/planning_request_adapter.cpp.o[0m
[80.720s] [ 90%] [32mBuilding CXX object collision_detection_bullet/CMakeFiles/collision_detector_bullet_plugin.dir/src/collision_detector_bullet_plugin_loader.cpp.o[0m
[80.720s] [ 90%] [32mBuilding CXX object collision_distance_field/CMakeFiles/moveit_collision_distance_field.dir/src/collision_env_distance_field.cpp.o[0m
[80.720s] [ 90%] [32mBuilding CXX object collision_distance_field/CMakeFiles/moveit_collision_distance_field.dir/src/collision_distance_field_types.cpp.o[0m
[80.720s] [ 90%] [32mBuilding CXX object planning_scene/CMakeFiles/test_multi_threaded.dir/test/test_multi_threaded.cpp.o[0m
[80.720s] [ 90%] [32mBuilding CXX object collision_distance_field/CMakeFiles/moveit_collision_distance_field.dir/src/collision_env_hybrid.cpp.o[0m
[80.720s] [ 90%] [32mBuilding CXX object constraint_samplers/CMakeFiles/moveit_constraint_samplers.dir/src/constraint_sampler.cpp.o[0m
[80.720s] [ 90%] [32mBuilding CXX object constraint_samplers/CMakeFiles/moveit_constraint_samplers.dir/src/constraint_sampler_tools.cpp.o[0m
[88.883s] [ 91%] [32m[1mLinking CXX shared library libmoveit_planning_request_adapter.so[0m
[89.104s] [ 91%] Built target moveit_planning_request_adapter
[89.238s] [ 92%] [32m[1mLinking CXX shared library libcollision_detector_bullet_plugin.so[0m
[89.381s] [ 92%] Built target collision_detector_bullet_plugin
[89.928s] [ 93%] [32m[1mLinking CXX executable test_multi_threaded[0m
[89.973s] [ 94%] [32m[1mLinking CXX shared library libcollision_detector_fcl_plugin.so[0m
[90.111s] [ 94%] Built target collision_detector_fcl_plugin
[90.246s] [ 94%] Built target test_multi_threaded
[91.482s] [ 95%] [32m[1mLinking CXX shared library libmoveit_constraint_samplers.so[0m
[91.625s] [ 95%] Built target moveit_constraint_samplers
[91.651s] [ 97%] [32mBuilding CXX object constraint_samplers/CMakeFiles/test_constraint_samplers.dir/test/pr2_arm_ik.cpp.o[0m
[91.651s] [ 97%] [32mBuilding CXX object constraint_samplers/CMakeFiles/test_constraint_samplers.dir/test/pr2_arm_kinematics_plugin.cpp.o[0m
[91.651s] [ 97%] [32mBuilding CXX object constraint_samplers/CMakeFiles/test_constraint_samplers.dir/test/test_constraint_samplers.cpp.o[0m
[92.010s] [ 97%] [32m[1mLinking CXX executable test_collision_objects[0m
[92.229s] [ 97%] Built target test_collision_objects
[94.332s] [ 97%] [32m[1mLinking CXX executable test_planning_scene[0m
[94.408s] [ 98%] [32m[1mLinking CXX shared library libmoveit_collision_distance_field.so[0m
[94.572s] [ 98%] Built target test_planning_scene
[94.578s] [ 98%] Built target moveit_collision_distance_field
[94.604s] [ 99%] [32mBuilding CXX object collision_distance_field/CMakeFiles/test_collision_distance_field.dir/test/test_collision_distance_field.cpp.o[0m
[101.663s] [100%] [32m[1mLinking CXX executable test_constraint_samplers[0m
[101.905s] [100%] Built target test_constraint_samplers
[102.676s] [100%] [32m[1mLinking CXX executable test_collision_distance_field[0m
[102.881s] [100%] Built target test_collision_distance_field
[102.898s] Invoked command in '/home/max/ws_moveit2/build/moveit_core' returned '0': AMENT_PREFIX_PATH=/home/max/ws_moveit2/install/srdfdom:${AMENT_PREFIX_PATH} CMAKE_PREFIX_PATH=/home/max/ws_moveit2/install/moveit_resources_panda_moveit_config:/home/max/ws_moveit2/install/srdfdom:/home/max/ws_moveit2/install/moveit_resources_pr2_description:/home/max/ws_moveit2/install/moveit_resources_panda_description:/home/max/ws_moveit2/install/moveit_common:/home/max/ros2_ws/install/robot_arm_publisher:/home/max/ros2_ws/install/robot_arm_moveit_config:/home/max/ros2_ws/install/robot_arm:/home/max/ros2_ws/install/panda_joint_publisher:/home/max/ros2_ws/install/moveit_joint_publisher:/home/max/ws_moveit2/install/pilz_industrial_motion_planner_testutils:/home/max/ws_moveit2/install/moveit_runtime:/home/max/ws_moveit2/install/moveit:/home/max/ws_moveit2/install/moveit_planners:/home/max/ws_moveit2/install/pilz_industrial_motion_planner:/home/max/ws_moveit2/install/moveit_ros_control_interface:/home/max/ws_moveit2/install/moveit_plugins:/home/max/ws_moveit2/install/moveit_simple_controller_manager:/home/max/ws_moveit2/install/moveit_setup_assistant:/home/max/ws_moveit2/install/moveit_setup_srdf_plugins:/home/max/ws_moveit2/install/moveit_setup_core_plugins:/home/max/ws_moveit2/install/moveit_setup_controllers:/home/max/ws_moveit2/install/moveit_setup_app_plugins:/home/max/ws_moveit2/install/moveit_setup_framework:/home/max/ws_moveit2/install/moveit_servo:/home/max/ws_moveit2/install/moveit_ros:/home/max/ws_moveit2/install/moveit_ros_visualization:/home/max/ws_moveit2/install/moveit_hybrid_planning:/home/max/ws_moveit2/install/moveit_ros_planning_interface:/home/max/ws_moveit2/install/moveit_ros_benchmarks:/home/max/ws_moveit2/install/moveit_ros_warehouse:/home/max/ws_moveit2/install/moveit_ros_robot_interaction:/home/max/ws_moveit2/install/moveit_ros_perception:/home/max/ws_moveit2/install/moveit_resources_prbt_pg70_support:/home/max/ws_moveit2/install/moveit_resources_prbt_moveit_config:/home/max/ws_moveit2/install/moveit_ros_move_group:/home/max/ws_moveit2/install/moveit_planners_ompl:/home/max/ws_moveit2/install/moveit_ros_planning:/home/max/ws_moveit2/install/moveit_ros_occupancy_map_monitor:/home/max/ws_moveit2/install/moveit_resources_prbt_ikfast_manipulator_plugin:/home/max/ws_moveit2/install/moveit_planners_chomp:/home/max/ws_moveit2/install/moveit_kinematics:/home/max/ws_moveit2/install/moveit_chomp_optimizer_adapter:/home/max/ws_moveit2/install/chomp_motion_planner:/home/max/ws_moveit2/install/moveit_core:/home/max/ws_moveit2/install/generate_parameter_library_example:/home/max/ws_moveit2/install/cmake_generate_parameter_module_example:/home/max/ws_moveit2/install/generate_parameter_library:/home/max/ws_moveit2/install/parameter_traits:/home/max/ws_moveit2/install/moveit_resources_prbt_support:/home/max/ws_moveit2/install/moveit_resources:/home/max/ws_moveit2/install/moveit_resources_fanuc_moveit_config:/home/max/ws_moveit2/install/moveit_resources_fanuc_description:/home/max/ws_moveit2/install/moveit_msgs:/home/max/ros2_ws/install/robot_arm_description:/home/max/ws_moveit2/install/generate_parameter_module_example:/home/max/ws_moveit2/install/moveit_configs_utils:/home/max/ws_moveit2/install/generate_parameter_library_py:/opt/ros/humble LD_LIBRARY_PATH=/home/max/ws_moveit2/install/srdfdom/lib:${LD_LIBRARY_PATH} PYTHONPATH=/home/max/ws_moveit2/install/srdfdom/local/lib/python3.10/dist-packages:${PYTHONPATH} /usr/bin/cmake --build /home/max/ws_moveit2/build/moveit_core -- -j16 -l16
[103.048s] Invoking command in '/home/max/ws_moveit2/build/moveit_core': AMENT_PREFIX_PATH=/home/max/ws_moveit2/install/srdfdom:${AMENT_PREFIX_PATH} CMAKE_PREFIX_PATH=/home/max/ws_moveit2/install/moveit_resources_panda_moveit_config:/home/max/ws_moveit2/install/srdfdom:/home/max/ws_moveit2/install/moveit_resources_pr2_description:/home/max/ws_moveit2/install/moveit_resources_panda_description:/home/max/ws_moveit2/install/moveit_common:/home/max/ros2_ws/install/robot_arm_publisher:/home/max/ros2_ws/install/robot_arm_moveit_config:/home/max/ros2_ws/install/robot_arm:/home/max/ros2_ws/install/panda_joint_publisher:/home/max/ros2_ws/install/moveit_joint_publisher:/home/max/ws_moveit2/install/pilz_industrial_motion_planner_testutils:/home/max/ws_moveit2/install/moveit_runtime:/home/max/ws_moveit2/install/moveit:/home/max/ws_moveit2/install/moveit_planners:/home/max/ws_moveit2/install/pilz_industrial_motion_planner:/home/max/ws_moveit2/install/moveit_ros_control_interface:/home/max/ws_moveit2/install/moveit_plugins:/home/max/ws_moveit2/install/moveit_simple_controller_manager:/home/max/ws_moveit2/install/moveit_setup_assistant:/home/max/ws_moveit2/install/moveit_setup_srdf_plugins:/home/max/ws_moveit2/install/moveit_setup_core_plugins:/home/max/ws_moveit2/install/moveit_setup_controllers:/home/max/ws_moveit2/install/moveit_setup_app_plugins:/home/max/ws_moveit2/install/moveit_setup_framework:/home/max/ws_moveit2/install/moveit_servo:/home/max/ws_moveit2/install/moveit_ros:/home/max/ws_moveit2/install/moveit_ros_visualization:/home/max/ws_moveit2/install/moveit_hybrid_planning:/home/max/ws_moveit2/install/moveit_ros_planning_interface:/home/max/ws_moveit2/install/moveit_ros_benchmarks:/home/max/ws_moveit2/install/moveit_ros_warehouse:/home/max/ws_moveit2/install/moveit_ros_robot_interaction:/home/max/ws_moveit2/install/moveit_ros_perception:/home/max/ws_moveit2/install/moveit_resources_prbt_pg70_support:/home/max/ws_moveit2/install/moveit_resources_prbt_moveit_config:/home/max/ws_moveit2/install/moveit_ros_move_group:/home/max/ws_moveit2/install/moveit_planners_ompl:/home/max/ws_moveit2/install/moveit_ros_planning:/home/max/ws_moveit2/install/moveit_ros_occupancy_map_monitor:/home/max/ws_moveit2/install/moveit_resources_prbt_ikfast_manipulator_plugin:/home/max/ws_moveit2/install/moveit_planners_chomp:/home/max/ws_moveit2/install/moveit_kinematics:/home/max/ws_moveit2/install/moveit_chomp_optimizer_adapter:/home/max/ws_moveit2/install/chomp_motion_planner:/home/max/ws_moveit2/install/moveit_core:/home/max/ws_moveit2/install/generate_parameter_library_example:/home/max/ws_moveit2/install/cmake_generate_parameter_module_example:/home/max/ws_moveit2/install/generate_parameter_library:/home/max/ws_moveit2/install/parameter_traits:/home/max/ws_moveit2/install/moveit_resources_prbt_support:/home/max/ws_moveit2/install/moveit_resources:/home/max/ws_moveit2/install/moveit_resources_fanuc_moveit_config:/home/max/ws_moveit2/install/moveit_resources_fanuc_description:/home/max/ws_moveit2/install/moveit_msgs:/home/max/ros2_ws/install/robot_arm_description:/home/max/ws_moveit2/install/generate_parameter_module_example:/home/max/ws_moveit2/install/moveit_configs_utils:/home/max/ws_moveit2/install/generate_parameter_library_py:/opt/ros/humble LD_LIBRARY_PATH=/home/max/ws_moveit2/install/srdfdom/lib:${LD_LIBRARY_PATH} PYTHONPATH=/home/max/ws_moveit2/install/srdfdom/local/lib/python3.10/dist-packages:${PYTHONPATH} /usr/bin/cmake --install /home/max/ws_moveit2/build/moveit_core
[103.055s] -- Install configuration: "Release"
[103.055s] -- Installing: /home/max/ws_moveit2/install/moveit_core/include/moveit/version.h
[103.055s] -- Up-to-date: /home/max/ws_moveit2/install/moveit_core/include
[103.055s] -- Up-to-date: /home/max/ws_moveit2/install/moveit_core/include/moveit
[103.055s] -- Installing: /home/max/ws_moveit2/install/moveit_core/include/moveit/collision_distance_field
[103.055s] -- Installing: /home/max/ws_moveit2/install/moveit_core/include/moveit/collision_distance_field/collision_env_hybrid.h
[103.055s] -- Installing: /home/max/ws_moveit2/install/moveit_core/include/moveit/collision_distance_field/collision_detector_allocator_hybrid.h
[103.055s] -- Installing: /home/max/ws_moveit2/install/moveit_core/include/moveit/collision_distance_field/collision_distance_field_types.h
[103.055s] -- Installing: /home/max/ws_moveit2/install/moveit_core/include/moveit/collision_distance_field/collision_detector_allocator_distance_field.h
[103.055s] -- Installing: /home/max/ws_moveit2/install/moveit_core/include/moveit/collision_distance_field/collision_env_distance_field.h
[103.055s] -- Installing: /home/max/ws_moveit2/install/moveit_core/include/moveit/collision_distance_field/collision_common_distance_field.h
[103.055s] -- Installing: /home/max/ws_moveit2/install/moveit_core/include/moveit_collision_distance_field_export.h
[103.056s] -- Up-to-date: /home/max/ws_moveit2/install/moveit_core/include
[103.056s] -- Up-to-date: /home/max/ws_moveit2/install/moveit_core/include/moveit
[103.056s] -- Installing: /home/max/ws_moveit2/install/moveit_core/include/moveit/constraint_samplers
[103.056s] -- Installing: /home/max/ws_moveit2/install/moveit_core/include/moveit/constraint_samplers/constraint_sampler_tools.h
[103.056s] -- Installing: /home/max/ws_moveit2/install/moveit_core/include/moveit/constraint_samplers/constraint_sampler_manager.h
[103.056s] -- Installing: /home/max/ws_moveit2/install/moveit_core/include/moveit/constraint_samplers/constraint_sampler.h
[103.056s] -- Installing: /home/max/ws_moveit2/install/moveit_core/include/moveit/constraint_samplers/union_constraint_sampler.h
[103.056s] -- Installing: /home/max/ws_moveit2/install/moveit_core/include/moveit/constraint_samplers/constraint_sampler_allocator.h
[103.056s] -- Installing: /home/max/ws_moveit2/install/moveit_core/include/moveit/constraint_samplers/default_constraint_samplers.h
[103.056s] -- Up-to-date: /home/max/ws_moveit2/install/moveit_core/include
[103.056s] -- Up-to-date: /home/max/ws_moveit2/install/moveit_core/include/moveit
[103.056s] -- Installing: /home/max/ws_moveit2/install/moveit_core/include/moveit/controller_manager
[103.056s] -- Installing: /home/max/ws_moveit2/install/moveit_core/include/moveit/controller_manager/controller_manager.h
[103.056s] -- Up-to-date: /home/max/ws_moveit2/install/moveit_core/include
[103.057s] -- Up-to-date: /home/max/ws_moveit2/install/moveit_core/include/moveit
[103.057s] -- Installing: /home/max/ws_moveit2/install/moveit_core/include/moveit/distance_field
[103.057s] -- Installing: /home/max/ws_moveit2/install/moveit_core/include/moveit/distance_field/distance_field.h
[103.057s] -- Installing: /home/max/ws_moveit2/install/moveit_core/include/moveit/distance_field/propagation_distance_field.h
[103.057s] -- Installing: /home/max/ws_moveit2/install/moveit_core/include/moveit/distance_field/find_internal_points.h
[103.057s] -- Installing: /home/max/ws_moveit2/install/moveit_core/include/moveit/distance_field/voxel_grid.h
[103.057s] -- Up-to-date: /home/max/ws_moveit2/install/moveit_core/include
[103.057s] -- Up-to-date: /home/max/ws_moveit2/install/moveit_core/include/moveit
[103.057s] -- Installing: /home/max/ws_moveit2/install/moveit_core/include/moveit/dynamics_solver
[103.057s] -- Installing: /home/max/ws_moveit2/install/moveit_core/include/moveit/dynamics_solver/dynamics_solver.h
[103.057s] -- Up-to-date: /home/max/ws_moveit2/install/moveit_core/include
[103.057s] -- Up-to-date: /home/max/ws_moveit2/install/moveit_core/include/moveit
[103.057s] -- Installing: /home/max/ws_moveit2/install/moveit_core/include/moveit/exceptions
[103.057s] -- Installing: /home/max/ws_moveit2/install/moveit_core/include/moveit/exceptions/exceptions.h
[103.057s] -- Up-to-date: /home/max/ws_moveit2/install/moveit_core/include
[103.057s] -- Up-to-date: /home/max/ws_moveit2/install/moveit_core/include/moveit
[103.057s] -- Installing: /home/max/ws_moveit2/install/moveit_core/include/moveit/kinematics_base
[103.058s] -- Installing: /home/max/ws_moveit2/install/moveit_core/include/moveit/kinematics_base/kinematics_base.h
[103.058s] -- Installing: /home/max/ws_moveit2/install/moveit_core/include/moveit_kinematics_base_export.h
[103.058s] -- Up-to-date: /home/max/ws_moveit2/install/moveit_core/include
[103.058s] -- Up-to-date: /home/max/ws_moveit2/install/moveit_core/include/moveit
[103.058s] -- Installing: /home/max/ws_moveit2/install/moveit_core/include/moveit/kinematic_constraints
[103.058s] -- Installing: /home/max/ws_moveit2/install/moveit_core/include/moveit/kinematic_constraints/utils.h
[103.058s] -- Installing: /home/max/ws_moveit2/install/moveit_core/include/moveit/kinematic_constraints/kinematic_constraint.h
[103.058s] -- Up-to-date: /home/max/ws_moveit2/install/moveit_core/include
[103.058s] -- Up-to-date: /home/max/ws_moveit2/install/moveit_core/include/moveit
[103.058s] -- Installing: /home/max/ws_moveit2/install/moveit_core/include/moveit/kinematics_metrics
[103.058s] -- Installing: /home/max/ws_moveit2/install/moveit_core/include/moveit/kinematics_metrics/kinematics_metrics.h
[103.058s] -- Up-to-date: /home/max/ws_moveit2/install/moveit_core/include
[103.058s] -- Up-to-date: /home/max/ws_moveit2/install/moveit_core/include/moveit
[103.058s] -- Installing: /home/max/ws_moveit2/install/moveit_core/include/moveit/macros
[103.058s] -- Installing: /home/max/ws_moveit2/install/moveit_core/include/moveit/macros/declare_ptr.h
[103.058s] -- Installing: /home/max/ws_moveit2/install/moveit_core/include/moveit/macros/console_colors.h
[103.059s] -- Installing: /home/max/ws_moveit2/install/moveit_core/include/moveit/macros/deprecation.h
[103.059s] -- Installing: /home/max/ws_moveit2/install/moveit_core/include/moveit/macros/class_forward.h
[103.059s] -- Installing: /home/max/ws_moveit2/install/moveit_core/include/moveit_butterworth_parameters
[103.059s] -- Installing: /home/max/ws_moveit2/install/moveit_core/include/moveit_butterworth_parameters/moveit_butterworth_parameters.hpp
[103.059s] -- Up-to-date: /home/max/ws_moveit2/install/moveit_core/include
[103.059s] -- Up-to-date: /home/max/ws_moveit2/install/moveit_core/include/moveit
[103.059s] -- Installing: /home/max/ws_moveit2/install/moveit_core/include/moveit/online_signal_smoothing
[103.059s] -- Installing: /home/max/ws_moveit2/install/moveit_core/include/moveit/online_signal_smoothing/butterworth_filter.h
[103.059s] -- Installing: /home/max/ws_moveit2/install/moveit_core/include/moveit/online_signal_smoothing/smoothing_base_class.h
[103.059s] -- Installing: /home/max/ws_moveit2/install/moveit_core/include/moveit_smoothing_base_export.h
[103.059s] -- Installing: /home/max/ws_moveit2/install/moveit_core/include/moveit_butterworth_filter_export.h
[103.059s] -- Up-to-date: /home/max/ws_moveit2/install/moveit_core/include
[103.059s] -- Up-to-date: /home/max/ws_moveit2/install/moveit_core/include/moveit
[103.059s] -- Installing: /home/max/ws_moveit2/install/moveit_core/include/moveit/planning_interface
[103.059s] -- Installing: /home/max/ws_moveit2/install/moveit_core/include/moveit/planning_interface/planning_request.h
[103.060s] -- Installing: /home/max/ws_moveit2/install/moveit_core/include/moveit/planning_interface/planning_response.h
[103.060s] -- Installing: /home/max/ws_moveit2/install/moveit_core/include/moveit/planning_interface/planning_interface.h
[103.060s] -- Up-to-date: /home/max/ws_moveit2/install/moveit_core/include
[103.060s] -- Up-to-date: /home/max/ws_moveit2/install/moveit_core/include/moveit
[103.060s] -- Installing: /home/max/ws_moveit2/install/moveit_core/include/moveit/planning_request_adapter
[103.060s] -- Installing: /home/max/ws_moveit2/install/moveit_core/include/moveit/planning_request_adapter/planning_request_adapter.h
[103.060s] -- Up-to-date: /home/max/ws_moveit2/install/moveit_core/include
[103.060s] -- Up-to-date: /home/max/ws_moveit2/install/moveit_core/include/moveit
[103.060s] -- Installing: /home/max/ws_moveit2/install/moveit_core/include/moveit/planning_scene
[103.060s] -- Installing: /home/max/ws_moveit2/install/moveit_core/include/moveit/planning_scene/planning_scene.h
[103.060s] -- Installing: /home/max/ws_moveit2/install/moveit_core/include/moveit_planning_scene_export.h
[103.060s] -- Up-to-date: /home/max/ws_moveit2/install/moveit_core/include
[103.060s] -- Up-to-date: /home/max/ws_moveit2/install/moveit_core/include/moveit
[103.060s] -- Installing: /home/max/ws_moveit2/install/moveit_core/include/moveit/robot_model
[103.060s] -- Installing: /home/max/ws_moveit2/install/moveit_core/include/moveit/robot_model/fixed_joint_model.h
[103.060s] -- Installing: /home/max/ws_moveit2/install/moveit_core/include/moveit/robot_model/robot_model.h
[103.061s] -- Installing: /home/max/ws_moveit2/install/moveit_core/include/moveit/robot_model/joint_model.h
[103.061s] -- Installing: /home/max/ws_moveit2/install/moveit_core/include/moveit/robot_model/floating_joint_model.h
[103.061s] -- Installing: /home/max/ws_moveit2/install/moveit_core/include/moveit/robot_model/prismatic_joint_model.h
[103.061s] -- Installing: /home/max/ws_moveit2/install/moveit_core/include/moveit/robot_model/aabb.h
[103.061s] -- Installing: /home/max/ws_moveit2/install/moveit_core/include/moveit/robot_model/link_model.h
[103.061s] -- Installing: /home/max/ws_moveit2/install/moveit_core/include/moveit/robot_model/planar_joint_model.h
[103.061s] -- Installing: /home/max/ws_moveit2/install/moveit_core/include/moveit/robot_model/revolute_joint_model.h
[103.061s] -- Installing: /home/max/ws_moveit2/install/moveit_core/include/moveit/robot_model/joint_model_group.h
[103.061s] -- Up-to-date: /home/max/ws_moveit2/install/moveit_core/include
[103.061s] -- Up-to-date: /home/max/ws_moveit2/install/moveit_core/include/moveit
[103.061s] -- Installing: /home/max/ws_moveit2/install/moveit_core/include/moveit/robot_state
[103.061s] -- Installing: /home/max/ws_moveit2/install/moveit_core/include/moveit/robot_state/conversions.h
[103.061s] -- Installing: /home/max/ws_moveit2/install/moveit_core/include/moveit/robot_state/robot_state.h
[103.062s] -- Installing: /home/max/ws_moveit2/install/moveit_core/include/moveit/robot_state/cartesian_interpolator.h
[103.062s] -- Installing: /home/max/ws_moveit2/install/moveit_core/include/moveit/robot_state/attached_body.h
[103.062s] -- Up-to-date: /home/max/ws_moveit2/install/moveit_core/include
[103.062s] -- Up-to-date: /home/max/ws_moveit2/install/moveit_core/include/moveit
[103.062s] -- Installing: /home/max/ws_moveit2/install/moveit_core/include/moveit/robot_trajectory
[103.062s] -- Installing: /home/max/ws_moveit2/install/moveit_core/include/moveit/robot_trajectory/robot_trajectory.h
[103.062s] -- Up-to-date: /home/max/ws_moveit2/install/moveit_core/include
[103.062s] -- Up-to-date: /home/max/ws_moveit2/install/moveit_core/include/moveit
[103.062s] -- Installing: /home/max/ws_moveit2/install/moveit_core/include/moveit/sensor_manager
[103.062s] -- Installing: /home/max/ws_moveit2/install/moveit_core/include/moveit/sensor_manager/sensor_manager.h
[103.062s] -- Up-to-date: /home/max/ws_moveit2/install/moveit_core/include
[103.062s] -- Up-to-date: /home/max/ws_moveit2/install/moveit_core/include/moveit
[103.062s] -- Installing: /home/max/ws_moveit2/install/moveit_core/include/moveit/trajectory_processing
[103.062s] -- Installing: /home/max/ws_moveit2/install/moveit_core/include/moveit/trajectory_processing/trajectory_tools.h
[103.062s] -- Installing: /home/max/ws_moveit2/install/moveit_core/include/moveit/trajectory_processing/time_optimal_trajectory_generation.h
[103.063s] -- Installing: /home/max/ws_moveit2/install/moveit_core/include/moveit/trajectory_processing/iterative_time_parameterization.h
[103.063s] -- Installing: /home/max/ws_moveit2/install/moveit_core/include/moveit/trajectory_processing/time_parameterization.h
[103.063s] -- Installing: /home/max/ws_moveit2/install/moveit_core/include/moveit/trajectory_processing/ruckig_traj_smoothing.h
[103.063s] -- Installing: /home/max/ws_moveit2/install/moveit_core/include/moveit/trajectory_processing/iterative_spline_parameterization.h
[103.063s] -- Up-to-date: /home/max/ws_moveit2/install/moveit_core/include
[103.063s] -- Up-to-date: /home/max/ws_moveit2/install/moveit_core/include/moveit
[103.063s] -- Installing: /home/max/ws_moveit2/install/moveit_core/include/moveit/transforms
[103.063s] -- Installing: /home/max/ws_moveit2/install/moveit_core/include/moveit/transforms/transforms.h
[103.063s] -- Up-to-date: /home/max/ws_moveit2/install/moveit_core/include
[103.063s] -- Up-to-date: /home/max/ws_moveit2/install/moveit_core/include/moveit
[103.063s] -- Installing: /home/max/ws_moveit2/install/moveit_core/include/moveit/utils
[103.063s] -- Installing: /home/max/ws_moveit2/install/moveit_core/include/moveit/utils/robot_model_test_utils.h
[103.064s] -- Installing: /home/max/ws_moveit2/install/moveit_core/include/moveit/utils/message_checks.h
[103.064s] -- Installing: /home/max/ws_moveit2/install/moveit_core/include/moveit/utils/rclcpp_utils.h
[103.064s] -- Installing: /home/max/ws_moveit2/install/moveit_core/include/moveit/utils/lexical_casts.h
[103.064s] -- Installing: /home/max/ws_moveit2/install/moveit_core/include/moveit/utils/moveit_error_code.h
[103.064s] -- Installing: /home/max/ws_moveit2/install/moveit_core/bin/moveit_version
[103.064s] -- Up-to-date: /home/max/ws_moveit2/install/moveit_core/include
[103.064s] -- Up-to-date: /home/max/ws_moveit2/install/moveit_core/include/moveit
[103.064s] -- Installing: /home/max/ws_moveit2/install/moveit_core/include/moveit/collision_detection
[103.064s] -- Installing: /home/max/ws_moveit2/install/moveit_core/include/moveit/collision_detection/test_collision_common_panda.h
[103.064s] -- Installing: /home/max/ws_moveit2/install/moveit_core/include/moveit/collision_detection/world_diff.h
[103.064s] -- Installing: /home/max/ws_moveit2/install/moveit_core/include/moveit/collision_detection/collision_detector_allocator.h
[103.064s] -- Installing: /home/max/ws_moveit2/install/moveit_core/include/moveit/collision_detection/collision_tools.h
[103.065s] -- Installing: /home/max/ws_moveit2/install/moveit_core/include/moveit/collision_detection/occupancy_map.h
[103.065s] -- Installing: /home/max/ws_moveit2/install/moveit_core/include/moveit/collision_detection/test_collision_common_pr2.h
[103.065s] -- Installing: /home/max/ws_moveit2/install/moveit_core/include/moveit/collision_detection/world.h
[103.065s] -- Installing: /home/max/ws_moveit2/install/moveit_core/include/moveit/collision_detection/collision_matrix.h
[103.065s] -- Installing: /home/max/ws_moveit2/install/moveit_core/include/moveit/collision_detection/collision_env.h
[103.065s] -- Installing: /home/max/ws_moveit2/install/moveit_core/include/moveit/collision_detection/collision_plugin.h
[103.065s] -- Installing: /home/max/ws_moveit2/install/moveit_core/include/moveit/collision_detection/allvalid
[103.065s] -- Installing: /home/max/ws_moveit2/install/moveit_core/include/moveit/collision_detection/allvalid/collision_env_allvalid.h
[103.065s] -- Installing: /home/max/ws_moveit2/install/moveit_core/include/moveit/collision_detection/allvalid/collision_detector_allocator_allvalid.h
[103.065s] -- Installing: /home/max/ws_moveit2/install/moveit_core/include/moveit/collision_detection/collision_common.h
[103.065s] -- Installing: /home/max/ws_moveit2/install/moveit_core/include/moveit/collision_detection/collision_plugin_cache.h
[103.065s] -- Installing: /home/max/ws_moveit2/install/moveit_core/include/moveit/collision_detection/collision_octomap_filter.h
[103.065s] -- Installing: /home/max/ws_moveit2/install/moveit_core/include/moveit_collision_detection_export.h
[103.066s] -- Up-to-date: /home/max/ws_moveit2/install/moveit_core/include
[103.066s] -- Up-to-date: /home/max/ws_moveit2/install/moveit_core/include/moveit
[103.066s] -- Installing: /home/max/ws_moveit2/install/moveit_core/include/moveit/collision_detection_bullet
[103.066s] -- Installing: /home/max/ws_moveit2/install/moveit_core/include/moveit/collision_detection_bullet/collision_detector_bullet_plugin_loader.h
[103.066s] -- Installing: /home/max/ws_moveit2/install/moveit_core/include/moveit/collision_detection_bullet/collision_detector_allocator_bullet.h
[103.066s] -- Installing: /home/max/ws_moveit2/install/moveit_core/include/moveit/collision_detection_bullet/collision_env_bullet.h
[103.066s] -- Installing: /home/max/ws_moveit2/install/moveit_core/include/moveit/collision_detection_bullet/bullet_integration
[103.066s] -- Installing: /home/max/ws_moveit2/install/moveit_core/include/moveit/collision_detection_bullet/bullet_integration/ros_bullet_utils.h
[103.066s] -- Installing: /home/max/ws_moveit2/install/moveit_core/include/moveit/collision_detection_bullet/bullet_integration/bullet_discrete_bvh_manager.h
[103.066s] -- Installing: /home/max/ws_moveit2/install/moveit_core/include/moveit/collision_detection_bullet/bullet_integration/bullet_cast_bvh_manager.h
[103.066s] -- Installing: /home/max/ws_moveit2/install/moveit_core/include/moveit/collision_detection_bullet/bullet_integration/bullet_utils.h
[103.066s] -- Installing: /home/max/ws_moveit2/install/moveit_core/include/moveit/collision_detection_bullet/bullet_integration/basic_types.h
[103.066s] -- Installing: /home/max/ws_moveit2/install/moveit_core/include/moveit/collision_detection_bullet/bullet_integration/contact_checker_common.h
[103.067s] -- Installing: /home/max/ws_moveit2/install/moveit_core/include/moveit/collision_detection_bullet/bullet_integration/bullet_bvh_manager.h
[103.067s] -- Installing: /home/max/ws_moveit2/install/moveit_core/include/moveit_collision_detection_bullet_export.h
[103.067s] -- Up-to-date: /home/max/ws_moveit2/install/moveit_core/include
[103.067s] -- Up-to-date: /home/max/ws_moveit2/install/moveit_core/include/moveit
[103.067s] -- Installing: /home/max/ws_moveit2/install/moveit_core/include/moveit/collision_detection_fcl
[103.067s] -- Installing: /home/max/ws_moveit2/install/moveit_core/include/moveit/collision_detection_fcl/fcl_compat.h
[103.067s] -- Installing: /home/max/ws_moveit2/install/moveit_core/include/moveit/collision_detection_fcl/collision_detector_fcl_plugin_loader.h
[103.067s] -- Installing: /home/max/ws_moveit2/install/moveit_core/include/moveit/collision_detection_fcl/collision_detector_allocator_fcl.h
[103.067s] -- Installing: /home/max/ws_moveit2/install/moveit_core/include/moveit/collision_detection_fcl/collision_common.h
[103.067s] -- Installing: /home/max/ws_moveit2/install/moveit_core/include/moveit/collision_detection_fcl/collision_env_fcl.h
[103.067s] -- Installing: /home/max/ws_moveit2/install/moveit_core/include/moveit_collision_detection_fcl_export.h
[103.067s] -- Installing: /home/max/ws_moveit2/install/moveit_core/lib/libcollision_detector_bullet_plugin.so.2.5.5
[103.068s] -- Set runtime path of "/home/max/ws_moveit2/install/moveit_core/lib/libcollision_detector_bullet_plugin.so.2.5.5" to ""
[103.068s] -- Installing: /home/max/ws_moveit2/install/moveit_core/lib/libcollision_detector_bullet_plugin.so
[103.068s] -- Installing: /home/max/ws_moveit2/install/moveit_core/lib/libmoveit_butterworth_filter.so.2.5.5
[103.068s] -- Set runtime path of "/home/max/ws_moveit2/install/moveit_core/lib/libmoveit_butterworth_filter.so.2.5.5" to ""
[103.068s] -- Installing: /home/max/ws_moveit2/install/moveit_core/lib/libmoveit_butterworth_filter.so
[103.068s] -- Installing: /home/max/ws_moveit2/install/moveit_core/lib/libmoveit_collision_distance_field.so.2.5.5
[103.069s] -- Set runtime path of "/home/max/ws_moveit2/install/moveit_core/lib/libmoveit_collision_distance_field.so.2.5.5" to ""
[103.069s] -- Installing: /home/max/ws_moveit2/install/moveit_core/lib/libmoveit_collision_distance_field.so
[103.069s] -- Installing: /home/max/ws_moveit2/install/moveit_core/lib/libmoveit_collision_detection.so.2.5.5
[103.070s] -- Set runtime path of "/home/max/ws_moveit2/install/moveit_core/lib/libmoveit_collision_detection.so.2.5.5" to ""
[103.070s] -- Installing: /home/max/ws_moveit2/install/moveit_core/lib/libmoveit_collision_detection.so
[103.070s] -- Installing: /home/max/ws_moveit2/install/moveit_core/lib/libmoveit_collision_detection_fcl.so.2.5.5
[103.070s] -- Set runtime path of "/home/max/ws_moveit2/install/moveit_core/lib/libmoveit_collision_detection_fcl.so.2.5.5" to ""
[103.070s] -- Installing: /home/max/ws_moveit2/install/moveit_core/lib/libmoveit_collision_detection_fcl.so
[103.070s] -- Installing: /home/max/ws_moveit2/install/moveit_core/lib/libmoveit_collision_detection_bullet.so.2.5.5
[103.071s] -- Set runtime path of "/home/max/ws_moveit2/install/moveit_core/lib/libmoveit_collision_detection_bullet.so.2.5.5" to ""
[103.071s] -- Installing: /home/max/ws_moveit2/install/moveit_core/lib/libmoveit_collision_detection_bullet.so
[103.071s] -- Installing: /home/max/ws_moveit2/install/moveit_core/lib/libmoveit_dynamics_solver.so.2.5.5
[103.071s] -- Set runtime path of "/home/max/ws_moveit2/install/moveit_core/lib/libmoveit_dynamics_solver.so.2.5.5" to ""
[103.071s] -- Installing: /home/max/ws_moveit2/install/moveit_core/lib/libmoveit_dynamics_solver.so
[103.071s] -- Installing: /home/max/ws_moveit2/install/moveit_core/lib/libmoveit_constraint_samplers.so.2.5.5
[103.072s] -- Set runtime path of "/home/max/ws_moveit2/install/moveit_core/lib/libmoveit_constraint_samplers.so.2.5.5" to ""
[103.072s] -- Installing: /home/max/ws_moveit2/install/moveit_core/lib/libmoveit_constraint_samplers.so
[103.072s] -- Installing: /home/max/ws_moveit2/install/moveit_core/lib/libmoveit_distance_field.so.2.5.5
[103.072s] -- Set runtime path of "/home/max/ws_moveit2/install/moveit_core/lib/libmoveit_distance_field.so.2.5.5" to ""
[103.072s] -- Installing: /home/max/ws_moveit2/install/moveit_core/lib/libmoveit_distance_field.so
[103.072s] -- Installing: /home/max/ws_moveit2/install/moveit_core/lib/libmoveit_exceptions.so.2.5.5
[103.072s] -- Set runtime path of "/home/max/ws_moveit2/install/moveit_core/lib/libmoveit_exceptions.so.2.5.5" to ""
[103.073s] -- Installing: /home/max/ws_moveit2/install/moveit_core/lib/libmoveit_exceptions.so
[103.073s] -- Installing: /home/max/ws_moveit2/install/moveit_core/lib/libmoveit_kinematics_base.so
[103.073s] -- Set runtime path of "/home/max/ws_moveit2/install/moveit_core/lib/libmoveit_kinematics_base.so" to ""
[103.073s] -- Installing: /home/max/ws_moveit2/install/moveit_core/lib/libmoveit_kinematic_constraints.so.2.5.5
[103.073s] -- Set runtime path of "/home/max/ws_moveit2/install/moveit_core/lib/libmoveit_kinematic_constraints.so.2.5.5" to ""
[103.073s] -- Installing: /home/max/ws_moveit2/install/moveit_core/lib/libmoveit_kinematic_constraints.so
[103.073s] -- Installing: /home/max/ws_moveit2/install/moveit_core/lib/libmoveit_kinematics_metrics.so.2.5.5
[103.074s] -- Set runtime path of "/home/max/ws_moveit2/install/moveit_core/lib/libmoveit_kinematics_metrics.so.2.5.5" to ""
[103.074s] -- Installing: /home/max/ws_moveit2/install/moveit_core/lib/libmoveit_kinematics_metrics.so
[103.074s] -- Installing: /home/max/ws_moveit2/install/moveit_core/lib/libmoveit_planning_interface.so.2.5.5
[103.074s] -- Set runtime path of "/home/max/ws_moveit2/install/moveit_core/lib/libmoveit_planning_interface.so.2.5.5" to ""
[103.074s] -- Installing: /home/max/ws_moveit2/install/moveit_core/lib/libmoveit_planning_interface.so
[103.074s] -- Installing: /home/max/ws_moveit2/install/moveit_core/lib/libmoveit_planning_scene.so.2.5.5
[103.075s] -- Set runtime path of "/home/max/ws_moveit2/install/moveit_core/lib/libmoveit_planning_scene.so.2.5.5" to ""
[103.075s] -- Installing: /home/max/ws_moveit2/install/moveit_core/lib/libmoveit_planning_scene.so
[103.075s] -- Installing: /home/max/ws_moveit2/install/moveit_core/lib/libmoveit_planning_request_adapter.so.2.5.5
[103.075s] -- Set runtime path of "/home/max/ws_moveit2/install/moveit_core/lib/libmoveit_planning_request_adapter.so.2.5.5" to ""
[103.075s] -- Installing: /home/max/ws_moveit2/install/moveit_core/lib/libmoveit_planning_request_adapter.so
[103.075s] -- Installing: /home/max/ws_moveit2/install/moveit_core/lib/libmoveit_robot_model.so.2.5.5
[103.076s] -- Set runtime path of "/home/max/ws_moveit2/install/moveit_core/lib/libmoveit_robot_model.so.2.5.5" to ""
[103.076s] -- Installing: /home/max/ws_moveit2/install/moveit_core/lib/libmoveit_robot_model.so
[103.076s] -- Installing: /home/max/ws_moveit2/install/moveit_core/lib/libmoveit_robot_state.so.2.5.5
[103.076s] -- Set runtime path of "/home/max/ws_moveit2/install/moveit_core/lib/libmoveit_robot_state.so.2.5.5" to ""
[103.077s] -- Installing: /home/max/ws_moveit2/install/moveit_core/lib/libmoveit_robot_state.so
[103.077s] -- Installing: /home/max/ws_moveit2/install/moveit_core/lib/libmoveit_robot_trajectory.so.2.5.5
[103.077s] -- Set runtime path of "/home/max/ws_moveit2/install/moveit_core/lib/libmoveit_robot_trajectory.so.2.5.5" to ""
[103.077s] -- Installing: /home/max/ws_moveit2/install/moveit_core/lib/libmoveit_robot_trajectory.so
[103.077s] -- Installing: /home/max/ws_moveit2/install/moveit_core/lib/libmoveit_smoothing_base.so.2.5.5
[103.077s] -- Set runtime path of "/home/max/ws_moveit2/install/moveit_core/lib/libmoveit_smoothing_base.so.2.5.5" to ""
[103.077s] -- Installing: /home/max/ws_moveit2/install/moveit_core/lib/libmoveit_smoothing_base.so
[103.077s] -- Installing: /home/max/ws_moveit2/install/moveit_core/lib/libmoveit_test_utils.so.2.5.5
[103.078s] -- Set runtime path of "/home/max/ws_moveit2/install/moveit_core/lib/libmoveit_test_utils.so.2.5.5" to ""
[103.078s] -- Installing: /home/max/ws_moveit2/install/moveit_core/lib/libmoveit_test_utils.so
[103.078s] -- Installing: /home/max/ws_moveit2/install/moveit_core/lib/libmoveit_trajectory_processing.so.2.5.5
[103.078s] -- Set runtime path of "/home/max/ws_moveit2/install/moveit_core/lib/libmoveit_trajectory_processing.so.2.5.5" to ""
[103.078s] -- Installing: /home/max/ws_moveit2/install/moveit_core/lib/libmoveit_trajectory_processing.so
[103.078s] -- Installing: /home/max/ws_moveit2/install/moveit_core/lib/libmoveit_transforms.so.2.5.5
[103.078s] -- Set runtime path of "/home/max/ws_moveit2/install/moveit_core/lib/libmoveit_transforms.so.2.5.5" to ""
[103.079s] -- Installing: /home/max/ws_moveit2/install/moveit_core/lib/libmoveit_transforms.so
[103.079s] -- Installing: /home/max/ws_moveit2/install/moveit_core/lib/libmoveit_utils.so.2.5.5
[103.079s] -- Set runtime path of "/home/max/ws_moveit2/install/moveit_core/lib/libmoveit_utils.so.2.5.5" to ""
[103.079s] -- Installing: /home/max/ws_moveit2/install/moveit_core/lib/libmoveit_utils.so
[103.079s] -- Installing: /home/max/ws_moveit2/install/moveit_core/share/moveit_core/environment/library_path.sh
[103.079s] -- Installing: /home/max/ws_moveit2/install/moveit_core/share/moveit_core/environment/library_path.dsv
[103.079s] -- Installing: /home/max/ws_moveit2/install/moveit_core/share/moveit_core/collision_detector_fcl_description.xml
[103.079s] -- Installing: /home/max/ws_moveit2/install/moveit_core/share/moveit_core/collision_detector_bullet_description.xml
[103.079s] -- Installing: /home/max/ws_moveit2/install/moveit_core/share/moveit_core/filter_plugin_butterworth.xml
[103.079s] -- Installing: /home/max/ws_moveit2/install/moveit_core/share/ament_index/resource_index/package_run_dependencies/moveit_core
[103.079s] -- Installing: /home/max/ws_moveit2/install/moveit_core/share/ament_index/resource_index/parent_prefix_path/moveit_core
[103.080s] -- Installing: /home/max/ws_moveit2/install/moveit_core/share/moveit_core/environment/ament_prefix_path.sh
[103.080s] -- Installing: /home/max/ws_moveit2/install/moveit_core/share/moveit_core/environment/ament_prefix_path.dsv
[103.080s] -- Installing: /home/max/ws_moveit2/install/moveit_core/share/moveit_core/environment/path.sh
[103.080s] -- Installing: /home/max/ws_moveit2/install/moveit_core/share/moveit_core/environment/path.dsv
[103.080s] -- Installing: /home/max/ws_moveit2/install/moveit_core/share/moveit_core/local_setup.bash
[103.080s] -- Installing: /home/max/ws_moveit2/install/moveit_core/share/moveit_core/local_setup.sh
[103.080s] -- Installing: /home/max/ws_moveit2/install/moveit_core/share/moveit_core/local_setup.zsh
[103.080s] -- Installing: /home/max/ws_moveit2/install/moveit_core/share/moveit_core/local_setup.dsv
[103.080s] -- Installing: /home/max/ws_moveit2/install/moveit_core/share/moveit_core/package.dsv
[103.080s] -- Installing: /home/max/ws_moveit2/install/moveit_core/share/ament_index/resource_index/packages/moveit_core
[103.080s] -- Installing: /home/max/ws_moveit2/install/moveit_core/share/ament_index/resource_index/moveit_core__pluginlib__plugin/moveit_core
[103.081s] -- Installing: /home/max/ws_moveit2/install/moveit_core/share/moveit_core/cmake/export_moveit_coreExport.cmake
[103.081s] -- Installing: /home/max/ws_moveit2/install/moveit_core/share/moveit_core/cmake/export_moveit_coreExport-release.cmake
[103.081s] -- Installing: /home/max/ws_moveit2/install/moveit_core/share/moveit_core/cmake/ConfigExtras.cmake
[103.081s] -- Installing: /home/max/ws_moveit2/install/moveit_core/share/moveit_core/cmake/ament_cmake_export_targets-extras.cmake
[103.081s] -- Installing: /home/max/ws_moveit2/install/moveit_core/share/moveit_core/cmake/ament_cmake_export_dependencies-extras.cmake
[103.081s] -- Installing: /home/max/ws_moveit2/install/moveit_core/share/moveit_core/cmake/moveit_coreConfig.cmake
[103.081s] -- Installing: /home/max/ws_moveit2/install/moveit_core/share/moveit_core/cmake/moveit_coreConfig-version.cmake
[103.081s] -- Installing: /home/max/ws_moveit2/install/moveit_core/share/moveit_core/package.xml
[103.083s] Invoked command in '/home/max/ws_moveit2/build/moveit_core' returned '0': AMENT_PREFIX_PATH=/home/max/ws_moveit2/install/srdfdom:${AMENT_PREFIX_PATH} CMAKE_PREFIX_PATH=/home/max/ws_moveit2/install/moveit_resources_panda_moveit_config:/home/max/ws_moveit2/install/srdfdom:/home/max/ws_moveit2/install/moveit_resources_pr2_description:/home/max/ws_moveit2/install/moveit_resources_panda_description:/home/max/ws_moveit2/install/moveit_common:/home/max/ros2_ws/install/robot_arm_publisher:/home/max/ros2_ws/install/robot_arm_moveit_config:/home/max/ros2_ws/install/robot_arm:/home/max/ros2_ws/install/panda_joint_publisher:/home/max/ros2_ws/install/moveit_joint_publisher:/home/max/ws_moveit2/install/pilz_industrial_motion_planner_testutils:/home/max/ws_moveit2/install/moveit_runtime:/home/max/ws_moveit2/install/moveit:/home/max/ws_moveit2/install/moveit_planners:/home/max/ws_moveit2/install/pilz_industrial_motion_planner:/home/max/ws_moveit2/install/moveit_ros_control_interface:/home/max/ws_moveit2/install/moveit_plugins:/home/max/ws_moveit2/install/moveit_simple_controller_manager:/home/max/ws_moveit2/install/moveit_setup_assistant:/home/max/ws_moveit2/install/moveit_setup_srdf_plugins:/home/max/ws_moveit2/install/moveit_setup_core_plugins:/home/max/ws_moveit2/install/moveit_setup_controllers:/home/max/ws_moveit2/install/moveit_setup_app_plugins:/home/max/ws_moveit2/install/moveit_setup_framework:/home/max/ws_moveit2/install/moveit_servo:/home/max/ws_moveit2/install/moveit_ros:/home/max/ws_moveit2/install/moveit_ros_visualization:/home/max/ws_moveit2/install/moveit_hybrid_planning:/home/max/ws_moveit2/install/moveit_ros_planning_interface:/home/max/ws_moveit2/install/moveit_ros_benchmarks:/home/max/ws_moveit2/install/moveit_ros_warehouse:/home/max/ws_moveit2/install/moveit_ros_robot_interaction:/home/max/ws_moveit2/install/moveit_ros_perception:/home/max/ws_moveit2/install/moveit_resources_prbt_pg70_support:/home/max/ws_moveit2/install/moveit_resources_prbt_moveit_config:/home/max/ws_moveit2/install/moveit_ros_move_group:/home/max/ws_moveit2/install/moveit_planners_ompl:/home/max/ws_moveit2/install/moveit_ros_planning:/home/max/ws_moveit2/install/moveit_ros_occupancy_map_monitor:/home/max/ws_moveit2/install/moveit_resources_prbt_ikfast_manipulator_plugin:/home/max/ws_moveit2/install/moveit_planners_chomp:/home/max/ws_moveit2/install/moveit_kinematics:/home/max/ws_moveit2/install/moveit_chomp_optimizer_adapter:/home/max/ws_moveit2/install/chomp_motion_planner:/home/max/ws_moveit2/install/moveit_core:/home/max/ws_moveit2/install/generate_parameter_library_example:/home/max/ws_moveit2/install/cmake_generate_parameter_module_example:/home/max/ws_moveit2/install/generate_parameter_library:/home/max/ws_moveit2/install/parameter_traits:/home/max/ws_moveit2/install/moveit_resources_prbt_support:/home/max/ws_moveit2/install/moveit_resources:/home/max/ws_moveit2/install/moveit_resources_fanuc_moveit_config:/home/max/ws_moveit2/install/moveit_resources_fanuc_description:/home/max/ws_moveit2/install/moveit_msgs:/home/max/ros2_ws/install/robot_arm_description:/home/max/ws_moveit2/install/generate_parameter_module_example:/home/max/ws_moveit2/install/moveit_configs_utils:/home/max/ws_moveit2/install/generate_parameter_library_py:/opt/ros/humble LD_LIBRARY_PATH=/home/max/ws_moveit2/install/srdfdom/lib:${LD_LIBRARY_PATH} PYTHONPATH=/home/max/ws_moveit2/install/srdfdom/local/lib/python3.10/dist-packages:${PYTHONPATH} /usr/bin/cmake --install /home/max/ws_moveit2/build/moveit_core
