[0.025s] Invoking command in '/home/max/ws_moveit2/build/moveit_ros_planning': AMENT_PREFIX_PATH=/home/max/ws_moveit2/install/srdfdom:${AMENT_PREFIX_PATH} CMAKE_PREFIX_PATH=/home/max/ws_moveit2/install/moveit_ros_occupancy_map_monitor:/home/max/ws_moveit2/install/moveit_core:/home/max/ws_moveit2/install/moveit_resources_panda_moveit_config:/home/max/ws_moveit2/install/srdfdom:/home/max/ws_moveit2/install/moveit_resources_pr2_description:/home/max/ws_moveit2/install/moveit_resources_panda_description:/home/max/ws_moveit2/install/moveit_common:/home/max/ros2_ws/install/robot_arm_publisher:/home/max/ros2_ws/install/robot_arm_moveit_config:/home/max/ros2_ws/install/robot_arm:/home/max/ros2_ws/install/panda_joint_publisher:/home/max/ros2_ws/install/moveit_joint_publisher:/home/max/ws_moveit2/install/pilz_industrial_motion_planner_testutils:/home/max/ws_moveit2/install/moveit_runtime:/home/max/ws_moveit2/install/moveit:/home/max/ws_moveit2/install/moveit_planners:/home/max/ws_moveit2/install/pilz_industrial_motion_planner:/home/max/ws_moveit2/install/moveit_ros_control_interface:/home/max/ws_moveit2/install/moveit_plugins:/home/max/ws_moveit2/install/moveit_simple_controller_manager:/home/max/ws_moveit2/install/moveit_setup_assistant:/home/max/ws_moveit2/install/moveit_setup_srdf_plugins:/home/max/ws_moveit2/install/moveit_setup_core_plugins:/home/max/ws_moveit2/install/moveit_setup_controllers:/home/max/ws_moveit2/install/moveit_setup_app_plugins:/home/max/ws_moveit2/install/moveit_setup_framework:/home/max/ws_moveit2/install/moveit_servo:/home/max/ws_moveit2/install/moveit_ros:/home/max/ws_moveit2/install/moveit_ros_visualization:/home/max/ws_moveit2/install/moveit_hybrid_planning:/home/max/ws_moveit2/install/moveit_ros_planning_interface:/home/max/ws_moveit2/install/moveit_ros_benchmarks:/home/max/ws_moveit2/install/moveit_ros_warehouse:/home/max/ws_moveit2/install/moveit_ros_robot_interaction:/home/max/ws_moveit2/install/moveit_ros_perception:/home/max/ws_moveit2/install/moveit_resources_prbt_pg70_support:/home/max/ws_moveit2/install/moveit_resources_prbt_moveit_config:/home/max/ws_moveit2/install/moveit_ros_move_group:/home/max/ws_moveit2/install/moveit_planners_ompl:/home/max/ws_moveit2/install/moveit_ros_planning:/home/max/ws_moveit2/install/moveit_resources_prbt_ikfast_manipulator_plugin:/home/max/ws_moveit2/install/moveit_planners_chomp:/home/max/ws_moveit2/install/moveit_kinematics:/home/max/ws_moveit2/install/moveit_chomp_optimizer_adapter:/home/max/ws_moveit2/install/chomp_motion_planner:/home/max/ws_moveit2/install/generate_parameter_library_example:/home/max/ws_moveit2/install/cmake_generate_parameter_module_example:/home/max/ws_moveit2/install/generate_parameter_library:/home/max/ws_moveit2/install/parameter_traits:/home/max/ws_moveit2/install/moveit_resources_prbt_support:/home/max/ws_moveit2/install/moveit_resources:/home/max/ws_moveit2/install/moveit_resources_fanuc_moveit_config:/home/max/ws_moveit2/install/moveit_resources_fanuc_description:/home/max/ws_moveit2/install/moveit_msgs:/home/max/ros2_ws/install/robot_arm_description:/home/max/ws_moveit2/install/generate_parameter_module_example:/home/max/ws_moveit2/install/moveit_configs_utils:/home/max/ws_moveit2/install/generate_parameter_library_py:/opt/ros/humble LD_LIBRARY_PATH=/home/max/ws_moveit2/install/moveit_ros_occupancy_map_monitor/lib:/home/max/ws_moveit2/install/moveit_core/lib:/home/max/ws_moveit2/install/srdfdom/lib:/home/max/ws_moveit2/install/pilz_industrial_motion_planner_testutils/lib:/home/max/ws_moveit2/install/pilz_industrial_motion_planner/lib:/home/max/ws_moveit2/install/moveit_ros_control_interface/lib:/home/max/ws_moveit2/install/moveit_simple_controller_manager/lib:/home/max/ws_moveit2/install/moveit_setup_assistant/lib:/home/max/ws_moveit2/install/moveit_setup_srdf_plugins/lib:/home/max/ws_moveit2/install/moveit_setup_core_plugins/lib:/home/max/ws_moveit2/install/moveit_setup_controllers/lib:/home/max/ws_moveit2/install/moveit_setup_app_plugins/lib:/home/max/ws_moveit2/install/moveit_setup_framework/lib:/home/max/ws_moveit2/install/moveit_servo/lib:/home/max/ws_moveit2/install/moveit_ros_visualization/lib:/home/max/ws_moveit2/install/moveit_hybrid_planning/lib:/home/max/ws_moveit2/install/moveit_ros_planning_interface/lib:/home/max/ws_moveit2/install/moveit_ros_benchmarks/lib:/home/max/ws_moveit2/install/moveit_ros_warehouse/lib:/home/max/ws_moveit2/install/moveit_ros_robot_interaction/lib:/home/max/ws_moveit2/install/moveit_ros_perception/lib:/home/max/ws_moveit2/install/moveit_ros_move_group/lib:/home/max/ws_moveit2/install/moveit_planners_ompl/lib:/home/max/ws_moveit2/install/moveit_ros_planning/lib:/home/max/ws_moveit2/install/moveit_resources_prbt_ikfast_manipulator_plugin/lib:/home/max/ws_moveit2/install/moveit_planners_chomp/lib:/home/max/ws_moveit2/install/moveit_kinematics/lib:/home/max/ws_moveit2/install/moveit_chomp_optimizer_adapter/lib:/home/max/ws_moveit2/install/chomp_motion_planner/lib:/home/max/ws_moveit2/install/generate_parameter_library_example/lib:/home/max/ws_moveit2/install/parameter_traits/lib:/home/max/ws_moveit2/install/moveit_msgs/lib:/usr/lib/x86_64-linux-gnu/gazebo-11/plugins:/opt/ros/humble/opt/rviz_ogre_vendor/lib:/opt/ros/humble/lib/x86_64-linux-gnu:/opt/ros/humble/lib PYTHONPATH=/home/max/ws_moveit2/install/srdfdom/local/lib/python3.10/dist-packages:${PYTHONPATH} /usr/bin/cmake /home/max/ws_moveit2/src/moveit2/moveit_ros/planning -DCMAKE_BUILD_TYPE=Release -DCMAKE_INSTALL_PREFIX=/home/max/ws_moveit2/install/moveit_ros_planning
[0.083s] -- The C compiler identification is GNU 11.4.0
[0.131s] -- The CXX compiler identification is GNU 11.4.0
[0.138s] -- Detecting C compiler ABI info
[0.210s] -- Detecting C compiler ABI info - done
[0.214s] -- Check for working C compiler: /usr/bin/cc - skipped
[0.214s] -- Detecting C compile features
[0.214s] -- Detecting C compile features - done
[0.216s] -- Detecting CXX compiler ABI info
[0.294s] -- Detecting CXX compiler ABI info - done
[0.298s] -- Check for working CXX compiler: /usr/bin/c++ - skipped
[0.298s] -- Detecting CXX compile features
[0.299s] -- Detecting CXX compile features - done
[0.300s] -- Found moveit_common: 2.5.5 (/home/max/ws_moveit2/install/moveit_common/share/moveit_common/cmake)
[0.302s] -- Found ament_cmake: 1.3.10 (/opt/ros/humble/share/ament_cmake/cmake)
[0.422s] -- Found Python3: /usr/bin/python3 (found version "3.10.12") found components: Interpreter 
[0.541s] -- Found moveit_msgs: 2.2.1 (/opt/ros/humble/share/moveit_msgs/cmake)
[0.576s] -- Found rosidl_generator_c: 3.1.5 (/opt/ros/humble/share/rosidl_generator_c/cmake)
[0.583s] -- Found rosidl_adapter: 3.1.5 (/opt/ros/humble/share/rosidl_adapter/cmake)
[0.591s] -- Found rosidl_generator_cpp: 3.1.5 (/opt/ros/humble/share/rosidl_generator_cpp/cmake)
[0.602s] -- Using all available rosidl_typesupport_c: rosidl_typesupport_fastrtps_c;rosidl_typesupport_introspection_c
[0.616s] -- Using all available rosidl_typesupport_cpp: rosidl_typesupport_fastrtps_cpp;rosidl_typesupport_introspection_cpp
[0.738s] -- Found pluginlib: 5.1.0 (/opt/ros/humble/share/pluginlib/cmake)
[0.765s] -- Found rclcpp: 16.0.10 (/opt/ros/humble/share/rclcpp/cmake)
[0.802s] -- Found rmw_implementation_cmake: 6.1.2 (/opt/ros/humble/share/rmw_implementation_cmake/cmake)
[0.806s] -- Found rmw_fastrtps_cpp: 6.2.7 (/opt/ros/humble/share/rmw_fastrtps_cpp/cmake)
[0.828s] -- Found TinyXML2 via Config file: TinyXML2_DIR-NOTFOUND
[0.911s] -- Found OpenSSL: /usr/lib/x86_64-linux-gnu/libcrypto.so (found version "3.0.2")  
[0.913s] -- Found TinyXML2 via Config file: TinyXML2_DIR-NOTFOUND
[0.927s] -- Found FastRTPS: /opt/ros/humble/include  
[0.928s] -- Found TinyXML2 via Config file: TinyXML2_DIR-NOTFOUND
[0.936s] -- Found TinyXML2 via Config file: TinyXML2_DIR-NOTFOUND
[0.947s] -- Using RMW implementation 'rmw_fastrtps_cpp' as default
[0.956s] -- Looking for pthread.h
[1.036s] -- Looking for pthread.h - found
[1.036s] -- Performing Test CMAKE_HAVE_LIBC_PTHREAD
[1.112s] -- Performing Test CMAKE_HAVE_LIBC_PTHREAD - Success
[1.113s] -- Found Threads: TRUE  
[1.141s] -- Found message_filters: 4.3.5 (/opt/ros/humble/share/message_filters/cmake)
[1.143s] -- Found srdfdom: 2.0.4 (/home/max/ws_moveit2/install/srdfdom/share/srdfdom/cmake)
[1.157s] -- Found tf2: 0.25.8 (/opt/ros/humble/share/tf2/cmake)
[1.160s] -- Found tf2_geometry_msgs: 0.25.8 (/opt/ros/humble/share/tf2_geometry_msgs/cmake)
[1.176s] -- Found eigen3_cmake_module: 0.1.1 (/opt/ros/humble/share/eigen3_cmake_module/cmake)
[1.177s] -- Found Eigen3: TRUE (found version "3.4.0") 
[1.177s] -- Ensuring Eigen3 include directory is part of orocos-kdl CMake target
[1.225s] -- Found tf2_eigen: 0.25.8 (/opt/ros/humble/share/tf2_eigen/cmake)
[1.227s] -- Found moveit_core: 2.5.5 (/home/max/ws_moveit2/install/moveit_core/share/moveit_core/cmake)
[1.262s] -- Found Boost: /usr/lib/x86_64-linux-gnu/cmake/Boost-1.74.0/BoostConfig.cmake (found version "1.74.0") found components: chrono date_time filesystem iostreams program_options regex serialization system thread 
[1.303s] -- Found parameter_traits: 0.3.8 (/opt/ros/humble/share/parameter_traits/cmake)
[1.317s] -- Found rclcpp_lifecycle: 16.0.10 (/opt/ros/humble/share/rclcpp_lifecycle/cmake)
[1.337s] -- Found Boost: /usr/lib/x86_64-linux-gnu/cmake/Boost-1.74.0/BoostConfig.cmake (found version "1.74.0") found components: filesystem 
[1.449s] -- library: /usr/lib/x86_64-linux-gnu/libcurl.so
[1.484s] -- Found moveit_ros_occupancy_map_monitor: 2.5.5 (/home/max/ws_moveit2/install/moveit_ros_occupancy_map_monitor/share/moveit_ros_occupancy_map_monitor/cmake)
[1.494s] -- Found Boost: /usr/lib/x86_64-linux-gnu/cmake/Boost-1.74.0/BoostConfig.cmake (found version "1.74.0") found components: system filesystem date_time program_options thread chrono 
[1.550s] -- Performing Test COMPILER_HAS_HIDDEN_VISIBILITY
[1.631s] -- Performing Test COMPILER_HAS_HIDDEN_VISIBILITY - Success
[1.631s] -- Performing Test COMPILER_HAS_HIDDEN_INLINE_VISIBILITY
[1.710s] -- Performing Test COMPILER_HAS_HIDDEN_INLINE_VISIBILITY - Success
[1.710s] -- Performing Test COMPILER_HAS_DEPRECATED_ATTR
[1.788s] -- Performing Test COMPILER_HAS_DEPRECATED_ATTR - Success
[1.841s] -- Found ament_cmake_gtest: 1.3.10 (/opt/ros/humble/share/ament_cmake_gtest/cmake)
[1.843s] -- Found ament_cmake_gmock: 1.3.10 (/opt/ros/humble/share/ament_cmake_gmock/cmake)
[1.845s] -- Found gmock sources under '/opt/ros/humble/src/gmock_vendor': C++ tests using 'Google Mock' will be built
[1.849s] -- Found gtest sources under '/opt/ros/humble/src/gtest_vendor': C++ tests using 'Google Test' will be built
[1.902s] -- Found ament_lint_auto: 0.12.11 (/opt/ros/humble/share/ament_lint_auto/cmake)
[1.920s] -- Found launch_testing_ament_cmake: 1.0.6 (/opt/ros/humble/share/launch_testing_ament_cmake/cmake)
[1.923s] -- Found python_cmake_module: 0.10.0 (/opt/ros/humble/share/python_cmake_module/cmake)
[1.939s] -- Found PythonInterp: /usr/bin/python3 (found suitable version "3.10.12", minimum required is "3.6") 
[1.944s] -- Found PythonLibs: /usr/lib/x86_64-linux-gnu/libpython3.10.so (found suitable version "3.10.12", minimum required is "3.5") 
[1.944s] -- Using PYTHON_EXECUTABLE: /usr/bin/python3
[1.944s] -- Using PYTHON_INCLUDE_DIRS: /usr/include/python3.10
[1.944s] -- Using PYTHON_LIBRARIES: /usr/lib/x86_64-linux-gnu/libpython3.10.so
[1.961s] -- Found PythonExtra: .so  
[1.971s] -- Added test 'cppcheck' to perform static code analysis on C / C++ code
[1.971s] -- Configured cppcheck include dirs: /home/max/ws_moveit2/src/moveit2/moveit_ros/planning/rdf_loader/include;/home/max/ws_moveit2/src/moveit2/moveit_ros/planning/kinematics_plugin_loader/include;/home/max/ws_moveit2/src/moveit2/moveit_ros/planning/robot_model_loader/include;/home/max/ws_moveit2/src/moveit2/moveit_ros/planning/constraint_sampler_manager_loader/include;/home/max/ws_moveit2/src/moveit2/moveit_ros/planning/planning_pipeline/include;/home/max/ws_moveit2/src/moveit2/moveit_ros/planning/planning_scene_monitor/include;/home/max/ws_moveit2/src/moveit2/moveit_ros/planning/trajectory_execution_manager/include;/home/max/ws_moveit2/src/moveit2/moveit_ros/planning/plan_execution/include;/home/max/ws_moveit2/src/moveit2/moveit_ros/planning/collision_plugin_loader/include;/home/max/ws_moveit2/src/moveit2/moveit_ros/planning/moveit_cpp/include
[1.971s] -- Configured cppcheck exclude dirs and/or files: 
[1.973s] -- Added test 'lint_cmake' to check CMake code style
[1.975s] -- Added test 'pep257' to check Python code against some of the docstring style conventions in PEP 257
[1.977s] -- Added test 'xmllint' to check XML markup files
[1.979s] -- Configuring done
[2.212s] -- Generating done
[2.215s] -- Build files have been written to: /home/max/ws_moveit2/build/moveit_ros_planning
[2.238s] Invoked command in '/home/max/ws_moveit2/build/moveit_ros_planning' returned '0': AMENT_PREFIX_PATH=/home/max/ws_moveit2/install/srdfdom:${AMENT_PREFIX_PATH} CMAKE_PREFIX_PATH=/home/max/ws_moveit2/install/moveit_ros_occupancy_map_monitor:/home/max/ws_moveit2/install/moveit_core:/home/max/ws_moveit2/install/moveit_resources_panda_moveit_config:/home/max/ws_moveit2/install/srdfdom:/home/max/ws_moveit2/install/moveit_resources_pr2_description:/home/max/ws_moveit2/install/moveit_resources_panda_description:/home/max/ws_moveit2/install/moveit_common:/home/max/ros2_ws/install/robot_arm_publisher:/home/max/ros2_ws/install/robot_arm_moveit_config:/home/max/ros2_ws/install/robot_arm:/home/max/ros2_ws/install/panda_joint_publisher:/home/max/ros2_ws/install/moveit_joint_publisher:/home/max/ws_moveit2/install/pilz_industrial_motion_planner_testutils:/home/max/ws_moveit2/install/moveit_runtime:/home/max/ws_moveit2/install/moveit:/home/max/ws_moveit2/install/moveit_planners:/home/max/ws_moveit2/install/pilz_industrial_motion_planner:/home/max/ws_moveit2/install/moveit_ros_control_interface:/home/max/ws_moveit2/install/moveit_plugins:/home/max/ws_moveit2/install/moveit_simple_controller_manager:/home/max/ws_moveit2/install/moveit_setup_assistant:/home/max/ws_moveit2/install/moveit_setup_srdf_plugins:/home/max/ws_moveit2/install/moveit_setup_core_plugins:/home/max/ws_moveit2/install/moveit_setup_controllers:/home/max/ws_moveit2/install/moveit_setup_app_plugins:/home/max/ws_moveit2/install/moveit_setup_framework:/home/max/ws_moveit2/install/moveit_servo:/home/max/ws_moveit2/install/moveit_ros:/home/max/ws_moveit2/install/moveit_ros_visualization:/home/max/ws_moveit2/install/moveit_hybrid_planning:/home/max/ws_moveit2/install/moveit_ros_planning_interface:/home/max/ws_moveit2/install/moveit_ros_benchmarks:/home/max/ws_moveit2/install/moveit_ros_warehouse:/home/max/ws_moveit2/install/moveit_ros_robot_interaction:/home/max/ws_moveit2/install/moveit_ros_perception:/home/max/ws_moveit2/install/moveit_resources_prbt_pg70_support:/home/max/ws_moveit2/install/moveit_resources_prbt_moveit_config:/home/max/ws_moveit2/install/moveit_ros_move_group:/home/max/ws_moveit2/install/moveit_planners_ompl:/home/max/ws_moveit2/install/moveit_ros_planning:/home/max/ws_moveit2/install/moveit_resources_prbt_ikfast_manipulator_plugin:/home/max/ws_moveit2/install/moveit_planners_chomp:/home/max/ws_moveit2/install/moveit_kinematics:/home/max/ws_moveit2/install/moveit_chomp_optimizer_adapter:/home/max/ws_moveit2/install/chomp_motion_planner:/home/max/ws_moveit2/install/generate_parameter_library_example:/home/max/ws_moveit2/install/cmake_generate_parameter_module_example:/home/max/ws_moveit2/install/generate_parameter_library:/home/max/ws_moveit2/install/parameter_traits:/home/max/ws_moveit2/install/moveit_resources_prbt_support:/home/max/ws_moveit2/install/moveit_resources:/home/max/ws_moveit2/install/moveit_resources_fanuc_moveit_config:/home/max/ws_moveit2/install/moveit_resources_fanuc_description:/home/max/ws_moveit2/install/moveit_msgs:/home/max/ros2_ws/install/robot_arm_description:/home/max/ws_moveit2/install/generate_parameter_module_example:/home/max/ws_moveit2/install/moveit_configs_utils:/home/max/ws_moveit2/install/generate_parameter_library_py:/opt/ros/humble LD_LIBRARY_PATH=/home/max/ws_moveit2/install/moveit_ros_occupancy_map_monitor/lib:/home/max/ws_moveit2/install/moveit_core/lib:/home/max/ws_moveit2/install/srdfdom/lib:/home/max/ws_moveit2/install/pilz_industrial_motion_planner_testutils/lib:/home/max/ws_moveit2/install/pilz_industrial_motion_planner/lib:/home/max/ws_moveit2/install/moveit_ros_control_interface/lib:/home/max/ws_moveit2/install/moveit_simple_controller_manager/lib:/home/max/ws_moveit2/install/moveit_setup_assistant/lib:/home/max/ws_moveit2/install/moveit_setup_srdf_plugins/lib:/home/max/ws_moveit2/install/moveit_setup_core_plugins/lib:/home/max/ws_moveit2/install/moveit_setup_controllers/lib:/home/max/ws_moveit2/install/moveit_setup_app_plugins/lib:/home/max/ws_moveit2/install/moveit_setup_framework/lib:/home/max/ws_moveit2/install/moveit_servo/lib:/home/max/ws_moveit2/install/moveit_ros_visualization/lib:/home/max/ws_moveit2/install/moveit_hybrid_planning/lib:/home/max/ws_moveit2/install/moveit_ros_planning_interface/lib:/home/max/ws_moveit2/install/moveit_ros_benchmarks/lib:/home/max/ws_moveit2/install/moveit_ros_warehouse/lib:/home/max/ws_moveit2/install/moveit_ros_robot_interaction/lib:/home/max/ws_moveit2/install/moveit_ros_perception/lib:/home/max/ws_moveit2/install/moveit_ros_move_group/lib:/home/max/ws_moveit2/install/moveit_planners_ompl/lib:/home/max/ws_moveit2/install/moveit_ros_planning/lib:/home/max/ws_moveit2/install/moveit_resources_prbt_ikfast_manipulator_plugin/lib:/home/max/ws_moveit2/install/moveit_planners_chomp/lib:/home/max/ws_moveit2/install/moveit_kinematics/lib:/home/max/ws_moveit2/install/moveit_chomp_optimizer_adapter/lib:/home/max/ws_moveit2/install/chomp_motion_planner/lib:/home/max/ws_moveit2/install/generate_parameter_library_example/lib:/home/max/ws_moveit2/install/parameter_traits/lib:/home/max/ws_moveit2/install/moveit_msgs/lib:/usr/lib/x86_64-linux-gnu/gazebo-11/plugins:/opt/ros/humble/opt/rviz_ogre_vendor/lib:/opt/ros/humble/lib/x86_64-linux-gnu:/opt/ros/humble/lib PYTHONPATH=/home/max/ws_moveit2/install/srdfdom/local/lib/python3.10/dist-packages:${PYTHONPATH} /usr/bin/cmake /home/max/ws_moveit2/src/moveit2/moveit_ros/planning -DCMAKE_BUILD_TYPE=Release -DCMAKE_INSTALL_PREFIX=/home/max/ws_moveit2/install/moveit_ros_planning
[2.240s] Invoking command in '/home/max/ws_moveit2/build/moveit_ros_planning': AMENT_PREFIX_PATH=/home/max/ws_moveit2/install/srdfdom:${AMENT_PREFIX_PATH} CMAKE_PREFIX_PATH=/home/max/ws_moveit2/install/moveit_ros_occupancy_map_monitor:/home/max/ws_moveit2/install/moveit_core:/home/max/ws_moveit2/install/moveit_resources_panda_moveit_config:/home/max/ws_moveit2/install/srdfdom:/home/max/ws_moveit2/install/moveit_resources_pr2_description:/home/max/ws_moveit2/install/moveit_resources_panda_description:/home/max/ws_moveit2/install/moveit_common:/home/max/ros2_ws/install/robot_arm_publisher:/home/max/ros2_ws/install/robot_arm_moveit_config:/home/max/ros2_ws/install/robot_arm:/home/max/ros2_ws/install/panda_joint_publisher:/home/max/ros2_ws/install/moveit_joint_publisher:/home/max/ws_moveit2/install/pilz_industrial_motion_planner_testutils:/home/max/ws_moveit2/install/moveit_runtime:/home/max/ws_moveit2/install/moveit:/home/max/ws_moveit2/install/moveit_planners:/home/max/ws_moveit2/install/pilz_industrial_motion_planner:/home/max/ws_moveit2/install/moveit_ros_control_interface:/home/max/ws_moveit2/install/moveit_plugins:/home/max/ws_moveit2/install/moveit_simple_controller_manager:/home/max/ws_moveit2/install/moveit_setup_assistant:/home/max/ws_moveit2/install/moveit_setup_srdf_plugins:/home/max/ws_moveit2/install/moveit_setup_core_plugins:/home/max/ws_moveit2/install/moveit_setup_controllers:/home/max/ws_moveit2/install/moveit_setup_app_plugins:/home/max/ws_moveit2/install/moveit_setup_framework:/home/max/ws_moveit2/install/moveit_servo:/home/max/ws_moveit2/install/moveit_ros:/home/max/ws_moveit2/install/moveit_ros_visualization:/home/max/ws_moveit2/install/moveit_hybrid_planning:/home/max/ws_moveit2/install/moveit_ros_planning_interface:/home/max/ws_moveit2/install/moveit_ros_benchmarks:/home/max/ws_moveit2/install/moveit_ros_warehouse:/home/max/ws_moveit2/install/moveit_ros_robot_interaction:/home/max/ws_moveit2/install/moveit_ros_perception:/home/max/ws_moveit2/install/moveit_resources_prbt_pg70_support:/home/max/ws_moveit2/install/moveit_resources_prbt_moveit_config:/home/max/ws_moveit2/install/moveit_ros_move_group:/home/max/ws_moveit2/install/moveit_planners_ompl:/home/max/ws_moveit2/install/moveit_ros_planning:/home/max/ws_moveit2/install/moveit_resources_prbt_ikfast_manipulator_plugin:/home/max/ws_moveit2/install/moveit_planners_chomp:/home/max/ws_moveit2/install/moveit_kinematics:/home/max/ws_moveit2/install/moveit_chomp_optimizer_adapter:/home/max/ws_moveit2/install/chomp_motion_planner:/home/max/ws_moveit2/install/generate_parameter_library_example:/home/max/ws_moveit2/install/cmake_generate_parameter_module_example:/home/max/ws_moveit2/install/generate_parameter_library:/home/max/ws_moveit2/install/parameter_traits:/home/max/ws_moveit2/install/moveit_resources_prbt_support:/home/max/ws_moveit2/install/moveit_resources:/home/max/ws_moveit2/install/moveit_resources_fanuc_moveit_config:/home/max/ws_moveit2/install/moveit_resources_fanuc_description:/home/max/ws_moveit2/install/moveit_msgs:/home/max/ros2_ws/install/robot_arm_description:/home/max/ws_moveit2/install/generate_parameter_module_example:/home/max/ws_moveit2/install/moveit_configs_utils:/home/max/ws_moveit2/install/generate_parameter_library_py:/opt/ros/humble LD_LIBRARY_PATH=/home/max/ws_moveit2/install/moveit_ros_occupancy_map_monitor/lib:/home/max/ws_moveit2/install/moveit_core/lib:/home/max/ws_moveit2/install/srdfdom/lib:/home/max/ws_moveit2/install/pilz_industrial_motion_planner_testutils/lib:/home/max/ws_moveit2/install/pilz_industrial_motion_planner/lib:/home/max/ws_moveit2/install/moveit_ros_control_interface/lib:/home/max/ws_moveit2/install/moveit_simple_controller_manager/lib:/home/max/ws_moveit2/install/moveit_setup_assistant/lib:/home/max/ws_moveit2/install/moveit_setup_srdf_plugins/lib:/home/max/ws_moveit2/install/moveit_setup_core_plugins/lib:/home/max/ws_moveit2/install/moveit_setup_controllers/lib:/home/max/ws_moveit2/install/moveit_setup_app_plugins/lib:/home/max/ws_moveit2/install/moveit_setup_framework/lib:/home/max/ws_moveit2/install/moveit_servo/lib:/home/max/ws_moveit2/install/moveit_ros_visualization/lib:/home/max/ws_moveit2/install/moveit_hybrid_planning/lib:/home/max/ws_moveit2/install/moveit_ros_planning_interface/lib:/home/max/ws_moveit2/install/moveit_ros_benchmarks/lib:/home/max/ws_moveit2/install/moveit_ros_warehouse/lib:/home/max/ws_moveit2/install/moveit_ros_robot_interaction/lib:/home/max/ws_moveit2/install/moveit_ros_perception/lib:/home/max/ws_moveit2/install/moveit_ros_move_group/lib:/home/max/ws_moveit2/install/moveit_planners_ompl/lib:/home/max/ws_moveit2/install/moveit_ros_planning/lib:/home/max/ws_moveit2/install/moveit_resources_prbt_ikfast_manipulator_plugin/lib:/home/max/ws_moveit2/install/moveit_planners_chomp/lib:/home/max/ws_moveit2/install/moveit_kinematics/lib:/home/max/ws_moveit2/install/moveit_chomp_optimizer_adapter/lib:/home/max/ws_moveit2/install/chomp_motion_planner/lib:/home/max/ws_moveit2/install/generate_parameter_library_example/lib:/home/max/ws_moveit2/install/parameter_traits/lib:/home/max/ws_moveit2/install/moveit_msgs/lib:/usr/lib/x86_64-linux-gnu/gazebo-11/plugins:/opt/ros/humble/opt/rviz_ogre_vendor/lib:/opt/ros/humble/lib/x86_64-linux-gnu:/opt/ros/humble/lib PYTHONPATH=/home/max/ws_moveit2/install/srdfdom/local/lib/python3.10/dist-packages:${PYTHONPATH} /usr/bin/cmake --build /home/max/ws_moveit2/build/moveit_ros_planning -- -j16 -l16
[2.300s] [ 11%] [32mBuilding CXX object gmock/CMakeFiles/gmock.dir/opt/ros/humble/src/gtest_vendor/src/gtest-all.cc.o[0m
[2.300s] [ 11%] [32mBuilding CXX object planning_request_adapter_plugins/CMakeFiles/moveit_default_planning_request_adapter_plugins.dir/src/empty.cpp.o[0m
[2.300s] [ 11%] [32mBuilding CXX object planning_request_adapter_plugins/CMakeFiles/moveit_default_planning_request_adapter_plugins.dir/src/fix_start_state_collision.cpp.o[0m
[2.300s] [ 11%] [32mBuilding CXX object planning_request_adapter_plugins/CMakeFiles/moveit_default_planning_request_adapter_plugins.dir/src/fix_workspace_bounds.cpp.o[0m
[2.300s] [ 11%] [32mBuilding CXX object collision_plugin_loader/CMakeFiles/moveit_collision_plugin_loader.dir/src/collision_plugin_loader.cpp.o[0m
[2.300s] [ 11%] [32mBuilding CXX object planning_pipeline/CMakeFiles/moveit_planning_pipeline.dir/src/planning_pipeline.cpp.o[0m
[2.301s] [ 11%] [32mBuilding CXX object planning_request_adapter_plugins/CMakeFiles/moveit_default_planning_request_adapter_plugins.dir/src/fix_start_state_bounds.cpp.o[0m
[2.301s] [ 17%] [32mBuilding CXX object planning_request_adapter_plugins/CMakeFiles/moveit_default_planning_request_adapter_plugins.dir/src/add_time_parameterization.cpp.o[0m
[2.301s] [ 19%] [32mBuilding CXX object planning_request_adapter_plugins/CMakeFiles/moveit_default_planning_request_adapter_plugins.dir/src/fix_start_state_path_constraints.cpp.o[0m
[2.301s] [ 20%] [32mBuilding CXX object gmock/CMakeFiles/gmock_main.dir/src/gmock_main.cc.o[0m
[2.301s] [ 22%] [32mBuilding CXX object rdf_loader/CMakeFiles/moveit_rdf_loader.dir/src/rdf_loader.cpp.o[0m
[2.301s] [ 22%] [32mBuilding CXX object planning_request_adapter_plugins/CMakeFiles/moveit_list_request_adapter_plugins.dir/src/list.cpp.o[0m
[2.301s] [ 22%] [32mBuilding CXX object gmock/CMakeFiles/gmock.dir/src/gmock-all.cc.o[0m
[2.301s] [ 22%] [32mBuilding CXX object rdf_loader/CMakeFiles/moveit_rdf_loader.dir/src/synchronized_string_parameter.cpp.o[0m
[2.302s] [ 24%] [32mBuilding CXX object planning_request_adapter_plugins/CMakeFiles/moveit_default_planning_request_adapter_plugins.dir/src/add_ruckig_traj_smoothing.cpp.o[0m
[2.302s] [ 25%] [32mBuilding CXX object planning_request_adapter_plugins/CMakeFiles/moveit_default_planning_request_adapter_plugins.dir/src/add_iterative_spline_parameterization.cpp.o[0m
[4.070s] [ 27%] [32m[1mLinking CXX static library libgmock_main.a[0m
[4.227s] [ 27%] Built target gmock_main
[4.260s] [ 29%] [32mBuilding CXX object planning_request_adapter_plugins/CMakeFiles/moveit_default_planning_request_adapter_plugins.dir/src/add_time_optimal_parameterization.cpp.o[0m
[6.034s] [ 30%] [32mBuilding CXX object planning_request_adapter_plugins/CMakeFiles/moveit_default_planning_request_adapter_plugins.dir/src/resolve_constraint_frames.cpp.o[0m
[10.483s] [ 32%] [32m[1mLinking CXX static library libgmock.a[0m
[10.656s] [ 32%] Built target gmock
[12.869s] [ 33%] [32m[1mLinking CXX shared library libmoveit_collision_plugin_loader.so[0m
[13.020s] [ 33%] Built target moveit_collision_plugin_loader
[14.109s] [ 35%] [32m[1mLinking CXX shared library libmoveit_rdf_loader.so[0m
[14.291s] [ 35%] Built target moveit_rdf_loader
[14.314s] [ 37%] [32mBuilding CXX object constraint_sampler_manager_loader/CMakeFiles/moveit_constraint_sampler_manager_loader.dir/src/constraint_sampler_manager_loader.cpp.o[0m
[14.316s] [ 38%] [32mBuilding CXX object kinematics_plugin_loader/CMakeFiles/moveit_kinematics_plugin_loader.dir/src/kinematics_plugin_loader.cpp.o[0m
[14.739s] [ 40%] [32m[1mLinking CXX shared library libmoveit_default_planning_request_adapter_plugins.so[0m
[14.909s] [ 40%] Built target moveit_default_planning_request_adapter_plugins
[15.218s] [ 41%] [32m[1mLinking CXX executable moveit_list_request_adapter_plugins[0m
[15.373s] [ 41%] Built target moveit_list_request_adapter_plugins
[20.329s] [ 43%] [32m[1mLinking CXX shared library libmoveit_planning_pipeline.so[0m
[20.510s] [ 43%] Built target moveit_planning_pipeline
[23.104s] [ 45%] [32m[1mLinking CXX shared library libmoveit_kinematics_plugin_loader.so[0m
[23.269s] [ 45%] Built target moveit_kinematics_plugin_loader
[23.296s] [ 46%] [32mBuilding CXX object robot_model_loader/CMakeFiles/moveit_robot_model_loader.dir/src/robot_model_loader.cpp.o[0m
[24.298s] [ 48%] [32m[1mLinking CXX shared library libmoveit_constraint_sampler_manager_loader.so[0m
[24.470s] [ 48%] Built target moveit_constraint_sampler_manager_loader
[27.884s] [ 50%] [32m[1mLinking CXX shared library libmoveit_robot_model_loader.so[0m
[28.031s] [ 50%] Built target moveit_robot_model_loader
[28.053s] [ 56%] [32mBuilding CXX object planning_scene_monitor/CMakeFiles/moveit_planning_scene_monitor.dir/src/current_state_monitor_middleware_handle.cpp.o[0m
[28.053s] [ 56%] [32mBuilding CXX object planning_scene_monitor/CMakeFiles/moveit_planning_scene_monitor.dir/src/planning_scene_monitor.cpp.o[0m
[28.054s] [ 56%] [32mBuilding CXX object planning_scene_monitor/CMakeFiles/moveit_planning_scene_monitor.dir/src/current_state_monitor.cpp.o[0m
[28.054s] [ 56%] [32mBuilding CXX object planning_scene_monitor/CMakeFiles/moveit_planning_scene_monitor.dir/src/trajectory_monitor_middleware_handle.cpp.o[0m
[28.054s] [ 58%] [32mBuilding CXX object planning_components_tools/CMakeFiles/moveit_print_planning_model_info.dir/src/print_planning_model_info.cpp.o[0m
[28.054s] [ 59%] [32mBuilding CXX object planning_scene_monitor/CMakeFiles/moveit_planning_scene_monitor.dir/src/trajectory_monitor.cpp.o[0m
[32.766s] [ 61%] [32m[1mLinking CXX executable moveit_print_planning_model_info[0m
[32.963s] [ 61%] Built target moveit_print_planning_model_info
[49.892s] [ 62%] [32m[1mLinking CXX shared library libmoveit_planning_scene_monitor.so[0m
[50.162s] [ 62%] Built target moveit_planning_scene_monitor
[50.184s] [ 69%] [32mBuilding CXX object planning_components_tools/CMakeFiles/moveit_visualize_robot_collision_volume.dir/src/visualize_robot_collision_volume.cpp.o[0m
[50.185s] [ 69%] [32mBuilding CXX object planning_scene_monitor/CMakeFiles/trajectory_monitor_tests.dir/test/trajectory_monitor_tests.cpp.o[0m
[50.185s] [ 69%] [32mBuilding CXX object planning_components_tools/CMakeFiles/moveit_display_random_state.dir/src/display_random_state.cpp.o[0m
[50.185s] [ 69%] [32mBuilding CXX object planning_components_tools/CMakeFiles/moveit_publish_scene_from_text.dir/src/publish_scene_from_text.cpp.o[0m
[50.185s] [ 72%] [32mBuilding CXX object trajectory_execution_manager/CMakeFiles/moveit_trajectory_execution_manager.dir/src/trajectory_execution_manager.cpp.o[0m
[50.185s] [ 72%] [32mBuilding CXX object planning_scene_monitor/CMakeFiles/demo_scene.dir/demos/demo_scene.cpp.o[0m
[50.185s] [ 75%] [32mBuilding CXX object planning_components_tools/CMakeFiles/moveit_print_planning_scene_info.dir/src/print_planning_scene_info.cpp.o[0m
[50.185s] [ 75%] [32mBuilding CXX object planning_scene_monitor/CMakeFiles/current_state_monitor_tests.dir/test/current_state_monitor_tests.cpp.o[0m
[50.185s] [ 77%] [32mBuilding CXX object planning_components_tools/CMakeFiles/moveit_evaluate_collision_checking_speed.dir/src/evaluate_collision_checking_speed.cpp.o[0m
[57.997s] [ 79%] [32m[1mLinking CXX executable moveit_print_planning_scene_info[0m
[58.274s] [ 79%] Built target moveit_print_planning_scene_info
[59.968s] [ 80%] [32m[1mLinking CXX executable demo_scene[0m
[60.130s] [ 80%] Built target demo_scene
[60.677s] [ 82%] [32m[1mLinking CXX executable moveit_publish_scene_from_text[0m
[60.914s] [ 83%] [32m[1mLinking CXX executable moveit_evaluate_collision_checking_speed[0m
[60.985s] [ 83%] Built target moveit_publish_scene_from_text
[61.165s] [ 83%] Built target moveit_evaluate_collision_checking_speed
[61.786s] [ 85%] [32m[1mLinking CXX executable moveit_visualize_robot_collision_volume[0m
[61.931s] [ 87%] [32m[1mLinking CXX executable current_state_monitor_tests[0m
[61.932s] [ 88%] [32m[1mLinking CXX executable trajectory_monitor_tests[0m
[62.053s] [ 88%] Built target moveit_visualize_robot_collision_volume
[62.131s] [ 90%] [32m[1mLinking CXX executable moveit_display_random_state[0m
[62.231s] [ 90%] Built target trajectory_monitor_tests
[62.236s] [ 90%] Built target current_state_monitor_tests
[62.376s] [ 90%] Built target moveit_display_random_state
[68.425s] [ 91%] [32m[1mLinking CXX shared library libmoveit_trajectory_execution_manager.so[0m
[68.613s] [ 91%] Built target moveit_trajectory_execution_manager
[68.635s] [ 95%] [32mBuilding CXX object plan_execution/CMakeFiles/moveit_plan_execution.dir/src/plan_execution.cpp.o[0m
[68.635s] [ 95%] [32mBuilding CXX object moveit_cpp/CMakeFiles/moveit_cpp.dir/src/moveit_cpp.cpp.o[0m
[68.635s] [ 96%] [32mBuilding CXX object moveit_cpp/CMakeFiles/moveit_cpp.dir/src/planning_component.cpp.o[0m
[76.665s] [ 98%] [32m[1mLinking CXX shared library libmoveit_plan_execution.so[0m
[76.847s] [ 98%] Built target moveit_plan_execution
[79.150s] [100%] [32m[1mLinking CXX shared library libmoveit_cpp.so[0m
[79.333s] [100%] Built target moveit_cpp
[79.343s] Invoked command in '/home/max/ws_moveit2/build/moveit_ros_planning' returned '0': AMENT_PREFIX_PATH=/home/max/ws_moveit2/install/srdfdom:${AMENT_PREFIX_PATH} CMAKE_PREFIX_PATH=/home/max/ws_moveit2/install/moveit_ros_occupancy_map_monitor:/home/max/ws_moveit2/install/moveit_core:/home/max/ws_moveit2/install/moveit_resources_panda_moveit_config:/home/max/ws_moveit2/install/srdfdom:/home/max/ws_moveit2/install/moveit_resources_pr2_description:/home/max/ws_moveit2/install/moveit_resources_panda_description:/home/max/ws_moveit2/install/moveit_common:/home/max/ros2_ws/install/robot_arm_publisher:/home/max/ros2_ws/install/robot_arm_moveit_config:/home/max/ros2_ws/install/robot_arm:/home/max/ros2_ws/install/panda_joint_publisher:/home/max/ros2_ws/install/moveit_joint_publisher:/home/max/ws_moveit2/install/pilz_industrial_motion_planner_testutils:/home/max/ws_moveit2/install/moveit_runtime:/home/max/ws_moveit2/install/moveit:/home/max/ws_moveit2/install/moveit_planners:/home/max/ws_moveit2/install/pilz_industrial_motion_planner:/home/max/ws_moveit2/install/moveit_ros_control_interface:/home/max/ws_moveit2/install/moveit_plugins:/home/max/ws_moveit2/install/moveit_simple_controller_manager:/home/max/ws_moveit2/install/moveit_setup_assistant:/home/max/ws_moveit2/install/moveit_setup_srdf_plugins:/home/max/ws_moveit2/install/moveit_setup_core_plugins:/home/max/ws_moveit2/install/moveit_setup_controllers:/home/max/ws_moveit2/install/moveit_setup_app_plugins:/home/max/ws_moveit2/install/moveit_setup_framework:/home/max/ws_moveit2/install/moveit_servo:/home/max/ws_moveit2/install/moveit_ros:/home/max/ws_moveit2/install/moveit_ros_visualization:/home/max/ws_moveit2/install/moveit_hybrid_planning:/home/max/ws_moveit2/install/moveit_ros_planning_interface:/home/max/ws_moveit2/install/moveit_ros_benchmarks:/home/max/ws_moveit2/install/moveit_ros_warehouse:/home/max/ws_moveit2/install/moveit_ros_robot_interaction:/home/max/ws_moveit2/install/moveit_ros_perception:/home/max/ws_moveit2/install/moveit_resources_prbt_pg70_support:/home/max/ws_moveit2/install/moveit_resources_prbt_moveit_config:/home/max/ws_moveit2/install/moveit_ros_move_group:/home/max/ws_moveit2/install/moveit_planners_ompl:/home/max/ws_moveit2/install/moveit_ros_planning:/home/max/ws_moveit2/install/moveit_resources_prbt_ikfast_manipulator_plugin:/home/max/ws_moveit2/install/moveit_planners_chomp:/home/max/ws_moveit2/install/moveit_kinematics:/home/max/ws_moveit2/install/moveit_chomp_optimizer_adapter:/home/max/ws_moveit2/install/chomp_motion_planner:/home/max/ws_moveit2/install/generate_parameter_library_example:/home/max/ws_moveit2/install/cmake_generate_parameter_module_example:/home/max/ws_moveit2/install/generate_parameter_library:/home/max/ws_moveit2/install/parameter_traits:/home/max/ws_moveit2/install/moveit_resources_prbt_support:/home/max/ws_moveit2/install/moveit_resources:/home/max/ws_moveit2/install/moveit_resources_fanuc_moveit_config:/home/max/ws_moveit2/install/moveit_resources_fanuc_description:/home/max/ws_moveit2/install/moveit_msgs:/home/max/ros2_ws/install/robot_arm_description:/home/max/ws_moveit2/install/generate_parameter_module_example:/home/max/ws_moveit2/install/moveit_configs_utils:/home/max/ws_moveit2/install/generate_parameter_library_py:/opt/ros/humble LD_LIBRARY_PATH=/home/max/ws_moveit2/install/moveit_ros_occupancy_map_monitor/lib:/home/max/ws_moveit2/install/moveit_core/lib:/home/max/ws_moveit2/install/srdfdom/lib:/home/max/ws_moveit2/install/pilz_industrial_motion_planner_testutils/lib:/home/max/ws_moveit2/install/pilz_industrial_motion_planner/lib:/home/max/ws_moveit2/install/moveit_ros_control_interface/lib:/home/max/ws_moveit2/install/moveit_simple_controller_manager/lib:/home/max/ws_moveit2/install/moveit_setup_assistant/lib:/home/max/ws_moveit2/install/moveit_setup_srdf_plugins/lib:/home/max/ws_moveit2/install/moveit_setup_core_plugins/lib:/home/max/ws_moveit2/install/moveit_setup_controllers/lib:/home/max/ws_moveit2/install/moveit_setup_app_plugins/lib:/home/max/ws_moveit2/install/moveit_setup_framework/lib:/home/max/ws_moveit2/install/moveit_servo/lib:/home/max/ws_moveit2/install/moveit_ros_visualization/lib:/home/max/ws_moveit2/install/moveit_hybrid_planning/lib:/home/max/ws_moveit2/install/moveit_ros_planning_interface/lib:/home/max/ws_moveit2/install/moveit_ros_benchmarks/lib:/home/max/ws_moveit2/install/moveit_ros_warehouse/lib:/home/max/ws_moveit2/install/moveit_ros_robot_interaction/lib:/home/max/ws_moveit2/install/moveit_ros_perception/lib:/home/max/ws_moveit2/install/moveit_ros_move_group/lib:/home/max/ws_moveit2/install/moveit_planners_ompl/lib:/home/max/ws_moveit2/install/moveit_ros_planning/lib:/home/max/ws_moveit2/install/moveit_resources_prbt_ikfast_manipulator_plugin/lib:/home/max/ws_moveit2/install/moveit_planners_chomp/lib:/home/max/ws_moveit2/install/moveit_kinematics/lib:/home/max/ws_moveit2/install/moveit_chomp_optimizer_adapter/lib:/home/max/ws_moveit2/install/chomp_motion_planner/lib:/home/max/ws_moveit2/install/generate_parameter_library_example/lib:/home/max/ws_moveit2/install/parameter_traits/lib:/home/max/ws_moveit2/install/moveit_msgs/lib:/usr/lib/x86_64-linux-gnu/gazebo-11/plugins:/opt/ros/humble/opt/rviz_ogre_vendor/lib:/opt/ros/humble/lib/x86_64-linux-gnu:/opt/ros/humble/lib PYTHONPATH=/home/max/ws_moveit2/install/srdfdom/local/lib/python3.10/dist-packages:${PYTHONPATH} /usr/bin/cmake --build /home/max/ws_moveit2/build/moveit_ros_planning -- -j16 -l16
[79.425s] Invoking command in '/home/max/ws_moveit2/build/moveit_ros_planning': AMENT_PREFIX_PATH=/home/max/ws_moveit2/install/srdfdom:${AMENT_PREFIX_PATH} CMAKE_PREFIX_PATH=/home/max/ws_moveit2/install/moveit_ros_occupancy_map_monitor:/home/max/ws_moveit2/install/moveit_core:/home/max/ws_moveit2/install/moveit_resources_panda_moveit_config:/home/max/ws_moveit2/install/srdfdom:/home/max/ws_moveit2/install/moveit_resources_pr2_description:/home/max/ws_moveit2/install/moveit_resources_panda_description:/home/max/ws_moveit2/install/moveit_common:/home/max/ros2_ws/install/robot_arm_publisher:/home/max/ros2_ws/install/robot_arm_moveit_config:/home/max/ros2_ws/install/robot_arm:/home/max/ros2_ws/install/panda_joint_publisher:/home/max/ros2_ws/install/moveit_joint_publisher:/home/max/ws_moveit2/install/pilz_industrial_motion_planner_testutils:/home/max/ws_moveit2/install/moveit_runtime:/home/max/ws_moveit2/install/moveit:/home/max/ws_moveit2/install/moveit_planners:/home/max/ws_moveit2/install/pilz_industrial_motion_planner:/home/max/ws_moveit2/install/moveit_ros_control_interface:/home/max/ws_moveit2/install/moveit_plugins:/home/max/ws_moveit2/install/moveit_simple_controller_manager:/home/max/ws_moveit2/install/moveit_setup_assistant:/home/max/ws_moveit2/install/moveit_setup_srdf_plugins:/home/max/ws_moveit2/install/moveit_setup_core_plugins:/home/max/ws_moveit2/install/moveit_setup_controllers:/home/max/ws_moveit2/install/moveit_setup_app_plugins:/home/max/ws_moveit2/install/moveit_setup_framework:/home/max/ws_moveit2/install/moveit_servo:/home/max/ws_moveit2/install/moveit_ros:/home/max/ws_moveit2/install/moveit_ros_visualization:/home/max/ws_moveit2/install/moveit_hybrid_planning:/home/max/ws_moveit2/install/moveit_ros_planning_interface:/home/max/ws_moveit2/install/moveit_ros_benchmarks:/home/max/ws_moveit2/install/moveit_ros_warehouse:/home/max/ws_moveit2/install/moveit_ros_robot_interaction:/home/max/ws_moveit2/install/moveit_ros_perception:/home/max/ws_moveit2/install/moveit_resources_prbt_pg70_support:/home/max/ws_moveit2/install/moveit_resources_prbt_moveit_config:/home/max/ws_moveit2/install/moveit_ros_move_group:/home/max/ws_moveit2/install/moveit_planners_ompl:/home/max/ws_moveit2/install/moveit_ros_planning:/home/max/ws_moveit2/install/moveit_resources_prbt_ikfast_manipulator_plugin:/home/max/ws_moveit2/install/moveit_planners_chomp:/home/max/ws_moveit2/install/moveit_kinematics:/home/max/ws_moveit2/install/moveit_chomp_optimizer_adapter:/home/max/ws_moveit2/install/chomp_motion_planner:/home/max/ws_moveit2/install/generate_parameter_library_example:/home/max/ws_moveit2/install/cmake_generate_parameter_module_example:/home/max/ws_moveit2/install/generate_parameter_library:/home/max/ws_moveit2/install/parameter_traits:/home/max/ws_moveit2/install/moveit_resources_prbt_support:/home/max/ws_moveit2/install/moveit_resources:/home/max/ws_moveit2/install/moveit_resources_fanuc_moveit_config:/home/max/ws_moveit2/install/moveit_resources_fanuc_description:/home/max/ws_moveit2/install/moveit_msgs:/home/max/ros2_ws/install/robot_arm_description:/home/max/ws_moveit2/install/generate_parameter_module_example:/home/max/ws_moveit2/install/moveit_configs_utils:/home/max/ws_moveit2/install/generate_parameter_library_py:/opt/ros/humble LD_LIBRARY_PATH=/home/max/ws_moveit2/install/moveit_ros_occupancy_map_monitor/lib:/home/max/ws_moveit2/install/moveit_core/lib:/home/max/ws_moveit2/install/srdfdom/lib:/home/max/ws_moveit2/install/pilz_industrial_motion_planner_testutils/lib:/home/max/ws_moveit2/install/pilz_industrial_motion_planner/lib:/home/max/ws_moveit2/install/moveit_ros_control_interface/lib:/home/max/ws_moveit2/install/moveit_simple_controller_manager/lib:/home/max/ws_moveit2/install/moveit_setup_assistant/lib:/home/max/ws_moveit2/install/moveit_setup_srdf_plugins/lib:/home/max/ws_moveit2/install/moveit_setup_core_plugins/lib:/home/max/ws_moveit2/install/moveit_setup_controllers/lib:/home/max/ws_moveit2/install/moveit_setup_app_plugins/lib:/home/max/ws_moveit2/install/moveit_setup_framework/lib:/home/max/ws_moveit2/install/moveit_servo/lib:/home/max/ws_moveit2/install/moveit_ros_visualization/lib:/home/max/ws_moveit2/install/moveit_hybrid_planning/lib:/home/max/ws_moveit2/install/moveit_ros_planning_interface/lib:/home/max/ws_moveit2/install/moveit_ros_benchmarks/lib:/home/max/ws_moveit2/install/moveit_ros_warehouse/lib:/home/max/ws_moveit2/install/moveit_ros_robot_interaction/lib:/home/max/ws_moveit2/install/moveit_ros_perception/lib:/home/max/ws_moveit2/install/moveit_ros_move_group/lib:/home/max/ws_moveit2/install/moveit_planners_ompl/lib:/home/max/ws_moveit2/install/moveit_ros_planning/lib:/home/max/ws_moveit2/install/moveit_resources_prbt_ikfast_manipulator_plugin/lib:/home/max/ws_moveit2/install/moveit_planners_chomp/lib:/home/max/ws_moveit2/install/moveit_kinematics/lib:/home/max/ws_moveit2/install/moveit_chomp_optimizer_adapter/lib:/home/max/ws_moveit2/install/chomp_motion_planner/lib:/home/max/ws_moveit2/install/generate_parameter_library_example/lib:/home/max/ws_moveit2/install/parameter_traits/lib:/home/max/ws_moveit2/install/moveit_msgs/lib:/usr/lib/x86_64-linux-gnu/gazebo-11/plugins:/opt/ros/humble/opt/rviz_ogre_vendor/lib:/opt/ros/humble/lib/x86_64-linux-gnu:/opt/ros/humble/lib PYTHONPATH=/home/max/ws_moveit2/install/srdfdom/local/lib/python3.10/dist-packages:${PYTHONPATH} /usr/bin/cmake --install /home/max/ws_moveit2/build/moveit_ros_planning
[79.431s] -- Install configuration: "Release"
[79.431s] -- Installing: /home/max/ws_moveit2/install/moveit_ros_planning/include
[79.431s] -- Installing: /home/max/ws_moveit2/install/moveit_ros_planning/include/moveit
[79.431s] -- Installing: /home/max/ws_moveit2/install/moveit_ros_planning/include/moveit/rdf_loader
[79.432s] -- Installing: /home/max/ws_moveit2/install/moveit_ros_planning/include/moveit/rdf_loader/synchronized_string_parameter.h
[79.432s] -- Installing: /home/max/ws_moveit2/install/moveit_ros_planning/include/moveit/rdf_loader/rdf_loader.h
[79.432s] -- Installing: /home/max/ws_moveit2/install/moveit_ros_planning/share/moveit_ros_planning/rdf_loader/test/data
[79.432s] -- Installing: /home/max/ws_moveit2/install/moveit_ros_planning/share/moveit_ros_planning/rdf_loader/test/data/gonzo.srdf
[79.432s] -- Installing: /home/max/ws_moveit2/install/moveit_ros_planning/share/moveit_ros_planning/rdf_loader/test/data/robin.srdf.xacro
[79.432s] -- Installing: /home/max/ws_moveit2/install/moveit_ros_planning/share/moveit_ros_planning/rdf_loader/test/data/kermit.urdf
[79.432s] -- Installing: /home/max/ws_moveit2/install/moveit_ros_planning/share/moveit_ros_planning/rdf_loader/test/data/gonzo.urdf
[79.432s] -- Installing: /home/max/ws_moveit2/install/moveit_ros_planning/share/moveit_ros_planning/rdf_loader/test/data/kermit.srdf
[79.432s] -- Installing: /home/max/ws_moveit2/install/moveit_ros_planning/share/moveit_ros_planning/rdf_loader/test/launch
[79.432s] -- Installing: /home/max/ws_moveit2/install/moveit_ros_planning/share/moveit_ros_planning/rdf_loader/test/launch/test_rdf_integration.test.py
[79.432s] -- Up-to-date: /home/max/ws_moveit2/install/moveit_ros_planning/include
[79.432s] -- Up-to-date: /home/max/ws_moveit2/install/moveit_ros_planning/include/moveit
[79.432s] -- Installing: /home/max/ws_moveit2/install/moveit_ros_planning/include/moveit/collision_plugin_loader
[79.433s] -- Installing: /home/max/ws_moveit2/install/moveit_ros_planning/include/moveit/collision_plugin_loader/collision_plugin_loader.h
[79.433s] -- Up-to-date: /home/max/ws_moveit2/install/moveit_ros_planning/include
[79.433s] -- Up-to-date: /home/max/ws_moveit2/install/moveit_ros_planning/include/moveit
[79.433s] -- Installing: /home/max/ws_moveit2/install/moveit_ros_planning/include/moveit/kinematics_plugin_loader
[79.433s] -- Installing: /home/max/ws_moveit2/install/moveit_ros_planning/include/moveit/kinematics_plugin_loader/kinematics_plugin_loader.h
[79.433s] -- Up-to-date: /home/max/ws_moveit2/install/moveit_ros_planning/include
[79.433s] -- Up-to-date: /home/max/ws_moveit2/install/moveit_ros_planning/include/moveit
[79.433s] -- Installing: /home/max/ws_moveit2/install/moveit_ros_planning/include/moveit/robot_model_loader
[79.433s] -- Installing: /home/max/ws_moveit2/install/moveit_ros_planning/include/moveit/robot_model_loader/robot_model_loader.h
[79.433s] -- Up-to-date: /home/max/ws_moveit2/install/moveit_ros_planning/include
[79.433s] -- Up-to-date: /home/max/ws_moveit2/install/moveit_ros_planning/include/moveit
[79.433s] -- Installing: /home/max/ws_moveit2/install/moveit_ros_planning/include/moveit/constraint_sampler_manager_loader
[79.433s] -- Installing: /home/max/ws_moveit2/install/moveit_ros_planning/include/moveit/constraint_sampler_manager_loader/constraint_sampler_manager_loader.h
[79.433s] -- Up-to-date: /home/max/ws_moveit2/install/moveit_ros_planning/include
[79.433s] -- Up-to-date: /home/max/ws_moveit2/install/moveit_ros_planning/include/moveit
[79.433s] -- Installing: /home/max/ws_moveit2/install/moveit_ros_planning/include/moveit/planning_pipeline
[79.433s] -- Installing: /home/max/ws_moveit2/install/moveit_ros_planning/include/moveit/planning_pipeline/planning_pipeline.h
[79.433s] -- Installing: /home/max/ws_moveit2/install/moveit_ros_planning/include/moveit_planning_pipeline_export.h
[79.433s] -- Installing: /home/max/ws_moveit2/install/moveit_ros_planning/lib/moveit_ros_planning/moveit_list_request_adapter_plugins
[79.434s] -- Set runtime path of "/home/max/ws_moveit2/install/moveit_ros_planning/lib/moveit_ros_planning/moveit_list_request_adapter_plugins" to ""
[79.434s] -- Installing: /home/max/ws_moveit2/install/moveit_ros_planning/lib/moveit_ros_planning/demo_scene
[79.434s] -- Set runtime path of "/home/max/ws_moveit2/install/moveit_ros_planning/lib/moveit_ros_planning/demo_scene" to ""
[79.434s] -- Up-to-date: /home/max/ws_moveit2/install/moveit_ros_planning/include
[79.434s] -- Up-to-date: /home/max/ws_moveit2/install/moveit_ros_planning/include/moveit
[79.434s] -- Installing: /home/max/ws_moveit2/install/moveit_ros_planning/include/moveit/planning_scene_monitor
[79.434s] -- Installing: /home/max/ws_moveit2/install/moveit_ros_planning/include/moveit/planning_scene_monitor/trajectory_monitor.h
[79.435s] -- Installing: /home/max/ws_moveit2/install/moveit_ros_planning/include/moveit/planning_scene_monitor/current_state_monitor.h
[79.435s] -- Installing: /home/max/ws_moveit2/install/moveit_ros_planning/include/moveit/planning_scene_monitor/planning_scene_monitor.h
[79.435s] -- Installing: /home/max/ws_moveit2/install/moveit_ros_planning/include/moveit/planning_scene_monitor/trajectory_monitor_middleware_handle.hpp
[79.435s] -- Installing: /home/max/ws_moveit2/install/moveit_ros_planning/include/moveit/planning_scene_monitor/current_state_monitor_middleware_handle.hpp
[79.435s] -- Installing: /home/max/ws_moveit2/install/moveit_ros_planning/include/moveit_planning_scene_monitor_export.h
[79.435s] -- Installing: /home/max/ws_moveit2/install/moveit_ros_planning/lib/moveit_ros_planning/moveit_print_planning_model_info
[79.435s] -- Set runtime path of "/home/max/ws_moveit2/install/moveit_ros_planning/lib/moveit_ros_planning/moveit_print_planning_model_info" to ""
[79.435s] -- Installing: /home/max/ws_moveit2/install/moveit_ros_planning/lib/moveit_ros_planning/moveit_print_planning_scene_info
[79.436s] -- Set runtime path of "/home/max/ws_moveit2/install/moveit_ros_planning/lib/moveit_ros_planning/moveit_print_planning_scene_info" to ""
[79.436s] -- Installing: /home/max/ws_moveit2/install/moveit_ros_planning/lib/moveit_ros_planning/moveit_display_random_state
[79.436s] -- Set runtime path of "/home/max/ws_moveit2/install/moveit_ros_planning/lib/moveit_ros_planning/moveit_display_random_state" to ""
[79.436s] -- Installing: /home/max/ws_moveit2/install/moveit_ros_planning/lib/moveit_ros_planning/moveit_visualize_robot_collision_volume
[79.437s] -- Set runtime path of "/home/max/ws_moveit2/install/moveit_ros_planning/lib/moveit_ros_planning/moveit_visualize_robot_collision_volume" to ""
[79.437s] -- Installing: /home/max/ws_moveit2/install/moveit_ros_planning/lib/moveit_ros_planning/moveit_evaluate_collision_checking_speed
[79.437s] -- Set runtime path of "/home/max/ws_moveit2/install/moveit_ros_planning/lib/moveit_ros_planning/moveit_evaluate_collision_checking_speed" to ""
[79.437s] -- Installing: /home/max/ws_moveit2/install/moveit_ros_planning/lib/moveit_ros_planning/moveit_publish_scene_from_text
[79.438s] -- Set runtime path of "/home/max/ws_moveit2/install/moveit_ros_planning/lib/moveit_ros_planning/moveit_publish_scene_from_text" to ""
[79.438s] -- Up-to-date: /home/max/ws_moveit2/install/moveit_ros_planning/include
[79.438s] -- Up-to-date: /home/max/ws_moveit2/install/moveit_ros_planning/include/moveit
[79.438s] -- Installing: /home/max/ws_moveit2/install/moveit_ros_planning/include/moveit/trajectory_execution_manager
[79.438s] -- Installing: /home/max/ws_moveit2/install/moveit_ros_planning/include/moveit/trajectory_execution_manager/trajectory_execution_manager.h
[79.438s] -- Installing: /home/max/ws_moveit2/install/moveit_ros_planning/include/moveit_trajectory_execution_manager_export.h
[79.438s] -- Up-to-date: /home/max/ws_moveit2/install/moveit_ros_planning/include
[79.438s] -- Up-to-date: /home/max/ws_moveit2/install/moveit_ros_planning/include/moveit
[79.438s] -- Installing: /home/max/ws_moveit2/install/moveit_ros_planning/include/moveit/plan_execution
[79.438s] -- Installing: /home/max/ws_moveit2/install/moveit_ros_planning/include/moveit/plan_execution/plan_execution.h
[79.438s] -- Installing: /home/max/ws_moveit2/install/moveit_ros_planning/include/moveit/plan_execution/plan_representation.h
[79.438s] -- Up-to-date: /home/max/ws_moveit2/install/moveit_ros_planning/include
[79.438s] -- Up-to-date: /home/max/ws_moveit2/install/moveit_ros_planning/include/moveit
[79.438s] -- Installing: /home/max/ws_moveit2/install/moveit_ros_planning/include/moveit/moveit_cpp
[79.438s] -- Installing: /home/max/ws_moveit2/install/moveit_ros_planning/include/moveit/moveit_cpp/planning_component.h
[79.438s] -- Installing: /home/max/ws_moveit2/install/moveit_ros_planning/include/moveit/moveit_cpp/moveit_cpp.h
[79.438s] -- Installing: /home/max/ws_moveit2/install/moveit_ros_planning/lib/libmoveit_rdf_loader.so.2.5.5
[79.439s] -- Set runtime path of "/home/max/ws_moveit2/install/moveit_ros_planning/lib/libmoveit_rdf_loader.so.2.5.5" to ""
[79.439s] -- Installing: /home/max/ws_moveit2/install/moveit_ros_planning/lib/libmoveit_rdf_loader.so
[79.440s] -- Installing: /home/max/ws_moveit2/install/moveit_ros_planning/lib/libmoveit_kinematics_plugin_loader.so.2.5.5
[79.440s] -- Set runtime path of "/home/max/ws_moveit2/install/moveit_ros_planning/lib/libmoveit_kinematics_plugin_loader.so.2.5.5" to ""
[79.440s] -- Installing: /home/max/ws_moveit2/install/moveit_ros_planning/lib/libmoveit_kinematics_plugin_loader.so
[79.440s] -- Installing: /home/max/ws_moveit2/install/moveit_ros_planning/lib/libmoveit_robot_model_loader.so.2.5.5
[79.440s] -- Set runtime path of "/home/max/ws_moveit2/install/moveit_ros_planning/lib/libmoveit_robot_model_loader.so.2.5.5" to ""
[79.440s] -- Installing: /home/max/ws_moveit2/install/moveit_ros_planning/lib/libmoveit_robot_model_loader.so
[79.441s] -- Installing: /home/max/ws_moveit2/install/moveit_ros_planning/lib/libmoveit_constraint_sampler_manager_loader.so.2.5.5
[79.441s] -- Set runtime path of "/home/max/ws_moveit2/install/moveit_ros_planning/lib/libmoveit_constraint_sampler_manager_loader.so.2.5.5" to ""
[79.441s] -- Installing: /home/max/ws_moveit2/install/moveit_ros_planning/lib/libmoveit_constraint_sampler_manager_loader.so
[79.441s] -- Installing: /home/max/ws_moveit2/install/moveit_ros_planning/lib/libmoveit_planning_pipeline.so.2.5.5
[79.442s] -- Set runtime path of "/home/max/ws_moveit2/install/moveit_ros_planning/lib/libmoveit_planning_pipeline.so.2.5.5" to ""
[79.442s] -- Installing: /home/max/ws_moveit2/install/moveit_ros_planning/lib/libmoveit_planning_pipeline.so
[79.442s] -- Installing: /home/max/ws_moveit2/install/moveit_ros_planning/lib/libmoveit_trajectory_execution_manager.so.2.5.5
[79.443s] -- Set runtime path of "/home/max/ws_moveit2/install/moveit_ros_planning/lib/libmoveit_trajectory_execution_manager.so.2.5.5" to ""
[79.444s] -- Installing: /home/max/ws_moveit2/install/moveit_ros_planning/lib/libmoveit_trajectory_execution_manager.so
[79.444s] -- Installing: /home/max/ws_moveit2/install/moveit_ros_planning/lib/libmoveit_plan_execution.so.2.5.5
[79.444s] -- Set runtime path of "/home/max/ws_moveit2/install/moveit_ros_planning/lib/libmoveit_plan_execution.so.2.5.5" to ""
[79.444s] -- Installing: /home/max/ws_moveit2/install/moveit_ros_planning/lib/libmoveit_plan_execution.so
[79.444s] -- Installing: /home/max/ws_moveit2/install/moveit_ros_planning/lib/libmoveit_planning_scene_monitor.so.2.5.5
[79.447s] -- Set runtime path of "/home/max/ws_moveit2/install/moveit_ros_planning/lib/libmoveit_planning_scene_monitor.so.2.5.5" to ""
[79.447s] -- Installing: /home/max/ws_moveit2/install/moveit_ros_planning/lib/libmoveit_planning_scene_monitor.so
[79.447s] -- Installing: /home/max/ws_moveit2/install/moveit_ros_planning/lib/libmoveit_collision_plugin_loader.so.2.5.5
[79.448s] -- Set runtime path of "/home/max/ws_moveit2/install/moveit_ros_planning/lib/libmoveit_collision_plugin_loader.so.2.5.5" to ""
[79.448s] -- Installing: /home/max/ws_moveit2/install/moveit_ros_planning/lib/libmoveit_collision_plugin_loader.so
[79.448s] -- Installing: /home/max/ws_moveit2/install/moveit_ros_planning/lib/libmoveit_default_planning_request_adapter_plugins.so.2.5.5
[79.448s] -- Set runtime path of "/home/max/ws_moveit2/install/moveit_ros_planning/lib/libmoveit_default_planning_request_adapter_plugins.so.2.5.5" to ""
[79.448s] -- Installing: /home/max/ws_moveit2/install/moveit_ros_planning/lib/libmoveit_default_planning_request_adapter_plugins.so
[79.448s] -- Installing: /home/max/ws_moveit2/install/moveit_ros_planning/lib/libmoveit_cpp.so.2.5.5
[79.449s] -- Set runtime path of "/home/max/ws_moveit2/install/moveit_ros_planning/lib/libmoveit_cpp.so.2.5.5" to ""
[79.449s] -- Installing: /home/max/ws_moveit2/install/moveit_ros_planning/lib/libmoveit_cpp.so
[79.449s] -- Installing: /home/max/ws_moveit2/install/moveit_ros_planning/share/moveit_ros_planning/environment/library_path.sh
[79.449s] -- Installing: /home/max/ws_moveit2/install/moveit_ros_planning/share/moveit_ros_planning/environment/library_path.dsv
[79.449s] -- Installing: /home/max/ws_moveit2/install/moveit_ros_planning/share/moveit_ros_planning/planning_request_adapters_plugin_description.xml
[79.449s] -- Installing: /home/max/ws_moveit2/install/moveit_ros_planning/share/ament_index/resource_index/package_run_dependencies/moveit_ros_planning
[79.449s] -- Installing: /home/max/ws_moveit2/install/moveit_ros_planning/share/ament_index/resource_index/parent_prefix_path/moveit_ros_planning
[79.449s] -- Installing: /home/max/ws_moveit2/install/moveit_ros_planning/share/moveit_ros_planning/environment/ament_prefix_path.sh
[79.450s] -- Installing: /home/max/ws_moveit2/install/moveit_ros_planning/share/moveit_ros_planning/environment/ament_prefix_path.dsv
[79.450s] -- Installing: /home/max/ws_moveit2/install/moveit_ros_planning/share/moveit_ros_planning/environment/path.sh
[79.450s] -- Installing: /home/max/ws_moveit2/install/moveit_ros_planning/share/moveit_ros_planning/environment/path.dsv
[79.450s] -- Installing: /home/max/ws_moveit2/install/moveit_ros_planning/share/moveit_ros_planning/local_setup.bash
[79.450s] -- Installing: /home/max/ws_moveit2/install/moveit_ros_planning/share/moveit_ros_planning/local_setup.sh
[79.450s] -- Installing: /home/max/ws_moveit2/install/moveit_ros_planning/share/moveit_ros_planning/local_setup.zsh
[79.450s] -- Installing: /home/max/ws_moveit2/install/moveit_ros_planning/share/moveit_ros_planning/local_setup.dsv
[79.450s] -- Installing: /home/max/ws_moveit2/install/moveit_ros_planning/share/moveit_ros_planning/package.dsv
[79.450s] -- Installing: /home/max/ws_moveit2/install/moveit_ros_planning/share/ament_index/resource_index/packages/moveit_ros_planning
[79.450s] -- Installing: /home/max/ws_moveit2/install/moveit_ros_planning/share/ament_index/resource_index/moveit_core__pluginlib__plugin/moveit_ros_planning
[79.451s] -- Installing: /home/max/ws_moveit2/install/moveit_ros_planning/share/moveit_ros_planning/cmake/export_moveit_ros_planningExport.cmake
[79.451s] -- Installing: /home/max/ws_moveit2/install/moveit_ros_planning/share/moveit_ros_planning/cmake/export_moveit_ros_planningExport-release.cmake
[79.451s] -- Installing: /home/max/ws_moveit2/install/moveit_ros_planning/share/moveit_ros_planning/cmake/ConfigExtras.cmake
[79.451s] -- Installing: /home/max/ws_moveit2/install/moveit_ros_planning/share/moveit_ros_planning/cmake/ament_cmake_export_targets-extras.cmake
[79.451s] -- Installing: /home/max/ws_moveit2/install/moveit_ros_planning/share/moveit_ros_planning/cmake/ament_cmake_export_dependencies-extras.cmake
[79.451s] -- Installing: /home/max/ws_moveit2/install/moveit_ros_planning/share/moveit_ros_planning/cmake/moveit_ros_planningConfig.cmake
[79.451s] -- Installing: /home/max/ws_moveit2/install/moveit_ros_planning/share/moveit_ros_planning/cmake/moveit_ros_planningConfig-version.cmake
[79.451s] -- Installing: /home/max/ws_moveit2/install/moveit_ros_planning/share/moveit_ros_planning/package.xml
[79.453s] Invoked command in '/home/max/ws_moveit2/build/moveit_ros_planning' returned '0': AMENT_PREFIX_PATH=/home/max/ws_moveit2/install/srdfdom:${AMENT_PREFIX_PATH} CMAKE_PREFIX_PATH=/home/max/ws_moveit2/install/moveit_ros_occupancy_map_monitor:/home/max/ws_moveit2/install/moveit_core:/home/max/ws_moveit2/install/moveit_resources_panda_moveit_config:/home/max/ws_moveit2/install/srdfdom:/home/max/ws_moveit2/install/moveit_resources_pr2_description:/home/max/ws_moveit2/install/moveit_resources_panda_description:/home/max/ws_moveit2/install/moveit_common:/home/max/ros2_ws/install/robot_arm_publisher:/home/max/ros2_ws/install/robot_arm_moveit_config:/home/max/ros2_ws/install/robot_arm:/home/max/ros2_ws/install/panda_joint_publisher:/home/max/ros2_ws/install/moveit_joint_publisher:/home/max/ws_moveit2/install/pilz_industrial_motion_planner_testutils:/home/max/ws_moveit2/install/moveit_runtime:/home/max/ws_moveit2/install/moveit:/home/max/ws_moveit2/install/moveit_planners:/home/max/ws_moveit2/install/pilz_industrial_motion_planner:/home/max/ws_moveit2/install/moveit_ros_control_interface:/home/max/ws_moveit2/install/moveit_plugins:/home/max/ws_moveit2/install/moveit_simple_controller_manager:/home/max/ws_moveit2/install/moveit_setup_assistant:/home/max/ws_moveit2/install/moveit_setup_srdf_plugins:/home/max/ws_moveit2/install/moveit_setup_core_plugins:/home/max/ws_moveit2/install/moveit_setup_controllers:/home/max/ws_moveit2/install/moveit_setup_app_plugins:/home/max/ws_moveit2/install/moveit_setup_framework:/home/max/ws_moveit2/install/moveit_servo:/home/max/ws_moveit2/install/moveit_ros:/home/max/ws_moveit2/install/moveit_ros_visualization:/home/max/ws_moveit2/install/moveit_hybrid_planning:/home/max/ws_moveit2/install/moveit_ros_planning_interface:/home/max/ws_moveit2/install/moveit_ros_benchmarks:/home/max/ws_moveit2/install/moveit_ros_warehouse:/home/max/ws_moveit2/install/moveit_ros_robot_interaction:/home/max/ws_moveit2/install/moveit_ros_perception:/home/max/ws_moveit2/install/moveit_resources_prbt_pg70_support:/home/max/ws_moveit2/install/moveit_resources_prbt_moveit_config:/home/max/ws_moveit2/install/moveit_ros_move_group:/home/max/ws_moveit2/install/moveit_planners_ompl:/home/max/ws_moveit2/install/moveit_ros_planning:/home/max/ws_moveit2/install/moveit_resources_prbt_ikfast_manipulator_plugin:/home/max/ws_moveit2/install/moveit_planners_chomp:/home/max/ws_moveit2/install/moveit_kinematics:/home/max/ws_moveit2/install/moveit_chomp_optimizer_adapter:/home/max/ws_moveit2/install/chomp_motion_planner:/home/max/ws_moveit2/install/generate_parameter_library_example:/home/max/ws_moveit2/install/cmake_generate_parameter_module_example:/home/max/ws_moveit2/install/generate_parameter_library:/home/max/ws_moveit2/install/parameter_traits:/home/max/ws_moveit2/install/moveit_resources_prbt_support:/home/max/ws_moveit2/install/moveit_resources:/home/max/ws_moveit2/install/moveit_resources_fanuc_moveit_config:/home/max/ws_moveit2/install/moveit_resources_fanuc_description:/home/max/ws_moveit2/install/moveit_msgs:/home/max/ros2_ws/install/robot_arm_description:/home/max/ws_moveit2/install/generate_parameter_module_example:/home/max/ws_moveit2/install/moveit_configs_utils:/home/max/ws_moveit2/install/generate_parameter_library_py:/opt/ros/humble LD_LIBRARY_PATH=/home/max/ws_moveit2/install/moveit_ros_occupancy_map_monitor/lib:/home/max/ws_moveit2/install/moveit_core/lib:/home/max/ws_moveit2/install/srdfdom/lib:/home/max/ws_moveit2/install/pilz_industrial_motion_planner_testutils/lib:/home/max/ws_moveit2/install/pilz_industrial_motion_planner/lib:/home/max/ws_moveit2/install/moveit_ros_control_interface/lib:/home/max/ws_moveit2/install/moveit_simple_controller_manager/lib:/home/max/ws_moveit2/install/moveit_setup_assistant/lib:/home/max/ws_moveit2/install/moveit_setup_srdf_plugins/lib:/home/max/ws_moveit2/install/moveit_setup_core_plugins/lib:/home/max/ws_moveit2/install/moveit_setup_controllers/lib:/home/max/ws_moveit2/install/moveit_setup_app_plugins/lib:/home/max/ws_moveit2/install/moveit_setup_framework/lib:/home/max/ws_moveit2/install/moveit_servo/lib:/home/max/ws_moveit2/install/moveit_ros_visualization/lib:/home/max/ws_moveit2/install/moveit_hybrid_planning/lib:/home/max/ws_moveit2/install/moveit_ros_planning_interface/lib:/home/max/ws_moveit2/install/moveit_ros_benchmarks/lib:/home/max/ws_moveit2/install/moveit_ros_warehouse/lib:/home/max/ws_moveit2/install/moveit_ros_robot_interaction/lib:/home/max/ws_moveit2/install/moveit_ros_perception/lib:/home/max/ws_moveit2/install/moveit_ros_move_group/lib:/home/max/ws_moveit2/install/moveit_planners_ompl/lib:/home/max/ws_moveit2/install/moveit_ros_planning/lib:/home/max/ws_moveit2/install/moveit_resources_prbt_ikfast_manipulator_plugin/lib:/home/max/ws_moveit2/install/moveit_planners_chomp/lib:/home/max/ws_moveit2/install/moveit_kinematics/lib:/home/max/ws_moveit2/install/moveit_chomp_optimizer_adapter/lib:/home/max/ws_moveit2/install/chomp_motion_planner/lib:/home/max/ws_moveit2/install/generate_parameter_library_example/lib:/home/max/ws_moveit2/install/parameter_traits/lib:/home/max/ws_moveit2/install/moveit_msgs/lib:/usr/lib/x86_64-linux-gnu/gazebo-11/plugins:/opt/ros/humble/opt/rviz_ogre_vendor/lib:/opt/ros/humble/lib/x86_64-linux-gnu:/opt/ros/humble/lib PYTHONPATH=/home/max/ws_moveit2/install/srdfdom/local/lib/python3.10/dist-packages:${PYTHONPATH} /usr/bin/cmake --install /home/max/ws_moveit2/build/moveit_ros_planning
